#
# There is insufficient memory for the Java Runtime Environment to continue.
# Native memory allocation (malloc) failed to allocate 1578384 bytes. Error detail: Chunk::new
# Possible reasons:
#   The system is out of physical RAM or swap space
#   This process is running with CompressedOops enabled, and the Java Heap may be blocking the growth of the native heap
# Possible solutions:
#   Reduce memory load on the system
#   Increase physical memory or swap space
#   Check if swap backing store is full
#   Decrease Java heap size (-Xmx/-Xms)
#   Decrease number of Java threads
#   Decrease Java thread stack sizes (-Xss)
#   Set larger code cache with -XX:ReservedCodeCacheSize=
#   JVM is running with Zero Based Compressed Oops mode in which the Java heap is
#     placed in the first 32GB address space. The Java Heap base address is the
#     maximum limit for the native heap growth. Please use -XX:HeapBaseMinAddress
#     to set the Java Heap base and to place the Java Heap above 32GB virtual address.
# This output file may be truncated or incomplete.
#
#  Out of Memory Error (arena.cpp:191), pid=13752, tid=25832
#
# JRE version: OpenJDK Runtime Environment Temurin-17.0.19+10 (17.0.19+10) (build 17.0.19+10)
# Java VM: OpenJDK 64-Bit Server VM Temurin-17.0.19+10 (17.0.19+10, mixed mode, sharing, tiered, compressed oops, compressed class ptrs, parallel gc, windows-amd64)
# No core dump will be written. Minidumps are not enabled by default on client versions of Windows
#

---------------  S U M M A R Y ------------

Command Line: --add-opens=java.base/java.lang=ALL-UNNAMED --add-opens=java.base/java.lang.invoke=ALL-UNNAMED --add-opens=java.base/java.util=ALL-UNNAMED --add-opens=java.prefs/java.util.prefs=ALL-UNNAMED --add-exports=jdk.compiler/com.sun.tools.javac.api=ALL-UNNAMED --add-exports=jdk.compiler/com.sun.tools.javac.util=ALL-UNNAMED --add-opens=java.base/java.util=ALL-UNNAMED --add-opens=java.prefs/java.util.prefs=ALL-UNNAMED --add-opens=java.base/java.nio.charset=ALL-UNNAMED --add-opens=java.base/java.net=ALL-UNNAMED --add-opens=java.base/java.util.concurrent.atomic=ALL-UNNAMED --add-opens=java.xml/javax.xml.namespace=ALL-UNNAMED -XX:+UseParallelGC -XX:MaxMetaspaceSize=512m -XX:+HeapDumpOnOutOfMemoryError -Xms256m -Xmx4g -Dfile.encoding=UTF-8 -Duser.country=CN -Duser.language=zh -Duser.variant -javaagent:D:\.gradle\wrapper\dists\gradle-8.14.4-bin\a40rex9zy7wh6ckico3kypz1j\gradle-8.14.4\lib\agents\gradle-instrumentation-agent-8.14.4.jar org.gradle.launcher.daemon.bootstrap.GradleDaemon 8.14.4

Host: 13th Gen Intel(R) Core(TM) i7-13700HX, 24 cores, 13G,  Windows 11 , 64 bit Build 26100 (10.0.26100.8328)
Time: Mon May 18 21:05:31 2026  Windows 11 , 64 bit Build 26100 (10.0.26100.8328) elapsed time: 18.187771 seconds (0d 0h 0m 18s)

---------------  T H R E A D  ---------------

Current thread (0x000001debf77a9f0):  JavaThread "C2 CompilerThread1" daemon [_thread_in_native, id=25832, stack(0x00000024e3b00000,0x00000024e3c00000)]


Current CompileTask:
C2:18187 15019   !   4       java.io.ObjectOutputStream::writeObject0 (620 bytes)

Stack: [0x00000024e3b00000,0x00000024e3c00000]
Native frames: (J=compiled Java code, j=interpreted, Vv=VM code, C=native code)
V  [jvm.dll+0x684b29]
V  [jvm.dll+0x83a2d5]
V  [jvm.dll+0x83bd4e]
V  [jvm.dll+0x83c3d3]
V  [jvm.dll+0x24905f]
V  [jvm.dll+0xad536]
V  [jvm.dll+0xadbdc]
V  [jvm.dll+0x368d9e]
V  [jvm.dll+0x1bc2bf]
V  [jvm.dll+0x219fc0]
V  [jvm.dll+0x2192af]
V  [jvm.dll+0x1a49f0]
V  [jvm.dll+0x2299fa]
V  [jvm.dll+0x227bab]
V  [jvm.dll+0x7f0a88]
V  [jvm.dll+0x7eaf1c]
V  [jvm.dll+0x6839f7]
C  [ucrtbase.dll+0x37b0]
C  [KERNEL32.DLL+0x2e957]
C  [ntdll.dll+0x427c]


---------------  P R O C E S S  ---------------

Threads class SMR info:
_java_thread_list=0x000001debc840450, length=165, elements={
0x000001def5c8c720, 0x000001defea15800, 0x000001defea18010, 0x000001def5d33d90,
0x000001def5d34760, 0x000001deb2153f00, 0x000001deb21547d0, 0x000001deb215ac80,
0x000001deb217e500, 0x000001deb217ea20, 0x000001deb227a570, 0x000001deb227c230,
0x000001deb23cc780, 0x000001deb94d4da0, 0x000001deba25cfa0, 0x000001deba60cc00,
0x000001deba416bd0, 0x000001debae8d7c0, 0x000001debb0ad380, 0x000001debb0ad860,
0x000001deba1e9b70, 0x000001deba1eafb0, 0x000001deba1e8220, 0x000001deba1e8c40,
0x000001deba1eaaa0, 0x000001deba1e8730, 0x000001deba1e9150, 0x000001deba1e9660,
0x000001debc8901a0, 0x000001debc88e850, 0x000001debc88e340, 0x000001debc8906b0,
0x000001debc88d920, 0x000001debc88de30, 0x000001debcfce430, 0x000001debcfcdf20,
0x000001debcfce940, 0x000001debcfcd500, 0x000001debcfcb190, 0x000001debcfccae0,
0x000001debcfcc5d0, 0x000001debcfcee50, 0x000001debcfcf360, 0x000001debcfcc0c0,
0x000001debcfd07a0, 0x000001debcfcfd80, 0x000001debcfccff0, 0x000001debcfd0290,
0x000001debcfd0cb0, 0x000001debcfd11c0, 0x000001debcfd2600, 0x000001debcfd16d0,
0x000001debcfd1be0, 0x000001debcfd20f0, 0x000001debcfcf870, 0x000001dec14ab740,
0x000001dec14a9df0, 0x000001dec14ad090, 0x000001dec14a98e0, 0x000001dec14aad20,
0x000001dec14ad5a0, 0x000001dec14adab0, 0x000001dec14ab230, 0x000001dec14aa300,
0x000001dec14ac160, 0x000001dec14acb80, 0x000001dec14adfc0, 0x000001dec14ac670,
0x000001dec14aa810, 0x000001dec14aeef0, 0x000001dec14af400, 0x000001dec14ae4d0,
0x000001dec14ae9e0, 0x000001dec14abc50, 0x000001dec14af910, 0x000001dec14afe20,
0x000001dec14b0330, 0x000001dec14b0840, 0x000001dec14b0d50, 0x000001dec14b1260,
0x000001dec09a35f0, 0x000001dec09a3b00, 0x000001dec09a21b0, 0x000001dec09a30e0,
0x000001dec09a1ca0, 0x000001dec09a26c0, 0x000001dec09a4f40, 0x000001dec09a4010,
0x000001dec09a1790, 0x000001dec09a4520, 0x000001dec09a5450, 0x000001dec09a5e70,
0x000001dec09a5960, 0x000001dec09a4a30, 0x000001dec09a6380, 0x000001dec09a2bd0,
0x000001dec09a6890, 0x000001dec09a8c00, 0x000001dec09a81e0, 0x000001dec09a9110,
0x000001dec09a86f0, 0x000001dec09a6da0, 0x000001dec09a72b0, 0x000001dec09a7cd0,
0x000001dec09a77c0, 0x000001dec1e9e320, 0x000001dec1e9de10, 0x000001dec1e9d3f0,
0x000001dec1e9c4c0, 0x000001dec1e9c9d0, 0x000001dec1e9cee0, 0x000001dec1e9b080,
0x000001dec164e400, 0x000001dec164cfc0, 0x000001dec164d9e0, 0x000001dec164def0,
0x000001dec164e910, 0x000001dec10a74d0, 0x000001dec10a5b80, 0x000001dec10a6090,
0x000001dec10a79e0, 0x000001dec10a9840, 0x000001dec10a9d50, 0x000001dec10a8e20,
0x000001dec10a65a0, 0x000001dec10acff0, 0x000001dec10aac80, 0x000001dec10ab190,
0x000001dec10ac5d0, 0x000001dec10acae0, 0x000001dec10aa260, 0x000001dec10aa770,
0x000001dec10ac0c0, 0x000001dec10ad500, 0x000001dec10ab6a0, 0x000001dec10abbb0,
0x000001debc88f780, 0x000001debf77a9f0, 0x000001dec0594a40, 0x000001dec0595460,
0x000001dec05968a0, 0x000001dec0594f50, 0x000001dec0596db0, 0x000001dec0595e80,
0x000001dec0594020, 0x000001dec0593600, 0x000001dec05972c0, 0x000001dec05977d0,
0x000001dec0597ce0, 0x000001dec0594530, 0x000001dec05981f0, 0x000001dec0598700,
0x000001dec0599120, 0x000001dec0598c10, 0x000001dec059a050, 0x000001dec0599b40,
0x000001dec0599630, 0x000001dec1883040, 0x000001dec18867f0, 0x000001dec1883f70,
0x000001dec1885dd0, 0x000001dec18862e0, 0x000001dec1886d00, 0x000001dec18858c0,
0x000001dec1887210
}

Java Threads: ( => current thread )
  0x000001def5c8c720 JavaThread "main" [_thread_blocked, id=29452, stack(0x00000024e1f00000,0x00000024e2000000)]
  0x000001defea15800 JavaThread "Reference Handler" daemon [_thread_blocked, id=27212, stack(0x00000024e2200000,0x00000024e2300000)]
  0x000001defea18010 JavaThread "Finalizer" daemon [_thread_blocked, id=24076, stack(0x00000024e2300000,0x00000024e2400000)]
  0x000001def5d33d90 JavaThread "Signal Dispatcher" daemon [_thread_blocked, id=28796, stack(0x00000024e2400000,0x00000024e2500000)]
  0x000001def5d34760 JavaThread "Attach Listener" daemon [_thread_blocked, id=21880, stack(0x00000024e2500000,0x00000024e2600000)]
  0x000001deb2153f00 JavaThread "Service Thread" daemon [_thread_blocked, id=21232, stack(0x00000024e2600000,0x00000024e2700000)]
  0x000001deb21547d0 JavaThread "Monitor Deflation Thread" daemon [_thread_blocked, id=27660, stack(0x00000024e2700000,0x00000024e2800000)]
  0x000001deb215ac80 JavaThread "C2 CompilerThread0" daemon [_thread_in_native, id=17164, stack(0x00000024e2800000,0x00000024e2900000)]
  0x000001deb217e500 JavaThread "C1 CompilerThread0" daemon [_thread_in_native, id=26012, stack(0x00000024e2900000,0x00000024e2a00000)]
  0x000001deb217ea20 JavaThread "Sweeper thread" daemon [_thread_blocked, id=27188, stack(0x00000024e2a00000,0x00000024e2b00000)]
  0x000001deb227a570 JavaThread "Common-Cleaner" daemon [_thread_blocked, id=19632, stack(0x00000024e2b00000,0x00000024e2c00000)]
  0x000001deb227c230 JavaThread "C1 CompilerThread1" daemon [_thread_in_native, id=21700, stack(0x00000024e2c00000,0x00000024e2d00000)]
  0x000001deb23cc780 JavaThread "Notification Thread" daemon [_thread_blocked, id=25568, stack(0x00000024e2f00000,0x00000024e3000000)]
  0x000001deb94d4da0 JavaThread "C1 CompilerThread2" daemon [_thread_blocked, id=18772, stack(0x00000024e2d00000,0x00000024e2e00000)]
  0x000001deba25cfa0 JavaThread "C1 CompilerThread3" daemon [_thread_in_native, id=19672, stack(0x00000024e2e00000,0x00000024e2f00000)]
  0x000001deba60cc00 JavaThread "Daemon health stats" [_thread_blocked, id=28896, stack(0x00000024e3600000,0x00000024e3700000)]
  0x000001deba416bd0 JavaThread "Incoming local TCP Connector on port 53213" [_thread_in_native, id=24724, stack(0x00000024e3100000,0x00000024e3200000)]
  0x000001debae8d7c0 JavaThread "Daemon periodic checks" [_thread_blocked, id=29196, stack(0x00000024e3c00000,0x00000024e3d00000)]
  0x000001debb0ad380 JavaThread "Daemon" [_thread_blocked, id=28860, stack(0x00000024e3d00000,0x00000024e3e00000)]
  0x000001debb0ad860 JavaThread "Handler for socket connection from /127.0.0.1:53213 to /127.0.0.1:53216" [_thread_in_native, id=24044, stack(0x00000024e3e00000,0x00000024e3f00000)]
  0x000001deba1e9b70 JavaThread "Cancel handler" [_thread_blocked, id=25116, stack(0x00000024e3f00000,0x00000024e4000000)]
  0x000001deba1eafb0 JavaThread "Daemon worker" [_thread_blocked, id=24680, stack(0x00000024e4000000,0x00000024e4100000)]
  0x000001deba1e8220 JavaThread "Asynchronous log dispatcher for DefaultDaemonConnection: socket connection from /127.0.0.1:53213 to /127.0.0.1:53216" [_thread_blocked, id=11456, stack(0x00000024e4100000,0x00000024e4200000)]
  0x000001deba1e8c40 JavaThread "Stdin handler" [_thread_blocked, id=26952, stack(0x00000024e4200000,0x00000024e4300000)]
  0x000001deba1eaaa0 JavaThread "Daemon client event forwarder" [_thread_blocked, id=26556, stack(0x00000024e4300000,0x00000024e4400000)]
  0x000001deba1e8730 JavaThread "Cache worker for journal cache (D:\.gradle\caches\journal-1)" [_thread_blocked, id=5400, stack(0x00000024e4400000,0x00000024e4500000)]
  0x000001deba1e9150 JavaThread "File lock request listener" [_thread_in_native, id=27756, stack(0x00000024e4500000,0x00000024e4600000)]
  0x000001deba1e9660 JavaThread "Cache worker for file hash cache (D:\.gradle\caches\8.14.4\fileHashes)" [_thread_blocked, id=29040, stack(0x00000024e4600000,0x00000024e4700000)]
  0x000001debc8901a0 JavaThread "Cache worker for file hash cache (D:\legado-Sigma-2026-main\.gradle\8.14.4\fileHashes)" [_thread_blocked, id=28404, stack(0x00000024e5100000,0x00000024e5200000)]
  0x000001debc88e850 JavaThread "Cache worker for Build Output Cleanup Cache (D:\legado-Sigma-2026-main\.gradle\buildOutputCleanup)" [_thread_blocked, id=988, stack(0x00000024e5200000,0x00000024e5300000)]
  0x000001debc88e340 JavaThread "File watcher server" daemon [_thread_in_native, id=10960, stack(0x00000024e5300000,0x00000024e5400000)]
  0x000001debc8906b0 JavaThread "File watcher consumer" daemon [_thread_blocked, id=28168, stack(0x00000024e5400000,0x00000024e5500000)]
  0x000001debc88d920 JavaThread "jar transforms" [_thread_blocked, id=27988, stack(0x00000024e5800000,0x00000024e5900000)]
  0x000001debc88de30 JavaThread "Cache worker for checksums cache (D:\legado-Sigma-2026-main\.gradle\8.14.4\checksums)" [_thread_blocked, id=10832, stack(0x00000024e5900000,0x00000024e5a00000)]
  0x000001debcfce430 JavaThread "Cache worker for file content cache (D:\.gradle\caches\8.14.4\fileContent)" [_thread_blocked, id=22476, stack(0x00000024e5a00000,0x00000024e5b00000)]
  0x000001debcfcdf20 JavaThread "Cache worker for cache directory md-supplier (D:\.gradle\caches\8.14.4\md-supplier)" [_thread_blocked, id=12968, stack(0x00000024e5b00000,0x00000024e5c00000)]
  0x000001debcfce940 JavaThread "Cache worker for cache directory md-rule (D:\.gradle\caches\8.14.4\md-rule)" [_thread_blocked, id=20972, stack(0x00000024e5c00000,0x00000024e5d00000)]
  0x000001debcfcd500 JavaThread "Problems report writer" [_thread_blocked, id=5764, stack(0x00000024e5d00000,0x00000024e5e00000)]
  0x000001debcfcb190 JavaThread "jar transforms Thread 2" [_thread_blocked, id=5660, stack(0x00000024e5500000,0x00000024e5600000)]
  0x000001debcfccae0 JavaThread "jar transforms Thread 3" [_thread_blocked, id=21992, stack(0x00000024e5f00000,0x00000024e6000000)]
  0x000001debcfcc5d0 JavaThread "Unconstrained build operations" [_thread_blocked, id=9100, stack(0x00000024e6000000,0x00000024e6100000)]
  0x000001debcfcee50 JavaThread "Unconstrained build operations Thread 2" [_thread_blocked, id=27164, stack(0x00000024e6100000,0x00000024e6200000)]
  0x000001debcfcf360 JavaThread "Unconstrained build operations Thread 3" [_thread_blocked, id=26276, stack(0x00000024e6200000,0x00000024e6300000)]
  0x000001debcfcc0c0 JavaThread "Unconstrained build operations Thread 4" [_thread_blocked, id=13516, stack(0x00000024e6300000,0x00000024e6400000)]
  0x000001debcfd07a0 JavaThread "Unconstrained build operations Thread 5" [_thread_blocked, id=12104, stack(0x00000024e6400000,0x00000024e6500000)]
  0x000001debcfcfd80 JavaThread "Unconstrained build operations Thread 6" [_thread_blocked, id=27628, stack(0x00000024e6500000,0x00000024e6600000)]
  0x000001debcfccff0 JavaThread "Unconstrained build operations Thread 7" [_thread_blocked, id=21132, stack(0x00000024e6600000,0x00000024e6700000)]
  0x000001debcfd0290 JavaThread "Unconstrained build operations Thread 8" [_thread_blocked, id=18288, stack(0x00000024e6700000,0x00000024e6800000)]
  0x000001debcfd0cb0 JavaThread "Unconstrained build operations Thread 9" [_thread_blocked, id=12228, stack(0x00000024e6800000,0x00000024e6900000)]
  0x000001debcfd11c0 JavaThread "Unconstrained build operations Thread 10" [_thread_blocked, id=25540, stack(0x00000024e6900000,0x00000024e6a00000)]
  0x000001debcfd2600 JavaThread "Unconstrained build operations Thread 11" [_thread_blocked, id=23104, stack(0x00000024e6a00000,0x00000024e6b00000)]
  0x000001debcfd16d0 JavaThread "Unconstrained build operations Thread 12" [_thread_blocked, id=4060, stack(0x00000024e6b00000,0x00000024e6c00000)]
  0x000001debcfd1be0 JavaThread "Unconstrained build operations Thread 13" [_thread_blocked, id=23508, stack(0x00000024e6c00000,0x00000024e6d00000)]
  0x000001debcfd20f0 JavaThread "Unconstrained build operations Thread 14" [_thread_blocked, id=25744, stack(0x00000024e6d00000,0x00000024e6e00000)]
  0x000001debcfcf870 JavaThread "Unconstrained build operations Thread 15" [_thread_blocked, id=26496, stack(0x00000024e6e00000,0x00000024e6f00000)]
  0x000001dec14ab740 JavaThread "Unconstrained build operations Thread 16" [_thread_blocked, id=26808, stack(0x00000024e6f00000,0x00000024e7000000)]
  0x000001dec14a9df0 JavaThread "Unconstrained build operations Thread 17" [_thread_blocked, id=16448, stack(0x00000024e7000000,0x00000024e7100000)]
  0x000001dec14ad090 JavaThread "Unconstrained build operations Thread 18" [_thread_blocked, id=18676, stack(0x00000024e7100000,0x00000024e7200000)]
  0x000001dec14a98e0 JavaThread "Unconstrained build operations Thread 19" [_thread_blocked, id=13668, stack(0x00000024e7200000,0x00000024e7300000)]
  0x000001dec14aad20 JavaThread "Unconstrained build operations Thread 20" [_thread_blocked, id=1356, stack(0x00000024e7300000,0x00000024e7400000)]
  0x000001dec14ad5a0 JavaThread "Unconstrained build operations Thread 21" [_thread_blocked, id=23672, stack(0x00000024e7400000,0x00000024e7500000)]
  0x000001dec14adab0 JavaThread "Unconstrained build operations Thread 22" [_thread_blocked, id=29420, stack(0x00000024e7500000,0x00000024e7600000)]
  0x000001dec14ab230 JavaThread "Unconstrained build operations Thread 23" [_thread_blocked, id=21480, stack(0x00000024e7600000,0x00000024e7700000)]
  0x000001dec14aa300 JavaThread "Unconstrained build operations Thread 24" [_thread_blocked, id=6356, stack(0x00000024e7700000,0x00000024e7800000)]
  0x000001dec14ac160 JavaThread "Unconstrained build operations Thread 25" [_thread_blocked, id=3940, stack(0x00000024e7800000,0x00000024e7900000)]
  0x000001dec14acb80 JavaThread "Unconstrained build operations Thread 26" [_thread_blocked, id=17876, stack(0x00000024e7900000,0x00000024e7a00000)]
  0x000001dec14adfc0 JavaThread "Unconstrained build operations Thread 27" [_thread_blocked, id=29528, stack(0x00000024e7a00000,0x00000024e7b00000)]
  0x000001dec14ac670 JavaThread "Unconstrained build operations Thread 28" [_thread_blocked, id=10408, stack(0x00000024e7b00000,0x00000024e7c00000)]
  0x000001dec14aa810 JavaThread "Unconstrained build operations Thread 29" [_thread_blocked, id=11928, stack(0x00000024e7c00000,0x00000024e7d00000)]
  0x000001dec14aeef0 JavaThread "Unconstrained build operations Thread 30" [_thread_blocked, id=9656, stack(0x00000024e7d00000,0x00000024e7e00000)]
  0x000001dec14af400 JavaThread "Unconstrained build operations Thread 31" [_thread_blocked, id=27492, stack(0x00000024e7e00000,0x00000024e7f00000)]
  0x000001dec14ae4d0 JavaThread "Unconstrained build operations Thread 32" [_thread_blocked, id=11940, stack(0x00000024e7f00000,0x00000024e8000000)]
  0x000001dec14ae9e0 JavaThread "Unconstrained build operations Thread 33" [_thread_blocked, id=16092, stack(0x00000024e8000000,0x00000024e8100000)]
  0x000001dec14abc50 JavaThread "Unconstrained build operations Thread 34" [_thread_blocked, id=24772, stack(0x00000024e8100000,0x00000024e8200000)]
  0x000001dec14af910 JavaThread "Unconstrained build operations Thread 35" [_thread_blocked, id=28072, stack(0x00000024e8200000,0x00000024e8300000)]
  0x000001dec14afe20 JavaThread "Unconstrained build operations Thread 36" [_thread_blocked, id=27736, stack(0x00000024e8300000,0x00000024e8400000)]
  0x000001dec14b0330 JavaThread "Unconstrained build operations Thread 37" [_thread_blocked, id=28076, stack(0x00000024e8400000,0x00000024e8500000)]
  0x000001dec14b0840 JavaThread "Unconstrained build operations Thread 38" [_thread_blocked, id=25912, stack(0x00000024e8500000,0x00000024e8600000)]
  0x000001dec14b0d50 JavaThread "Unconstrained build operations Thread 39" [_thread_blocked, id=25432, stack(0x00000024e8600000,0x00000024e8700000)]
  0x000001dec14b1260 JavaThread "Unconstrained build operations Thread 40" [_thread_blocked, id=19980, stack(0x00000024e8700000,0x00000024e8800000)]
  0x000001dec09a35f0 JavaThread "Unconstrained build operations Thread 41" [_thread_blocked, id=19036, stack(0x00000024e8800000,0x00000024e8900000)]
  0x000001dec09a3b00 JavaThread "Unconstrained build operations Thread 42" [_thread_blocked, id=29144, stack(0x00000024e8900000,0x00000024e8a00000)]
  0x000001dec09a21b0 JavaThread "Unconstrained build operations Thread 43" [_thread_blocked, id=28688, stack(0x00000024e8a00000,0x00000024e8b00000)]
  0x000001dec09a30e0 JavaThread "Unconstrained build operations Thread 44" [_thread_blocked, id=18608, stack(0x00000024e8b00000,0x00000024e8c00000)]
  0x000001dec09a1ca0 JavaThread "Unconstrained build operations Thread 45" [_thread_blocked, id=29004, stack(0x00000024e8c00000,0x00000024e8d00000)]
  0x000001dec09a26c0 JavaThread "Unconstrained build operations Thread 46" [_thread_blocked, id=25396, stack(0x00000024e8d00000,0x00000024e8e00000)]
  0x000001dec09a4f40 JavaThread "Unconstrained build operations Thread 47" [_thread_blocked, id=13124, stack(0x00000024e8e00000,0x00000024e8f00000)]
  0x000001dec09a4010 JavaThread "Unconstrained build operations Thread 48" [_thread_blocked, id=24604, stack(0x00000024e8f00000,0x00000024e9000000)]
  0x000001dec09a1790 JavaThread "Unconstrained build operations Thread 49" [_thread_blocked, id=5708, stack(0x00000024e9000000,0x00000024e9100000)]
  0x000001dec09a4520 JavaThread "Unconstrained build operations Thread 50" [_thread_blocked, id=2192, stack(0x00000024e9100000,0x00000024e9200000)]
  0x000001dec09a5450 JavaThread "Unconstrained build operations Thread 51" [_thread_blocked, id=29524, stack(0x00000024e9200000,0x00000024e9300000)]
  0x000001dec09a5e70 JavaThread "Unconstrained build operations Thread 52" [_thread_blocked, id=29224, stack(0x00000024e9300000,0x00000024e9400000)]
  0x000001dec09a5960 JavaThread "Unconstrained build operations Thread 53" [_thread_blocked, id=24332, stack(0x00000024e9400000,0x00000024e9500000)]
  0x000001dec09a4a30 JavaThread "Unconstrained build operations Thread 54" [_thread_blocked, id=25440, stack(0x00000024e9500000,0x00000024e9600000)]
  0x000001dec09a6380 JavaThread "Unconstrained build operations Thread 55" [_thread_blocked, id=27620, stack(0x00000024e9600000,0x00000024e9700000)]
  0x000001dec09a2bd0 JavaThread "Unconstrained build operations Thread 56" [_thread_blocked, id=27688, stack(0x00000024e9700000,0x00000024e9800000)]
  0x000001dec09a6890 JavaThread "Unconstrained build operations Thread 57" [_thread_blocked, id=22284, stack(0x00000024e9800000,0x00000024e9900000)]
  0x000001dec09a8c00 JavaThread "Unconstrained build operations Thread 58" [_thread_blocked, id=25384, stack(0x00000024e9900000,0x00000024e9a00000)]
  0x000001dec09a81e0 JavaThread "Unconstrained build operations Thread 59" [_thread_blocked, id=17160, stack(0x00000024e9a00000,0x00000024e9b00000)]
  0x000001dec09a9110 JavaThread "Unconstrained build operations Thread 60" [_thread_blocked, id=22484, stack(0x00000024e9b00000,0x00000024e9c00000)]
  0x000001dec09a86f0 JavaThread "Unconstrained build operations Thread 61" [_thread_blocked, id=28676, stack(0x00000024e9c00000,0x00000024e9d00000)]
  0x000001dec09a6da0 JavaThread "Unconstrained build operations Thread 62" [_thread_blocked, id=1916, stack(0x00000024e9d00000,0x00000024e9e00000)]
  0x000001dec09a72b0 JavaThread "Unconstrained build operations Thread 63" [_thread_blocked, id=1972, stack(0x00000024e9e00000,0x00000024e9f00000)]
  0x000001dec09a7cd0 JavaThread "Unconstrained build operations Thread 64" [_thread_blocked, id=6300, stack(0x00000024e9f00000,0x00000024ea000000)]
  0x000001dec09a77c0 JavaThread "Unconstrained build operations Thread 65" [_thread_blocked, id=26124, stack(0x00000024ea000000,0x00000024ea100000)]
  0x000001dec1e9e320 JavaThread "Unconstrained build operations Thread 66" [_thread_blocked, id=21164, stack(0x00000024ea100000,0x00000024ea200000)]
  0x000001dec1e9de10 JavaThread "Unconstrained build operations Thread 67" [_thread_blocked, id=26976, stack(0x00000024ea200000,0x00000024ea300000)]
  0x000001dec1e9d3f0 JavaThread "Unconstrained build operations Thread 68" [_thread_blocked, id=24468, stack(0x00000024ea300000,0x00000024ea400000)]
  0x000001dec1e9c4c0 JavaThread "Unconstrained build operations Thread 69" [_thread_blocked, id=24072, stack(0x00000024ea400000,0x00000024ea500000)]
  0x000001dec1e9c9d0 JavaThread "jar transforms Thread 4" [_thread_blocked, id=19348, stack(0x00000024ea500000,0x00000024ea600000)]
  0x000001dec1e9cee0 JavaThread "jar transforms Thread 5" [_thread_blocked, id=13712, stack(0x00000024e5e00000,0x00000024e5f00000)]
  0x000001dec1e9b080 JavaThread "Memory manager" [_thread_blocked, id=22356, stack(0x00000024e5600000,0x00000024e5700000)]
  0x000001dec164e400 JavaThread "build event listener" [_thread_blocked, id=6976, stack(0x00000024e3a00000,0x00000024e3b00000)]
  0x000001dec164cfc0 JavaThread "build event listener" [_thread_blocked, id=29292, stack(0x00000024ea600000,0x00000024ea700000)]
  0x000001dec164d9e0 JavaThread "jar transforms Thread 6" [_thread_blocked, id=25656, stack(0x00000024ea700000,0x00000024ea800000)]
  0x000001dec164def0 JavaThread "jar transforms Thread 7" [_thread_blocked, id=24532, stack(0x00000024ea800000,0x00000024ea900000)]
  0x000001dec164e910 JavaThread "jar transforms Thread 8" [_thread_blocked, id=23924, stack(0x00000024ea900000,0x00000024eaa00000)]
  0x000001dec10a74d0 JavaThread "jar transforms Thread 9" [_thread_blocked, id=21848, stack(0x00000024eaa00000,0x00000024eab00000)]
  0x000001dec10a5b80 JavaThread "jar transforms Thread 10" [_thread_blocked, id=27264, stack(0x00000024eab00000,0x00000024eac00000)]
  0x000001dec10a6090 JavaThread "jar transforms Thread 11" [_thread_blocked, id=17528, stack(0x00000024eac00000,0x00000024ead00000)]
  0x000001dec10a79e0 JavaThread "jar transforms Thread 12" [_thread_blocked, id=19040, stack(0x00000024ead00000,0x00000024eae00000)]
  0x000001dec10a9840 JavaThread "ForkJoinPool.commonPool-worker-1" daemon [_thread_blocked, id=1628, stack(0x00000024eae00000,0x00000024eaf00000)]
  0x000001dec10a9d50 JavaThread "ForkJoinPool.commonPool-worker-2" daemon [_thread_blocked, id=12192, stack(0x00000024eaf00000,0x00000024eb000000)]
  0x000001dec10a8e20 JavaThread "ForkJoinPool.commonPool-worker-3" daemon [_thread_blocked, id=10048, stack(0x00000024eb000000,0x00000024eb100000)]
  0x000001dec10a65a0 JavaThread "ForkJoinPool.commonPool-worker-4" daemon [_thread_blocked, id=23592, stack(0x00000024eb100000,0x00000024eb200000)]
  0x000001dec10acff0 JavaThread "ForkJoinPool.commonPool-worker-5" daemon [_thread_blocked, id=23264, stack(0x00000024eb200000,0x00000024eb300000)]
  0x000001dec10aac80 JavaThread "ForkJoinPool.commonPool-worker-7" daemon [_thread_blocked, id=23900, stack(0x00000024eb300000,0x00000024eb400000)]
  0x000001dec10ab190 JavaThread "ForkJoinPool.commonPool-worker-6" daemon [_thread_blocked, id=25772, stack(0x00000024eb400000,0x00000024eb500000)]
  0x000001dec10ac5d0 JavaThread "ForkJoinPool.commonPool-worker-9" daemon [_thread_blocked, id=5392, stack(0x00000024eb500000,0x00000024eb600000)]
  0x000001dec10acae0 JavaThread "ForkJoinPool.commonPool-worker-8" daemon [_thread_blocked, id=18808, stack(0x00000024eb600000,0x00000024eb700000)]
  0x000001dec10aa260 JavaThread "ForkJoinPool.commonPool-worker-10" daemon [_thread_blocked, id=26936, stack(0x00000024eb700000,0x00000024eb800000)]
  0x000001dec10aa770 JavaThread "ForkJoinPool.commonPool-worker-11" daemon [_thread_blocked, id=9716, stack(0x00000024eb800000,0x00000024eb900000)]
  0x000001dec10ac0c0 JavaThread "Exec process" daemon [_thread_blocked, id=28360, stack(0x00000024eb900000,0x00000024eba00000)]
  0x000001dec10ad500 JavaThread "ForkJoinPool.commonPool-worker-12" daemon [_thread_blocked, id=17292, stack(0x00000024eba00000,0x00000024ebb00000)]
  0x000001dec10ab6a0 JavaThread "Exec process Thread 2" daemon [_thread_blocked, id=28280, stack(0x00000024ebb00000,0x00000024ebc00000)]
  0x000001dec10abbb0 JavaThread "ForkJoinPool.commonPool-worker-13" daemon [_thread_blocked, id=2276, stack(0x00000024ebc00000,0x00000024ebd00000)]
  0x000001debc88f780 JavaThread "Exec process Thread 3" daemon [_thread_blocked, id=10644, stack(0x00000024ebd00000,0x00000024ebe00000)]
=>0x000001debf77a9f0 JavaThread "C2 CompilerThread1" daemon [_thread_in_native, id=25832, stack(0x00000024e3b00000,0x00000024e3c00000)]
  0x000001dec0594a40 JavaThread "pool-3-thread-1" [_thread_blocked, id=13288, stack(0x00000024ebe00000,0x00000024ebf00000)]
  0x000001dec0595460 JavaThread "build event listener" [_thread_blocked, id=26120, stack(0x00000024ebf00000,0x00000024ec000000)]
  0x000001dec05968a0 JavaThread "included builds" [_thread_blocked, id=28708, stack(0x00000024ec000000,0x00000024ec100000)]
  0x000001dec0594f50 JavaThread "Execution worker" [_thread_in_Java, id=12024, stack(0x00000024ec100000,0x00000024ec200000)] _threads_hazard_ptr=0x000001debc840450
  0x000001dec0596db0 JavaThread "Execution worker Thread 2" [_thread_blocked, id=21272, stack(0x00000024ec200000,0x00000024ec300000)]
  0x000001dec0595e80 JavaThread "Execution worker Thread 3" [_thread_blocked, id=24324, stack(0x00000024ec300000,0x00000024ec400000)]
  0x000001dec0594020 JavaThread "Execution worker Thread 4" [_thread_blocked, id=16564, stack(0x00000024ec400000,0x00000024ec500000)]
  0x000001dec0593600 JavaThread "Execution worker Thread 5" [_thread_blocked, id=14808, stack(0x00000024ec500000,0x00000024ec600000)]
  0x000001dec05972c0 JavaThread "Execution worker Thread 6" [_thread_blocked, id=25864, stack(0x00000024ec600000,0x00000024ec700000)]
  0x000001dec05977d0 JavaThread "Execution worker Thread 7" [_thread_blocked, id=13204, stack(0x00000024ec700000,0x00000024ec800000)]
  0x000001dec0597ce0 JavaThread "Execution worker Thread 8" [_thread_blocked, id=18420, stack(0x00000024ec800000,0x00000024ec900000)]
  0x000001dec0594530 JavaThread "Execution worker Thread 9" [_thread_blocked, id=23136, stack(0x00000024ec900000,0x00000024eca00000)]
  0x000001dec05981f0 JavaThread "Execution worker Thread 10" [_thread_blocked, id=22512, stack(0x00000024eca00000,0x00000024ecb00000)]
  0x000001dec0598700 JavaThread "Execution worker Thread 11" [_thread_blocked, id=23360, stack(0x00000024ecb00000,0x00000024ecc00000)]
  0x000001dec0599120 JavaThread "Execution worker Thread 12" [_thread_blocked, id=18896, stack(0x00000024ecc00000,0x00000024ecd00000)]
  0x000001dec0598c10 JavaThread "Execution worker Thread 13" [_thread_blocked, id=22432, stack(0x00000024ecd00000,0x00000024ece00000)]
  0x000001dec059a050 JavaThread "Execution worker Thread 14" [_thread_blocked, id=20248, stack(0x00000024ece00000,0x00000024ecf00000)]
  0x000001dec0599b40 JavaThread "Execution worker Thread 15" [_thread_blocked, id=14352, stack(0x00000024ecf00000,0x00000024ed000000)]
  0x000001dec0599630 JavaThread "Execution worker Thread 16" [_thread_blocked, id=23880, stack(0x00000024ed000000,0x00000024ed100000)]
  0x000001dec1883040 JavaThread "Execution worker Thread 17" [_thread_blocked, id=2432, stack(0x00000024ed100000,0x00000024ed200000)]
  0x000001dec18867f0 JavaThread "Execution worker Thread 18" [_thread_blocked, id=14080, stack(0x00000024ed200000,0x00000024ed300000)]
  0x000001dec1883f70 JavaThread "Execution worker Thread 19" [_thread_blocked, id=22320, stack(0x00000024ed300000,0x00000024ed400000)]
  0x000001dec1885dd0 JavaThread "Execution worker Thread 20" [_thread_blocked, id=9416, stack(0x00000024ed400000,0x00000024ed500000)]
  0x000001dec18862e0 JavaThread "Execution worker Thread 21" [_thread_blocked, id=24228, stack(0x00000024ed500000,0x00000024ed600000)]
  0x000001dec1886d00 JavaThread "Execution worker Thread 22" [_thread_blocked, id=4784, stack(0x00000024ed600000,0x00000024ed700000)]
  0x000001dec18858c0 JavaThread "Execution worker Thread 23" [_thread_blocked, id=29332, stack(0x00000024ed700000,0x00000024ed800000)]
  0x000001dec1887210 JavaThread "Cache worker for execution history cache (D:\legado-Sigma-2026-main\.gradle\8.14.4\executionHistory)" [_thread_blocked, id=13808, stack(0x00000024ed800000,0x00000024ed900000)]

Other Threads:
  0x000001def5d23930 VMThread "VM Thread" [stack: 0x00000024e2100000,0x00000024e2200000] [id=10012]
  0x000001deb23cf480 WatcherThread [stack: 0x00000024e3000000,0x00000024e3100000] [id=14400]
  0x000001def5ca2ed0 GCTaskThread "GC Thread#0" [stack: 0x00000024e2000000,0x00000024e2100000] [id=20116]
  0x000001deb905b8c0 GCTaskThread "GC Thread#1" [stack: 0x00000024e3200000,0x00000024e3300000] [id=27208]
  0x000001deba23add0 GCTaskThread "GC Thread#2" [stack: 0x00000024e3300000,0x00000024e3400000] [id=15280]
  0x000001deba23b090 GCTaskThread "GC Thread#3" [stack: 0x00000024e3400000,0x00000024e3500000] [id=29464]
  0x000001deba23b350 GCTaskThread "GC Thread#4" [stack: 0x00000024e3500000,0x00000024e3600000] [id=28872]
  0x000001deba36a730 GCTaskThread "GC Thread#5" [stack: 0x00000024e3700000,0x00000024e3800000] [id=28388]
  0x000001deba7c9510 GCTaskThread "GC Thread#6" [stack: 0x00000024e3800000,0x00000024e3900000] [id=25880]
  0x000001debaf05020 GCTaskThread "GC Thread#7" [stack: 0x00000024e3900000,0x00000024e3a00000] [id=26488]
  0x000001debc5832a0 GCTaskThread "GC Thread#8" [stack: 0x00000024e4700000,0x00000024e4800000] [id=16780]
  0x000001debc583560 GCTaskThread "GC Thread#9" [stack: 0x00000024e4800000,0x00000024e4900000] [id=26916]
  0x000001debc583ae0 GCTaskThread "GC Thread#10" [stack: 0x00000024e4900000,0x00000024e4a00000] [id=1536]
  0x000001debc583820 GCTaskThread "GC Thread#11" [stack: 0x00000024e4a00000,0x00000024e4b00000] [id=2692]
  0x000001debc584b60 GCTaskThread "GC Thread#12" [stack: 0x00000024e4b00000,0x00000024e4c00000] [id=24352]
  0x000001debc5845e0 GCTaskThread "GC Thread#13" [stack: 0x00000024e4c00000,0x00000024e4d00000] [id=11244]
  0x000001debc584e20 GCTaskThread "GC Thread#14" [stack: 0x00000024e4d00000,0x00000024e4e00000] [id=3528]
  0x000001debc5848a0 GCTaskThread "GC Thread#15" [stack: 0x00000024e4e00000,0x00000024e4f00000] [id=25284]
  0x000001debc583da0 GCTaskThread "GC Thread#16" [stack: 0x00000024e4f00000,0x00000024e5000000] [id=18368]
  0x000001debc584060 GCTaskThread "GC Thread#17" [stack: 0x00000024e5000000,0x00000024e5100000] [id=25608]

Threads with active compile tasks:
C2 CompilerThread0  18212 15149       4       sun.security.provider.DigestBase::engineDigest (112 bytes)
C2 CompilerThread1  18212 15019   !   4       java.io.ObjectOutputStream::writeObject0 (620 bytes)

VM state: not at safepoint (normal execution)

VM Mutex/Monitor currently owned by a thread:  ([mutex/lock_event])
[0x000001def5c86a80] CompiledIC_lock - owner thread: 0x000001deb217ea20

Heap address: 0x0000000700000000, size: 4096 MB, Compressed Oops mode: Zero based, Oop shift amount: 3

CDS archive(s) mapped at: [0x000001de97000000-0x000001de97bb0000-0x000001de97bb0000), size 12255232, SharedBaseAddress: 0x000001de97000000, ArchiveRelocationMode: 1.
Compressed class space mapped at: 0x000001de98000000-0x000001deb2000000, reserved size: 436207616
Narrow klass base: 0x000001de97000000, Narrow klass shift: 0, Narrow klass range: 0x100000000

GC Precious Log:
 CPUs: 24 total, 24 available
 Memory: 14029M
 Large Page Support: Disabled
 NUMA Support: Disabled
 Compressed Oops: Enabled (Zero based)
 Alignments: Space 512K, Generation 512K, Heap 2M
 Heap Min Capacity: 256M
 Heap Initial Capacity: 256M
 Heap Max Capacity: 4G
 Pre-touch: Disabled
 Parallel Workers: 18

Heap:
 PSYoungGen      total 157184K, used 27251K [0x00000007aab00000, 0x00000007b5c80000, 0x0000000800000000)
  eden space 142848K, 10% used [0x00000007aab00000,0x00000007ab9cecc8,0x00000007b3680000)
  from space 14336K, 84% used [0x00000007b4e80000,0x00000007b5a4e168,0x00000007b5c80000)
  to   space 19456K, 0% used [0x00000007b3680000,0x00000007b3680000,0x00000007b4980000)
 ParOldGen       total 175104K, used 104963K [0x0000000700000000, 0x000000070ab00000, 0x00000007aab00000)
  object space 175104K, 59% used [0x0000000700000000,0x0000000706680f28,0x000000070ab00000)
 Metaspace       used 109425K, committed 110336K, reserved 557056K
  class space    used 14963K, committed 15360K, reserved 425984K

Card table byte_map: [0x000001defd810000,0x000001defe020000] _byte_map_base: 0x000001defa010000

Marking Bits: (ParMarkBitMap*) 0x00007ff8304a7980
 Begin Bits: [0x000001de8f000000, 0x000001de93000000)
 End Bits:   [0x000001de93000000, 0x000001de97000000)

Polling page: 0x000001def3ae0000

Metaspace:

Usage:
  Non-class:     92.25 MB used.
      Class:     14.61 MB used.
       Both:    106.86 MB used.

Virtual space:
  Non-class space:      128.00 MB reserved,      92.75 MB ( 72%) committed,  2 nodes.
      Class space:      416.00 MB reserved,      15.00 MB (  4%) committed,  1 nodes.
             Both:      544.00 MB reserved,     107.75 MB ( 20%) committed. 

Chunk freelists:
   Non-Class:  2.59 MB
       Class:  960.00 KB
        Both:  3.53 MB

MaxMetaspaceSize: 512.00 MB
CompressedClassSpaceSize: 416.00 MB
Initial GC threshold: 21.00 MB
Current GC threshold: 162.19 MB
CDS: on
MetaspaceReclaimPolicy: balanced
 - commit_granule_bytes: 65536.
 - commit_granule_words: 8192.
 - virtual_space_node_default_size: 8388608.
 - enlarge_chunks_in_place: 1.
 - new_chunks_are_fully_committed: 0.
 - uncommit_free_chunks: 1.
 - use_allocation_guard: 0.
 - handle_deallocations: 1.


Internal statistics:

num_allocs_failed_limit: 12.
num_arena_births: 1278.
num_arena_deaths: 0.
num_vsnodes_births: 3.
num_vsnodes_deaths: 0.
num_space_committed: 1723.
num_space_uncommitted: 0.
num_chunks_returned_to_freelist: 12.
num_chunks_taken_from_freelist: 6037.
num_chunk_merges: 9.
num_chunk_splits: 3933.
num_chunks_enlarged: 2554.
num_inconsistent_stats: 0.

CodeHeap 'non-profiled nmethods': size=119168Kb used=8791Kb max_used=8791Kb free=110376Kb
 bounds [0x000001de87ba0000, 0x000001de88440000, 0x000001de8f000000]
CodeHeap 'profiled nmethods': size=119104Kb used=25079Kb max_used=25080Kb free=94025Kb
 bounds [0x000001de80000000, 0x000001de81880000, 0x000001de87450000]
CodeHeap 'non-nmethods': size=7488Kb used=4127Kb max_used=4192Kb free=3360Kb
 bounds [0x000001de87450000, 0x000001de87880000, 0x000001de87ba0000]
 total_blobs=13940 nmethods=12959 adapters=891
 compilation: enabled
              stopped_count=0, restarted_count=0
 full_count=0

Compilation events (20 events):
Event: 18.041 Thread 0x000001debf77bf30 15116       4       java.util.ImmutableCollections$Set12$1::next (95 bytes)
Event: 18.042 Thread 0x000001debf77bf30 nmethod 15116 0x000001de8842bd10 code [0x000001de8842bea0, 0x000001de8842bf78]
Event: 18.045 Thread 0x000001debf77bf30 15117       4       jdk.internal.org.objectweb.asm.MethodWriter::visitMaxs (60 bytes)
Event: 18.047 Thread 0x000001debf77bf30 nmethod 15117 0x000001de8842c090 code [0x000001de8842c220, 0x000001de8842c308]
Event: 18.048 Thread 0x000001debf77bf30 15118       4       jdk.internal.org.objectweb.asm.MethodWriter::putMethodInfo (1274 bytes)
Event: 18.049 Thread 0x000001deb215ac80 15119       4       jdk.internal.org.objectweb.asm.Handler::putExceptionTable (63 bytes)
Event: 18.054 Thread 0x000001deb215ac80 nmethod 15119 0x000001de8842c410 code [0x000001de8842c5a0, 0x000001de8842c8f8]
Event: 18.056 Thread 0x000001deb217e500 15120       3       org.gradle.api.internal.provider.Collectors$ElementsFromCollectionProvider::collectEntries (21 bytes)
Event: 18.056 Thread 0x000001deba25cfa0 15121       3       org.gradle.api.internal.provider.Collectors$ElementsFromCollectionProvider::collectEntriesFromValue (45 bytes)
Event: 18.057 Thread 0x000001deb217e500 nmethod 15120 0x000001de8186b190 code [0x000001de8186b340, 0x000001de8186b578]
Event: 18.058 Thread 0x000001deba25cfa0 nmethod 15121 0x000001de8186b690 code [0x000001de8186b900, 0x000001de8186c348]
Event: 18.060 Thread 0x000001deb215ac80 15122       4       org.gradle.internal.snapshot.SnapshotHierarchy::findSnapshot (38 bytes)
Event: 18.068 Thread 0x000001deb94d4da0 15123       3       org.gradle.api.internal.provider.AbstractMinimalProvider::isPresent (8 bytes)
Event: 18.068 Thread 0x000001deb94d4da0 nmethod 15123 0x000001de8186c610 code [0x000001de8186c7c0, 0x000001de8186c9a8]
Event: 18.074 Thread 0x000001deb215ac80 nmethod 15122 0x000001de8842cc10 code [0x000001de8842ce00, 0x000001de8842d598]
Event: 18.077 Thread 0x000001deb215ac80 15124       4       java.lang.invoke.MemberName::checkForTypeAlias (172 bytes)
Event: 18.089 Thread 0x000001debf77bf30 nmethod 15118 0x000001de8842dc10 code [0x000001de8842df00, 0x000001de88430020]
Event: 18.089 Thread 0x000001debf77bf30 15125       4       sun.invoke.util.VerifyAccess::isMemberAccessible (338 bytes)
Event: 18.091 Thread 0x000001debf77bf30 nmethod 15125 0x000001de88431810 code [0x000001de884319c0, 0x000001de88431be8]
Event: 18.098 Thread 0x000001deb215ac80 nmethod 15124 0x000001de88431e10 code [0x000001de88432080, 0x000001de88432d60]

GC Heap History (20 events):
Event: 9.713 GC heap before
{Heap before GC invocations=15 (full 2):
 PSYoungGen      total 114688K, used 92981K [0x00000007aab00000, 0x00000007b3580000, 0x0000000800000000)
  eden space 95232K, 78% used [0x00000007aab00000,0x00000007af3ec788,0x00000007b0800000)
  from space 19456K, 94% used [0x00000007b1d80000,0x00000007b2f61008,0x00000007b3080000)
  to   space 22016K, 0% used [0x00000007b0800000,0x00000007b0800000,0x00000007b1d80000)
 ParOldGen       total 175104K, used 45708K [0x0000000700000000, 0x000000070ab00000, 0x00000007aab00000)
  object space 175104K, 26% used [0x0000000700000000,0x0000000702ca30d8,0x000000070ab00000)
 Metaspace       used 59161K, committed 59776K, reserved 491520K
  class space    used 7861K, committed 8192K, reserved 425984K
}
Event: 9.721 GC heap after
{Heap after GC invocations=15 (full 2):
 PSYoungGen      total 117248K, used 4103K [0x00000007aab00000, 0x00000007b3580000, 0x0000000800000000)
  eden space 95232K, 0% used [0x00000007aab00000,0x00000007aab00000,0x00000007b0800000)
  from space 22016K, 18% used [0x00000007b0800000,0x00000007b0c01f50,0x00000007b1d80000)
  to   space 22016K, 0% used [0x00000007b2000000,0x00000007b2000000,0x00000007b3580000)
 ParOldGen       total 175104K, used 63577K [0x0000000700000000, 0x000000070ab00000, 0x00000007aab00000)
  object space 175104K, 36% used [0x0000000700000000,0x0000000703e16690,0x000000070ab00000)
 Metaspace       used 59161K, committed 59776K, reserved 491520K
  class space    used 7861K, committed 8192K, reserved 425984K
}
Event: 9.721 GC heap before
{Heap before GC invocations=16 (full 3):
 PSYoungGen      total 117248K, used 4103K [0x00000007aab00000, 0x00000007b3580000, 0x0000000800000000)
  eden space 95232K, 0% used [0x00000007aab00000,0x00000007aab00000,0x00000007b0800000)
  from space 22016K, 18% used [0x00000007b0800000,0x00000007b0c01f50,0x00000007b1d80000)
  to   space 22016K, 0% used [0x00000007b2000000,0x00000007b2000000,0x00000007b3580000)
 ParOldGen       total 175104K, used 63577K [0x0000000700000000, 0x000000070ab00000, 0x00000007aab00000)
  object space 175104K, 36% used [0x0000000700000000,0x0000000703e16690,0x000000070ab00000)
 Metaspace       used 59161K, committed 59776K, reserved 491520K
  class space    used 7861K, committed 8192K, reserved 425984K
}
Event: 9.772 GC heap after
{Heap after GC invocations=16 (full 3):
 PSYoungGen      total 117248K, used 0K [0x00000007aab00000, 0x00000007b3580000, 0x0000000800000000)
  eden space 95232K, 0% used [0x00000007aab00000,0x00000007aab00000,0x00000007b0800000)
  from space 22016K, 0% used [0x00000007b0800000,0x00000007b0800000,0x00000007b1d80000)
  to   space 22016K, 0% used [0x00000007b2000000,0x00000007b2000000,0x00000007b3580000)
 ParOldGen       total 175104K, used 65480K [0x0000000700000000, 0x000000070ab00000, 0x00000007aab00000)
  object space 175104K, 37% used [0x0000000700000000,0x0000000703ff22c0,0x000000070ab00000)
 Metaspace       used 59161K, committed 59776K, reserved 491520K
  class space    used 7861K, committed 8192K, reserved 425984K
}
Event: 10.754 GC heap before
{Heap before GC invocations=17 (full 3):
 PSYoungGen      total 117248K, used 95232K [0x00000007aab00000, 0x00000007b3580000, 0x0000000800000000)
  eden space 95232K, 100% used [0x00000007aab00000,0x00000007b0800000,0x00000007b0800000)
  from space 22016K, 0% used [0x00000007b0800000,0x00000007b0800000,0x00000007b1d80000)
  to   space 22016K, 0% used [0x00000007b2000000,0x00000007b2000000,0x00000007b3580000)
 ParOldGen       total 175104K, used 65480K [0x0000000700000000, 0x000000070ab00000, 0x00000007aab00000)
  object space 175104K, 37% used [0x0000000700000000,0x0000000703ff22c0,0x000000070ab00000)
 Metaspace       used 65921K, committed 66624K, reserved 491520K
  class space    used 8779K, committed 9088K, reserved 425984K
}
Event: 10.757 GC heap after
{Heap after GC invocations=17 (full 3):
 PSYoungGen      total 120832K, used 7672K [0x00000007aab00000, 0x00000007b6900000, 0x0000000800000000)
  eden space 98816K, 0% used [0x00000007aab00000,0x00000007aab00000,0x00000007b0b80000)
  from space 22016K, 34% used [0x00000007b2000000,0x00000007b277e098,0x00000007b3580000)
  to   space 20992K, 0% used [0x00000007b0b80000,0x00000007b0b80000,0x00000007b2000000)
 ParOldGen       total 175104K, used 65488K [0x0000000700000000, 0x000000070ab00000, 0x00000007aab00000)
  object space 175104K, 37% used [0x0000000700000000,0x0000000703ff42c0,0x000000070ab00000)
 Metaspace       used 65921K, committed 66624K, reserved 491520K
  class space    used 8779K, committed 9088K, reserved 425984K
}
Event: 11.767 GC heap before
{Heap before GC invocations=18 (full 3):
 PSYoungGen      total 120832K, used 106488K [0x00000007aab00000, 0x00000007b6900000, 0x0000000800000000)
  eden space 98816K, 100% used [0x00000007aab00000,0x00000007b0b80000,0x00000007b0b80000)
  from space 22016K, 34% used [0x00000007b2000000,0x00000007b277e098,0x00000007b3580000)
  to   space 20992K, 0% used [0x00000007b0b80000,0x00000007b0b80000,0x00000007b2000000)
 ParOldGen       total 175104K, used 65488K [0x0000000700000000, 0x000000070ab00000, 0x00000007aab00000)
  object space 175104K, 37% used [0x0000000700000000,0x0000000703ff42c0,0x000000070ab00000)
 Metaspace       used 75239K, committed 75904K, reserved 557056K
  class space    used 10075K, committed 10432K, reserved 425984K
}
Event: 11.773 GC heap after
{Heap after GC invocations=18 (full 3):
 PSYoungGen      total 119808K, used 3327K [0x00000007aab00000, 0x00000007b6e80000, 0x0000000800000000)
  eden space 98816K, 0% used [0x00000007aab00000,0x00000007aab00000,0x00000007b0b80000)
  from space 20992K, 15% used [0x00000007b0b80000,0x00000007b0ebfd08,0x00000007b2000000)
  to   space 20992K, 0% used [0x00000007b5a00000,0x00000007b5a00000,0x00000007b6e80000)
 ParOldGen       total 175104K, used 72872K [0x0000000700000000, 0x000000070ab00000, 0x00000007aab00000)
  object space 175104K, 41% used [0x0000000700000000,0x000000070472a048,0x000000070ab00000)
 Metaspace       used 75239K, committed 75904K, reserved 557056K
  class space    used 10075K, committed 10432K, reserved 425984K
}
Event: 12.597 GC heap before
{Heap before GC invocations=19 (full 3):
 PSYoungGen      total 119808K, used 102143K [0x00000007aab00000, 0x00000007b6e80000, 0x0000000800000000)
  eden space 98816K, 100% used [0x00000007aab00000,0x00000007b0b80000,0x00000007b0b80000)
  from space 20992K, 15% used [0x00000007b0b80000,0x00000007b0ebfd08,0x00000007b2000000)
  to   space 20992K, 0% used [0x00000007b5a00000,0x00000007b5a00000,0x00000007b6e80000)
 ParOldGen       total 175104K, used 72872K [0x0000000700000000, 0x000000070ab00000, 0x00000007aab00000)
  object space 175104K, 41% used [0x0000000700000000,0x000000070472a048,0x000000070ab00000)
 Metaspace       used 78147K, committed 78912K, reserved 557056K
  class space    used 10506K, committed 10880K, reserved 425984K
}
Event: 12.605 GC heap after
{Heap after GC invocations=19 (full 3):
 PSYoungGen      total 177152K, used 8898K [0x00000007aab00000, 0x00000007b6c80000, 0x0000000800000000)
  eden space 158208K, 0% used [0x00000007aab00000,0x00000007aab00000,0x00000007b4580000)
  from space 18944K, 46% used [0x00000007b5a00000,0x00000007b62b0ab8,0x00000007b6c80000)
  to   space 19968K, 0% used [0x00000007b4580000,0x00000007b4580000,0x00000007b5900000)
 ParOldGen       total 175104K, used 75957K [0x0000000700000000, 0x000000070ab00000, 0x00000007aab00000)
  object space 175104K, 43% used [0x0000000700000000,0x0000000704a2d420,0x000000070ab00000)
 Metaspace       used 78147K, committed 78912K, reserved 557056K
  class space    used 10506K, committed 10880K, reserved 425984K
}
Event: 14.197 GC heap before
{Heap before GC invocations=20 (full 3):
 PSYoungGen      total 177152K, used 167106K [0x00000007aab00000, 0x00000007b6c80000, 0x0000000800000000)
  eden space 158208K, 100% used [0x00000007aab00000,0x00000007b4580000,0x00000007b4580000)
  from space 18944K, 46% used [0x00000007b5a00000,0x00000007b62b0ab8,0x00000007b6c80000)
  to   space 19968K, 0% used [0x00000007b4580000,0x00000007b4580000,0x00000007b5900000)
 ParOldGen       total 175104K, used 75957K [0x0000000700000000, 0x000000070ab00000, 0x00000007aab00000)
  object space 175104K, 43% used [0x0000000700000000,0x0000000704a2d420,0x000000070ab00000)
 Metaspace       used 87204K, committed 88000K, reserved 557056K
  class space    used 11907K, committed 12288K, reserved 425984K
}
Event: 14.206 GC heap after
{Heap after GC invocations=20 (full 3):
 PSYoungGen      total 161792K, used 8432K [0x00000007aab00000, 0x00000007b6580000, 0x0000000800000000)
  eden space 153088K, 0% used [0x00000007aab00000,0x00000007aab00000,0x00000007b4080000)
  from space 8704K, 96% used [0x00000007b4580000,0x00000007b4dbc2e8,0x00000007b4e00000)
  to   space 18944K, 0% used [0x00000007b5300000,0x00000007b5300000,0x00000007b6580000)
 ParOldGen       total 175104K, used 84564K [0x0000000700000000, 0x000000070ab00000, 0x00000007aab00000)
  object space 175104K, 48% used [0x0000000700000000,0x0000000705295280,0x000000070ab00000)
 Metaspace       used 87204K, committed 88000K, reserved 557056K
  class space    used 11907K, committed 12288K, reserved 425984K
}
Event: 15.714 GC heap before
{Heap before GC invocations=21 (full 3):
 PSYoungGen      total 161792K, used 161520K [0x00000007aab00000, 0x00000007b6580000, 0x0000000800000000)
  eden space 153088K, 100% used [0x00000007aab00000,0x00000007b4080000,0x00000007b4080000)
  from space 8704K, 96% used [0x00000007b4580000,0x00000007b4dbc2e8,0x00000007b4e00000)
  to   space 18944K, 0% used [0x00000007b5300000,0x00000007b5300000,0x00000007b6580000)
 ParOldGen       total 175104K, used 84564K [0x0000000700000000, 0x000000070ab00000, 0x00000007aab00000)
  object space 175104K, 48% used [0x0000000700000000,0x0000000705295280,0x000000070ab00000)
 Metaspace       used 95214K, committed 96128K, reserved 557056K
  class space    used 13064K, committed 13504K, reserved 425984K
}
Event: 15.722 GC heap after
{Heap after GC invocations=21 (full 3):
 PSYoungGen      total 162816K, used 12435K [0x00000007aab00000, 0x00000007b6180000, 0x0000000800000000)
  eden space 147968K, 0% used [0x00000007aab00000,0x00000007aab00000,0x00000007b3b80000)
  from space 14848K, 83% used [0x00000007b5300000,0x00000007b5f24f50,0x00000007b6180000)
  to   space 19456K, 0% used [0x00000007b3b80000,0x00000007b3b80000,0x00000007b4e80000)
 ParOldGen       total 175104K, used 92713K [0x0000000700000000, 0x000000070ab00000, 0x00000007aab00000)
  object space 175104K, 52% used [0x0000000700000000,0x0000000705a8a460,0x000000070ab00000)
 Metaspace       used 95214K, committed 96128K, reserved 557056K
  class space    used 13064K, committed 13504K, reserved 425984K
}
Event: 16.440 GC heap before
{Heap before GC invocations=22 (full 3):
 PSYoungGen      total 162816K, used 65162K [0x00000007aab00000, 0x00000007b6180000, 0x0000000800000000)
  eden space 147968K, 35% used [0x00000007aab00000,0x00000007ade7daa8,0x00000007b3b80000)
  from space 14848K, 83% used [0x00000007b5300000,0x00000007b5f24f50,0x00000007b6180000)
  to   space 19456K, 0% used [0x00000007b3b80000,0x00000007b3b80000,0x00000007b4e80000)
 ParOldGen       total 175104K, used 92713K [0x0000000700000000, 0x000000070ab00000, 0x00000007aab00000)
  object space 175104K, 52% used [0x0000000700000000,0x0000000705a8a460,0x000000070ab00000)
 Metaspace       used 98755K, committed 99648K, reserved 557056K
  class space    used 13521K, committed 13952K, reserved 425984K
}
Event: 16.452 GC heap after
{Heap after GC invocations=22 (full 3):
 PSYoungGen      total 167424K, used 3625K [0x00000007aab00000, 0x00000007b6180000, 0x0000000800000000)
  eden space 147968K, 0% used [0x00000007aab00000,0x00000007aab00000,0x00000007b3b80000)
  from space 19456K, 18% used [0x00000007b3b80000,0x00000007b3f0a720,0x00000007b4e80000)
  to   space 19456K, 0% used [0x00000007b4e80000,0x00000007b4e80000,0x00000007b6180000)
 ParOldGen       total 175104K, used 104877K [0x0000000700000000, 0x000000070ab00000, 0x00000007aab00000)
  object space 175104K, 59% used [0x0000000700000000,0x000000070666b588,0x000000070ab00000)
 Metaspace       used 98755K, committed 99648K, reserved 557056K
  class space    used 13521K, committed 13952K, reserved 425984K
}
Event: 16.452 GC heap before
{Heap before GC invocations=23 (full 4):
 PSYoungGen      total 167424K, used 3625K [0x00000007aab00000, 0x00000007b6180000, 0x0000000800000000)
  eden space 147968K, 0% used [0x00000007aab00000,0x00000007aab00000,0x00000007b3b80000)
  from space 19456K, 18% used [0x00000007b3b80000,0x00000007b3f0a720,0x00000007b4e80000)
  to   space 19456K, 0% used [0x00000007b4e80000,0x00000007b4e80000,0x00000007b6180000)
 ParOldGen       total 175104K, used 104877K [0x0000000700000000, 0x000000070ab00000, 0x00000007aab00000)
  object space 175104K, 59% used [0x0000000700000000,0x000000070666b588,0x000000070ab00000)
 Metaspace       used 98755K, committed 99648K, reserved 557056K
  class space    used 13521K, committed 13952K, reserved 425984K
}
Event: 16.537 GC heap after
{Heap after GC invocations=23 (full 4):
 PSYoungGen      total 167424K, used 0K [0x00000007aab00000, 0x00000007b6180000, 0x0000000800000000)
  eden space 147968K, 0% used [0x00000007aab00000,0x00000007aab00000,0x00000007b3b80000)
  from space 19456K, 0% used [0x00000007b3b80000,0x00000007b3b80000,0x00000007b4e80000)
  to   space 19456K, 0% used [0x00000007b4e80000,0x00000007b4e80000,0x00000007b6180000)
 ParOldGen       total 175104K, used 104883K [0x0000000700000000, 0x000000070ab00000, 0x00000007aab00000)
  object space 175104K, 59% used [0x0000000700000000,0x000000070666cf18,0x000000070ab00000)
 Metaspace       used 98755K, committed 99648K, reserved 557056K
  class space    used 13521K, committed 13952K, reserved 425984K
}
Event: 17.920 GC heap before
{Heap before GC invocations=24 (full 4):
 PSYoungGen      total 167424K, used 147968K [0x00000007aab00000, 0x00000007b6180000, 0x0000000800000000)
  eden space 147968K, 100% used [0x00000007aab00000,0x00000007b3b80000,0x00000007b3b80000)
  from space 19456K, 0% used [0x00000007b3b80000,0x00000007b3b80000,0x00000007b4e80000)
  to   space 19456K, 0% used [0x00000007b4e80000,0x00000007b4e80000,0x00000007b6180000)
 ParOldGen       total 175104K, used 104883K [0x0000000700000000, 0x000000070ab00000, 0x00000007aab00000)
  object space 175104K, 59% used [0x0000000700000000,0x000000070666cf18,0x000000070ab00000)
 Metaspace       used 107866K, committed 108864K, reserved 557056K
  class space    used 14661K, committed 15104K, reserved 425984K
}
Event: 17.927 GC heap after
{Heap after GC invocations=24 (full 4):
 PSYoungGen      total 157184K, used 12088K [0x00000007aab00000, 0x00000007b5c80000, 0x0000000800000000)
  eden space 142848K, 0% used [0x00000007aab00000,0x00000007aab00000,0x00000007b3680000)
  from space 14336K, 84% used [0x00000007b4e80000,0x00000007b5a4e168,0x00000007b5c80000)
  to   space 19456K, 0% used [0x00000007b3680000,0x00000007b3680000,0x00000007b4980000)
 ParOldGen       total 175104K, used 104963K [0x0000000700000000, 0x000000070ab00000, 0x00000007aab00000)
  object space 175104K, 59% used [0x0000000700000000,0x0000000706680f28,0x000000070ab00000)
 Metaspace       used 107866K, committed 108864K, reserved 557056K
  class space    used 14661K, committed 15104K, reserved 425984K
}

Dll operation events (15 events):
Event: 0.008 Loaded shared library C:\jdk17\jdk-17.0.19+10\bin\java.dll
Event: 0.020 Loaded shared library C:\jdk17\jdk-17.0.19+10\bin\jsvml.dll
Event: 0.060 Loaded shared library C:\jdk17\jdk-17.0.19+10\bin\zip.dll
Event: 0.064 Loaded shared library C:\jdk17\jdk-17.0.19+10\bin\instrument.dll
Event: 0.067 Loaded shared library C:\jdk17\jdk-17.0.19+10\bin\net.dll
Event: 0.068 Loaded shared library C:\jdk17\jdk-17.0.19+10\bin\nio.dll
Event: 0.070 Loaded shared library C:\jdk17\jdk-17.0.19+10\bin\zip.dll
Event: 0.225 Loaded shared library C:\jdk17\jdk-17.0.19+10\bin\jimage.dll
Event: 0.355 Loaded shared library C:\jdk17\jdk-17.0.19+10\bin\verify.dll
Event: 1.484 Loaded shared library D:\.gradle\native\1def1411415f61bf3af743bc5b6707747c0891f09f0c88961ee8f79bc544acac\windows-amd64\native-platform.dll
Event: 1.495 Loaded shared library D:\.gradle\native\0.2.7\x86_64-windows-gnu\gradle-fileevents.dll
Event: 2.371 Loaded shared library C:\jdk17\jdk-17.0.19+10\bin\management.dll
Event: 2.373 Loaded shared library C:\jdk17\jdk-17.0.19+10\bin\management_ext.dll
Event: 2.608 Loaded shared library C:\jdk17\jdk-17.0.19+10\bin\extnet.dll
Event: 2.803 Loaded shared library C:\jdk17\jdk-17.0.19+10\bin\sunmscapi.dll

Deoptimization events (20 events):
Event: 18.049 Thread 0x000001dec05968a0 DEOPT PACKING pc=0x000001de87fdd774 sp=0x00000024ec0fa430
Event: 18.049 Thread 0x000001dec05968a0 DEOPT UNPACKING pc=0x000001de874a66a3 sp=0x00000024ec0fa3c8 mode 2
Event: 18.056 Thread 0x000001dec05968a0 Uncommon trap: trap_request=0xffffff45 fr.pc=0x000001de88049ad4 relative=0x00000000000005f4
Event: 18.056 Thread 0x000001dec05968a0 Uncommon trap: reason=unstable_if action=reinterpret pc=0x000001de88049ad4 method=java.util.Collections.indexedBinarySearch(Ljava/util/List;Ljava/lang/Object;Ljava/util/Comparator;)I @ 62 c2
Event: 18.056 Thread 0x000001dec05968a0 DEOPT PACKING pc=0x000001de88049ad4 sp=0x00000024ec0fc040
Event: 18.056 Thread 0x000001dec05968a0 DEOPT UNPACKING pc=0x000001de874a66a3 sp=0x00000024ec0fbee8 mode 2
Event: 18.064 Thread 0x000001dec05968a0 DEOPT PACKING pc=0x000001de80d381d4 sp=0x00000024ec0f9ed0
Event: 18.064 Thread 0x000001dec05968a0 DEOPT UNPACKING pc=0x000001de874a6e43 sp=0x00000024ec0f93d8 mode 0
Event: 18.064 Thread 0x000001dec05968a0 DEOPT PACKING pc=0x000001de80d381d4 sp=0x00000024ec0fa2a0
Event: 18.064 Thread 0x000001dec05968a0 DEOPT UNPACKING pc=0x000001de874a6e43 sp=0x00000024ec0f97a8 mode 0
Event: 18.064 Thread 0x000001dec05968a0 DEOPT PACKING pc=0x000001de80d381d4 sp=0x00000024ec0fa6a0
Event: 18.064 Thread 0x000001dec05968a0 DEOPT UNPACKING pc=0x000001de874a6e43 sp=0x00000024ec0f9ba8 mode 0
Event: 18.077 Thread 0x000001dec05968a0 Uncommon trap: trap_request=0xffffffc6 fr.pc=0x000001de87f62d20 relative=0x0000000000000100
Event: 18.077 Thread 0x000001dec05968a0 Uncommon trap: reason=bimorphic_or_optimized_type_check action=maybe_recompile pc=0x000001de87f62d20 method=com.google.common.collect.RegularImmutableMap.checkNoConflictInKeyBucket(Ljava/lang/Object;Ljava/lang/Object;Lcom/google/common/collect/ImmutableMa
Event: 18.077 Thread 0x000001dec05968a0 DEOPT PACKING pc=0x000001de87f62d20 sp=0x00000024ec0fc1a0
Event: 18.077 Thread 0x000001dec05968a0 DEOPT UNPACKING pc=0x000001de874a66a3 sp=0x00000024ec0fc158 mode 2
Event: 18.099 Thread 0x000001dec05968a0 Uncommon trap: trap_request=0xffffff45 fr.pc=0x000001de88339d9c relative=0x00000000000007dc
Event: 18.099 Thread 0x000001dec05968a0 Uncommon trap: reason=unstable_if action=reinterpret pc=0x000001de88339d9c method=com.google.common.collect.AbstractIterator.hasNext()Z @ 25 c2
Event: 18.099 Thread 0x000001dec05968a0 DEOPT PACKING pc=0x000001de88339d9c sp=0x00000024ec0fbdb0
Event: 18.099 Thread 0x000001dec05968a0 DEOPT UNPACKING pc=0x000001de874a66a3 sp=0x00000024ec0fbd88 mode 2

Classes loaded (20 events):
Event: 17.404 Loading class java/util/ArrayListCustomizer
Event: 17.404 Loading class java/util/ArrayListCustomizer done
Event: 17.405 Loading class java/util/ArrayListCustomizer
Event: 17.405 Loading class java/util/ArrayListCustomizer done
Event: 17.662 Loading class java/util/TreeMap$KeySpliterator
Event: 17.663 Loading class java/util/TreeMap$TreeMapSpliterator
Event: 17.663 Loading class java/util/TreeMap$TreeMapSpliterator done
Event: 17.663 Loading class java/util/TreeMap$KeySpliterator done
Event: 17.894 Loading class java/nio/channels/Channels$1
Event: 17.895 Loading class java/nio/channels/Channels$1 done
Event: 17.897 Loading class java/util/concurrent/ConcurrentLinkedQueue$Itr
Event: 17.897 Loading class java/util/concurrent/ConcurrentLinkedQueue$Itr done
Event: 17.949 Loading class java/util/concurrent/ConcurrentSkipListMap$KeySet
Event: 17.950 Loading class java/util/concurrent/ConcurrentSkipListMap$KeySet done
Event: 17.950 Loading class java/util/concurrent/ConcurrentSkipListMap$KeyIterator
Event: 17.950 Loading class java/util/concurrent/ConcurrentSkipListMap$KeyIterator done
Event: 18.009 Loading class java/lang/AbstractMethodError
Event: 18.009 Loading class java/lang/AbstractMethodError done
Event: 18.027 Loading class java/time/Instant$1
Event: 18.027 Loading class java/time/Instant$1 done

Classes unloaded (0 events):
No events

Classes redefined (0 events):
No events

Internal exceptions (20 events):
Event: 17.399 Thread 0x000001deba1eafb0 Exception <a 'java/lang/ClassNotFoundException'{0x00000007afbddd18}: org/gradle/api/tasks/compile/CompileOptionsCustomizer> (0x00000007afbddd18) 
thrown [s\src\hotspot\share\classfile\systemDictionary.cpp, line 256]
Event: 17.401 Thread 0x000001deba1eafb0 Exception <a 'java/lang/ClassNotFoundException'{0x00000007afc26370}: org/gradle/api/tasks/compile/CompileOptions_DecoratedCustomizer> (0x00000007afc26370) 
thrown [s\src\hotspot\share\classfile\systemDictionary.cpp, line 256]
Event: 17.403 Thread 0x000001deba1eafb0 Exception <a 'java/lang/ClassNotFoundException'{0x00000007afda20e8}: java/util/ArrayListBeanInfo> (0x00000007afda20e8) 
thrown [s\src\hotspot\share\classfile\systemDictionary.cpp, line 256]
Event: 17.403 Thread 0x000001deba1eafb0 Exception <a 'java/lang/ClassNotFoundException'{0x00000007afda8c00}: java/util/AbstractListBeanInfo> (0x00000007afda8c00) 
thrown [s\src\hotspot\share\classfile\systemDictionary.cpp, line 256]
Event: 17.404 Thread 0x000001deba1eafb0 Exception <a 'java/lang/ClassNotFoundException'{0x00000007afdaf770}: java/util/AbstractListCustomizer> (0x00000007afdaf770) 
thrown [s\src\hotspot\share\classfile\systemDictionary.cpp, line 256]
Event: 17.405 Thread 0x000001deba1eafb0 Exception <a 'java/lang/ClassNotFoundException'{0x00000007afde5728}: java/util/ArrayListCustomizer> (0x00000007afde5728) 
thrown [s\src\hotspot\share\classfile\systemDictionary.cpp, line 256]
Event: 17.674 Thread 0x000001deba1eafb0 Implicit null exception at 0x000001de882ca7d0 to 0x000001de882caeb8
Event: 17.674 Thread 0x000001deba1eafb0 Implicit null exception at 0x000001de882ca7d0 to 0x000001de882caeb8
Event: 17.839 Thread 0x000001deba1eafb0 Exception <a 'java/lang/NoSuchMethodError'{0x00000007b2f04280}: static Lcom/android/build/gradle/internal/profile/ProjectData;.<clinit>()V> (0x00000007b2f04280) 
thrown [s\src\hotspot\share\prims\jni.cpp, line 1112]
Event: 17.845 Thread 0x000001deba1eafb0 Exception <a 'java/lang/NoSuchMethodError'{0x00000007b2f57530}: static Lcom/android/build/gradle/internal/profile/TaskMetadata;.<clinit>()V> (0x00000007b2f57530) 
thrown [s\src\hotspot\share\prims\jni.cpp, line 1112]
Event: 17.892 Thread 0x000001deba1eafb0 Exception <a 'sun/nio/fs/WindowsException'{0x00000007b36e0858}> (0x00000007b36e0858) 
thrown [s\src\hotspot\share\prims\jni.cpp, line 516]
Event: 17.916 Thread 0x000001dec05968a0 Exception <a 'java/lang/NoSuchMethodError'{0x00000007b3974788}: 'java.lang.Object java.lang.invoke.DirectMethodHandle$Holder.newInvokeSpecial(java.lang.Object, java.lang.Object, int, java.lang.Object, java.lang.Object)'> (0x00000007b3974788) 
thrown [s\src\hotspot\share\interpreter\linkResolver.cpp, line 759]
Event: 17.945 Thread 0x000001dec0595e80 Exception <a 'java/lang/NoSuchMethodError'{0x00000007aaebd118}: static Ljava/lang/Object;.<clinit>()V> (0x00000007aaebd118) 
thrown [s\src\hotspot\share\prims\jni.cpp, line 1112]
Event: 17.946 Thread 0x000001dec0595e80 Exception <a 'java/lang/NoSuchMethodError'{0x00000007aaec9998}: static Ljava/lang/Object;.<clinit>()V> (0x00000007aaec9998) 
thrown [s\src\hotspot\share\prims\jni.cpp, line 1112]
Event: 17.947 Thread 0x000001dec0595e80 Exception <a 'java/lang/NoSuchMethodError'{0x00000007aaee8cd0}: static Lcom/android/ide/common/gradle/Numeric;.<clinit>()V> (0x00000007aaee8cd0) 
thrown [s\src\hotspot\share\prims\jni.cpp, line 1112]
Event: 17.947 Thread 0x000001dec0595e80 Exception <a 'java/lang/NoSuchMethodError'{0x00000007aaeeb1d0}: static Lcom/android/ide/common/gradle/Part;.<clinit>()V> (0x00000007aaeeb1d0) 
thrown [s\src\hotspot\share\prims\jni.cpp, line 1112]
Event: 18.008 Thread 0x000001dec05968a0 Exception <a 'java/lang/NoSuchMethodError'{0x00000007ab2c8cf8}: 'void java.lang.invoke.DirectMethodHandle$Holder.invokeSpecial(java.lang.Object, java.lang.Object, java.lang.Object, java.lang.Object, int, java.lang.Object, java.lang.Object)'> (0x00000007ab2c8cf8) 
thrown [s\src\hotspot\share\interpreter\linkResolver.cpp, line 759]
Event: 18.016 Thread 0x000001dec05968a0 Exception <a 'java/lang/NoSuchMethodError'{0x00000007ab36a8a0}: 'void java.lang.invoke.DirectMethodHandle$Holder.invokeInterface(java.lang.Object, java.lang.Object, java.lang.Object, java.lang.Object)'> (0x00000007ab36a8a0) 
thrown [s\src\hotspot\share\interpreter\linkResolver.cpp, line 759]
Event: 18.055 Thread 0x000001dec05968a0 Exception <a 'java/lang/IncompatibleClassChangeError'{0x00000007ab64a8c0}: Found class java.lang.Object, but interface was expected> (0x00000007ab64a8c0) 
thrown [s\src\hotspot\share\interpreter\linkResolver.cpp, line 826]
Event: 18.084 Thread 0x000001dec05968a0 Exception <a 'java/lang/NoSuchMethodError'{0x00000007ab802748}: 'int java.lang.invoke.DirectMethodHandle$Holder.invokeStaticInit(java.lang.Object, java.lang.Object, java.lang.Object, java.lang.Object, java.lang.Object)'> (0x00000007ab802748) 
thrown [s\src\hotspot\share\interpreter\linkResolver.cpp, line 759]

VM Operations (20 events):
Event: 17.994 Executing VM operation: HandshakeAllThreads
Event: 17.994 Executing VM operation: HandshakeAllThreads done
Event: 18.013 Executing VM operation: HandshakeAllThreads
Event: 18.013 Executing VM operation: HandshakeAllThreads done
Event: 18.024 Executing VM operation: HandshakeAllThreads
Event: 18.024 Executing VM operation: HandshakeAllThreads done
Event: 18.038 Executing VM operation: HandshakeAllThreads
Event: 18.038 Executing VM operation: HandshakeAllThreads done
Event: 18.040 Executing VM operation: HandshakeAllThreads
Event: 18.040 Executing VM operation: HandshakeAllThreads done
Event: 18.043 Executing VM operation: HandshakeAllThreads
Event: 18.043 Executing VM operation: HandshakeAllThreads done
Event: 18.057 Executing VM operation: HandshakeAllThreads
Event: 18.057 Executing VM operation: HandshakeAllThreads done
Event: 18.062 Executing VM operation: HandshakeAllThreads
Event: 18.062 Executing VM operation: HandshakeAllThreads done
Event: 18.063 Executing VM operation: HandshakeAllThreads
Event: 18.064 Executing VM operation: HandshakeAllThreads done
Event: 18.066 Executing VM operation: HandshakeAllThreads
Event: 18.066 Executing VM operation: HandshakeAllThreads done

Memory protections (0 events):
No events

Nmethod flushes (20 events):
Event: 15.904 Thread 0x000001deb217ea20 flushing  nmethod 0x000001de813afd10
Event: 15.904 Thread 0x000001deb217ea20 flushing  nmethod 0x000001de813c5390
Event: 15.904 Thread 0x000001deb217ea20 flushing  nmethod 0x000001de813c6010
Event: 15.904 Thread 0x000001deb217ea20 flushing  nmethod 0x000001de813c6510
Event: 15.905 Thread 0x000001deb217ea20 flushing  nmethod 0x000001de81443290
Event: 15.905 Thread 0x000001deb217ea20 flushing  nmethod 0x000001de81494290
Event: 15.905 Thread 0x000001deb217ea20 flushing  nmethod 0x000001de81498d90
Event: 15.905 Thread 0x000001deb217ea20 flushing  nmethod 0x000001de814cc710
Event: 15.905 Thread 0x000001deb217ea20 flushing  nmethod 0x000001de814cd010
Event: 15.906 Thread 0x000001deb217ea20 flushing  nmethod 0x000001de815e9b90
Event: 15.906 Thread 0x000001deb217ea20 flushing  nmethod 0x000001de81627e10
Event: 15.906 Thread 0x000001deb217ea20 flushing  nmethod 0x000001de81629f90
Event: 15.906 Thread 0x000001deb217ea20 flushing  nmethod 0x000001de8162ea90
Event: 15.906 Thread 0x000001deb217ea20 flushing  nmethod 0x000001de8162ef10
Event: 15.906 Thread 0x000001deb217ea20 flushing  nmethod 0x000001de81631210
Event: 15.906 Thread 0x000001deb217ea20 flushing  nmethod 0x000001de81633f90
Event: 15.906 Thread 0x000001deb217ea20 flushing  nmethod 0x000001de81645e90
Event: 15.906 Thread 0x000001deb217ea20 flushing  nmethod 0x000001de81652690
Event: 15.906 Thread 0x000001deb217ea20 flushing  nmethod 0x000001de81658190
Event: 15.906 Thread 0x000001deb217ea20 flushing  nmethod 0x000001de8167f410

Events (20 events):
Event: 17.919 Thread 0x000001dec05968a0 Thread added: 0x000001dec0593600
Event: 17.919 Thread 0x000001dec05968a0 Thread added: 0x000001dec05972c0
Event: 17.919 Thread 0x000001dec05968a0 Thread added: 0x000001dec05977d0
Event: 17.919 Thread 0x000001dec05968a0 Thread added: 0x000001dec0597ce0
Event: 17.919 Thread 0x000001dec05968a0 Thread added: 0x000001dec0594530
Event: 17.920 Thread 0x000001dec05968a0 Thread added: 0x000001dec05981f0
Event: 17.920 Thread 0x000001dec05968a0 Thread added: 0x000001dec0598700
Event: 17.920 Thread 0x000001dec05968a0 Thread added: 0x000001dec0599120
Event: 17.920 Thread 0x000001dec05968a0 Thread added: 0x000001dec0598c10
Event: 17.927 Thread 0x000001dec05968a0 Thread added: 0x000001dec059a050
Event: 17.927 Thread 0x000001dec05968a0 Thread added: 0x000001dec0599b40
Event: 17.927 Thread 0x000001dec05968a0 Thread added: 0x000001dec0599630
Event: 17.927 Thread 0x000001dec05968a0 Thread added: 0x000001dec1883040
Event: 17.927 Thread 0x000001dec05968a0 Thread added: 0x000001dec18867f0
Event: 17.927 Thread 0x000001dec05968a0 Thread added: 0x000001dec1883f70
Event: 17.927 Thread 0x000001dec05968a0 Thread added: 0x000001dec1885dd0
Event: 17.927 Thread 0x000001dec05968a0 Thread added: 0x000001dec18862e0
Event: 17.927 Thread 0x000001dec05968a0 Thread added: 0x000001dec1886d00
Event: 17.928 Thread 0x000001dec05968a0 Thread added: 0x000001dec18858c0
Event: 17.972 Thread 0x000001dec05968a0 Thread added: 0x000001dec1887210


Dynamic libraries:
0x00007ff71a550000 - 0x00007ff71a55e000 	C:\jdk17\jdk-17.0.19+10\bin\java.exe
0x00007ff90d780000 - 0x00007ff90d9e7000 	C:\WINDOWS\SYSTEM32\ntdll.dll
0x00007ff90b580000 - 0x00007ff90b649000 	C:\WINDOWS\System32\KERNEL32.DLL
0x00007ff90a710000 - 0x00007ff90ab07000 	C:\WINDOWS\System32\KERNELBASE.dll
0x00007ff90ab10000 - 0x00007ff90ac5b000 	C:\WINDOWS\System32\ucrtbase.dll
0x00007ff8c8b00000 - 0x00007ff8c8b18000 	C:\jdk17\jdk-17.0.19+10\bin\jli.dll
0x00007ff8c3350000 - 0x00007ff8c336e000 	C:\jdk17\jdk-17.0.19+10\bin\VCRUNTIME140.dll
0x00007ff90d040000 - 0x00007ff90d206000 	C:\WINDOWS\System32\USER32.dll
0x00007ff90b4d0000 - 0x00007ff90b4f7000 	C:\WINDOWS\System32\win32u.dll
0x00007ff8e3ae0000 - 0x00007ff8e3d72000 	C:\WINDOWS\WinSxS\amd64_microsoft.windows.common-controls_6595b64144ccf1df_6.0.26100.8457_none_3e0b2faee331e92d\COMCTL32.dll
0x00007ff90b6b0000 - 0x00007ff90b6db000 	C:\WINDOWS\System32\GDI32.dll
0x00007ff90c1d0000 - 0x00007ff90c279000 	C:\WINDOWS\System32\msvcrt.dll
0x00007ff90a550000 - 0x00007ff90a67c000 	C:\WINDOWS\System32\gdi32full.dll
0x00007ff90a270000 - 0x00007ff90a313000 	C:\WINDOWS\System32\msvcp_win.dll
0x00007ff90bf20000 - 0x00007ff90bf52000 	C:\WINDOWS\System32\IMM32.DLL
0x00007ff8ef130000 - 0x00007ff8ef13c000 	C:\jdk17\jdk-17.0.19+10\bin\vcruntime140_1.dll
0x00007ff8abe80000 - 0x00007ff8abf0d000 	C:\jdk17\jdk-17.0.19+10\bin\msvcp140.dll
0x00007ff82f900000 - 0x00007ff83056c000 	C:\jdk17\jdk-17.0.19+10\bin\server\jvm.dll
0x00007ff90d5a0000 - 0x00007ff90d656000 	C:\WINDOWS\System32\ADVAPI32.dll
0x00007ff90cea0000 - 0x00007ff90cf47000 	C:\WINDOWS\System32\sechost.dll
0x00007ff90cd80000 - 0x00007ff90ce98000 	C:\WINDOWS\System32\RPCRT4.dll
0x00007ff90cfb0000 - 0x00007ff90d030000 	C:\WINDOWS\System32\WS2_32.dll
0x00007ff908dd0000 - 0x00007ff908e2e000 	C:\WINDOWS\SYSTEM32\POWRPROF.dll
0x00007ff8fee70000 - 0x00007ff8fee7b000 	C:\WINDOWS\SYSTEM32\VERSION.dll
0x00007ff8fc080000 - 0x00007ff8fc0b6000 	C:\WINDOWS\SYSTEM32\WINMM.dll
0x00007ff908db0000 - 0x00007ff908dc4000 	C:\WINDOWS\SYSTEM32\UMPDC.dll
0x00007ff909060000 - 0x00007ff90907b000 	C:\WINDOWS\SYSTEM32\kernel.appcore.dll
0x00007ff8ef080000 - 0x00007ff8ef08a000 	C:\jdk17\jdk-17.0.19+10\bin\jimage.dll
0x00007ff907ea0000 - 0x00007ff9080e2000 	C:\WINDOWS\SYSTEM32\DBGHELP.DLL
0x00007ff90d210000 - 0x00007ff90d593000 	C:\WINDOWS\System32\combase.dll
0x00007ff90c0c0000 - 0x00007ff90c199000 	C:\WINDOWS\System32\OLEAUT32.dll
0x00007ff8d64d0000 - 0x00007ff8d650b000 	C:\WINDOWS\SYSTEM32\dbgcore.DLL
0x00007ff90a4a0000 - 0x00007ff90a548000 	C:\WINDOWS\System32\bcryptPrimitives.dll
0x00007ff8ef040000 - 0x00007ff8ef04e000 	C:\jdk17\jdk-17.0.19+10\bin\instrument.dll
0x00007ff8c2e70000 - 0x00007ff8c2e95000 	C:\jdk17\jdk-17.0.19+10\bin\java.dll
0x00007ff873330000 - 0x00007ff873407000 	C:\jdk17\jdk-17.0.19+10\bin\jsvml.dll
0x00007ff90c280000 - 0x00007ff90c9ee000 	C:\WINDOWS\System32\SHELL32.dll
0x00007ff90ac60000 - 0x00007ff90b4cc000 	C:\WINDOWS\System32\windows.storage.dll
0x00007ff90b6e0000 - 0x00007ff90b7d6000 	C:\WINDOWS\System32\SHCORE.dll
0x00007ff90bea0000 - 0x00007ff90bf06000 	C:\WINDOWS\System32\shlwapi.dll
0x00007ff90a0d0000 - 0x00007ff90a0f9000 	C:\WINDOWS\SYSTEM32\profapi.dll
0x00007ff8c3270000 - 0x00007ff8c3288000 	C:\jdk17\jdk-17.0.19+10\bin\zip.dll
0x00007ff8bfff0000 - 0x00007ff8c000a000 	C:\jdk17\jdk-17.0.19+10\bin\net.dll
0x00007ff900d10000 - 0x00007ff900e39000 	C:\WINDOWS\SYSTEM32\WINHTTP.dll
0x00007ff9095d0000 - 0x00007ff90963c000 	C:\WINDOWS\system32\mswsock.dll
0x00007ff8bf9f0000 - 0x00007ff8bfa06000 	C:\jdk17\jdk-17.0.19+10\bin\nio.dll
0x00007ff8ee490000 - 0x00007ff8ee4a0000 	C:\jdk17\jdk-17.0.19+10\bin\verify.dll
0x00007ff8fba30000 - 0x00007ff8fba57000 	D:\.gradle\native\1def1411415f61bf3af743bc5b6707747c0891f09f0c88961ee8f79bc544acac\windows-amd64\native-platform.dll
0x00007ff8f0c90000 - 0x00007ff8f0d08000 	D:\.gradle\native\0.2.7\x86_64-windows-gnu\gradle-fileevents.dll
0x00007ff8da520000 - 0x00007ff8da52a000 	C:\jdk17\jdk-17.0.19+10\bin\management.dll
0x00007ff8d92d0000 - 0x00007ff8d92dc000 	C:\jdk17\jdk-17.0.19+10\bin\management_ext.dll
0x00007ff90cf50000 - 0x00007ff90cf58000 	C:\WINDOWS\System32\PSAPI.DLL
0x00007ff908a30000 - 0x00007ff908a62000 	C:\WINDOWS\SYSTEM32\IPHLPAPI.DLL
0x00007ff90b7e0000 - 0x00007ff90b7ea000 	C:\WINDOWS\System32\NSI.dll
0x00007ff901850000 - 0x00007ff90186d000 	C:\WINDOWS\SYSTEM32\dhcpcsvc6.DLL
0x00007ff9016c0000 - 0x00007ff9016e5000 	C:\WINDOWS\SYSTEM32\dhcpcsvc.DLL
0x00007ff908ad0000 - 0x00007ff908c02000 	C:\WINDOWS\SYSTEM32\DNSAPI.dll
0x00007ff8d9270000 - 0x00007ff8d9279000 	C:\jdk17\jdk-17.0.19+10\bin\extnet.dll
0x00007ff9098b0000 - 0x00007ff9098cb000 	C:\WINDOWS\SYSTEM32\CRYPTSP.dll
0x00007ff908fc0000 - 0x00007ff908ff9000 	C:\WINDOWS\system32\rsaenh.dll
0x00007ff909680000 - 0x00007ff9096b3000 	C:\WINDOWS\SYSTEM32\USERENV.dll
0x00007ff90a0a0000 - 0x00007ff90a0ca000 	C:\WINDOWS\SYSTEM32\bcrypt.dll
0x00007ff9098d0000 - 0x00007ff9098dc000 	C:\WINDOWS\SYSTEM32\CRYPTBASE.dll
0x00007ff8d1960000 - 0x00007ff8d196e000 	C:\jdk17\jdk-17.0.19+10\bin\sunmscapi.dll
0x00007ff90a320000 - 0x00007ff90a498000 	C:\WINDOWS\System32\CRYPT32.dll
0x00007ff909ad0000 - 0x00007ff909b00000 	C:\WINDOWS\SYSTEM32\ncrypt.dll
0x00007ff909a80000 - 0x00007ff909abf000 	C:\WINDOWS\SYSTEM32\NTASN1.dll
0x00007ff8c8010000 - 0x00007ff8c8018000 	C:\WINDOWS\system32\wshunix.dll

dbghelp: loaded successfully - version: 4.0.5 - missing functions: none
symbol engine: initialized successfully - sym options: 0x614 - pdb path: .;C:\jdk17\jdk-17.0.19+10\bin;C:\WINDOWS\SYSTEM32;C:\WINDOWS\WinSxS\amd64_microsoft.windows.common-controls_6595b64144ccf1df_6.0.26100.8457_none_3e0b2faee331e92d;C:\jdk17\jdk-17.0.19+10\bin\server;D:\.gradle\native\1def1411415f61bf3af743bc5b6707747c0891f09f0c88961ee8f79bc544acac\windows-amd64;D:\.gradle\native\0.2.7\x86_64-windows-gnu

VM Arguments:
jvm_args: --add-opens=java.base/java.lang=ALL-UNNAMED --add-opens=java.base/java.lang.invoke=ALL-UNNAMED --add-opens=java.base/java.util=ALL-UNNAMED --add-opens=java.prefs/java.util.prefs=ALL-UNNAMED --add-exports=jdk.compiler/com.sun.tools.javac.api=ALL-UNNAMED --add-exports=jdk.compiler/com.sun.tools.javac.util=ALL-UNNAMED --add-opens=java.base/java.util=ALL-UNNAMED --add-opens=java.prefs/java.util.prefs=ALL-UNNAMED --add-opens=java.base/java.nio.charset=ALL-UNNAMED --add-opens=java.base/java.net=ALL-UNNAMED --add-opens=java.base/java.util.concurrent.atomic=ALL-UNNAMED --add-opens=java.xml/javax.xml.namespace=ALL-UNNAMED -XX:+UseParallelGC -XX:MaxMetaspaceSize=512m -XX:+HeapDumpOnOutOfMemoryError -Xms256m -Xmx4g -Dfile.encoding=UTF-8 -Duser.country=CN -Duser.language=zh -Duser.variant -javaagent:D:\.gradle\wrapper\dists\gradle-8.14.4-bin\a40rex9zy7wh6ckico3kypz1j\gradle-8.14.4\lib\agents\gradle-instrumentation-agent-8.14.4.jar 
java_command: org.gradle.launcher.daemon.bootstrap.GradleDaemon 8.14.4
java_class_path (initial): D:\.gradle\wrapper\dists\gradle-8.14.4-bin\a40rex9zy7wh6ckico3kypz1j\gradle-8.14.4\lib\gradle-daemon-main-8.14.4.jar
Launcher Type: SUN_STANDARD

[Global flags]
     intx CICompilerCount                          = 12                                        {product} {ergonomic}
   size_t CompressedClassSpaceSize                 = 436207616                                 {product} {ergonomic}
     bool HeapDumpOnOutOfMemoryError               = true                                   {manageable} {command line}
   size_t InitialHeapSize                          = 268435456                                 {product} {command line}
   size_t MaxHeapSize                              = 4294967296                                {product} {command line}
   size_t MaxMetaspaceSize                         = 536870912                                 {product} {command line}
   size_t MaxNewSize                               = 1431306240                                {product} {ergonomic}
   size_t MinHeapDeltaBytes                        = 524288                                    {product} {ergonomic}
   size_t MinHeapSize                              = 268435456                                 {product} {command line}
   size_t NewSize                                  = 89128960                                  {product} {ergonomic}
    uintx NonNMethodCodeHeapSize                   = 7602480                                {pd product} {ergonomic}
    uintx NonProfiledCodeHeapSize                  = 122027880                              {pd product} {ergonomic}
   size_t OldSize                                  = 179306496                                 {product} {ergonomic}
    uintx ProfiledCodeHeapSize                     = 122027880                              {pd product} {ergonomic}
    uintx ReservedCodeCacheSize                    = 251658240                              {pd product} {ergonomic}
     bool SegmentedCodeCache                       = true                                      {product} {ergonomic}
   size_t SoftMaxHeapSize                          = 4294967296                             {manageable} {ergonomic}
     bool UseCompressedClassPointers               = true                           {product lp64_product} {ergonomic}
     bool UseCompressedOops                        = true                           {product lp64_product} {ergonomic}
     bool UseLargePagesIndividualAllocation        = false                                  {pd product} {ergonomic}
     bool UseParallelGC                            = true                                      {product} {command line}

Logging:
Log output configuration:
 #0: stdout all=warning uptime,level,tags
 #1: stderr all=off uptime,level,tags

Environment Variables:
JAVA_HOME=C:\jdk17\jdk-17.0.19+10
CLASSPATH=D:\legado-Sigma-2026-main\\gradle\wrapper\gradle-wrapper.jar
PATH=C:\WINDOWS\system32;C:\WINDOWS;C:\WINDOWS\System32\Wbem;C:\WINDOWS\System32\WindowsPowerShell\v1.0\;C:\WINDOWS\System32\OpenSSH\;C:\Program Files\Bandizip\;C:\Program Files\dotnet\;D:\QT\Tools\mingw1310_64\bin;C:\Program Files\Calibre2\;C:\Users\lxy\AppData\Local\Microsoft\WindowsApps;C:\Users\lxy\AppData\Local\Python\bin;D:\Microsoft VS Code\bin;C:\jdk17\jdk-17.0.19+10\bin
USERNAME=lxy
OS=Windows_NT
PROCESSOR_IDENTIFIER=Intel64 Family 6 Model 191 Stepping 2, GenuineIntel
TMP=C:\Users\lxy\AppData\Local\Temp
TEMP=C:\Users\lxy\AppData\Local\Temp



Periodic native trim disabled


---------------  S Y S T E M  ---------------

OS:
 Windows 11 , 64 bit Build 26100 (10.0.26100.8328)
OS uptime: 0 days 11:50 hours

CPU: total 24 (initial active 24) (12 cores per cpu, 2 threads per core) family 6 model 191 stepping 2 microcode 0x37, cx8, cmov, fxsr, ht, mmx, 3dnowpref, sse, sse2, sse3, ssse3, sse4.1, sse4.2, popcnt, lzcnt, tsc, tscinvbit, avx, avx2, aes, erms, clmul, bmi1, bmi2, adx, sha, fma, vzeroupper, clflush, clflushopt, clwb
Processor Information for processor 0
  Max Mhz: 2100, Current Mhz: 2100, Mhz Limit: 2100
Processor Information for processor 1
  Max Mhz: 2100, Current Mhz: 2100, Mhz Limit: 2100
Processor Information for processor 2
  Max Mhz: 2100, Current Mhz: 2100, Mhz Limit: 2100
Processor Information for processor 3
  Max Mhz: 2100, Current Mhz: 2100, Mhz Limit: 2100
Processor Information for processor 4
  Max Mhz: 2100, Current Mhz: 2100, Mhz Limit: 2100
Processor Information for processor 5
  Max Mhz: 2100, Current Mhz: 2100, Mhz Limit: 2100
Processor Information for processor 6
  Max Mhz: 2100, Current Mhz: 2100, Mhz Limit: 2100
Processor Information for processor 7
  Max Mhz: 2100, Current Mhz: 2100, Mhz Limit: 2100
Processor Information for processor 8
  Max Mhz: 2100, Current Mhz: 2100, Mhz Limit: 2100
Processor Information for processor 9
  Max Mhz: 2100, Current Mhz: 2100, Mhz Limit: 2100
Processor Information for processor 10
  Max Mhz: 2100, Current Mhz: 2100, Mhz Limit: 2100
Processor Information for processor 11
  Max Mhz: 2100, Current Mhz: 2100, Mhz Limit: 2100
Processor Information for processor 12
  Max Mhz: 2100, Current Mhz: 2100, Mhz Limit: 2100
Processor Information for processor 13
  Max Mhz: 2100, Current Mhz: 2100, Mhz Limit: 2100
Processor Information for processor 14
  Max Mhz: 2100, Current Mhz: 2100, Mhz Limit: 2100
Processor Information for processor 15
  Max Mhz: 2100, Current Mhz: 2100, Mhz Limit: 2100
Processor Information for processor 16
  Max Mhz: 2100, Current Mhz: 2100, Mhz Limit: 2100
Processor Information for processor 17
  Max Mhz: 2100, Current Mhz: 1540, Mhz Limit: 2100
Processor Information for processor 18
  Max Mhz: 2100, Current Mhz: 1540, Mhz Limit: 2100
Processor Information for processor 19
  Max Mhz: 2100, Current Mhz: 2100, Mhz Limit: 2100
Processor Information for processor 20
  Max Mhz: 2100, Current Mhz: 2100, Mhz Limit: 2100
Processor Information for processor 21
  Max Mhz: 2100, Current Mhz: 1540, Mhz Limit: 2100
Processor Information for processor 22
  Max Mhz: 2100, Current Mhz: 1540, Mhz Limit: 2100
Processor Information for processor 23
  Max Mhz: 2100, Current Mhz: 1540, Mhz Limit: 2100

Memory: 4k page, system-wide physical 14029M (749M free)
TotalPageFile size 24146M (AvailPageFile size 47M)
current process WorkingSet (physical memory assigned to process): 628M, peak: 630M
current process commit charge ("private bytes"): 880M, peak: 882M

vm_info: OpenJDK 64-Bit Server VM (17.0.19+10) for windows-amd64 JRE (17.0.19+10), built on Apr 25 2026 08:04:44 by "admin" with MS VC++ 17.12 (VS2022)

END.
