#
# There is insufficient memory for the Java Runtime Environment to continue.
# Native memory allocation (malloc) failed to allocate 1361904 bytes. Error detail: Chunk::new
# Possible reasons:
#   The system is out of physical RAM or swap space
#   This process is running with CompressedOops enabled, and the Java Heap may be blocking the growth of the native heap
# Possible solutions:
#   Reduce memory load on the system
#   Increase physical memory or swap space
#   Check if swap backing store is full
#   Decrease Java heap size (-Xmx/-Xms)
#   Decrease number of Java threads
#   Decrease Java thread stack sizes (-Xss)
#   Set larger code cache with -XX:ReservedCodeCacheSize=
#   JVM is running with Zero Based Compressed Oops mode in which the Java heap is
#     placed in the first 32GB address space. The Java Heap base address is the
#     maximum limit for the native heap growth. Please use -XX:HeapBaseMinAddress
#     to set the Java Heap base and to place the Java Heap above 32GB virtual address.
# This output file may be truncated or incomplete.
#
#  Out of Memory Error (arena.cpp:191), pid=16428, tid=23776
#
# JRE version: OpenJDK Runtime Environment Temurin-17.0.19+10 (17.0.19+10) (build 17.0.19+10)
# Java VM: OpenJDK 64-Bit Server VM Temurin-17.0.19+10 (17.0.19+10, mixed mode, sharing, tiered, compressed oops, compressed class ptrs, parallel gc, windows-amd64)
# No core dump will be written. Minidumps are not enabled by default on client versions of Windows
#

---------------  S U M M A R Y ------------

Command Line: --add-opens=java.base/java.lang=ALL-UNNAMED --add-opens=java.base/java.lang.invoke=ALL-UNNAMED --add-opens=java.base/java.util=ALL-UNNAMED --add-opens=java.prefs/java.util.prefs=ALL-UNNAMED --add-exports=jdk.compiler/com.sun.tools.javac.api=ALL-UNNAMED --add-exports=jdk.compiler/com.sun.tools.javac.util=ALL-UNNAMED --add-opens=java.base/java.util=ALL-UNNAMED --add-opens=java.prefs/java.util.prefs=ALL-UNNAMED --add-opens=java.base/java.nio.charset=ALL-UNNAMED --add-opens=java.base/java.net=ALL-UNNAMED --add-opens=java.base/java.util.concurrent.atomic=ALL-UNNAMED --add-opens=java.xml/javax.xml.namespace=ALL-UNNAMED -XX:+UseParallelGC -XX:MaxMetaspaceSize=512m -XX:+HeapDumpOnOutOfMemoryError -Xms256m -Xmx4g -Dfile.encoding=UTF-8 -Duser.country=CN -Duser.language=zh -Duser.variant -javaagent:D:\.gradle\wrapper\dists\gradle-8.14.4-bin\a40rex9zy7wh6ckico3kypz1j\gradle-8.14.4\lib\agents\gradle-instrumentation-agent-8.14.4.jar org.gradle.launcher.daemon.bootstrap.GradleDaemon 8.14.4

Host: 13th Gen Intel(R) Core(TM) i7-13700HX, 24 cores, 13G,  Windows 11 , 64 bit Build 26100 (10.0.26100.8328)
Time: Thu May 14 21:13:58 2026  Windows 11 , 64 bit Build 26100 (10.0.26100.8328) elapsed time: 21.002393 seconds (0d 0h 0m 21s)

---------------  T H R E A D  ---------------

Current thread (0x000002337df6b5d0):  JavaThread "C2 CompilerThread3" daemon [_thread_in_native, id=23776, stack(0x0000008a4d700000,0x0000008a4d800000)]


Current CompileTask:
C2:21002 19631       4       com.android.utils.XmlUtils::append (597 bytes)

Stack: [0x0000008a4d700000,0x0000008a4d800000]
Native frames: (J=compiled Java code, j=interpreted, Vv=VM code, C=native code)
V  [jvm.dll+0x684b29]
V  [jvm.dll+0x83a2d5]
V  [jvm.dll+0x83bd4e]
V  [jvm.dll+0x83c3d3]
V  [jvm.dll+0x24905f]
V  [jvm.dll+0xad536]
V  [jvm.dll+0xadbdc]
V  [jvm.dll+0x368d9e]
V  [jvm.dll+0x1bc4c9]
V  [jvm.dll+0x219fc0]
V  [jvm.dll+0x2192af]
V  [jvm.dll+0x1a49f0]
V  [jvm.dll+0x2299fa]
V  [jvm.dll+0x227bab]
V  [jvm.dll+0x7f0a88]
V  [jvm.dll+0x7eaf1c]
V  [jvm.dll+0x6839f7]
C  [ucrtbase.dll+0x37b0]
C  [KERNEL32.DLL+0x2e957]
C  [ntdll.dll+0x427c]


---------------  P R O C E S S  ---------------

Threads class SMR info:
_java_thread_list=0x000002337bf967a0, length=262, elements={
0x000002334afdefc0, 0x000002336ad66a80, 0x000002336ad69fd0, 0x000002334b085780,
0x000002336c301350, 0x000002336c304f40, 0x000002336c306380, 0x000002336c308290,
0x000002334b085e10, 0x000002334b086ec0, 0x000002336c3fe410, 0x000002336c4020d0,
0x000002336c4026a0, 0x000002336c464500, 0x000002336c532560, 0x0000023374406c30,
0x0000023374dad620, 0x0000023374d55ee0, 0x0000023374d65890, 0x0000023374d20aa0,
0x0000023374f556c0, 0x0000023374f57010, 0x0000023374f58450, 0x0000023374f57520,
0x0000023374f57a30, 0x0000023374f551b0, 0x0000023374f55bd0, 0x0000023374f560e0,
0x0000023374f57f40, 0x0000023377731c30, 0x00000233777302e0, 0x0000023377733070,
0x0000023377733580, 0x0000023377733a90, 0x0000023377732b60, 0x00000233777358f0,
0x00000233777353e0, 0x0000023377736d30, 0x0000023377737240, 0x0000023377735e00,
0x0000023377737750, 0x00000233777349c0, 0x0000023374f54ca0, 0x0000023379043c60,
0x0000023379040ed0, 0x0000023379044170, 0x0000023379043750, 0x0000023379042820,
0x0000023379044680, 0x0000023379042d30, 0x0000023379043240, 0x00000233790413e0,
0x00000233790418f0, 0x0000023379041e00, 0x0000023379042310, 0x00000233781f2bf0,
0x00000233781f4030, 0x00000233781f21d0, 0x00000233781f4540, 0x00000233781f4a50,
0x00000233781f26e0, 0x00000233781f4f60, 0x00000233781f17b0, 0x00000233781f5470,
0x00000233781f1cc0, 0x00000233781f5980, 0x00000233781f5e90, 0x00000233781f63a0,
0x00000233781f3610, 0x00000233781f68b0, 0x00000233781f3b20, 0x00000233781f3100,
0x00000233781f6dc0, 0x00000233781f72d0, 0x00000233781f8c20, 0x00000233781f77e0,
0x00000233781f8710, 0x00000233781f7cf0, 0x00000233781f8200, 0x00000233781f9130,
0x000002337bf4a7c0, 0x000002337bf47f40, 0x000002337bf48450, 0x000002337bf49380,
0x000002337bf49890, 0x000002337bf4a2b0, 0x000002337bf49da0, 0x000002337bf4acd0,
0x000002337bf4b1e0, 0x000002337bf4b6f0, 0x000002337bf48960, 0x000002337bf48e70,
0x00000233755c1ef0, 0x00000233755c14d0, 0x00000233755bf670, 0x00000233755c19e0,
0x00000233755bfb80, 0x00000233755bf160, 0x00000233755c0090, 0x00000233755be740,
0x00000233755c0ab0, 0x00000233755c2400, 0x00000233755c05a0, 0x00000233755c0fc0,
0x00000233755bec50, 0x00000233755c60c0, 0x00000233755c5bb0, 0x00000233755c3330,
0x00000233755c4260, 0x00000233755c2e20, 0x00000233755c2910, 0x00000233755c5190,
0x00000233732a4f00, 0x00000233732a2680, 0x00000233732a5e30, 0x00000233732a2b90,
0x00000233732a30a0, 0x000002337df6a5e0, 0x00000233732a81a0, 0x00000233732a86b0,
0x00000233732a7270, 0x00000233732a5920, 0x0000023377732140, 0x000002337aaa94a0,
0x000002337aaa7b50, 0x000002337aaa8060, 0x000002337aaa8570, 0x000002337aaa8f90,
0x000002337aaa9ec0, 0x000002337aaa8a80, 0x000002337aaaa3d0, 0x000002337aaaa8e0,
0x000002337b28ab20, 0x000002337b287880, 0x000002337b2896e0, 0x000002337b287d90,
0x000002337b287370, 0x000002337b28a100, 0x000002337b28a610, 0x000002337b288cc0,
0x000002337b2882a0, 0x000002337b2887b0, 0x000002337b2891d0, 0x000002337b289bf0,
0x00000233798a43a0, 0x00000233798a2a50, 0x00000233798a1610, 0x00000233798a48b0,
0x00000233798a2540, 0x00000233798a52d0, 0x00000233798a4dc0, 0x00000233798a2f60,
0x00000233798a1b20, 0x00000233798a3980, 0x00000233798a2030, 0x00000233798a6710,
0x00000233798a57e0, 0x00000233798a6c20, 0x00000233798a7130, 0x00000233798a7640,
0x00000233798a7b50, 0x00000233798a5cf0, 0x00000233798a8060, 0x00000233798a8570,
0x00000233798a8a80, 0x00000233798a8f90, 0x0000023375402200, 0x00000233754017e0,
0x00000233754008b0, 0x0000023375402c20, 0x00000233753ff980, 0x00000233754012d0,
0x0000023375402710, 0x0000023375401cf0, 0x0000023375403130, 0x0000023375403640,
0x00000233753ffe90, 0x0000023375400dc0, 0x0000023375403b50, 0x00000233754003a0,
0x0000023375404a80, 0x0000023375404060, 0x00000233754063d0, 0x0000023375404f90,
0x00000233754054a0, 0x0000023375404570, 0x0000023375406df0, 0x0000023375407300,
0x00000233754059b0, 0x0000023375405ec0, 0x00000233754068e0, 0x000002337daff6f0,
0x000002337dafe7c0, 0x000002337db00b30, 0x000002337dafecd0, 0x000002337db01550,
0x000002337dafdda0, 0x000002337daffc00, 0x000002337daff1e0, 0x000002337db00110,
0x000002337db00620, 0x000002337db01a60, 0x000002337dafe2b0, 0x000002337db042e0,
0x000002337db047f0, 0x000002337db038c0, 0x000002337db03dd0, 0x000002337db02480,
0x000002337db02ea0, 0x000002337db04d00, 0x000002337db05210, 0x000002337db05720,
0x000002337db01f70, 0x000002337db02990, 0x000002337db06650, 0x000002337db06b60,
0x000002337db033b0, 0x000002337db084b0, 0x000002337db093e0, 0x000002337db07580,
0x000002337db06140, 0x000002337db089c0, 0x000002337db07a90, 0x000002337db07fa0,
0x000002337db05c30, 0x000002337db0bc60, 0x000002337db0c680, 0x000002337db0a310,
0x000002337db0b240, 0x000002337db098f0, 0x000002337db0ad30, 0x000002337db0c170,
0x000002337db0cb90, 0x000002337db0b750, 0x000002337db0d0a0, 0x000002337db0d5b0,
0x000002337db09e00, 0x000002337db0a820, 0x0000023378983a00, 0x0000023378983f10,
0x00000233789825c0, 0x0000023378984e40, 0x0000023378985350, 0x0000023378985860,
0x00000233789820b0, 0x0000023378985d70, 0x0000023378986280, 0x0000023378986790,
0x0000023378982fe0, 0x00000233789880e0, 0x00000233789885f0, 0x00000233789876c0,
0x0000023378986ca0, 0x000002337898a960, 0x000002337898a450, 0x0000023378989f40,
0x000002337df6b5d0, 0x000002337df6cb10, 0x0000023378988b00, 0x000002337898b380,
0x0000023378987bd0, 0x0000023378989a30
}

Java Threads: ( => current thread )
  0x000002334afdefc0 JavaThread "main" [_thread_blocked, id=20780, stack(0x0000008a3c000000,0x0000008a3c100000)]
  0x000002336ad66a80 JavaThread "Reference Handler" daemon [_thread_blocked, id=11828, stack(0x0000008a3c300000,0x0000008a3c400000)]
  0x000002336ad69fd0 JavaThread "Finalizer" daemon [_thread_blocked, id=24060, stack(0x0000008a3c400000,0x0000008a3c500000)]
  0x000002334b085780 JavaThread "Signal Dispatcher" daemon [_thread_blocked, id=28072, stack(0x0000008a3c500000,0x0000008a3c600000)]
  0x000002336c301350 JavaThread "Attach Listener" daemon [_thread_blocked, id=27928, stack(0x0000008a3c600000,0x0000008a3c700000)]
  0x000002336c304f40 JavaThread "Service Thread" daemon [_thread_blocked, id=26360, stack(0x0000008a3c700000,0x0000008a3c800000)]
  0x000002336c306380 JavaThread "Monitor Deflation Thread" daemon [_thread_blocked, id=20916, stack(0x0000008a3c800000,0x0000008a3c900000)]
  0x000002336c308290 JavaThread "C2 CompilerThread0" daemon [_thread_in_native, id=12084, stack(0x0000008a3c900000,0x0000008a3ca00000)]
  0x000002334b085e10 JavaThread "C1 CompilerThread0" daemon [_thread_blocked, id=17120, stack(0x0000008a3ca00000,0x0000008a3cb00000)]
  0x000002334b086ec0 JavaThread "Sweeper thread" daemon [_thread_blocked, id=20160, stack(0x0000008a3cb00000,0x0000008a3cc00000)]
  0x000002336c3fe410 JavaThread "Common-Cleaner" daemon [_thread_blocked, id=19124, stack(0x0000008a3cc00000,0x0000008a3cd00000)]
  0x000002336c4020d0 JavaThread "C1 CompilerThread1" daemon [_thread_blocked, id=17284, stack(0x0000008a3cd00000,0x0000008a3ce00000)]
  0x000002336c4026a0 JavaThread "C1 CompilerThread2" daemon [_thread_blocked, id=23868, stack(0x0000008a3ce00000,0x0000008a3cf00000)]
  0x000002336c464500 JavaThread "C2 CompilerThread1" daemon [_thread_in_native, id=26660, stack(0x0000008a3d000000,0x0000008a3d100000)]
  0x000002336c532560 JavaThread "Notification Thread" daemon [_thread_blocked, id=13880, stack(0x0000008a3d100000,0x0000008a3d200000)]
  0x0000023374406c30 JavaThread "Daemon health stats" [_thread_blocked, id=17092, stack(0x0000008a3d800000,0x0000008a3d900000)]
  0x0000023374dad620 JavaThread "Incoming local TCP Connector on port 64905" [_thread_in_native, id=24644, stack(0x0000008a3dd00000,0x0000008a3de00000)]
  0x0000023374d55ee0 JavaThread "Daemon periodic checks" [_thread_blocked, id=4988, stack(0x0000008a3de00000,0x0000008a3df00000)]
  0x0000023374d65890 JavaThread "Daemon" [_thread_blocked, id=21556, stack(0x0000008a3df00000,0x0000008a3e000000)]
  0x0000023374d20aa0 JavaThread "Handler for socket connection from /127.0.0.1:64905 to /127.0.0.1:64906" [_thread_in_native, id=28240, stack(0x0000008a3e000000,0x0000008a3e100000)]
  0x0000023374f556c0 JavaThread "Cancel handler" [_thread_blocked, id=26500, stack(0x0000008a3e100000,0x0000008a3e200000)]
  0x0000023374f57010 JavaThread "Daemon worker" [_thread_blocked, id=28520, stack(0x0000008a3e200000,0x0000008a3e300000)]
  0x0000023374f58450 JavaThread "Asynchronous log dispatcher for DefaultDaemonConnection: socket connection from /127.0.0.1:64905 to /127.0.0.1:64906" [_thread_blocked, id=17496, stack(0x0000008a3e300000,0x0000008a3e400000)]
  0x0000023374f57520 JavaThread "Stdin handler" [_thread_blocked, id=20996, stack(0x0000008a3e400000,0x0000008a3e500000)]
  0x0000023374f57a30 JavaThread "Daemon client event forwarder" [_thread_blocked, id=23352, stack(0x0000008a3e500000,0x0000008a3e600000)]
  0x0000023374f551b0 JavaThread "Cache worker for journal cache (D:\.gradle\caches\journal-1)" [_thread_blocked, id=21244, stack(0x0000008a3e600000,0x0000008a3e700000)]
  0x0000023374f55bd0 JavaThread "File lock request listener" [_thread_in_native, id=18864, stack(0x0000008a3e700000,0x0000008a3e800000)]
  0x0000023374f560e0 JavaThread "Cache worker for file hash cache (D:\.gradle\caches\8.14.4\fileHashes)" [_thread_blocked, id=1684, stack(0x0000008a3e800000,0x0000008a3e900000)]
  0x0000023374f57f40 JavaThread "Cache worker for file hash cache (D:\legado-Sigma-2026-main\.gradle\8.14.4\fileHashes)" [_thread_blocked, id=18620, stack(0x0000008a3f200000,0x0000008a3f300000)]
  0x0000023377731c30 JavaThread "Cache worker for Build Output Cleanup Cache (D:\legado-Sigma-2026-main\.gradle\buildOutputCleanup)" [_thread_blocked, id=7384, stack(0x0000008a3f300000,0x0000008a3f400000)]
  0x00000233777302e0 JavaThread "File watcher server" daemon [_thread_in_native, id=27340, stack(0x0000008a3f400000,0x0000008a3f500000)]
  0x0000023377733070 JavaThread "File watcher consumer" daemon [_thread_blocked, id=19712, stack(0x0000008a3f500000,0x0000008a3f600000)]
  0x0000023377733580 JavaThread "jar transforms" [_thread_blocked, id=22288, stack(0x0000008a3f600000,0x0000008a3f700000)]
  0x0000023377733a90 JavaThread "Cache worker for checksums cache (D:\legado-Sigma-2026-main\.gradle\8.14.4\checksums)" [_thread_blocked, id=27768, stack(0x0000008a3f700000,0x0000008a3f800000)]
  0x0000023377732b60 JavaThread "Cache worker for file content cache (D:\.gradle\caches\8.14.4\fileContent)" [_thread_blocked, id=8680, stack(0x0000008a3f800000,0x0000008a3f900000)]
  0x00000233777358f0 JavaThread "Cache worker for cache directory md-supplier (D:\.gradle\caches\8.14.4\md-supplier)" [_thread_blocked, id=17904, stack(0x0000008a3f900000,0x0000008a3fa00000)]
  0x00000233777353e0 JavaThread "Cache worker for cache directory md-rule (D:\.gradle\caches\8.14.4\md-rule)" [_thread_blocked, id=20940, stack(0x0000008a3fa00000,0x0000008a3fb00000)]
  0x0000023377736d30 JavaThread "Problems report writer" [_thread_blocked, id=14712, stack(0x0000008a3fb00000,0x0000008a3fc00000)]
  0x0000023377737240 JavaThread "jar transforms Thread 2" [_thread_blocked, id=576, stack(0x0000008a3fc00000,0x0000008a3fd00000)]
  0x0000023377735e00 JavaThread "jar transforms Thread 3" [_thread_blocked, id=4784, stack(0x0000008a3fd00000,0x0000008a3fe00000)]
  0x0000023377737750 JavaThread "Unconstrained build operations" [_thread_blocked, id=19240, stack(0x0000008a3ff00000,0x0000008a40000000)]
  0x00000233777349c0 JavaThread "Unconstrained build operations Thread 2" [_thread_blocked, id=7180, stack(0x0000008a40000000,0x0000008a40100000)]
  0x0000023374f54ca0 JavaThread "Unconstrained build operations Thread 3" [_thread_blocked, id=20332, stack(0x0000008a40100000,0x0000008a40200000)]
  0x0000023379043c60 JavaThread "Unconstrained build operations Thread 4" [_thread_blocked, id=17176, stack(0x0000008a40200000,0x0000008a40300000)]
  0x0000023379040ed0 JavaThread "Unconstrained build operations Thread 5" [_thread_blocked, id=9488, stack(0x0000008a40300000,0x0000008a40400000)]
  0x0000023379044170 JavaThread "Unconstrained build operations Thread 6" [_thread_blocked, id=24188, stack(0x0000008a40400000,0x0000008a40500000)]
  0x0000023379043750 JavaThread "Unconstrained build operations Thread 7" [_thread_blocked, id=4860, stack(0x0000008a40500000,0x0000008a40600000)]
  0x0000023379042820 JavaThread "Unconstrained build operations Thread 8" [_thread_blocked, id=26696, stack(0x0000008a40600000,0x0000008a40700000)]
  0x0000023379044680 JavaThread "Unconstrained build operations Thread 9" [_thread_blocked, id=11672, stack(0x0000008a40700000,0x0000008a40800000)]
  0x0000023379042d30 JavaThread "Unconstrained build operations Thread 10" [_thread_blocked, id=22128, stack(0x0000008a40800000,0x0000008a40900000)]
  0x0000023379043240 JavaThread "Unconstrained build operations Thread 11" [_thread_blocked, id=21852, stack(0x0000008a40900000,0x0000008a40a00000)]
  0x00000233790413e0 JavaThread "Unconstrained build operations Thread 12" [_thread_blocked, id=20744, stack(0x0000008a40a00000,0x0000008a40b00000)]
  0x00000233790418f0 JavaThread "Unconstrained build operations Thread 13" [_thread_blocked, id=27100, stack(0x0000008a40b00000,0x0000008a40c00000)]
  0x0000023379041e00 JavaThread "Unconstrained build operations Thread 14" [_thread_blocked, id=25212, stack(0x0000008a40c00000,0x0000008a40d00000)]
  0x0000023379042310 JavaThread "Unconstrained build operations Thread 15" [_thread_blocked, id=3036, stack(0x0000008a40d00000,0x0000008a40e00000)]
  0x00000233781f2bf0 JavaThread "Unconstrained build operations Thread 16" [_thread_blocked, id=23704, stack(0x0000008a40e00000,0x0000008a40f00000)]
  0x00000233781f4030 JavaThread "Unconstrained build operations Thread 17" [_thread_blocked, id=18800, stack(0x0000008a40f00000,0x0000008a41000000)]
  0x00000233781f21d0 JavaThread "Unconstrained build operations Thread 18" [_thread_blocked, id=20760, stack(0x0000008a41000000,0x0000008a41100000)]
  0x00000233781f4540 JavaThread "Unconstrained build operations Thread 19" [_thread_blocked, id=13832, stack(0x0000008a41100000,0x0000008a41200000)]
  0x00000233781f4a50 JavaThread "Unconstrained build operations Thread 20" [_thread_blocked, id=14756, stack(0x0000008a41200000,0x0000008a41300000)]
  0x00000233781f26e0 JavaThread "Unconstrained build operations Thread 21" [_thread_blocked, id=19220, stack(0x0000008a41300000,0x0000008a41400000)]
  0x00000233781f4f60 JavaThread "Unconstrained build operations Thread 22" [_thread_blocked, id=22860, stack(0x0000008a41400000,0x0000008a41500000)]
  0x00000233781f17b0 JavaThread "Unconstrained build operations Thread 23" [_thread_blocked, id=5548, stack(0x0000008a41500000,0x0000008a41600000)]
  0x00000233781f5470 JavaThread "Unconstrained build operations Thread 24" [_thread_blocked, id=25796, stack(0x0000008a41600000,0x0000008a41700000)]
  0x00000233781f1cc0 JavaThread "Unconstrained build operations Thread 25" [_thread_blocked, id=7532, stack(0x0000008a41700000,0x0000008a41800000)]
  0x00000233781f5980 JavaThread "Unconstrained build operations Thread 26" [_thread_blocked, id=14692, stack(0x0000008a41800000,0x0000008a41900000)]
  0x00000233781f5e90 JavaThread "Unconstrained build operations Thread 27" [_thread_blocked, id=28500, stack(0x0000008a41900000,0x0000008a41a00000)]
  0x00000233781f63a0 JavaThread "Unconstrained build operations Thread 28" [_thread_blocked, id=28116, stack(0x0000008a41a00000,0x0000008a41b00000)]
  0x00000233781f3610 JavaThread "Unconstrained build operations Thread 29" [_thread_blocked, id=4716, stack(0x0000008a41b00000,0x0000008a41c00000)]
  0x00000233781f68b0 JavaThread "Unconstrained build operations Thread 30" [_thread_blocked, id=16440, stack(0x0000008a41c00000,0x0000008a41d00000)]
  0x00000233781f3b20 JavaThread "Unconstrained build operations Thread 31" [_thread_blocked, id=22100, stack(0x0000008a41d00000,0x0000008a41e00000)]
  0x00000233781f3100 JavaThread "Unconstrained build operations Thread 32" [_thread_blocked, id=4592, stack(0x0000008a41e00000,0x0000008a41f00000)]
  0x00000233781f6dc0 JavaThread "Unconstrained build operations Thread 33" [_thread_blocked, id=11476, stack(0x0000008a41f00000,0x0000008a42000000)]
  0x00000233781f72d0 JavaThread "Unconstrained build operations Thread 34" [_thread_blocked, id=5488, stack(0x0000008a42000000,0x0000008a42100000)]
  0x00000233781f8c20 JavaThread "Unconstrained build operations Thread 35" [_thread_blocked, id=2952, stack(0x0000008a42100000,0x0000008a42200000)]
  0x00000233781f77e0 JavaThread "Unconstrained build operations Thread 36" [_thread_blocked, id=23800, stack(0x0000008a42200000,0x0000008a42300000)]
  0x00000233781f8710 JavaThread "Unconstrained build operations Thread 37" [_thread_blocked, id=25656, stack(0x0000008a42300000,0x0000008a42400000)]
  0x00000233781f7cf0 JavaThread "Unconstrained build operations Thread 38" [_thread_blocked, id=20528, stack(0x0000008a42400000,0x0000008a42500000)]
  0x00000233781f8200 JavaThread "Unconstrained build operations Thread 39" [_thread_blocked, id=24264, stack(0x0000008a42500000,0x0000008a42600000)]
  0x00000233781f9130 JavaThread "Unconstrained build operations Thread 40" [_thread_blocked, id=3752, stack(0x0000008a42600000,0x0000008a42700000)]
  0x000002337bf4a7c0 JavaThread "Unconstrained build operations Thread 41" [_thread_blocked, id=19472, stack(0x0000008a42700000,0x0000008a42800000)]
  0x000002337bf47f40 JavaThread "Unconstrained build operations Thread 42" [_thread_blocked, id=19392, stack(0x0000008a42800000,0x0000008a42900000)]
  0x000002337bf48450 JavaThread "Unconstrained build operations Thread 43" [_thread_blocked, id=6584, stack(0x0000008a42900000,0x0000008a42a00000)]
  0x000002337bf49380 JavaThread "Unconstrained build operations Thread 44" [_thread_blocked, id=3964, stack(0x0000008a42a00000,0x0000008a42b00000)]
  0x000002337bf49890 JavaThread "Unconstrained build operations Thread 45" [_thread_blocked, id=13844, stack(0x0000008a42b00000,0x0000008a42c00000)]
  0x000002337bf4a2b0 JavaThread "Unconstrained build operations Thread 46" [_thread_blocked, id=3956, stack(0x0000008a42c00000,0x0000008a42d00000)]
  0x000002337bf49da0 JavaThread "Unconstrained build operations Thread 47" [_thread_blocked, id=12260, stack(0x0000008a42d00000,0x0000008a42e00000)]
  0x000002337bf4acd0 JavaThread "Unconstrained build operations Thread 48" [_thread_blocked, id=21088, stack(0x0000008a42e00000,0x0000008a42f00000)]
  0x000002337bf4b1e0 JavaThread "Unconstrained build operations Thread 49" [_thread_blocked, id=25436, stack(0x0000008a42f00000,0x0000008a43000000)]
  0x000002337bf4b6f0 JavaThread "Unconstrained build operations Thread 50" [_thread_blocked, id=11760, stack(0x0000008a43000000,0x0000008a43100000)]
  0x000002337bf48960 JavaThread "Unconstrained build operations Thread 51" [_thread_blocked, id=21800, stack(0x0000008a43100000,0x0000008a43200000)]
  0x000002337bf48e70 JavaThread "Unconstrained build operations Thread 52" [_thread_blocked, id=26156, stack(0x0000008a43200000,0x0000008a43300000)]
  0x00000233755c1ef0 JavaThread "Unconstrained build operations Thread 53" [_thread_blocked, id=24564, stack(0x0000008a43300000,0x0000008a43400000)]
  0x00000233755c14d0 JavaThread "Unconstrained build operations Thread 54" [_thread_blocked, id=23076, stack(0x0000008a43400000,0x0000008a43500000)]
  0x00000233755bf670 JavaThread "Unconstrained build operations Thread 55" [_thread_blocked, id=17520, stack(0x0000008a43500000,0x0000008a43600000)]
  0x00000233755c19e0 JavaThread "Unconstrained build operations Thread 56" [_thread_blocked, id=22000, stack(0x0000008a43600000,0x0000008a43700000)]
  0x00000233755bfb80 JavaThread "Unconstrained build operations Thread 57" [_thread_blocked, id=17492, stack(0x0000008a43700000,0x0000008a43800000)]
  0x00000233755bf160 JavaThread "Unconstrained build operations Thread 58" [_thread_blocked, id=1232, stack(0x0000008a43800000,0x0000008a43900000)]
  0x00000233755c0090 JavaThread "Unconstrained build operations Thread 59" [_thread_blocked, id=19132, stack(0x0000008a43900000,0x0000008a43a00000)]
  0x00000233755be740 JavaThread "Unconstrained build operations Thread 60" [_thread_blocked, id=5104, stack(0x0000008a43a00000,0x0000008a43b00000)]
  0x00000233755c0ab0 JavaThread "Unconstrained build operations Thread 61" [_thread_blocked, id=25904, stack(0x0000008a43b00000,0x0000008a43c00000)]
  0x00000233755c2400 JavaThread "Unconstrained build operations Thread 62" [_thread_blocked, id=8636, stack(0x0000008a43c00000,0x0000008a43d00000)]
  0x00000233755c05a0 JavaThread "Unconstrained build operations Thread 63" [_thread_blocked, id=26392, stack(0x0000008a43d00000,0x0000008a43e00000)]
  0x00000233755c0fc0 JavaThread "Unconstrained build operations Thread 64" [_thread_blocked, id=26232, stack(0x0000008a43e00000,0x0000008a43f00000)]
  0x00000233755bec50 JavaThread "Unconstrained build operations Thread 65" [_thread_blocked, id=18440, stack(0x0000008a43f00000,0x0000008a44000000)]
  0x00000233755c60c0 JavaThread "Unconstrained build operations Thread 66" [_thread_blocked, id=5576, stack(0x0000008a44000000,0x0000008a44100000)]
  0x00000233755c5bb0 JavaThread "Unconstrained build operations Thread 67" [_thread_blocked, id=17896, stack(0x0000008a44100000,0x0000008a44200000)]
  0x00000233755c3330 JavaThread "Unconstrained build operations Thread 68" [_thread_blocked, id=21500, stack(0x0000008a44200000,0x0000008a44300000)]
  0x00000233755c4260 JavaThread "Unconstrained build operations Thread 69" [_thread_blocked, id=3048, stack(0x0000008a44300000,0x0000008a44400000)]
  0x00000233755c2e20 JavaThread "jar transforms Thread 4" [_thread_blocked, id=28188, stack(0x0000008a44400000,0x0000008a44500000)]
  0x00000233755c2910 JavaThread "jar transforms Thread 5" [_thread_blocked, id=21640, stack(0x0000008a44500000,0x0000008a44600000)]
  0x00000233755c5190 JavaThread "Memory manager" [_thread_blocked, id=12164, stack(0x0000008a44600000,0x0000008a44700000)]
  0x00000233732a4f00 JavaThread "build event listener" [_thread_blocked, id=18032, stack(0x0000008a3d300000,0x0000008a3d400000)]
  0x00000233732a2680 JavaThread "build event listener" [_thread_blocked, id=24848, stack(0x0000008a3fe00000,0x0000008a3ff00000)]
  0x00000233732a5e30 JavaThread "jar transforms Thread 6" [_thread_blocked, id=28376, stack(0x0000008a44800000,0x0000008a44900000)]
  0x00000233732a2b90 JavaThread "jar transforms Thread 7" [_thread_blocked, id=4544, stack(0x0000008a44900000,0x0000008a44a00000)]
  0x00000233732a30a0 JavaThread "jar transforms Thread 8" [_thread_blocked, id=4492, stack(0x0000008a44a00000,0x0000008a44b00000)]
  0x000002337df6a5e0 JavaThread "C2 CompilerThread2" daemon [_thread_in_native, id=10692, stack(0x0000008a44700000,0x0000008a44800000)]
  0x00000233732a81a0 JavaThread "jar transforms Thread 9" [_thread_blocked, id=18940, stack(0x0000008a44b00000,0x0000008a44c00000)]
  0x00000233732a86b0 JavaThread "jar transforms Thread 10" [_thread_blocked, id=20124, stack(0x0000008a44c00000,0x0000008a44d00000)]
  0x00000233732a7270 JavaThread "jar transforms Thread 11" [_thread_blocked, id=22840, stack(0x0000008a44d00000,0x0000008a44e00000)]
  0x00000233732a5920 JavaThread "jar transforms Thread 12" [_thread_blocked, id=9980, stack(0x0000008a44e00000,0x0000008a44f00000)]
  0x0000023377732140 JavaThread "ForkJoinPool.commonPool-worker-1" daemon [_thread_blocked, id=22204, stack(0x0000008a44f00000,0x0000008a45000000)]
  0x000002337aaa94a0 JavaThread "ForkJoinPool.commonPool-worker-2" daemon [_thread_blocked, id=25292, stack(0x0000008a45000000,0x0000008a45100000)]
  0x000002337aaa7b50 JavaThread "ForkJoinPool.commonPool-worker-3" daemon [_thread_blocked, id=3264, stack(0x0000008a45100000,0x0000008a45200000)]
  0x000002337aaa8060 JavaThread "ForkJoinPool.commonPool-worker-4" daemon [_thread_blocked, id=17476, stack(0x0000008a45200000,0x0000008a45300000)]
  0x000002337aaa8570 JavaThread "ForkJoinPool.commonPool-worker-5" daemon [_thread_blocked, id=22804, stack(0x0000008a45300000,0x0000008a45400000)]
  0x000002337aaa8f90 JavaThread "ForkJoinPool.commonPool-worker-6" daemon [_thread_blocked, id=28280, stack(0x0000008a45400000,0x0000008a45500000)]
  0x000002337aaa9ec0 JavaThread "ForkJoinPool.commonPool-worker-7" daemon [_thread_blocked, id=11692, stack(0x0000008a45500000,0x0000008a45600000)]
  0x000002337aaa8a80 JavaThread "ForkJoinPool.commonPool-worker-8" daemon [_thread_blocked, id=2580, stack(0x0000008a45600000,0x0000008a45700000)]
  0x000002337aaaa3d0 JavaThread "ForkJoinPool.commonPool-worker-9" daemon [_thread_blocked, id=26512, stack(0x0000008a45700000,0x0000008a45800000)]
  0x000002337aaaa8e0 JavaThread "ForkJoinPool.commonPool-worker-10" daemon [_thread_blocked, id=27820, stack(0x0000008a45800000,0x0000008a45900000)]
  0x000002337b28ab20 JavaThread "pool-3-thread-1" [_thread_blocked, id=20296, stack(0x0000008a45900000,0x0000008a45a00000)]
  0x000002337b287880 JavaThread "build event listener" [_thread_blocked, id=14456, stack(0x0000008a45a00000,0x0000008a45b00000)]
  0x000002337b2896e0 JavaThread "included builds" [_thread_in_Java, id=2012, stack(0x0000008a45b00000,0x0000008a45c00000)]
  0x000002337b287d90 JavaThread "Execution worker" [_thread_blocked, id=28356, stack(0x0000008a45c00000,0x0000008a45d00000)]
  0x000002337b287370 JavaThread "Execution worker Thread 2" [_thread_blocked, id=23396, stack(0x0000008a45d00000,0x0000008a45e00000)]
  0x000002337b28a100 JavaThread "Execution worker Thread 3" [_thread_blocked, id=27964, stack(0x0000008a45e00000,0x0000008a45f00000)]
  0x000002337b28a610 JavaThread "Execution worker Thread 4" [_thread_blocked, id=4144, stack(0x0000008a45f00000,0x0000008a46000000)]
  0x000002337b288cc0 JavaThread "Execution worker Thread 5" [_thread_blocked, id=11532, stack(0x0000008a46000000,0x0000008a46100000)]
  0x000002337b2882a0 JavaThread "Execution worker Thread 6" [_thread_blocked, id=8632, stack(0x0000008a46100000,0x0000008a46200000)]
  0x000002337b2887b0 JavaThread "Execution worker Thread 7" [_thread_blocked, id=25576, stack(0x0000008a46200000,0x0000008a46300000)]
  0x000002337b2891d0 JavaThread "Execution worker Thread 8" [_thread_blocked, id=10268, stack(0x0000008a46300000,0x0000008a46400000)]
  0x000002337b289bf0 JavaThread "Execution worker Thread 9" [_thread_blocked, id=10504, stack(0x0000008a46400000,0x0000008a46500000)]
  0x00000233798a43a0 JavaThread "Execution worker Thread 10" [_thread_blocked, id=23472, stack(0x0000008a46500000,0x0000008a46600000)]
  0x00000233798a2a50 JavaThread "Execution worker Thread 11" [_thread_blocked, id=15356, stack(0x0000008a46600000,0x0000008a46700000)]
  0x00000233798a1610 JavaThread "Execution worker Thread 12" [_thread_blocked, id=2136, stack(0x0000008a46700000,0x0000008a46800000)]
  0x00000233798a48b0 JavaThread "Execution worker Thread 13" [_thread_blocked, id=23972, stack(0x0000008a46800000,0x0000008a46900000)]
  0x00000233798a2540 JavaThread "Execution worker Thread 14" [_thread_blocked, id=13452, stack(0x0000008a46900000,0x0000008a46a00000)]
  0x00000233798a52d0 JavaThread "Execution worker Thread 15" [_thread_blocked, id=6280, stack(0x0000008a46a00000,0x0000008a46b00000)]
  0x00000233798a4dc0 JavaThread "Execution worker Thread 16" [_thread_blocked, id=6364, stack(0x0000008a46b00000,0x0000008a46c00000)]
  0x00000233798a2f60 JavaThread "Execution worker Thread 17" [_thread_blocked, id=3992, stack(0x0000008a46c00000,0x0000008a46d00000)]
  0x00000233798a1b20 JavaThread "Execution worker Thread 18" [_thread_blocked, id=20040, stack(0x0000008a46d00000,0x0000008a46e00000)]
  0x00000233798a3980 JavaThread "Execution worker Thread 19" [_thread_blocked, id=4072, stack(0x0000008a46e00000,0x0000008a46f00000)]
  0x00000233798a2030 JavaThread "Execution worker Thread 20" [_thread_blocked, id=868, stack(0x0000008a46f00000,0x0000008a47000000)]
  0x00000233798a6710 JavaThread "Execution worker Thread 21" [_thread_blocked, id=22852, stack(0x0000008a47000000,0x0000008a47100000)]
  0x00000233798a57e0 JavaThread "Execution worker Thread 22" [_thread_blocked, id=22556, stack(0x0000008a47100000,0x0000008a47200000)]
  0x00000233798a6c20 JavaThread "Execution worker Thread 23" [_thread_blocked, id=25452, stack(0x0000008a47200000,0x0000008a47300000)]
  0x00000233798a7130 JavaThread "Unconstrained build operations Thread 70" [_thread_blocked, id=624, stack(0x0000008a47300000,0x0000008a47400000)]
  0x00000233798a7640 JavaThread "Unconstrained build operations Thread 71" [_thread_blocked, id=25172, stack(0x0000008a47400000,0x0000008a47500000)]
  0x00000233798a7b50 JavaThread "Unconstrained build operations Thread 72" [_thread_blocked, id=22600, stack(0x0000008a47500000,0x0000008a47600000)]
  0x00000233798a5cf0 JavaThread "Unconstrained build operations Thread 73" [_thread_blocked, id=28160, stack(0x0000008a47600000,0x0000008a47700000)]
  0x00000233798a8060 JavaThread "Unconstrained build operations Thread 74" [_thread_blocked, id=4516, stack(0x0000008a47700000,0x0000008a47800000)]
  0x00000233798a8570 JavaThread "Unconstrained build operations Thread 75" [_thread_blocked, id=14316, stack(0x0000008a47800000,0x0000008a47900000)]
  0x00000233798a8a80 JavaThread "Unconstrained build operations Thread 76" [_thread_blocked, id=12364, stack(0x0000008a47900000,0x0000008a47a00000)]
  0x00000233798a8f90 JavaThread "Unconstrained build operations Thread 77" [_thread_blocked, id=13420, stack(0x0000008a47a00000,0x0000008a47b00000)]
  0x0000023375402200 JavaThread "Unconstrained build operations Thread 78" [_thread_blocked, id=26128, stack(0x0000008a47b00000,0x0000008a47c00000)]
  0x00000233754017e0 JavaThread "Unconstrained build operations Thread 79" [_thread_blocked, id=23496, stack(0x0000008a47c00000,0x0000008a47d00000)]
  0x00000233754008b0 JavaThread "Unconstrained build operations Thread 80" [_thread_blocked, id=13684, stack(0x0000008a47d00000,0x0000008a47e00000)]
  0x0000023375402c20 JavaThread "Unconstrained build operations Thread 81" [_thread_blocked, id=23084, stack(0x0000008a47e00000,0x0000008a47f00000)]
  0x00000233753ff980 JavaThread "Cache worker for execution history cache (D:\legado-Sigma-2026-main\.gradle\8.14.4\executionHistory)" [_thread_blocked, id=10472, stack(0x0000008a47f00000,0x0000008a48000000)]
  0x00000233754012d0 JavaThread "Unconstrained build operations Thread 82" [_thread_blocked, id=6216, stack(0x0000008a48000000,0x0000008a48100000)]
  0x0000023375402710 JavaThread "Unconstrained build operations Thread 83" [_thread_blocked, id=18392, stack(0x0000008a48100000,0x0000008a48200000)]
  0x0000023375401cf0 JavaThread "Unconstrained build operations Thread 84" [_thread_blocked, id=21932, stack(0x0000008a48200000,0x0000008a48300000)]
  0x0000023375403130 JavaThread "Unconstrained build operations Thread 85" [_thread_blocked, id=23536, stack(0x0000008a48300000,0x0000008a48400000)]
  0x0000023375403640 JavaThread "Unconstrained build operations Thread 86" [_thread_blocked, id=19840, stack(0x0000008a48400000,0x0000008a48500000)]
  0x00000233753ffe90 JavaThread "Unconstrained build operations Thread 87" [_thread_blocked, id=2720, stack(0x0000008a48500000,0x0000008a48600000)]
  0x0000023375400dc0 JavaThread "Unconstrained build operations Thread 88" [_thread_blocked, id=18364, stack(0x0000008a48600000,0x0000008a48700000)]
  0x0000023375403b50 JavaThread "Unconstrained build operations Thread 89" [_thread_blocked, id=7916, stack(0x0000008a48700000,0x0000008a48800000)]
  0x00000233754003a0 JavaThread "Unconstrained build operations Thread 90" [_thread_blocked, id=16552, stack(0x0000008a48800000,0x0000008a48900000)]
  0x0000023375404a80 JavaThread "Unconstrained build operations Thread 91" [_thread_blocked, id=17580, stack(0x0000008a48900000,0x0000008a48a00000)]
  0x0000023375404060 JavaThread "Unconstrained build operations Thread 92" [_thread_blocked, id=18648, stack(0x0000008a48a00000,0x0000008a48b00000)]
  0x00000233754063d0 JavaThread "Unconstrained build operations Thread 93" [_thread_blocked, id=26064, stack(0x0000008a48b00000,0x0000008a48c00000)]
  0x0000023375404f90 JavaThread "Unconstrained build operations Thread 94" [_thread_blocked, id=7092, stack(0x0000008a48c00000,0x0000008a48d00000)]
  0x00000233754054a0 JavaThread "Unconstrained build operations Thread 95" [_thread_blocked, id=9940, stack(0x0000008a48d00000,0x0000008a48e00000)]
  0x0000023375404570 JavaThread "Unconstrained build operations Thread 96" [_thread_blocked, id=3112, stack(0x0000008a48e00000,0x0000008a48f00000)]
  0x0000023375406df0 JavaThread "Unconstrained build operations Thread 97" [_thread_blocked, id=13436, stack(0x0000008a48f00000,0x0000008a49000000)]
  0x0000023375407300 JavaThread "Unconstrained build operations Thread 98" [_thread_blocked, id=22928, stack(0x0000008a49000000,0x0000008a49100000)]
  0x00000233754059b0 JavaThread "Unconstrained build operations Thread 99" [_thread_blocked, id=23216, stack(0x0000008a49100000,0x0000008a49200000)]
  0x0000023375405ec0 JavaThread "Unconstrained build operations Thread 100" [_thread_blocked, id=848, stack(0x0000008a49200000,0x0000008a49300000)]
  0x00000233754068e0 JavaThread "Unconstrained build operations Thread 101" [_thread_blocked, id=20604, stack(0x0000008a49300000,0x0000008a49400000)]
  0x000002337daff6f0 JavaThread "Unconstrained build operations Thread 102" [_thread_blocked, id=17760, stack(0x0000008a49400000,0x0000008a49500000)]
  0x000002337dafe7c0 JavaThread "Unconstrained build operations Thread 103" [_thread_blocked, id=2172, stack(0x0000008a49500000,0x0000008a49600000)]
  0x000002337db00b30 JavaThread "Unconstrained build operations Thread 104" [_thread_blocked, id=15364, stack(0x0000008a49600000,0x0000008a49700000)]
  0x000002337dafecd0 JavaThread "Unconstrained build operations Thread 105" [_thread_blocked, id=23044, stack(0x0000008a49700000,0x0000008a49800000)]
  0x000002337db01550 JavaThread "Unconstrained build operations Thread 106" [_thread_blocked, id=10032, stack(0x0000008a49800000,0x0000008a49900000)]
  0x000002337dafdda0 JavaThread "Unconstrained build operations Thread 107" [_thread_blocked, id=27308, stack(0x0000008a49900000,0x0000008a49a00000)]
  0x000002337daffc00 JavaThread "Unconstrained build operations Thread 108" [_thread_blocked, id=3520, stack(0x0000008a49a00000,0x0000008a49b00000)]
  0x000002337daff1e0 JavaThread "Unconstrained build operations Thread 109" [_thread_blocked, id=24744, stack(0x0000008a49b00000,0x0000008a49c00000)]
  0x000002337db00110 JavaThread "Unconstrained build operations Thread 110" [_thread_blocked, id=19448, stack(0x0000008a49c00000,0x0000008a49d00000)]
  0x000002337db00620 JavaThread "Unconstrained build operations Thread 111" [_thread_blocked, id=22524, stack(0x0000008a49d00000,0x0000008a49e00000)]
  0x000002337db01a60 JavaThread "Unconstrained build operations Thread 112" [_thread_blocked, id=26388, stack(0x0000008a49e00000,0x0000008a49f00000)]
  0x000002337dafe2b0 JavaThread "Unconstrained build operations Thread 113" [_thread_blocked, id=22324, stack(0x0000008a49f00000,0x0000008a4a000000)]
  0x000002337db042e0 JavaThread "Unconstrained build operations Thread 114" [_thread_blocked, id=6944, stack(0x0000008a4a000000,0x0000008a4a100000)]
  0x000002337db047f0 JavaThread "Unconstrained build operations Thread 115" [_thread_blocked, id=20676, stack(0x0000008a4a100000,0x0000008a4a200000)]
  0x000002337db038c0 JavaThread "Unconstrained build operations Thread 116" [_thread_blocked, id=26736, stack(0x0000008a4a200000,0x0000008a4a300000)]
  0x000002337db03dd0 JavaThread "Unconstrained build operations Thread 117" [_thread_blocked, id=27420, stack(0x0000008a4a300000,0x0000008a4a400000)]
  0x000002337db02480 JavaThread "Unconstrained build operations Thread 118" [_thread_blocked, id=24804, stack(0x0000008a4a400000,0x0000008a4a500000)]
  0x000002337db02ea0 JavaThread "Unconstrained build operations Thread 119" [_thread_blocked, id=24472, stack(0x0000008a4a500000,0x0000008a4a600000)]
  0x000002337db04d00 JavaThread "Unconstrained build operations Thread 120" [_thread_blocked, id=5976, stack(0x0000008a4a600000,0x0000008a4a700000)]
  0x000002337db05210 JavaThread "Unconstrained build operations Thread 121" [_thread_blocked, id=12756, stack(0x0000008a4a700000,0x0000008a4a800000)]
  0x000002337db05720 JavaThread "Unconstrained build operations Thread 122" [_thread_blocked, id=17220, stack(0x0000008a4a800000,0x0000008a4a900000)]
  0x000002337db01f70 JavaThread "Unconstrained build operations Thread 123" [_thread_blocked, id=15660, stack(0x0000008a4a900000,0x0000008a4aa00000)]
  0x000002337db02990 JavaThread "Unconstrained build operations Thread 124" [_thread_blocked, id=7244, stack(0x0000008a4aa00000,0x0000008a4ab00000)]
  0x000002337db06650 JavaThread "Unconstrained build operations Thread 125" [_thread_blocked, id=11700, stack(0x0000008a4ab00000,0x0000008a4ac00000)]
  0x000002337db06b60 JavaThread "Unconstrained build operations Thread 126" [_thread_blocked, id=26564, stack(0x0000008a4ac00000,0x0000008a4ad00000)]
  0x000002337db033b0 JavaThread "Unconstrained build operations Thread 127" [_thread_blocked, id=15744, stack(0x0000008a4ad00000,0x0000008a4ae00000)]
  0x000002337db084b0 JavaThread "WorkerExecutor Queue" [_thread_blocked, id=20264, stack(0x0000008a4ae00000,0x0000008a4af00000)]
  0x000002337db093e0 JavaThread "Unconstrained build operations Thread 128" [_thread_blocked, id=27048, stack(0x0000008a4af00000,0x0000008a4b000000)]
  0x000002337db07580 JavaThread "Unconstrained build operations Thread 129" [_thread_blocked, id=26528, stack(0x0000008a4b000000,0x0000008a4b100000)]
  0x000002337db06140 JavaThread "Unconstrained build operations Thread 130" [_thread_blocked, id=26884, stack(0x0000008a4b100000,0x0000008a4b200000)]
  0x000002337db089c0 JavaThread "Unconstrained build operations Thread 131" [_thread_blocked, id=3580, stack(0x0000008a4b200000,0x0000008a4b300000)]
  0x000002337db07a90 JavaThread "Unconstrained build operations Thread 132" [_thread_blocked, id=17620, stack(0x0000008a4b300000,0x0000008a4b400000)]
  0x000002337db07fa0 JavaThread "Unconstrained build operations Thread 133" [_thread_blocked, id=21728, stack(0x0000008a4b400000,0x0000008a4b500000)]
  0x000002337db05c30 JavaThread "Unconstrained build operations Thread 134" [_thread_blocked, id=17252, stack(0x0000008a4b500000,0x0000008a4b600000)]
  0x000002337db0bc60 JavaThread "Unconstrained build operations Thread 135" [_thread_blocked, id=3948, stack(0x0000008a4b600000,0x0000008a4b700000)]
  0x000002337db0c680 JavaThread "Unconstrained build operations Thread 136" [_thread_blocked, id=23820, stack(0x0000008a4b700000,0x0000008a4b800000)]
  0x000002337db0a310 JavaThread "Unconstrained build operations Thread 137" [_thread_blocked, id=12652, stack(0x0000008a4b800000,0x0000008a4b900000)]
  0x000002337db0b240 JavaThread "Unconstrained build operations Thread 138" [_thread_blocked, id=28148, stack(0x0000008a4b900000,0x0000008a4ba00000)]
  0x000002337db098f0 JavaThread "Unconstrained build operations Thread 139" [_thread_blocked, id=25804, stack(0x0000008a4ba00000,0x0000008a4bb00000)]
  0x000002337db0ad30 JavaThread "Unconstrained build operations Thread 140" [_thread_blocked, id=17516, stack(0x0000008a4bb00000,0x0000008a4bc00000)]
  0x000002337db0c170 JavaThread "Unconstrained build operations Thread 141" [_thread_blocked, id=25724, stack(0x0000008a4be00000,0x0000008a4bf00000)]
  0x000002337db0cb90 JavaThread "Unconstrained build operations Thread 142" [_thread_blocked, id=27980, stack(0x0000008a4bf00000,0x0000008a4c000000)]
  0x000002337db0b750 JavaThread "Unconstrained build operations Thread 143" [_thread_blocked, id=13972, stack(0x0000008a4c000000,0x0000008a4c100000)]
  0x000002337db0d0a0 JavaThread "Unconstrained build operations Thread 144" [_thread_blocked, id=26744, stack(0x0000008a4c100000,0x0000008a4c200000)]
  0x000002337db0d5b0 JavaThread "Unconstrained build operations Thread 145" [_thread_blocked, id=28516, stack(0x0000008a4c200000,0x0000008a4c300000)]
  0x000002337db09e00 JavaThread "Unconstrained build operations Thread 146" [_thread_blocked, id=28432, stack(0x0000008a4c300000,0x0000008a4c400000)]
  0x000002337db0a820 JavaThread "Unconstrained build operations Thread 147" [_thread_blocked, id=24876, stack(0x0000008a4c400000,0x0000008a4c500000)]
  0x0000023378983a00 JavaThread "Unconstrained build operations Thread 148" [_thread_blocked, id=6540, stack(0x0000008a4c500000,0x0000008a4c600000)]
  0x0000023378983f10 JavaThread "Unconstrained build operations Thread 149" [_thread_blocked, id=18776, stack(0x0000008a4c600000,0x0000008a4c700000)]
  0x00000233789825c0 JavaThread "Unconstrained build operations Thread 150" [_thread_blocked, id=22020, stack(0x0000008a4c700000,0x0000008a4c800000)]
  0x0000023378984e40 JavaThread "WorkerExecutor Queue Thread 2" [_thread_in_Java, id=23404, stack(0x0000008a4c800000,0x0000008a4c900000)]
  0x0000023378985350 JavaThread "WorkerExecutor Queue Thread 3" [_thread_blocked, id=27900, stack(0x0000008a4c900000,0x0000008a4ca00000)]
  0x0000023378985860 JavaThread "WorkerExecutor Queue Thread 4" [_thread_blocked, id=19152, stack(0x0000008a4ca00000,0x0000008a4cb00000)]
  0x00000233789820b0 JavaThread "WorkerExecutor Queue Thread 5" [_thread_blocked, id=21208, stack(0x0000008a4cb00000,0x0000008a4cc00000)]
  0x0000023378985d70 JavaThread "WorkerExecutor Queue Thread 6" [_thread_blocked, id=16432, stack(0x0000008a4cc00000,0x0000008a4cd00000)]
  0x0000023378986280 JavaThread "WorkerExecutor Queue Thread 7" [_thread_blocked, id=24444, stack(0x0000008a4cd00000,0x0000008a4ce00000)]
  0x0000023378986790 JavaThread "WorkerExecutor Queue Thread 8" [_thread_in_Java, id=19604, stack(0x0000008a4ce00000,0x0000008a4cf00000)]
  0x0000023378982fe0 JavaThread "WorkerExecutor Queue Thread 9" [_thread_blocked, id=28328, stack(0x0000008a4cf00000,0x0000008a4d000000)]
  0x00000233789880e0 JavaThread "Java2D Disposer" daemon [_thread_blocked, id=15672, stack(0x0000008a4d000000,0x0000008a4d100000)]
  0x00000233789885f0 JavaThread "WorkerExecutor Queue Thread 10" [_thread_in_vm, id=7408, stack(0x0000008a4d100000,0x0000008a4d200000)]
  0x00000233789876c0 JavaThread "WorkerExecutor Queue Thread 11" [_thread_blocked, id=19788, stack(0x0000008a4d200000,0x0000008a4d300000)]
  0x0000023378986ca0 JavaThread "WorkerExecutor Queue Thread 12" [_thread_blocked, id=5168, stack(0x0000008a4d300000,0x0000008a4d400000)]
  0x000002337898a960 JavaThread "WorkerExecutor Queue Thread 13" [_thread_blocked, id=16664, stack(0x0000008a4d400000,0x0000008a4d500000)]
  0x000002337898a450 JavaThread "WorkerExecutor Queue Thread 14" [_thread_blocked, id=19400, stack(0x0000008a4d500000,0x0000008a4d600000)]
  0x0000023378989f40 JavaThread "WorkerExecutor Queue Thread 15" [_thread_blocked, id=22936, stack(0x0000008a4d600000,0x0000008a4d700000)]
=>0x000002337df6b5d0 JavaThread "C2 CompilerThread3" daemon [_thread_in_native, id=23776, stack(0x0000008a4d700000,0x0000008a4d800000)]
  0x000002337df6cb10 JavaThread "C1 CompilerThread3" daemon [_thread_blocked, id=23652, stack(0x0000008a3cf00000,0x0000008a3d000000)]
  0x0000023378988b00 JavaThread "WorkerExecutor Queue Thread 16" [_thread_blocked, id=25372, stack(0x0000008a4d800000,0x0000008a4d900000)]
  0x000002337898b380 JavaThread "WorkerExecutor Queue Thread 17" [_thread_blocked, id=26472, stack(0x0000008a4d900000,0x0000008a4da00000)]
  0x0000023378987bd0 JavaThread "WorkerExecutor Queue Thread 18" [_thread_blocked, id=15620, stack(0x0000008a4da00000,0x0000008a4db00000)]
  0x0000023378989a30 JavaThread "WorkerExecutor Queue Thread 19" [_thread_blocked, id=25240, stack(0x0000008a4db00000,0x0000008a4dc00000)]

Other Threads:
  0x000002336c2f3ca0 VMThread "VM Thread" [stack: 0x0000008a3c200000,0x0000008a3c300000] [id=22464]
  0x000002336c532a40 WatcherThread [stack: 0x0000008a3d200000,0x0000008a3d300000] [id=21964]
  0x000002334aff53f0 GCTaskThread "GC Thread#0" [stack: 0x0000008a3c100000,0x0000008a3c200000] [id=11176]
  0x000002337318d040 GCTaskThread "GC Thread#1" [stack: 0x0000008a3d400000,0x0000008a3d500000] [id=15244]
  0x000002337318d880 GCTaskThread "GC Thread#2" [stack: 0x0000008a3d500000,0x0000008a3d600000] [id=26868]
  0x000002337318de00 GCTaskThread "GC Thread#3" [stack: 0x0000008a3d600000,0x0000008a3d700000] [id=25160]
  0x000002337318e0c0 GCTaskThread "GC Thread#4" [stack: 0x0000008a3d700000,0x0000008a3d800000] [id=16260]
  0x000002337318e640 GCTaskThread "GC Thread#5" [stack: 0x0000008a3d900000,0x0000008a3da00000] [id=8800]
  0x000002337318e900 GCTaskThread "GC Thread#6" [stack: 0x0000008a3da00000,0x0000008a3db00000] [id=25280]
  0x0000023374da6cb0 GCTaskThread "GC Thread#7" [stack: 0x0000008a3db00000,0x0000008a3dc00000] [id=15976]
  0x0000023374da7230 GCTaskThread "GC Thread#8" [stack: 0x0000008a3dc00000,0x0000008a3dd00000] [id=12452]
  0x0000023374da5970 GCTaskThread "GC Thread#9" [stack: 0x0000008a3e900000,0x0000008a3ea00000] [id=22084]
  0x0000023374da7ff0 GCTaskThread "GC Thread#10" [stack: 0x0000008a3ea00000,0x0000008a3eb00000] [id=3236]
  0x0000023374da53f0 GCTaskThread "GC Thread#11" [stack: 0x0000008a3eb00000,0x0000008a3ec00000] [id=5136]
  0x0000023374da77b0 GCTaskThread "GC Thread#12" [stack: 0x0000008a3ec00000,0x0000008a3ed00000] [id=27380]
  0x0000023374da4630 GCTaskThread "GC Thread#13" [stack: 0x0000008a3ed00000,0x0000008a3ee00000] [id=18684]
  0x0000023374da74f0 GCTaskThread "GC Thread#14" [stack: 0x0000008a3ee00000,0x0000008a3ef00000] [id=10616]
  0x0000023374da7a70 GCTaskThread "GC Thread#15" [stack: 0x0000008a3ef00000,0x0000008a3f000000] [id=27144]
  0x0000023374da4e70 GCTaskThread "GC Thread#16" [stack: 0x0000008a3f000000,0x0000008a3f100000] [id=21116]
  0x0000023374da7d30 GCTaskThread "GC Thread#17" [stack: 0x0000008a3f100000,0x0000008a3f200000] [id=21792]

Threads with active compile tasks:
C2 CompilerThread0  21029 19709   !   4       java.io.ObjectInputStream::readSerialData (549 bytes)
C2 CompilerThread1  21029 19682   !   4       java.io.ObjectOutputStream::writeObject0 (620 bytes)
C2 CompilerThread2  21029 19628 %     4       com.android.ide.common.resources.DataSet::appendToXml @ 228 (394 bytes)
C2 CompilerThread3  21029 19631       4       com.android.utils.XmlUtils::append (597 bytes)

VM state: not at safepoint (normal execution)

VM Mutex/Monitor currently owned by a thread: None

Heap address: 0x0000000700000000, size: 4096 MB, Compressed Oops mode: Zero based, Oop shift amount: 3

CDS archive(s) mapped at: [0x0000023300000000-0x0000023300bb0000-0x0000023300bb0000), size 12255232, SharedBaseAddress: 0x0000023300000000, ArchiveRelocationMode: 1.
Compressed class space mapped at: 0x0000023301000000-0x000002331b000000, reserved size: 436207616
Narrow klass base: 0x0000023300000000, Narrow klass shift: 0, Narrow klass range: 0x100000000

GC Precious Log:
 CPUs: 24 total, 24 available
 Memory: 14029M
 Large Page Support: Disabled
 NUMA Support: Disabled
 Compressed Oops: Enabled (Zero based)
 Alignments: Space 512K, Generation 512K, Heap 2M
 Heap Min Capacity: 256M
 Heap Initial Capacity: 256M
 Heap Max Capacity: 4G
 Pre-touch: Disabled
 Parallel Workers: 18

Heap:
 PSYoungGen      total 300032K, used 288241K [0x00000007aab00000, 0x00000007be280000, 0x0000000800000000)
  eden space 281088K, 95% used [0x00000007aab00000,0x00000007bb1febb0,0x00000007bbd80000)
  from space 18944K, 99% used [0x00000007bbd80000,0x00000007bcffdaf0,0x00000007bd000000)
  to   space 18432K, 0% used [0x00000007bd080000,0x00000007bd080000,0x00000007be280000)
 ParOldGen       total 192512K, used 192419K [0x0000000700000000, 0x000000070bc00000, 0x00000007aab00000)
  object space 192512K, 99% used [0x0000000700000000,0x000000070bbe8e68,0x000000070bc00000)
 Metaspace       used 117482K, committed 118528K, reserved 557056K
  class space    used 15630K, committed 16128K, reserved 425984K

Card table byte_map: [0x0000023361b60000,0x0000023362370000] _byte_map_base: 0x000002335e360000

Marking Bits: (ParMarkBitMap*) 0x00007ffe4dd57980
 Begin Bits: [0x0000023362370000, 0x0000023366370000)
 End Bits:   [0x0000023366370000, 0x000002336a370000)

Polling page: 0x0000023348fa0000

Metaspace:

Usage:
  Non-class:     99.47 MB used.
      Class:     15.26 MB used.
       Both:    114.73 MB used.

Virtual space:
  Non-class space:      128.00 MB reserved,     100.00 MB ( 78%) committed,  2 nodes.
      Class space:      416.00 MB reserved,      15.75 MB (  4%) committed,  1 nodes.
             Both:      544.00 MB reserved,     115.75 MB ( 21%) committed. 

Chunk freelists:
   Non-Class:  11.58 MB
       Class:  65.00 KB
        Both:  11.64 MB

MaxMetaspaceSize: 512.00 MB
CompressedClassSpaceSize: 416.00 MB
Initial GC threshold: 21.00 MB
Current GC threshold: 162.19 MB
CDS: on
MetaspaceReclaimPolicy: balanced
 - commit_granule_bytes: 65536.
 - commit_granule_words: 8192.
 - virtual_space_node_default_size: 8388608.
 - enlarge_chunks_in_place: 1.
 - new_chunks_are_fully_committed: 0.
 - uncommit_free_chunks: 1.
 - use_allocation_guard: 0.
 - handle_deallocations: 1.


Internal statistics:

num_allocs_failed_limit: 12.
num_arena_births: 1514.
num_arena_deaths: 0.
num_vsnodes_births: 3.
num_vsnodes_deaths: 0.
num_space_committed: 1851.
num_space_uncommitted: 0.
num_chunks_returned_to_freelist: 12.
num_chunks_taken_from_freelist: 6552.
num_chunk_merges: 9.
num_chunk_splits: 4218.
num_chunks_enlarged: 2672.
num_inconsistent_stats: 0.

CodeHeap 'non-profiled nmethods': size=119168Kb used=11905Kb max_used=11905Kb free=107262Kb
 bounds [0x000002335a700000, 0x000002335b2b0000, 0x0000023361b60000]
CodeHeap 'profiled nmethods': size=119104Kb used=31774Kb max_used=31774Kb free=87329Kb
 bounds [0x0000023352b60000, 0x0000023354a70000, 0x0000023359fb0000]
CodeHeap 'non-nmethods': size=7488Kb used=4228Kb max_used=4318Kb free=3259Kb
 bounds [0x0000023359fb0000, 0x000002335a400000, 0x000002335a700000]
 total_blobs=17355 nmethods=16242 adapters=1023
 compilation: enabled
              stopped_count=0, restarted_count=0
 full_count=0

Compilation events (20 events):
Event: 19.991 Thread 0x000002336c4020d0 19725  s    3       java.io.File::writeObject (12 bytes)
Event: 19.991 Thread 0x000002336c4026a0 19726       3       java.io.ObjectOutputStream::writeChar (9 bytes)
Event: 19.991 Thread 0x000002337df6cb10 nmethod 19723 0x0000023354a54390 code [0x0000023354a54540, 0x0000023354a54758]
Event: 19.991 Thread 0x000002337df6cb10 19727       3       java.io.ObjectOutputStream$BlockDataOutputStream::writeChar (47 bytes)
Event: 19.991 Thread 0x000002336c4026a0 nmethod 19726 0x0000023354a54890 code [0x0000023354a54a40, 0x0000023354a54ba8]
Event: 19.991 Thread 0x000002336c4020d0 nmethod 19725 0x0000023354a54c90 code [0x0000023354a54e60, 0x0000023354a55218]
Event: 19.991 Thread 0x000002336c4026a0 19729       3       org.gradle.internal.classloader.CachingClassLoader::visit (20 bytes)
Event: 19.991 Thread 0x000002336c4020d0 19730       3       org.gradle.internal.classloader.CachingClassLoader$Spec::<init> (5 bytes)
Event: 19.991 Thread 0x000002337df6cb10 nmethod 19727 0x0000023354a55390 code [0x0000023354a55560, 0x0000023354a557e8]
Event: 19.991 Thread 0x000002337df6cb10 19728       3       java.io.Bits::putChar (16 bytes)
Event: 19.991 Thread 0x000002336c4020d0 nmethod 19730 0x0000023354a55990 code [0x0000023354a55b40, 0x0000023354a55cf8]
Event: 19.991 Thread 0x000002337df6cb10 nmethod 19728 0x0000023354a55e10 code [0x0000023354a55fa0, 0x0000023354a560d8]
Event: 19.992 Thread 0x000002337df6cb10 19731       1       org.gradle.internal.work.DefaultConditionalExecutionQueue::access$300 (5 bytes)
Event: 19.992 Thread 0x000002337df6cb10 nmethod 19731 0x000002335b29c290 code [0x000002335b29c420, 0x000002335b29c4d8]
Event: 19.992 Thread 0x000002334b085e10 nmethod 19724 0x0000023354a56210 code [0x0000023354a56620, 0x0000023354a58278]
Event: 19.992 Thread 0x000002336c4026a0 nmethod 19729 0x0000023354a59190 code [0x0000023354a59420, 0x0000023354a5a228]
Event: 19.996 Thread 0x000002336c4026a0 19732   !   3       jdk.internal.reflect.GeneratedMethodAccessor51::invoke (66 bytes)
Event: 19.998 Thread 0x000002337df6cb10 19735       3       java.util.LinkedHashMap::internalWriteEntries (34 bytes)
Event: 20.000 Thread 0x000002334b085e10 19736       3       java.io.ObjectOutputStream::writeInt (9 bytes)
Event: 20.013 Thread 0x000002336c4020d0 19742       3       java.io.ObjectInputStream$HandleTable::setObject (54 bytes)

GC Heap History (20 events):
Event: 8.229 GC heap before
{Heap before GC invocations=18 (full 3):
 PSYoungGen      total 117248K, used 106195K [0x00000007aab00000, 0x00000007b6800000, 0x0000000800000000)
  eden space 98304K, 100% used [0x00000007aab00000,0x00000007b0b00000,0x00000007b0b00000)
  from space 18944K, 41% used [0x00000007b1d00000,0x00000007b24b4f08,0x00000007b2f80000)
  to   space 18432K, 0% used [0x00000007b0b00000,0x00000007b0b00000,0x00000007b1d00000)
 ParOldGen       total 175104K, used 64413K [0x0000000700000000, 0x000000070ab00000, 0x00000007aab00000)
  object space 175104K, 36% used [0x0000000700000000,0x0000000703ee7650,0x000000070ab00000)
 Metaspace       used 75404K, committed 76160K, reserved 557056K
  class space    used 10100K, committed 10496K, reserved 425984K
}
Event: 8.236 GC heap after
{Heap after GC invocations=18 (full 3):
 PSYoungGen      total 116736K, used 3263K [0x00000007aab00000, 0x00000007b6900000, 0x0000000800000000)
  eden space 98304K, 0% used [0x00000007aab00000,0x00000007aab00000,0x00000007b0b00000)
  from space 18432K, 17% used [0x00000007b0b00000,0x00000007b0e2fd08,0x00000007b1d00000)
  to   space 18432K, 0% used [0x00000007b5700000,0x00000007b5700000,0x00000007b6900000)
 ParOldGen       total 175104K, used 72100K [0x0000000700000000, 0x000000070ab00000, 0x00000007aab00000)
  object space 175104K, 41% used [0x0000000700000000,0x0000000704669318,0x000000070ab00000)
 Metaspace       used 75404K, committed 76160K, reserved 557056K
  class space    used 10100K, committed 10496K, reserved 425984K
}
Event: 8.803 GC heap before
{Heap before GC invocations=19 (full 3):
 PSYoungGen      total 116736K, used 101567K [0x00000007aab00000, 0x00000007b6900000, 0x0000000800000000)
  eden space 98304K, 100% used [0x00000007aab00000,0x00000007b0b00000,0x00000007b0b00000)
  from space 18432K, 17% used [0x00000007b0b00000,0x00000007b0e2fd08,0x00000007b1d00000)
  to   space 18432K, 0% used [0x00000007b5700000,0x00000007b5700000,0x00000007b6900000)
 ParOldGen       total 175104K, used 72100K [0x0000000700000000, 0x000000070ab00000, 0x00000007aab00000)
  object space 175104K, 41% used [0x0000000700000000,0x0000000704669318,0x000000070ab00000)
 Metaspace       used 78259K, committed 79104K, reserved 557056K
  class space    used 10526K, committed 10944K, reserved 425984K
}
Event: 8.809 GC heap after
{Heap after GC invocations=19 (full 3):
 PSYoungGen      total 175104K, used 8339K [0x00000007aab00000, 0x00000007b6800000, 0x0000000800000000)
  eden space 157696K, 0% used [0x00000007aab00000,0x00000007aab00000,0x00000007b4500000)
  from space 17408K, 47% used [0x00000007b5700000,0x00000007b5f24dc0,0x00000007b6800000)
  to   space 17920K, 0% used [0x00000007b4500000,0x00000007b4500000,0x00000007b5680000)
 ParOldGen       total 175104K, used 75055K [0x0000000700000000, 0x000000070ab00000, 0x00000007aab00000)
  object space 175104K, 42% used [0x0000000700000000,0x000000070494bff0,0x000000070ab00000)
 Metaspace       used 78259K, committed 79104K, reserved 557056K
  class space    used 10526K, committed 10944K, reserved 425984K
}
Event: 9.934 GC heap before
{Heap before GC invocations=20 (full 3):
 PSYoungGen      total 175104K, used 166035K [0x00000007aab00000, 0x00000007b6800000, 0x0000000800000000)
  eden space 157696K, 100% used [0x00000007aab00000,0x00000007b4500000,0x00000007b4500000)
  from space 17408K, 47% used [0x00000007b5700000,0x00000007b5f24dc0,0x00000007b6800000)
  to   space 17920K, 0% used [0x00000007b4500000,0x00000007b4500000,0x00000007b5680000)
 ParOldGen       total 175104K, used 75055K [0x0000000700000000, 0x000000070ab00000, 0x00000007aab00000)
  object space 175104K, 42% used [0x0000000700000000,0x000000070494bff0,0x000000070ab00000)
 Metaspace       used 87453K, committed 88256K, reserved 557056K
  class space    used 11941K, committed 12288K, reserved 425984K
}
Event: 9.944 GC heap after
{Heap after GC invocations=20 (full 3):
 PSYoungGen      total 175616K, used 8048K [0x00000007aab00000, 0x00000007ba400000, 0x0000000800000000)
  eden space 157696K, 0% used [0x00000007aab00000,0x00000007aab00000,0x00000007b4500000)
  from space 17920K, 44% used [0x00000007b4500000,0x00000007b4cdc2e8,0x00000007b5680000)
  to   space 16896K, 0% used [0x00000007b9380000,0x00000007b9380000,0x00000007ba400000)
 ParOldGen       total 175104K, used 83133K [0x0000000700000000, 0x000000070ab00000, 0x00000007aab00000)
  object space 175104K, 47% used [0x0000000700000000,0x000000070512f5b8,0x000000070ab00000)
 Metaspace       used 87453K, committed 88256K, reserved 557056K
  class space    used 11941K, committed 12288K, reserved 425984K
}
Event: 11.149 GC heap before
{Heap before GC invocations=21 (full 3):
 PSYoungGen      total 175616K, used 165744K [0x00000007aab00000, 0x00000007ba400000, 0x0000000800000000)
  eden space 157696K, 100% used [0x00000007aab00000,0x00000007b4500000,0x00000007b4500000)
  from space 17920K, 44% used [0x00000007b4500000,0x00000007b4cdc2e8,0x00000007b5680000)
  to   space 16896K, 0% used [0x00000007b9380000,0x00000007b9380000,0x00000007ba400000)
 ParOldGen       total 175104K, used 83133K [0x0000000700000000, 0x000000070ab00000, 0x00000007aab00000)
  object space 175104K, 47% used [0x0000000700000000,0x000000070512f5b8,0x000000070ab00000)
 Metaspace       used 95881K, committed 96832K, reserved 557056K
  class space    used 13196K, committed 13632K, reserved 425984K
}
Event: 11.158 GC heap after
{Heap after GC invocations=21 (full 3):
 PSYoungGen      total 164864K, used 12160K [0x00000007aab00000, 0x00000007b9f80000, 0x0000000800000000)
  eden space 152576K, 0% used [0x00000007aab00000,0x00000007aab00000,0x00000007b4000000)
  from space 12288K, 98% used [0x00000007b9380000,0x00000007b9f60058,0x00000007b9f80000)
  to   space 17408K, 0% used [0x00000007b7d80000,0x00000007b7d80000,0x00000007b8e80000)
 ParOldGen       total 175104K, used 90939K [0x0000000700000000, 0x000000070ab00000, 0x00000007aab00000)
  object space 175104K, 51% used [0x0000000700000000,0x00000007058cef58,0x000000070ab00000)
 Metaspace       used 95881K, committed 96832K, reserved 557056K
  class space    used 13196K, committed 13632K, reserved 425984K
}
Event: 11.399 GC heap before
{Heap before GC invocations=22 (full 3):
 PSYoungGen      total 164864K, used 43800K [0x00000007aab00000, 0x00000007b9f80000, 0x0000000800000000)
  eden space 152576K, 20% used [0x00000007aab00000,0x00000007ac9e6290,0x00000007b4000000)
  from space 12288K, 98% used [0x00000007b9380000,0x00000007b9f60058,0x00000007b9f80000)
  to   space 17408K, 0% used [0x00000007b7d80000,0x00000007b7d80000,0x00000007b8e80000)
 ParOldGen       total 175104K, used 90939K [0x0000000700000000, 0x000000070ab00000, 0x00000007aab00000)
  object space 175104K, 51% used [0x0000000700000000,0x00000007058cef58,0x000000070ab00000)
 Metaspace       used 98750K, committed 99648K, reserved 557056K
  class space    used 13598K, committed 14016K, reserved 425984K
}
Event: 11.409 GC heap after
{Heap after GC invocations=22 (full 3):
 PSYoungGen      total 154112K, used 1443K [0x00000007aab00000, 0x00000007b9400000, 0x0000000800000000)
  eden space 152576K, 0% used [0x00000007aab00000,0x00000007aab00000,0x00000007b4000000)
  from space 1536K, 93% used [0x00000007b7d80000,0x00000007b7ee8c80,0x00000007b7f00000)
  to   space 17920K, 0% used [0x00000007b8280000,0x00000007b8280000,0x00000007b9400000)
 ParOldGen       total 175104K, used 102900K [0x0000000700000000, 0x000000070ab00000, 0x00000007aab00000)
  object space 175104K, 58% used [0x0000000700000000,0x000000070647d108,0x000000070ab00000)
 Metaspace       used 98750K, committed 99648K, reserved 557056K
  class space    used 13598K, committed 14016K, reserved 425984K
}
Event: 11.409 GC heap before
{Heap before GC invocations=23 (full 4):
 PSYoungGen      total 154112K, used 1443K [0x00000007aab00000, 0x00000007b9400000, 0x0000000800000000)
  eden space 152576K, 0% used [0x00000007aab00000,0x00000007aab00000,0x00000007b4000000)
  from space 1536K, 93% used [0x00000007b7d80000,0x00000007b7ee8c80,0x00000007b7f00000)
  to   space 17920K, 0% used [0x00000007b8280000,0x00000007b8280000,0x00000007b9400000)
 ParOldGen       total 175104K, used 102900K [0x0000000700000000, 0x000000070ab00000, 0x00000007aab00000)
  object space 175104K, 58% used [0x0000000700000000,0x000000070647d108,0x000000070ab00000)
 Metaspace       used 98750K, committed 99648K, reserved 557056K
  class space    used 13598K, committed 14016K, reserved 425984K
}
Event: 11.470 GC heap after
{Heap after GC invocations=23 (full 4):
 PSYoungGen      total 154112K, used 0K [0x00000007aab00000, 0x00000007b9400000, 0x0000000800000000)
  eden space 152576K, 0% used [0x00000007aab00000,0x00000007aab00000,0x00000007b4000000)
  from space 1536K, 0% used [0x00000007b7d80000,0x00000007b7d80000,0x00000007b7f00000)
  to   space 17920K, 0% used [0x00000007b8280000,0x00000007b8280000,0x00000007b9400000)
 ParOldGen       total 175104K, used 102050K [0x0000000700000000, 0x000000070ab00000, 0x00000007aab00000)
  object space 175104K, 58% used [0x0000000700000000,0x00000007063a8a50,0x000000070ab00000)
 Metaspace       used 98750K, committed 99648K, reserved 557056K
  class space    used 13598K, committed 14016K, reserved 425984K
}
Event: 12.646 GC heap before
{Heap before GC invocations=24 (full 4):
 PSYoungGen      total 154112K, used 152576K [0x00000007aab00000, 0x00000007b9400000, 0x0000000800000000)
  eden space 152576K, 100% used [0x00000007aab00000,0x00000007b4000000,0x00000007b4000000)
  from space 1536K, 0% used [0x00000007b7d80000,0x00000007b7d80000,0x00000007b7f00000)
  to   space 17920K, 0% used [0x00000007b8280000,0x00000007b8280000,0x00000007b9400000)
 ParOldGen       total 175104K, used 102050K [0x0000000700000000, 0x000000070ab00000, 0x00000007aab00000)
  object space 175104K, 58% used [0x0000000700000000,0x00000007063a8a50,0x000000070ab00000)
 Metaspace       used 105929K, committed 106944K, reserved 557056K
  class space    used 14389K, committed 14848K, reserved 425984K
}
Event: 12.651 GC heap after
{Heap after GC invocations=24 (full 4):
 PSYoungGen      total 218624K, used 16213K [0x00000007aab00000, 0x00000007ba300000, 0x0000000800000000)
  eden space 200704K, 0% used [0x00000007aab00000,0x00000007aab00000,0x00000007b6f00000)
  from space 17920K, 90% used [0x00000007b8280000,0x00000007b9255530,0x00000007b9400000)
  to   space 19968K, 0% used [0x00000007b6f00000,0x00000007b6f00000,0x00000007b8280000)
 ParOldGen       total 175104K, used 102122K [0x0000000700000000, 0x000000070ab00000, 0x00000007aab00000)
  object space 175104K, 58% used [0x0000000700000000,0x00000007063baa60,0x000000070ab00000)
 Metaspace       used 105929K, committed 106944K, reserved 557056K
  class space    used 14389K, committed 14848K, reserved 425984K
}
Event: 13.355 GC heap before
{Heap before GC invocations=25 (full 4):
 PSYoungGen      total 218624K, used 216917K [0x00000007aab00000, 0x00000007ba300000, 0x0000000800000000)
  eden space 200704K, 100% used [0x00000007aab00000,0x00000007b6f00000,0x00000007b6f00000)
  from space 17920K, 90% used [0x00000007b8280000,0x00000007b9255530,0x00000007b9400000)
  to   space 19968K, 0% used [0x00000007b6f00000,0x00000007b6f00000,0x00000007b8280000)
 ParOldGen       total 175104K, used 102122K [0x0000000700000000, 0x000000070ab00000, 0x00000007aab00000)
  object space 175104K, 58% used [0x0000000700000000,0x00000007063baa60,0x000000070ab00000)
 Metaspace       used 107273K, committed 108224K, reserved 557056K
  class space    used 14600K, committed 15040K, reserved 425984K
}
Event: 13.366 GC heap after
{Heap after GC invocations=25 (full 4):
 PSYoungGen      total 220672K, used 10099K [0x00000007aab00000, 0x00000007be380000, 0x0000000800000000)
  eden space 200704K, 0% used [0x00000007aab00000,0x00000007aab00000,0x00000007b6f00000)
  from space 19968K, 50% used [0x00000007b6f00000,0x00000007b78dcef0,0x00000007b8280000)
  to   space 19456K, 0% used [0x00000007bd080000,0x00000007bd080000,0x00000007be380000)
 ParOldGen       total 175104K, used 118078K [0x0000000700000000, 0x000000070ab00000, 0x00000007aab00000)
  object space 175104K, 67% used [0x0000000700000000,0x000000070734fbf0,0x000000070ab00000)
 Metaspace       used 107273K, committed 108224K, reserved 557056K
  class space    used 14600K, committed 15040K, reserved 425984K
}
Event: 14.684 GC heap before
{Heap before GC invocations=26 (full 4):
 PSYoungGen      total 220672K, used 210803K [0x00000007aab00000, 0x00000007be380000, 0x0000000800000000)
  eden space 200704K, 100% used [0x00000007aab00000,0x00000007b6f00000,0x00000007b6f00000)
  from space 19968K, 50% used [0x00000007b6f00000,0x00000007b78dcef0,0x00000007b8280000)
  to   space 19456K, 0% used [0x00000007bd080000,0x00000007bd080000,0x00000007be380000)
 ParOldGen       total 175104K, used 118078K [0x0000000700000000, 0x000000070ab00000, 0x00000007aab00000)
  object space 175104K, 67% used [0x0000000700000000,0x000000070734fbf0,0x000000070ab00000)
 Metaspace       used 110142K, committed 111168K, reserved 557056K
  class space    used 14945K, committed 15424K, reserved 425984K
}
Event: 14.689 GC heap after
{Heap after GC invocations=26 (full 4):
 PSYoungGen      total 299520K, used 10575K [0x00000007aab00000, 0x00000007be280000, 0x0000000800000000)
  eden space 281088K, 0% used [0x00000007aab00000,0x00000007aab00000,0x00000007bbd80000)
  from space 18432K, 57% used [0x00000007bd080000,0x00000007bdad3d38,0x00000007be280000)
  to   space 18944K, 0% used [0x00000007bbd80000,0x00000007bbd80000,0x00000007bd000000)
 ParOldGen       total 175104K, used 124194K [0x0000000700000000, 0x000000070ab00000, 0x00000007aab00000)
  object space 175104K, 70% used [0x0000000700000000,0x0000000707948bd0,0x000000070ab00000)
 Metaspace       used 110142K, committed 111168K, reserved 557056K
  class space    used 14945K, committed 15424K, reserved 425984K
}
Event: 16.558 GC heap before
{Heap before GC invocations=27 (full 4):
 PSYoungGen      total 299520K, used 291663K [0x00000007aab00000, 0x00000007be280000, 0x0000000800000000)
  eden space 281088K, 100% used [0x00000007aab00000,0x00000007bbd80000,0x00000007bbd80000)
  from space 18432K, 57% used [0x00000007bd080000,0x00000007bdad3d38,0x00000007be280000)
  to   space 18944K, 0% used [0x00000007bbd80000,0x00000007bbd80000,0x00000007bd000000)
 ParOldGen       total 175104K, used 124194K [0x0000000700000000, 0x000000070ab00000, 0x00000007aab00000)
  object space 175104K, 70% used [0x0000000700000000,0x0000000707948bd0,0x000000070ab00000)
 Metaspace       used 116447K, committed 117568K, reserved 557056K
  class space    used 15578K, committed 16128K, reserved 425984K
}
Event: 17.737 GC heap after
{Heap after GC invocations=27 (full 4):
 PSYoungGen      total 300032K, used 18934K [0x00000007aab00000, 0x00000007be280000, 0x0000000800000000)
  eden space 281088K, 0% used [0x00000007aab00000,0x00000007aab00000,0x00000007bbd80000)
  from space 18944K, 99% used [0x00000007bbd80000,0x00000007bcffdaf0,0x00000007bd000000)
  to   space 18432K, 0% used [0x00000007bd080000,0x00000007bd080000,0x00000007be280000)
 ParOldGen       total 192512K, used 192419K [0x0000000700000000, 0x000000070bc00000, 0x00000007aab00000)
  object space 192512K, 99% used [0x0000000700000000,0x000000070bbe8e68,0x000000070bc00000)
 Metaspace       used 116447K, committed 117568K, reserved 557056K
  class space    used 15578K, committed 16128K, reserved 425984K
}

Dll operation events (16 events):
Event: 0.008 Loaded shared library C:\jdk17\jdk-17.0.19+10\bin\java.dll
Event: 0.024 Loaded shared library C:\jdk17\jdk-17.0.19+10\bin\jsvml.dll
Event: 0.068 Loaded shared library C:\jdk17\jdk-17.0.19+10\bin\zip.dll
Event: 0.071 Loaded shared library C:\jdk17\jdk-17.0.19+10\bin\instrument.dll
Event: 0.074 Loaded shared library C:\jdk17\jdk-17.0.19+10\bin\net.dll
Event: 0.077 Loaded shared library C:\jdk17\jdk-17.0.19+10\bin\nio.dll
Event: 0.079 Loaded shared library C:\jdk17\jdk-17.0.19+10\bin\zip.dll
Event: 0.270 Loaded shared library C:\jdk17\jdk-17.0.19+10\bin\jimage.dll
Event: 0.354 Loaded shared library C:\jdk17\jdk-17.0.19+10\bin\verify.dll
Event: 0.413 Loaded shared library D:\.gradle\native\1def1411415f61bf3af743bc5b6707747c0891f09f0c88961ee8f79bc544acac\windows-amd64\native-platform.dll
Event: 0.422 Loaded shared library D:\.gradle\native\0.2.7\x86_64-windows-gnu\gradle-fileevents.dll
Event: 1.138 Loaded shared library C:\jdk17\jdk-17.0.19+10\bin\management.dll
Event: 1.140 Loaded shared library C:\jdk17\jdk-17.0.19+10\bin\management_ext.dll
Event: 1.365 Loaded shared library C:\jdk17\jdk-17.0.19+10\bin\extnet.dll
Event: 1.558 Loaded shared library C:\jdk17\jdk-17.0.19+10\bin\sunmscapi.dll
Event: 15.686 Loaded shared library C:\jdk17\jdk-17.0.19+10\bin\awt.dll

Deoptimization events (20 events):
Event: 18.741 Thread 0x000002337b2896e0 Uncommon trap: trap_request=0xffffff45 fr.pc=0x000002335b1b4c44 relative=0x00000000000000a4
Event: 18.741 Thread 0x000002337b2896e0 Uncommon trap: reason=unstable_if action=reinterpret pc=0x000002335b1b4c44 method=com.google.common.collect.AbstractMapBasedMultimap$WrappedCollection.refreshIfEmpty()V @ 45 c2
Event: 18.741 Thread 0x000002337b2896e0 DEOPT PACKING pc=0x000002335b1b4c44 sp=0x0000008a45bf9690
Event: 18.741 Thread 0x000002337b2896e0 DEOPT UNPACKING pc=0x000002335a0066a3 sp=0x0000008a45bf9620 mode 2
Event: 18.741 Thread 0x000002337b2896e0 Uncommon trap: trap_request=0xffffff45 fr.pc=0x000002335b1cc534 relative=0x0000000000000114
Event: 18.741 Thread 0x000002337b2896e0 Uncommon trap: reason=unstable_if action=reinterpret pc=0x000002335b1cc534 method=com.google.common.collect.AbstractMapBasedMultimap$WrappedCollection.refreshIfEmpty()V @ 45 c2
Event: 18.741 Thread 0x000002337b2896e0 DEOPT PACKING pc=0x000002335b1cc534 sp=0x0000008a45bf9700
Event: 18.741 Thread 0x000002337b2896e0 DEOPT UNPACKING pc=0x000002335a0066a3 sp=0x0000008a45bf95e8 mode 2
Event: 18.742 Thread 0x000002337b2896e0 Uncommon trap: trap_request=0xffffff45 fr.pc=0x000002335b1bbe68 relative=0x00000000000000c8
Event: 18.742 Thread 0x000002337b2896e0 Uncommon trap: reason=unstable_if action=reinterpret pc=0x000002335b1bbe68 method=com.google.common.collect.AbstractMapBasedMultimap$WrappedCollection.refreshIfEmpty()V @ 45 c2
Event: 18.742 Thread 0x000002337b2896e0 DEOPT PACKING pc=0x000002335b1bbe68 sp=0x0000008a45bf96b0
Event: 18.742 Thread 0x000002337b2896e0 DEOPT UNPACKING pc=0x000002335a0066a3 sp=0x0000008a45bf95e8 mode 2
Event: 18.779 Thread 0x000002337b2896e0 Uncommon trap: trap_request=0xffffff45 fr.pc=0x000002335b1a3d90 relative=0x00000000000004d0
Event: 18.779 Thread 0x000002337b2896e0 Uncommon trap: reason=unstable_if action=reinterpret pc=0x000002335b1a3d90 method=com.android.utils.XmlUtils.toXmlAttributeValue(Ljava/lang/String;)Ljava/lang/String; @ 33 c2
Event: 18.779 Thread 0x000002337b2896e0 DEOPT PACKING pc=0x000002335b1a3d90 sp=0x0000008a45bf9580
Event: 18.779 Thread 0x000002337b2896e0 DEOPT UNPACKING pc=0x000002335a0066a3 sp=0x0000008a45bf9508 mode 2
Event: 19.859 Thread 0x000002337b2896e0 Uncommon trap: trap_request=0xffffff45 fr.pc=0x000002335a804548 relative=0x00000000000000a8
Event: 19.859 Thread 0x000002337b2896e0 Uncommon trap: reason=unstable_if action=reinterpret pc=0x000002335a804548 method=java.lang.CharacterDataLatin1.digit(II)I @ 12 c2
Event: 19.859 Thread 0x000002337b2896e0 DEOPT PACKING pc=0x000002335a804548 sp=0x0000008a45bf9510
Event: 19.859 Thread 0x000002337b2896e0 DEOPT UNPACKING pc=0x000002335a0066a3 sp=0x0000008a45bf9488 mode 2

Classes loaded (20 events):
Event: 18.551 Loading class javax/xml/transform/stream/StreamResult
Event: 18.552 Loading class javax/xml/transform/stream/StreamResult done
Event: 18.552 Loading class javax/xml/transform/sax/SAXResult
Event: 18.552 Loading class javax/xml/transform/sax/SAXResult done
Event: 18.552 Loading class javax/xml/transform/dom/DOMResult
Event: 18.552 Loading class javax/xml/transform/dom/DOMResult done
Event: 18.558 Loading class java/util/Collections$UnmodifiableSortedMap
Event: 18.558 Loading class java/util/Collections$UnmodifiableSortedMap done
Event: 18.563 Loading class java/nio/channels/Channels$WritableByteChannelImpl
Event: 18.563 Loading class java/nio/channels/Channels$WritableByteChannelImpl done
Event: 18.563 Loading class java/nio/StringCharBuffer
Event: 18.563 Loading class java/nio/StringCharBuffer done
Event: 18.563 Loading class sun/nio/cs/ThreadLocalCoders
Event: 18.564 Loading class sun/nio/cs/ThreadLocalCoders done
Event: 18.564 Loading class sun/nio/cs/ThreadLocalCoders$1
Event: 18.564 Loading class sun/nio/cs/ThreadLocalCoders$Cache
Event: 18.564 Loading class sun/nio/cs/ThreadLocalCoders$Cache done
Event: 18.564 Loading class sun/nio/cs/ThreadLocalCoders$1 done
Event: 18.564 Loading class sun/nio/cs/ThreadLocalCoders$2
Event: 18.564 Loading class sun/nio/cs/ThreadLocalCoders$2 done

Classes unloaded (0 events):
No events

Classes redefined (0 events):
No events

Internal exceptions (20 events):
Event: 18.732 Thread 0x000002337b2896e0 Exception <a 'sun/nio/fs/WindowsException'{0x00000007b3fb68d8}> (0x00000007b3fb68d8) 
thrown [s\src\hotspot\share\prims\jni.cpp, line 516]
Event: 18.733 Thread 0x000002337b2896e0 Exception <a 'sun/nio/fs/WindowsException'{0x00000007b3fbf7d0}> (0x00000007b3fbf7d0) 
thrown [s\src\hotspot\share\prims\jni.cpp, line 516]
Event: 18.733 Thread 0x000002337b2896e0 Exception <a 'sun/nio/fs/WindowsException'{0x00000007b3fc6ce0}> (0x00000007b3fc6ce0) 
thrown [s\src\hotspot\share\prims\jni.cpp, line 516]
Event: 18.734 Thread 0x000002337b2896e0 Exception <a 'sun/nio/fs/WindowsException'{0x00000007b3fce5d8}> (0x00000007b3fce5d8) 
thrown [s\src\hotspot\share\prims\jni.cpp, line 516]
Event: 18.734 Thread 0x000002337b2896e0 Exception <a 'sun/nio/fs/WindowsException'{0x00000007b3fd6278}> (0x00000007b3fd6278) 
thrown [s\src\hotspot\share\prims\jni.cpp, line 516]
Event: 18.735 Thread 0x000002337b2896e0 Exception <a 'sun/nio/fs/WindowsException'{0x00000007b3fde1f8}> (0x00000007b3fde1f8) 
thrown [s\src\hotspot\share\prims\jni.cpp, line 516]
Event: 18.736 Thread 0x000002337b2896e0 Exception <a 'sun/nio/fs/WindowsException'{0x00000007b3fe5d58}> (0x00000007b3fe5d58) 
thrown [s\src\hotspot\share\prims\jni.cpp, line 516]
Event: 18.736 Thread 0x000002337b2896e0 Exception <a 'sun/nio/fs/WindowsException'{0x00000007b3fedc30}> (0x00000007b3fedc30) 
thrown [s\src\hotspot\share\prims\jni.cpp, line 516]
Event: 18.737 Thread 0x000002337b2896e0 Exception <a 'sun/nio/fs/WindowsException'{0x00000007b3ff5740}> (0x00000007b3ff5740) 
thrown [s\src\hotspot\share\prims\jni.cpp, line 516]
Event: 18.737 Thread 0x000002337b2896e0 Exception <a 'sun/nio/fs/WindowsException'{0x00000007b3ffd0c8}> (0x00000007b3ffd0c8) 
thrown [s\src\hotspot\share\prims\jni.cpp, line 516]
Event: 18.738 Thread 0x000002337b2896e0 Exception <a 'sun/nio/fs/WindowsException'{0x00000007b4004ff8}> (0x00000007b4004ff8) 
thrown [s\src\hotspot\share\prims\jni.cpp, line 516]
Event: 18.738 Thread 0x000002337b2896e0 Exception <a 'sun/nio/fs/WindowsException'{0x00000007b4010c00}> (0x00000007b4010c00) 
thrown [s\src\hotspot\share\prims\jni.cpp, line 516]
Event: 18.739 Thread 0x000002337b2896e0 Exception <a 'sun/nio/fs/WindowsException'{0x00000007b401c2a0}> (0x00000007b401c2a0) 
thrown [s\src\hotspot\share\prims\jni.cpp, line 516]
Event: 18.740 Thread 0x000002337b2896e0 Exception <a 'sun/nio/fs/WindowsException'{0x00000007b4025700}> (0x00000007b4025700) 
thrown [s\src\hotspot\share\prims\jni.cpp, line 516]
Event: 18.740 Thread 0x000002337b2896e0 Exception <a 'sun/nio/fs/WindowsException'{0x00000007b402dbd0}> (0x00000007b402dbd0) 
thrown [s\src\hotspot\share\prims\jni.cpp, line 516]
Event: 19.936 Thread 0x000002337b2896e0 Exception <a 'java/lang/NoSuchMethodError'{0x00000007b87b26f0}: static Lcom/android/ide/common/resources/CompileResourceRequest;.<clinit>()V> (0x00000007b87b26f0) 
thrown [s\src\hotspot\share\prims\jni.cpp, line 1112]
Event: 19.937 Thread 0x000002337b2896e0 Exception <a 'java/lang/NoSuchMethodError'{0x00000007b87cb6f8}: static Ljava/lang/Object;.<clinit>()V> (0x00000007b87cb6f8) 
thrown [s\src\hotspot\share\prims\jni.cpp, line 1112]
Event: 19.937 Thread 0x000002337b2896e0 Exception <a 'java/lang/NoSuchMethodError'{0x00000007b87df068}: static Ljava/lang/Object;.<clinit>()V> (0x00000007b87df068) 
thrown [s\src\hotspot\share\prims\jni.cpp, line 1112]
Event: 19.938 Thread 0x000002337b2896e0 Exception <a 'java/lang/NoSuchMethodError'{0x00000007b87f2820}: static Ljava/lang/Object;.<clinit>()V> (0x00000007b87f2820) 
thrown [s\src\hotspot\share\prims\jni.cpp, line 1112]
Event: 19.954 Thread 0x000002337b2896e0 Exception <a 'java/lang/NoSuchMethodError'{0x00000007b8ad8490}: static Lkotlin/InitializedLazyImpl;.<clinit>()V> (0x00000007b8ad8490) 
thrown [s\src\hotspot\share\prims\jni.cpp, line 1112]

VM Operations (20 events):
Event: 16.353 Executing VM operation: HandshakeAllThreads
Event: 16.353 Executing VM operation: HandshakeAllThreads done
Event: 16.374 Executing VM operation: HandshakeAllThreads
Event: 16.375 Executing VM operation: HandshakeAllThreads done
Event: 16.381 Executing VM operation: HandshakeAllThreads
Event: 16.381 Executing VM operation: HandshakeAllThreads done
Event: 16.382 Executing VM operation: HandshakeAllThreads
Event: 16.383 Executing VM operation: HandshakeAllThreads done
Event: 16.558 Executing VM operation: ParallelGCFailedAllocation
Event: 17.739 Executing VM operation: ParallelGCFailedAllocation done
Event: 17.946 Executing VM operation: HandshakeAllThreads
Event: 17.947 Executing VM operation: HandshakeAllThreads done
Event: 18.549 Executing VM operation: HandshakeAllThreads
Event: 18.549 Executing VM operation: HandshakeAllThreads done
Event: 18.553 Executing VM operation: ICBufferFull
Event: 18.553 Executing VM operation: ICBufferFull done
Event: 18.559 Executing VM operation: HandshakeAllThreads
Event: 18.559 Executing VM operation: HandshakeAllThreads done
Event: 19.560 Executing VM operation: Cleanup
Event: 19.825 Executing VM operation: Cleanup done

Memory protections (0 events):
No events

Nmethod flushes (20 events):
Event: 16.343 Thread 0x000002334b086ec0 flushing  nmethod 0x0000023354910e10
Event: 16.343 Thread 0x000002334b086ec0 flushing osr nmethod 0x0000023354911390
Event: 16.343 Thread 0x000002334b086ec0 flushing  nmethod 0x0000023354914790
Event: 16.343 Thread 0x000002334b086ec0 flushing  nmethod 0x000002335491fb90
Event: 16.343 Thread 0x000002334b086ec0 flushing osr nmethod 0x0000023354927f10
Event: 18.552 Thread 0x000002334b086ec0 flushing  nmethod 0x000002335b1b8b10
Event: 18.553 Thread 0x000002334b086ec0 flushing  nmethod 0x0000023352c67390
Event: 18.557 Thread 0x000002334b086ec0 flushing  nmethod 0x00000233535df410
Event: 18.559 Thread 0x000002334b086ec0 flushing  nmethod 0x00000233538ad710
Event: 18.559 Thread 0x000002334b086ec0 flushing  nmethod 0x00000233538d9810
Event: 18.560 Thread 0x000002334b086ec0 flushing  nmethod 0x00000233539b3390
Event: 18.560 Thread 0x000002334b086ec0 flushing  nmethod 0x0000023353adb090
Event: 18.562 Thread 0x000002334b086ec0 flushing  nmethod 0x0000023353ee3610
Event: 18.562 Thread 0x000002334b086ec0 flushing  nmethod 0x0000023353f89d90
Event: 18.563 Thread 0x000002334b086ec0 flushing  nmethod 0x00000233542c0d10
Event: 18.564 Thread 0x000002334b086ec0 flushing  nmethod 0x0000023354576c90
Event: 18.565 Thread 0x000002334b086ec0 flushing  nmethod 0x0000023354611a10
Event: 18.565 Thread 0x000002334b086ec0 flushing  nmethod 0x0000023354659010
Event: 18.565 Thread 0x000002334b086ec0 flushing  nmethod 0x0000023354672890
Event: 18.566 Thread 0x000002334b086ec0 flushing  nmethod 0x00000233548dea10

Events (20 events):
Event: 15.645 Thread 0x000002337b2896e0 Thread added: 0x0000023378984e40
Event: 15.652 Thread 0x000002337b2896e0 Thread added: 0x0000023378985350
Event: 15.666 Thread 0x000002337b2896e0 Thread added: 0x0000023378985860
Event: 15.685 Thread 0x000002337b2896e0 Thread added: 0x00000233789820b0
Event: 15.697 Thread 0x000002337b2896e0 Thread added: 0x0000023378985d70
Event: 15.701 Thread 0x000002337b2896e0 Thread added: 0x0000023378986280
Event: 15.702 Thread 0x000002337b2896e0 Thread added: 0x0000023378986790
Event: 15.737 Thread 0x000002337b2896e0 Thread added: 0x0000023378982fe0
Event: 15.739 Thread 0x0000023378985860 Thread added: 0x00000233789880e0
Event: 15.746 Thread 0x000002337b2896e0 Thread added: 0x00000233789885f0
Event: 15.756 Thread 0x000002337b2896e0 Thread added: 0x00000233789876c0
Event: 15.773 Thread 0x000002337b2896e0 Thread added: 0x0000023378986ca0
Event: 15.811 Thread 0x000002337b2896e0 Thread added: 0x000002337898a960
Event: 15.858 Thread 0x000002337b2896e0 Thread added: 0x000002337898a450
Event: 15.884 Thread 0x000002337b2896e0 Thread added: 0x0000023378989f40
Event: 17.740 Thread 0x000002336c42d650 Thread exited: 0x000002336c42d650
Event: 17.740 Thread 0x000002336c4026a0 Thread added: 0x000002337df6b5d0
Event: 18.140 Thread 0x000002336c4020d0 Thread added: 0x000002337df6cb10
Event: 19.979 Thread 0x000002337b2896e0 Thread added: 0x0000023378988b00
Event: 19.992 Thread 0x000002337b2896e0 Thread added: 0x000002337898b380


Dynamic libraries:
0x00007ff75eb00000 - 0x00007ff75eb0e000 	C:\jdk17\jdk-17.0.19+10\bin\java.exe
0x00007ffeee100000 - 0x00007ffeee367000 	C:\WINDOWS\SYSTEM32\ntdll.dll
0x00007ffeec0e0000 - 0x00007ffeec1a9000 	C:\WINDOWS\System32\KERNEL32.DLL
0x00007ffeeba80000 - 0x00007ffeebe77000 	C:\WINDOWS\System32\KERNELBASE.dll
0x00007ffeeaf40000 - 0x00007ffeeb08b000 	C:\WINDOWS\System32\ucrtbase.dll
0x00007ffee33f0000 - 0x00007ffee3408000 	C:\jdk17\jdk-17.0.19+10\bin\jli.dll
0x00007ffecc7e0000 - 0x00007ffecc7fe000 	C:\jdk17\jdk-17.0.19+10\bin\VCRUNTIME140.dll
0x00007ffeec540000 - 0x00007ffeec706000 	C:\WINDOWS\System32\USER32.dll
0x00007ffeeb990000 - 0x00007ffeeb9b7000 	C:\WINDOWS\System32\win32u.dll
0x00007ffeec710000 - 0x00007ffeec73b000 	C:\WINDOWS\System32\GDI32.dll
0x00007ffec8c50000 - 0x00007ffec8ee2000 	C:\WINDOWS\WinSxS\amd64_microsoft.windows.common-controls_6595b64144ccf1df_6.0.26100.8457_none_3e0b2faee331e92d\COMCTL32.dll
0x00007ffeeab30000 - 0x00007ffeeac5c000 	C:\WINDOWS\System32\gdi32full.dll
0x00007ffeede20000 - 0x00007ffeedec9000 	C:\WINDOWS\System32\msvcrt.dll
0x00007ffeeac60000 - 0x00007ffeead03000 	C:\WINDOWS\System32\msvcp_win.dll
0x00007ffeec010000 - 0x00007ffeec042000 	C:\WINDOWS\System32\IMM32.DLL
0x00007ffedfe20000 - 0x00007ffedfe2c000 	C:\jdk17\jdk-17.0.19+10\bin\vcruntime140_1.dll
0x00007ffea97f0000 - 0x00007ffea987d000 	C:\jdk17\jdk-17.0.19+10\bin\msvcp140.dll
0x00007ffe4d1b0000 - 0x00007ffe4de1c000 	C:\jdk17\jdk-17.0.19+10\bin\server\jvm.dll
0x00007ffeecfa0000 - 0x00007ffeed056000 	C:\WINDOWS\System32\ADVAPI32.dll
0x00007ffeec490000 - 0x00007ffeec537000 	C:\WINDOWS\System32\sechost.dll
0x00007ffeed840000 - 0x00007ffeed958000 	C:\WINDOWS\System32\RPCRT4.dll
0x00007ffeee030000 - 0x00007ffeee0b0000 	C:\WINDOWS\System32\WS2_32.dll
0x00007ffee9750000 - 0x00007ffee97ae000 	C:\WINDOWS\SYSTEM32\POWRPROF.dll
0x00007ffedf810000 - 0x00007ffedf81b000 	C:\WINDOWS\SYSTEM32\VERSION.dll
0x00007ffede500000 - 0x00007ffede536000 	C:\WINDOWS\SYSTEM32\WINMM.dll
0x00007ffee9730000 - 0x00007ffee9744000 	C:\WINDOWS\SYSTEM32\UMPDC.dll
0x00007ffee99e0000 - 0x00007ffee99fb000 	C:\WINDOWS\SYSTEM32\kernel.appcore.dll
0x00007ffecc340000 - 0x00007ffecc34a000 	C:\jdk17\jdk-17.0.19+10\bin\jimage.dll
0x00007ffee8ac0000 - 0x00007ffee8d02000 	C:\WINDOWS\SYSTEM32\DBGHELP.DLL
0x00007ffeed4b0000 - 0x00007ffeed833000 	C:\WINDOWS\System32\combase.dll
0x00007ffeecec0000 - 0x00007ffeecf99000 	C:\WINDOWS\System32\OLEAUT32.dll
0x00007ffeb6c20000 - 0x00007ffeb6c5b000 	C:\WINDOWS\SYSTEM32\dbgcore.DLL
0x00007ffeead10000 - 0x00007ffeeadb8000 	C:\WINDOWS\System32\bcryptPrimitives.dll
0x00007ffecc300000 - 0x00007ffecc30e000 	C:\jdk17\jdk-17.0.19+10\bin\instrument.dll
0x00007ffea97c0000 - 0x00007ffea97e5000 	C:\jdk17\jdk-17.0.19+10\bin\java.dll
0x00007ffea96e0000 - 0x00007ffea97b7000 	C:\jdk17\jdk-17.0.19+10\bin\jsvml.dll
0x00007ffeec740000 - 0x00007ffeeceae000 	C:\WINDOWS\System32\SHELL32.dll
0x00007ffeeb120000 - 0x00007ffeeb98c000 	C:\WINDOWS\System32\windows.storage.dll
0x00007ffeed2d0000 - 0x00007ffeed3c6000 	C:\WINDOWS\System32\SHCORE.dll
0x00007ffeebfa0000 - 0x00007ffeec006000 	C:\WINDOWS\System32\shlwapi.dll
0x00007ffeeaa50000 - 0x00007ffeeaa79000 	C:\WINDOWS\SYSTEM32\profapi.dll
0x00007ffecc240000 - 0x00007ffecc258000 	C:\jdk17\jdk-17.0.19+10\bin\zip.dll
0x00007ffecaa00000 - 0x00007ffecaa1a000 	C:\jdk17\jdk-17.0.19+10\bin\net.dll
0x00007ffee17a0000 - 0x00007ffee18c9000 	C:\WINDOWS\SYSTEM32\WINHTTP.dll
0x00007ffee9f50000 - 0x00007ffee9fbc000 	C:\WINDOWS\system32\mswsock.dll
0x00007ffeca950000 - 0x00007ffeca966000 	C:\jdk17\jdk-17.0.19+10\bin\nio.dll
0x00007ffecc2f0000 - 0x00007ffecc300000 	C:\jdk17\jdk-17.0.19+10\bin\verify.dll
0x00007ffea00c0000 - 0x00007ffea00e7000 	D:\.gradle\native\1def1411415f61bf3af743bc5b6707747c0891f09f0c88961ee8f79bc544acac\windows-amd64\native-platform.dll
0x00007ffea9920000 - 0x00007ffea9998000 	D:\.gradle\native\0.2.7\x86_64-windows-gnu\gradle-fileevents.dll
0x00007ffecc200000 - 0x00007ffecc20a000 	C:\jdk17\jdk-17.0.19+10\bin\management.dll
0x00007ffeca910000 - 0x00007ffeca91c000 	C:\jdk17\jdk-17.0.19+10\bin\management_ext.dll
0x00007ffeed240000 - 0x00007ffeed248000 	C:\WINDOWS\System32\PSAPI.DLL
0x00007ffee93b0000 - 0x00007ffee93e2000 	C:\WINDOWS\SYSTEM32\IPHLPAPI.DLL
0x00007ffeede00000 - 0x00007ffeede0a000 	C:\WINDOWS\System32\NSI.dll
0x00007ffee19c0000 - 0x00007ffee19dd000 	C:\WINDOWS\SYSTEM32\dhcpcsvc6.DLL
0x00007ffee1990000 - 0x00007ffee19b5000 	C:\WINDOWS\SYSTEM32\dhcpcsvc.DLL
0x00007ffee9450000 - 0x00007ffee9582000 	C:\WINDOWS\SYSTEM32\DNSAPI.dll
0x00007ffec9e10000 - 0x00007ffec9e19000 	C:\jdk17\jdk-17.0.19+10\bin\extnet.dll
0x00007ffeea230000 - 0x00007ffeea24b000 	C:\WINDOWS\SYSTEM32\CRYPTSP.dll
0x00007ffee9940000 - 0x00007ffee9979000 	C:\WINDOWS\system32\rsaenh.dll
0x00007ffeea000000 - 0x00007ffeea033000 	C:\WINDOWS\SYSTEM32\USERENV.dll
0x00007ffeeaa20000 - 0x00007ffeeaa4a000 	C:\WINDOWS\SYSTEM32\bcrypt.dll
0x00007ffeea250000 - 0x00007ffeea25c000 	C:\WINDOWS\SYSTEM32\CRYPTBASE.dll
0x00007ffec9e00000 - 0x00007ffec9e0e000 	C:\jdk17\jdk-17.0.19+10\bin\sunmscapi.dll
0x00007ffeeadc0000 - 0x00007ffeeaf38000 	C:\WINDOWS\System32\CRYPT32.dll
0x00007ffeea450000 - 0x00007ffeea480000 	C:\WINDOWS\SYSTEM32\ncrypt.dll
0x00007ffeea400000 - 0x00007ffeea43f000 	C:\WINDOWS\SYSTEM32\NTASN1.dll
0x00007ffea50f0000 - 0x00007ffea50f8000 	C:\WINDOWS\system32\wshunix.dll
0x00007ffe69820000 - 0x00007ffe699b1000 	C:\jdk17\jdk-17.0.19+10\bin\awt.dll
0x00007ffee5660000 - 0x00007ffee5700000 	C:\WINDOWS\SYSTEM32\apphelp.dll
0x00007ffee5af0000 - 0x00007ffee5b1f000 	C:\WINDOWS\system32\DWMAPI.DLL
0x00007ffee5810000 - 0x00007ffee58ba000 	C:\WINDOWS\system32\uxtheme.dll
0x00007ffee9b00000 - 0x00007ffee9b36000 	C:\WINDOWS\SYSTEM32\ntmarta.dll

dbghelp: loaded successfully - version: 4.0.5 - missing functions: none
symbol engine: initialized successfully - sym options: 0x614 - pdb path: .;C:\jdk17\jdk-17.0.19+10\bin;C:\WINDOWS\SYSTEM32;C:\WINDOWS\WinSxS\amd64_microsoft.windows.common-controls_6595b64144ccf1df_6.0.26100.8457_none_3e0b2faee331e92d;C:\jdk17\jdk-17.0.19+10\bin\server;D:\.gradle\native\1def1411415f61bf3af743bc5b6707747c0891f09f0c88961ee8f79bc544acac\windows-amd64;D:\.gradle\native\0.2.7\x86_64-windows-gnu

VM Arguments:
jvm_args: --add-opens=java.base/java.lang=ALL-UNNAMED --add-opens=java.base/java.lang.invoke=ALL-UNNAMED --add-opens=java.base/java.util=ALL-UNNAMED --add-opens=java.prefs/java.util.prefs=ALL-UNNAMED --add-exports=jdk.compiler/com.sun.tools.javac.api=ALL-UNNAMED --add-exports=jdk.compiler/com.sun.tools.javac.util=ALL-UNNAMED --add-opens=java.base/java.util=ALL-UNNAMED --add-opens=java.prefs/java.util.prefs=ALL-UNNAMED --add-opens=java.base/java.nio.charset=ALL-UNNAMED --add-opens=java.base/java.net=ALL-UNNAMED --add-opens=java.base/java.util.concurrent.atomic=ALL-UNNAMED --add-opens=java.xml/javax.xml.namespace=ALL-UNNAMED -XX:+UseParallelGC -XX:MaxMetaspaceSize=512m -XX:+HeapDumpOnOutOfMemoryError -Xms256m -Xmx4g -Dfile.encoding=UTF-8 -Duser.country=CN -Duser.language=zh -Duser.variant -javaagent:D:\.gradle\wrapper\dists\gradle-8.14.4-bin\a40rex9zy7wh6ckico3kypz1j\gradle-8.14.4\lib\agents\gradle-instrumentation-agent-8.14.4.jar 
java_command: org.gradle.launcher.daemon.bootstrap.GradleDaemon 8.14.4
java_class_path (initial): D:\.gradle\wrapper\dists\gradle-8.14.4-bin\a40rex9zy7wh6ckico3kypz1j\gradle-8.14.4\lib\gradle-daemon-main-8.14.4.jar
Launcher Type: SUN_STANDARD

[Global flags]
     intx CICompilerCount                          = 12                                        {product} {ergonomic}
   size_t CompressedClassSpaceSize                 = 436207616                                 {product} {ergonomic}
     bool HeapDumpOnOutOfMemoryError               = true                                   {manageable} {command line}
   size_t InitialHeapSize                          = 268435456                                 {product} {command line}
   size_t MaxHeapSize                              = 4294967296                                {product} {command line}
   size_t MaxMetaspaceSize                         = 536870912                                 {product} {command line}
   size_t MaxNewSize                               = 1431306240                                {product} {ergonomic}
   size_t MinHeapDeltaBytes                        = 524288                                    {product} {ergonomic}
   size_t MinHeapSize                              = 268435456                                 {product} {command line}
   size_t NewSize                                  = 89128960                                  {product} {ergonomic}
    uintx NonNMethodCodeHeapSize                   = 7602480                                {pd product} {ergonomic}
    uintx NonProfiledCodeHeapSize                  = 122027880                              {pd product} {ergonomic}
   size_t OldSize                                  = 179306496                                 {product} {ergonomic}
    uintx ProfiledCodeHeapSize                     = 122027880                              {pd product} {ergonomic}
    uintx ReservedCodeCacheSize                    = 251658240                              {pd product} {ergonomic}
     bool SegmentedCodeCache                       = true                                      {product} {ergonomic}
   size_t SoftMaxHeapSize                          = 4294967296                             {manageable} {ergonomic}
     bool UseCompressedClassPointers               = true                           {product lp64_product} {ergonomic}
     bool UseCompressedOops                        = true                           {product lp64_product} {ergonomic}
     bool UseLargePagesIndividualAllocation        = false                                  {pd product} {ergonomic}
     bool UseParallelGC                            = true                                      {product} {command line}

Logging:
Log output configuration:
 #0: stdout all=warning uptime,level,tags
 #1: stderr all=off uptime,level,tags

Environment Variables:
JAVA_HOME=C:\jdk17\jdk-17.0.19+10
CLASSPATH=D:\legado-Sigma-2026-main\\gradle\wrapper\gradle-wrapper.jar
PATH=D:\Microsoft VS Code;C:\WINDOWS\system32;C:\WINDOWS;C:\WINDOWS\System32\Wbem;C:\WINDOWS\System32\WindowsPowerShell\v1.0\;C:\WINDOWS\System32\OpenSSH\;C:\Program Files\Bandizip\;C:\Program Files\dotnet\;D:\QT\Tools\mingw1310_64\bin;C:\Program Files\Calibre2\;C:\Users\lxy\AppData\Local\Microsoft\WindowsApps;C:\Users\lxy\AppData\Local\Python\bin;D:\Microsoft VS Code\bin;C:\jdk17\jdk-17.0.19+10\bin
USERNAME=lxy
OS=Windows_NT
PROCESSOR_IDENTIFIER=Intel64 Family 6 Model 191 Stepping 2, GenuineIntel
TMP=C:\Users\lxy\AppData\Local\Temp
TEMP=C:\Users\lxy\AppData\Local\Temp



Periodic native trim disabled


---------------  S Y S T E M  ---------------

OS:
 Windows 11 , 64 bit Build 26100 (10.0.26100.8328)
OS uptime: 0 days 3:54 hours

CPU: total 24 (initial active 24) (12 cores per cpu, 2 threads per core) family 6 model 191 stepping 2 microcode 0x37, cx8, cmov, fxsr, ht, mmx, 3dnowpref, sse, sse2, sse3, ssse3, sse4.1, sse4.2, popcnt, lzcnt, tsc, tscinvbit, avx, avx2, aes, erms, clmul, bmi1, bmi2, adx, sha, fma, vzeroupper, clflush, clflushopt, clwb
Processor Information for processor 0
  Max Mhz: 2100, Current Mhz: 1453, Mhz Limit: 2100
Processor Information for processor 1
  Max Mhz: 2100, Current Mhz: 2100, Mhz Limit: 2100
Processor Information for processor 2
  Max Mhz: 2100, Current Mhz: 2100, Mhz Limit: 2100
Processor Information for processor 3
  Max Mhz: 2100, Current Mhz: 1453, Mhz Limit: 2100
Processor Information for processor 4
  Max Mhz: 2100, Current Mhz: 2100, Mhz Limit: 2100
Processor Information for processor 5
  Max Mhz: 2100, Current Mhz: 1453, Mhz Limit: 2100
Processor Information for processor 6
  Max Mhz: 2100, Current Mhz: 2100, Mhz Limit: 2100
Processor Information for processor 7
  Max Mhz: 2100, Current Mhz: 2100, Mhz Limit: 2100
Processor Information for processor 8
  Max Mhz: 2100, Current Mhz: 2100, Mhz Limit: 2100
Processor Information for processor 9
  Max Mhz: 2100, Current Mhz: 2100, Mhz Limit: 2100
Processor Information for processor 10
  Max Mhz: 2100, Current Mhz: 2100, Mhz Limit: 2100
Processor Information for processor 11
  Max Mhz: 2100, Current Mhz: 2100, Mhz Limit: 2100
Processor Information for processor 12
  Max Mhz: 2100, Current Mhz: 2100, Mhz Limit: 2100
Processor Information for processor 13
  Max Mhz: 2100, Current Mhz: 2100, Mhz Limit: 2100
Processor Information for processor 14
  Max Mhz: 2100, Current Mhz: 2100, Mhz Limit: 2100
Processor Information for processor 15
  Max Mhz: 2100, Current Mhz: 2100, Mhz Limit: 2100
Processor Information for processor 16
  Max Mhz: 2100, Current Mhz: 2100, Mhz Limit: 2100
Processor Information for processor 17
  Max Mhz: 2100, Current Mhz: 2100, Mhz Limit: 2100
Processor Information for processor 18
  Max Mhz: 2100, Current Mhz: 2100, Mhz Limit: 2100
Processor Information for processor 19
  Max Mhz: 2100, Current Mhz: 2100, Mhz Limit: 2100
Processor Information for processor 20
  Max Mhz: 2100, Current Mhz: 2100, Mhz Limit: 2100
Processor Information for processor 21
  Max Mhz: 2100, Current Mhz: 1540, Mhz Limit: 2100
Processor Information for processor 22
  Max Mhz: 2100, Current Mhz: 1540, Mhz Limit: 2100
Processor Information for processor 23
  Max Mhz: 2100, Current Mhz: 2100, Mhz Limit: 2100

Memory: 4k page, system-wide physical 14029M (741M free)
TotalPageFile size 24146M (AvailPageFile size 11M)
current process WorkingSet (physical memory assigned to process): 848M, peak: 855M
current process commit charge ("private bytes"): 1043M, peak: 1205M

vm_info: OpenJDK 64-Bit Server VM (17.0.19+10) for windows-amd64 JRE (17.0.19+10), built on Apr 25 2026 08:04:44 by "admin" with MS VC++ 17.12 (VS2022)

END.
