#
# There is insufficient memory for the Java Runtime Environment to continue.
# Native memory allocation (malloc) failed to allocate 1386720 bytes. Error detail: Chunk::new
# Possible reasons:
#   The system is out of physical RAM or swap space
#   This process is running with CompressedOops enabled, and the Java Heap may be blocking the growth of the native heap
# Possible solutions:
#   Reduce memory load on the system
#   Increase physical memory or swap space
#   Check if swap backing store is full
#   Decrease Java heap size (-Xmx/-Xms)
#   Decrease number of Java threads
#   Decrease Java thread stack sizes (-Xss)
#   Set larger code cache with -XX:ReservedCodeCacheSize=
#   JVM is running with Zero Based Compressed Oops mode in which the Java heap is
#     placed in the first 32GB address space. The Java Heap base address is the
#     maximum limit for the native heap growth. Please use -XX:HeapBaseMinAddress
#     to set the Java Heap base and to place the Java Heap above 32GB virtual address.
# This output file may be truncated or incomplete.
#
#  Out of Memory Error (arena.cpp:191), pid=27276, tid=11352
#
# JRE version: OpenJDK Runtime Environment Temurin-17.0.19+10 (17.0.19+10) (build 17.0.19+10)
# Java VM: OpenJDK 64-Bit Server VM Temurin-17.0.19+10 (17.0.19+10, mixed mode, sharing, tiered, compressed oops, compressed class ptrs, parallel gc, windows-amd64)
# No core dump will be written. Minidumps are not enabled by default on client versions of Windows
#

---------------  S U M M A R Y ------------

Command Line: --add-opens=java.base/java.lang=ALL-UNNAMED --add-opens=java.base/java.lang.invoke=ALL-UNNAMED --add-opens=java.base/java.util=ALL-UNNAMED --add-opens=java.prefs/java.util.prefs=ALL-UNNAMED --add-exports=jdk.compiler/com.sun.tools.javac.api=ALL-UNNAMED --add-exports=jdk.compiler/com.sun.tools.javac.util=ALL-UNNAMED --add-opens=java.base/java.util=ALL-UNNAMED --add-opens=java.prefs/java.util.prefs=ALL-UNNAMED --add-opens=java.base/java.nio.charset=ALL-UNNAMED --add-opens=java.base/java.net=ALL-UNNAMED --add-opens=java.base/java.util.concurrent.atomic=ALL-UNNAMED --add-opens=java.xml/javax.xml.namespace=ALL-UNNAMED -XX:+UseParallelGC -XX:MaxMetaspaceSize=512m -XX:+HeapDumpOnOutOfMemoryError -Xms256m -Xmx4g -Dfile.encoding=UTF-8 -Duser.country=CN -Duser.language=zh -Duser.variant -javaagent:D:\.gradle\wrapper\dists\gradle-8.14.4-bin\a40rex9zy7wh6ckico3kypz1j\gradle-8.14.4\lib\agents\gradle-instrumentation-agent-8.14.4.jar org.gradle.launcher.daemon.bootstrap.GradleDaemon 8.14.4

Host: 13th Gen Intel(R) Core(TM) i7-13700HX, 24 cores, 13G,  Windows 11 , 64 bit Build 26100 (10.0.26100.8328)
Time: Mon May 18 21:04:59 2026  Windows 11 , 64 bit Build 26100 (10.0.26100.8328) elapsed time: 40.476657 seconds (0d 0h 0m 40s)

---------------  T H R E A D  ---------------

Current thread (0x0000023903436050):  JavaThread "C2 CompilerThread1" daemon [_thread_in_native, id=11352, stack(0x000000554b600000,0x000000554b700000)]


Current CompileTask:
C2:40476 15619       4       org.gradle.api.internal.artifacts.ModuleComponentSelectorSerializer::read (50 bytes)

Stack: [0x000000554b600000,0x000000554b700000]
Native frames: (J=compiled Java code, j=interpreted, Vv=VM code, C=native code)
V  [jvm.dll+0x684b29]
V  [jvm.dll+0x83a2d5]
V  [jvm.dll+0x83bd4e]
V  [jvm.dll+0x83c3d3]
V  [jvm.dll+0x24905f]
V  [jvm.dll+0xad536]
V  [jvm.dll+0xadbdc]
V  [jvm.dll+0x368d9e]
V  [jvm.dll+0x3331d5]
V  [jvm.dll+0x33263a]
V  [jvm.dll+0x219e69]
V  [jvm.dll+0x2192af]
V  [jvm.dll+0x1a49f0]
V  [jvm.dll+0x2299fa]
V  [jvm.dll+0x227bab]
V  [jvm.dll+0x7f0a88]
V  [jvm.dll+0x7eaf1c]
V  [jvm.dll+0x6839f7]
C  [ucrtbase.dll+0x37b0]
C  [KERNEL32.DLL+0x2e957]
C  [ntdll.dll+0x427c]


---------------  P R O C E S S  ---------------

Threads class SMR info:
_java_thread_list=0x000002390c5b8e20, length=167, elements={
0x00000239359996c0, 0x00000239576b6e80, 0x00000239576b88e0, 0x0000023973d10210,
0x0000023973d12af0, 0x0000023973d14f40, 0x0000023973d16380, 0x0000023973d1a410,
0x0000023973d3ea90, 0x0000023935a44340, 0x00000239359fc860, 0x0000023973e30950,
0x0000023973f8af60, 0x000002397c682b40, 0x000002397ce48f70, 0x000002397b54a500,
0x000002397b400d60, 0x000002397b401610, 0x000002397b3ccaa0, 0x000002397b3ccfb0,
0x000002397b3ce3f0, 0x000002397b3cee10, 0x000002397b3cd4c0, 0x000002397b3cf320,
0x000002397b3d0250, 0x000002397b3cd9d0, 0x000002397cf89dc0, 0x000002397b3ce900,
0x000002397b3cf830, 0x000002397b3cfd40, 0x000002397d7a1a20, 0x000002397d7a0af0,
0x000002397d7a1f30, 0x000002397d7a1000, 0x000002397d7a2e60, 0x000002397d7a3370,
0x000002397d7a3880, 0x000002397d7a00d0, 0x000002397d7a3d90, 0x000002397d7a47b0,
0x000002397d7a42a0, 0x000002397d7a4cc0, 0x000002397d7a1510, 0x000002397d7a51d0,
0x000002397d7a6b20, 0x000002397d7a7030, 0x000002397d7a56e0, 0x000002397d7a5bf0,
0x000002397d7a7a50, 0x000002397d7a6100, 0x000002397d7a6610, 0x000002397d7a7540,
0x0000023900754350, 0x0000023900754860, 0x0000023900752a00, 0x0000023900754d70,
0x0000023900753420, 0x0000023900755ca0, 0x0000023900752f10, 0x0000023900755280,
0x0000023900755790, 0x00000239007524f0, 0x0000023900753930, 0x0000023900753e40,
0x00000239029461a0, 0x0000023902948a20, 0x00000239029475e0, 0x0000023902948510,
0x00000239029466b0, 0x0000023902945780, 0x0000023902945270, 0x0000023902946bc0,
0x0000023902947af0, 0x0000023902948f30, 0x00000239029470d0, 0x0000023902948000,
0x0000023902949440, 0x0000023902945c90, 0x000002390294c1d0, 0x000002390294cbf0,
0x000002390294c6e0, 0x000002390294b7b0, 0x000002390294bcc0, 0x000002390294b2a0,
0x0000023902949950, 0x0000023902949e60, 0x000002390294a370, 0x000002390294a880,
0x000002390294ad90, 0x00000239005ed270, 0x00000239005ea4e0, 0x00000239005eaf00,
0x00000239005e9ac0, 0x00000239005eb920, 0x00000239005ea9f0, 0x00000239005ecd60,
0x00000239005eb410, 0x00000239005ebe30, 0x00000239005ec340, 0x00000239005ec850,
0x00000239005ed780, 0x00000239005e9fd0, 0x00000239005eebc0, 0x00000239005ef5e0,
0x00000239005ee6b0, 0x00000239005f0a20, 0x00000239005ef0d0, 0x00000239005f0f30,
0x00000239005f1440, 0x00000239005edc90, 0x00000239005ee1a0, 0x0000023900f726d0,
0x0000023900f70870, 0x0000023900f71cb0, 0x0000023900f71290, 0x0000023900f70360,
0x0000023900f75e80, 0x0000023900f76390, 0x0000023900f777d0, 0x0000023900f74a40,
0x0000023900f772c0, 0x0000023900f74f50, 0x0000023900f75460, 0x0000023900f75970,
0x000002397d7a05e0, 0x000002397f3a17d0, 0x000002397f3a3120, 0x000002397f3a3630,
0x000002397f3a2c10, 0x000002397f3a1ce0, 0x000002397f3a3b40, 0x000002397f3a4050,
0x000002397f3a4560, 0x000002397f3a4a70, 0x000002397f3a2700, 0x000002397f3a5490,
0x000002397f3a8c40, 0x000002397f3a5eb0, 0x000002397f3a6de0, 0x000002397f3a9150,
0x000002397f3a7d10, 0x000002397f3a8730, 0x000002397f3a68d0, 0x000002397f3a63c0,
0x000002397f3a72f0, 0x0000023901d02750, 0x0000023901d04ac0, 0x0000023901d059f0,
0x0000023901d040a0, 0x0000023901d045b0, 0x0000023901d05f00, 0x0000023901d06410,
0x0000023901d054e0, 0x0000023901d03680, 0x0000023901d03b90, 0x0000023901d02c60,
0x0000023901d07850, 0x0000023901d03170, 0x0000023901d07340, 0x0000023901d06920,
0x0000023901d06e30, 0x0000023901d07d60, 0x0000023901d08780, 0x0000023903436050,
0x00000239034365a0, 0x0000023903439020, 0x0000023903435b00
}

Java Threads: ( => current thread )
  0x00000239359996c0 JavaThread "main" [_thread_blocked, id=7408, stack(0x0000005547a00000,0x0000005547b00000)]
  0x00000239576b6e80 JavaThread "Reference Handler" daemon [_thread_blocked, id=5360, stack(0x0000005547d00000,0x0000005547e00000)]
  0x00000239576b88e0 JavaThread "Finalizer" daemon [_thread_blocked, id=29292, stack(0x0000005547e00000,0x0000005547f00000)]
  0x0000023973d10210 JavaThread "Signal Dispatcher" daemon [_thread_blocked, id=908, stack(0x0000005547f00000,0x0000005548000000)]
  0x0000023973d12af0 JavaThread "Attach Listener" daemon [_thread_blocked, id=4204, stack(0x0000005548000000,0x0000005548100000)]
  0x0000023973d14f40 JavaThread "Service Thread" daemon [_thread_blocked, id=26264, stack(0x0000005548100000,0x0000005548200000)]
  0x0000023973d16380 JavaThread "Monitor Deflation Thread" daemon [_thread_blocked, id=17148, stack(0x0000005548200000,0x0000005548300000)]
  0x0000023973d1a410 JavaThread "C2 CompilerThread0" daemon [_thread_in_native, id=26372, stack(0x0000005548300000,0x0000005548400000)]
  0x0000023973d3ea90 JavaThread "C1 CompilerThread0" daemon [_thread_in_native, id=25656, stack(0x0000005548400000,0x0000005548500000)]
  0x0000023935a44340 JavaThread "Sweeper thread" daemon [_thread_blocked, id=24532, stack(0x0000005548500000,0x0000005548600000)]
  0x00000239359fc860 JavaThread "Common-Cleaner" daemon [_thread_blocked, id=23924, stack(0x0000005548600000,0x0000005548700000)]
  0x0000023973e30950 JavaThread "C1 CompilerThread1" daemon [_thread_in_native, id=26464, stack(0x0000005548700000,0x0000005548800000)]
  0x0000023973f8af60 JavaThread "Notification Thread" daemon [_thread_blocked, id=26384, stack(0x0000005548b00000,0x0000005548c00000)]
  0x000002397c682b40 JavaThread "Daemon health stats" [_thread_blocked, id=2212, stack(0x0000005548a00000,0x0000005548b00000)]
  0x000002397ce48f70 JavaThread "Incoming local TCP Connector on port 52598" [_thread_in_native, id=24892, stack(0x0000005549400000,0x0000005549500000)]
  0x000002397b54a500 JavaThread "Daemon periodic checks" [_thread_blocked, id=21648, stack(0x0000005549500000,0x0000005549600000)]
  0x000002397b400d60 JavaThread "Daemon" [_thread_blocked, id=22852, stack(0x0000005549600000,0x0000005549700000)]
  0x000002397b401610 JavaThread "Handler for socket connection from /127.0.0.1:52598 to /127.0.0.1:52600" [_thread_in_native, id=27004, stack(0x0000005549700000,0x0000005549800000)]
  0x000002397b3ccaa0 JavaThread "Cancel handler" [_thread_blocked, id=13184, stack(0x0000005549800000,0x0000005549900000)]
  0x000002397b3ccfb0 JavaThread "Daemon worker" [_thread_blocked, id=24916, stack(0x0000005549900000,0x0000005549a00000)]
  0x000002397b3ce3f0 JavaThread "Asynchronous log dispatcher for DefaultDaemonConnection: socket connection from /127.0.0.1:52598 to /127.0.0.1:52600" [_thread_blocked, id=22088, stack(0x0000005549a00000,0x0000005549b00000)]
  0x000002397b3cee10 JavaThread "Stdin handler" [_thread_blocked, id=24260, stack(0x0000005549b00000,0x0000005549c00000)]
  0x000002397b3cd4c0 JavaThread "Daemon client event forwarder" [_thread_blocked, id=4104, stack(0x0000005549c00000,0x0000005549d00000)]
  0x000002397b3cf320 JavaThread "Cache worker for journal cache (D:\.gradle\caches\journal-1)" [_thread_blocked, id=14592, stack(0x0000005549d00000,0x0000005549e00000)]
  0x000002397b3d0250 JavaThread "File lock request listener" [_thread_in_native, id=15332, stack(0x0000005549e00000,0x0000005549f00000)]
  0x000002397b3cd9d0 JavaThread "Cache worker for file hash cache (D:\.gradle\caches\8.14.4\fileHashes)" [_thread_blocked, id=4468, stack(0x0000005549f00000,0x000000554a000000)]
  0x000002397cf89dc0 JavaThread "C1 CompilerThread2" daemon [_thread_blocked, id=29284, stack(0x000000554aa00000,0x000000554ab00000)]
  0x000002397b3ce900 JavaThread "Cache worker for file hash cache (D:\legado-Sigma-2026-main\.gradle\8.14.4\fileHashes)" [_thread_blocked, id=27368, stack(0x000000554ab00000,0x000000554ac00000)]
  0x000002397b3cf830 JavaThread "Cache worker for Build Output Cleanup Cache (D:\legado-Sigma-2026-main\.gradle\buildOutputCleanup)" [_thread_blocked, id=28256, stack(0x000000554ac00000,0x000000554ad00000)]
  0x000002397b3cfd40 JavaThread "File watcher server" daemon [_thread_in_native, id=14452, stack(0x000000554ad00000,0x000000554ae00000)]
  0x000002397d7a1a20 JavaThread "File watcher consumer" daemon [_thread_blocked, id=28484, stack(0x000000554ae00000,0x000000554af00000)]
  0x000002397d7a0af0 JavaThread "jar transforms" [_thread_blocked, id=29012, stack(0x000000554b100000,0x000000554b200000)]
  0x000002397d7a1f30 JavaThread "Cache worker for checksums cache (D:\legado-Sigma-2026-main\.gradle\8.14.4\checksums)" [_thread_blocked, id=23440, stack(0x0000005548800000,0x0000005548900000)]
  0x000002397d7a1000 JavaThread "Cache worker for file content cache (D:\.gradle\caches\8.14.4\fileContent)" [_thread_blocked, id=27040, stack(0x0000005548900000,0x0000005548a00000)]
  0x000002397d7a2e60 JavaThread "Cache worker for cache directory md-supplier (D:\.gradle\caches\8.14.4\md-supplier)" [_thread_blocked, id=10976, stack(0x000000554b200000,0x000000554b300000)]
  0x000002397d7a3370 JavaThread "Cache worker for cache directory md-rule (D:\.gradle\caches\8.14.4\md-rule)" [_thread_blocked, id=3408, stack(0x000000554b300000,0x000000554b400000)]
  0x000002397d7a3880 JavaThread "Problems report writer" [_thread_blocked, id=23376, stack(0x000000554b400000,0x000000554b500000)]
  0x000002397d7a00d0 JavaThread "jar transforms Thread 2" [_thread_blocked, id=28088, stack(0x000000554b500000,0x000000554b600000)]
  0x000002397d7a3d90 JavaThread "jar transforms Thread 3" [_thread_blocked, id=29424, stack(0x000000554bc00000,0x000000554bd00000)]
  0x000002397d7a47b0 JavaThread "Unconstrained build operations" [_thread_blocked, id=1628, stack(0x000000554ba00000,0x000000554bb00000)]
  0x000002397d7a42a0 JavaThread "Unconstrained build operations Thread 2" [_thread_blocked, id=10048, stack(0x000000554bb00000,0x000000554bc00000)]
  0x000002397d7a4cc0 JavaThread "Unconstrained build operations Thread 3" [_thread_blocked, id=12192, stack(0x000000554bd00000,0x000000554be00000)]
  0x000002397d7a1510 JavaThread "Unconstrained build operations Thread 4" [_thread_blocked, id=23592, stack(0x000000554be00000,0x000000554bf00000)]
  0x000002397d7a51d0 JavaThread "Unconstrained build operations Thread 5" [_thread_blocked, id=23264, stack(0x000000554bf00000,0x000000554c000000)]
  0x000002397d7a6b20 JavaThread "Unconstrained build operations Thread 6" [_thread_blocked, id=23900, stack(0x000000554c000000,0x000000554c100000)]
  0x000002397d7a7030 JavaThread "Unconstrained build operations Thread 7" [_thread_blocked, id=25772, stack(0x000000554c100000,0x000000554c200000)]
  0x000002397d7a56e0 JavaThread "Unconstrained build operations Thread 8" [_thread_blocked, id=5392, stack(0x000000554c200000,0x000000554c300000)]
  0x000002397d7a5bf0 JavaThread "Unconstrained build operations Thread 9" [_thread_blocked, id=18808, stack(0x000000554c300000,0x000000554c400000)]
  0x000002397d7a7a50 JavaThread "Unconstrained build operations Thread 10" [_thread_blocked, id=26936, stack(0x000000554c400000,0x000000554c500000)]
  0x000002397d7a6100 JavaThread "Unconstrained build operations Thread 11" [_thread_blocked, id=9716, stack(0x000000554c500000,0x000000554c600000)]
  0x000002397d7a6610 JavaThread "Unconstrained build operations Thread 12" [_thread_blocked, id=28360, stack(0x000000554c600000,0x000000554c700000)]
  0x000002397d7a7540 JavaThread "Unconstrained build operations Thread 13" [_thread_blocked, id=17292, stack(0x000000554c700000,0x000000554c800000)]
  0x0000023900754350 JavaThread "Unconstrained build operations Thread 14" [_thread_blocked, id=17772, stack(0x000000554c800000,0x000000554c900000)]
  0x0000023900754860 JavaThread "Unconstrained build operations Thread 15" [_thread_blocked, id=11880, stack(0x000000554c900000,0x000000554ca00000)]
  0x0000023900752a00 JavaThread "Unconstrained build operations Thread 16" [_thread_blocked, id=28280, stack(0x000000554ca00000,0x000000554cb00000)]
  0x0000023900754d70 JavaThread "Unconstrained build operations Thread 17" [_thread_blocked, id=2276, stack(0x000000554cb00000,0x000000554cc00000)]
  0x0000023900753420 JavaThread "Unconstrained build operations Thread 18" [_thread_blocked, id=10644, stack(0x000000554cc00000,0x000000554cd00000)]
  0x0000023900755ca0 JavaThread "Unconstrained build operations Thread 19" [_thread_blocked, id=19624, stack(0x000000554cd00000,0x000000554ce00000)]
  0x0000023900752f10 JavaThread "Unconstrained build operations Thread 20" [_thread_blocked, id=15764, stack(0x000000554ce00000,0x000000554cf00000)]
  0x0000023900755280 JavaThread "Unconstrained build operations Thread 21" [_thread_blocked, id=24312, stack(0x000000554cf00000,0x000000554d000000)]
  0x0000023900755790 JavaThread "Unconstrained build operations Thread 22" [_thread_blocked, id=5976, stack(0x000000554d000000,0x000000554d100000)]
  0x00000239007524f0 JavaThread "Unconstrained build operations Thread 23" [_thread_blocked, id=26352, stack(0x000000554d100000,0x000000554d200000)]
  0x0000023900753930 JavaThread "Unconstrained build operations Thread 24" [_thread_blocked, id=25920, stack(0x000000554d200000,0x000000554d300000)]
  0x0000023900753e40 JavaThread "Unconstrained build operations Thread 25" [_thread_blocked, id=25444, stack(0x000000554d300000,0x000000554d400000)]
  0x00000239029461a0 JavaThread "Unconstrained build operations Thread 26" [_thread_blocked, id=23300, stack(0x000000554d400000,0x000000554d500000)]
  0x0000023902948a20 JavaThread "Unconstrained build operations Thread 27" [_thread_blocked, id=17072, stack(0x000000554d500000,0x000000554d600000)]
  0x00000239029475e0 JavaThread "Unconstrained build operations Thread 28" [_thread_blocked, id=24152, stack(0x000000554d600000,0x000000554d700000)]
  0x0000023902948510 JavaThread "Unconstrained build operations Thread 29" [_thread_blocked, id=28040, stack(0x000000554d700000,0x000000554d800000)]
  0x00000239029466b0 JavaThread "Unconstrained build operations Thread 30" [_thread_blocked, id=13592, stack(0x000000554d800000,0x000000554d900000)]
  0x0000023902945780 JavaThread "Unconstrained build operations Thread 31" [_thread_blocked, id=21108, stack(0x000000554d900000,0x000000554da00000)]
  0x0000023902945270 JavaThread "Unconstrained build operations Thread 32" [_thread_blocked, id=19404, stack(0x000000554da00000,0x000000554db00000)]
  0x0000023902946bc0 JavaThread "Unconstrained build operations Thread 33" [_thread_blocked, id=9984, stack(0x000000554db00000,0x000000554dc00000)]
  0x0000023902947af0 JavaThread "Unconstrained build operations Thread 34" [_thread_blocked, id=15396, stack(0x000000554dc00000,0x000000554dd00000)]
  0x0000023902948f30 JavaThread "Unconstrained build operations Thread 35" [_thread_blocked, id=14492, stack(0x000000554dd00000,0x000000554de00000)]
  0x00000239029470d0 JavaThread "Unconstrained build operations Thread 36" [_thread_blocked, id=28272, stack(0x000000554de00000,0x000000554df00000)]
  0x0000023902948000 JavaThread "Unconstrained build operations Thread 37" [_thread_blocked, id=17108, stack(0x000000554df00000,0x000000554e000000)]
  0x0000023902949440 JavaThread "Unconstrained build operations Thread 38" [_thread_blocked, id=24164, stack(0x000000554e000000,0x000000554e100000)]
  0x0000023902945c90 JavaThread "Unconstrained build operations Thread 39" [_thread_blocked, id=2700, stack(0x000000554e100000,0x000000554e200000)]
  0x000002390294c1d0 JavaThread "Unconstrained build operations Thread 40" [_thread_blocked, id=14148, stack(0x000000554e200000,0x000000554e300000)]
  0x000002390294cbf0 JavaThread "Unconstrained build operations Thread 41" [_thread_blocked, id=4448, stack(0x000000554e300000,0x000000554e400000)]
  0x000002390294c6e0 JavaThread "Unconstrained build operations Thread 42" [_thread_blocked, id=15596, stack(0x000000554e400000,0x000000554e500000)]
  0x000002390294b7b0 JavaThread "Unconstrained build operations Thread 43" [_thread_blocked, id=18228, stack(0x000000554e500000,0x000000554e600000)]
  0x000002390294bcc0 JavaThread "Unconstrained build operations Thread 44" [_thread_blocked, id=23796, stack(0x000000554e600000,0x000000554e700000)]
  0x000002390294b2a0 JavaThread "Unconstrained build operations Thread 45" [_thread_blocked, id=21292, stack(0x000000554e700000,0x000000554e800000)]
  0x0000023902949950 JavaThread "Unconstrained build operations Thread 46" [_thread_blocked, id=21204, stack(0x000000554e800000,0x000000554e900000)]
  0x0000023902949e60 JavaThread "Unconstrained build operations Thread 47" [_thread_blocked, id=23092, stack(0x000000554e900000,0x000000554ea00000)]
  0x000002390294a370 JavaThread "Unconstrained build operations Thread 48" [_thread_blocked, id=27156, stack(0x000000554ea00000,0x000000554eb00000)]
  0x000002390294a880 JavaThread "Unconstrained build operations Thread 49" [_thread_blocked, id=14676, stack(0x000000554eb00000,0x000000554ec00000)]
  0x000002390294ad90 JavaThread "Unconstrained build operations Thread 50" [_thread_blocked, id=12244, stack(0x000000554ec00000,0x000000554ed00000)]
  0x00000239005ed270 JavaThread "Unconstrained build operations Thread 51" [_thread_blocked, id=27304, stack(0x000000554ed00000,0x000000554ee00000)]
  0x00000239005ea4e0 JavaThread "Unconstrained build operations Thread 52" [_thread_blocked, id=27456, stack(0x000000554ee00000,0x000000554ef00000)]
  0x00000239005eaf00 JavaThread "Unconstrained build operations Thread 53" [_thread_blocked, id=19760, stack(0x000000554ef00000,0x000000554f000000)]
  0x00000239005e9ac0 JavaThread "Unconstrained build operations Thread 54" [_thread_blocked, id=2776, stack(0x000000554f000000,0x000000554f100000)]
  0x00000239005eb920 JavaThread "Unconstrained build operations Thread 55" [_thread_blocked, id=22392, stack(0x000000554f100000,0x000000554f200000)]
  0x00000239005ea9f0 JavaThread "Unconstrained build operations Thread 56" [_thread_blocked, id=17692, stack(0x000000554f200000,0x000000554f300000)]
  0x00000239005ecd60 JavaThread "Unconstrained build operations Thread 57" [_thread_blocked, id=13708, stack(0x000000554f300000,0x000000554f400000)]
  0x00000239005eb410 JavaThread "Unconstrained build operations Thread 58" [_thread_blocked, id=18964, stack(0x000000554f400000,0x000000554f500000)]
  0x00000239005ebe30 JavaThread "Unconstrained build operations Thread 59" [_thread_blocked, id=24660, stack(0x000000554f500000,0x000000554f600000)]
  0x00000239005ec340 JavaThread "Unconstrained build operations Thread 60" [_thread_blocked, id=5480, stack(0x000000554f600000,0x000000554f700000)]
  0x00000239005ec850 JavaThread "Unconstrained build operations Thread 61" [_thread_blocked, id=25840, stack(0x000000554f700000,0x000000554f800000)]
  0x00000239005ed780 JavaThread "Unconstrained build operations Thread 62" [_thread_blocked, id=19408, stack(0x000000554f800000,0x000000554f900000)]
  0x00000239005e9fd0 JavaThread "Unconstrained build operations Thread 63" [_thread_blocked, id=15528, stack(0x000000554f900000,0x000000554fa00000)]
  0x00000239005eebc0 JavaThread "Unconstrained build operations Thread 64" [_thread_blocked, id=28612, stack(0x000000554fa00000,0x000000554fb00000)]
  0x00000239005ef5e0 JavaThread "Unconstrained build operations Thread 65" [_thread_blocked, id=25276, stack(0x000000554fb00000,0x000000554fc00000)]
  0x00000239005ee6b0 JavaThread "Unconstrained build operations Thread 66" [_thread_blocked, id=5888, stack(0x000000554fc00000,0x000000554fd00000)]
  0x00000239005f0a20 JavaThread "Unconstrained build operations Thread 67" [_thread_blocked, id=26252, stack(0x000000554fd00000,0x000000554fe00000)]
  0x00000239005ef0d0 JavaThread "Unconstrained build operations Thread 68" [_thread_blocked, id=29136, stack(0x000000554fe00000,0x000000554ff00000)]
  0x00000239005f0f30 JavaThread "Unconstrained build operations Thread 69" [_thread_blocked, id=11748, stack(0x000000554ff00000,0x0000005550000000)]
  0x00000239005f1440 JavaThread "jar transforms Thread 4" [_thread_blocked, id=16164, stack(0x0000005550200000,0x0000005550300000)]
  0x00000239005edc90 JavaThread "jar transforms Thread 5" [_thread_blocked, id=12176, stack(0x000000554b800000,0x000000554b900000)]
  0x00000239005ee1a0 JavaThread "Memory manager" [_thread_blocked, id=12576, stack(0x000000554b700000,0x000000554b800000)]
  0x0000023900f726d0 JavaThread "build event listener" [_thread_blocked, id=25604, stack(0x000000554b000000,0x000000554b100000)]
  0x0000023900f70870 JavaThread "build event listener" [_thread_blocked, id=12300, stack(0x000000554b900000,0x000000554ba00000)]
  0x0000023900f71cb0 JavaThread "jar transforms Thread 6" [_thread_blocked, id=16520, stack(0x0000005550000000,0x0000005550100000)]
  0x0000023900f71290 JavaThread "jar transforms Thread 7" [_thread_blocked, id=25760, stack(0x0000005550100000,0x0000005550200000)]
  0x0000023900f70360 JavaThread "jar transforms Thread 8" [_thread_blocked, id=29536, stack(0x0000005550300000,0x0000005550400000)]
  0x0000023900f75e80 JavaThread "jar transforms Thread 9" [_thread_blocked, id=29248, stack(0x0000005550500000,0x0000005550600000)]
  0x0000023900f76390 JavaThread "jar transforms Thread 10" [_thread_blocked, id=19368, stack(0x0000005550600000,0x0000005550700000)]
  0x0000023900f777d0 JavaThread "jar transforms Thread 11" [_thread_blocked, id=6420, stack(0x0000005550700000,0x0000005550800000)]
  0x0000023900f74a40 JavaThread "jar transforms Thread 12" [_thread_blocked, id=25832, stack(0x0000005550800000,0x0000005550900000)]
  0x0000023900f772c0 JavaThread "ForkJoinPool.commonPool-worker-1" daemon [_thread_blocked, id=10944, stack(0x0000005550900000,0x0000005550a00000)]
  0x0000023900f74f50 JavaThread "ForkJoinPool.commonPool-worker-2" daemon [_thread_blocked, id=22904, stack(0x0000005550a00000,0x0000005550b00000)]
  0x0000023900f75460 JavaThread "ForkJoinPool.commonPool-worker-3" daemon [_thread_blocked, id=13892, stack(0x0000005550b00000,0x0000005550c00000)]
  0x0000023900f75970 JavaThread "ForkJoinPool.commonPool-worker-4" daemon [_thread_blocked, id=26268, stack(0x0000005550c00000,0x0000005550d00000)]
  0x000002397d7a05e0 JavaThread "ForkJoinPool.commonPool-worker-5" daemon [_thread_blocked, id=13436, stack(0x0000005550d00000,0x0000005550e00000)]
  0x000002397f3a17d0 JavaThread "ForkJoinPool.commonPool-worker-6" daemon [_thread_blocked, id=2320, stack(0x0000005550e00000,0x0000005550f00000)]
  0x000002397f3a3120 JavaThread "ForkJoinPool.commonPool-worker-7" daemon [_thread_blocked, id=21284, stack(0x0000005550f00000,0x0000005551000000)]
  0x000002397f3a3630 JavaThread "ForkJoinPool.commonPool-worker-8" daemon [_thread_blocked, id=7236, stack(0x0000005551000000,0x0000005551100000)]
  0x000002397f3a2c10 JavaThread "ForkJoinPool.commonPool-worker-9" daemon [_thread_blocked, id=23284, stack(0x0000005551100000,0x0000005551200000)]
  0x000002397f3a1ce0 JavaThread "ForkJoinPool.commonPool-worker-10" daemon [_thread_blocked, id=26184, stack(0x0000005551200000,0x0000005551300000)]
  0x000002397f3a3b40 JavaThread "ForkJoinPool.commonPool-worker-11" daemon [_thread_blocked, id=23556, stack(0x0000005551300000,0x0000005551400000)]
  0x000002397f3a4050 JavaThread "Exec process" [_thread_blocked, id=14596, stack(0x0000005551400000,0x0000005551500000)]
  0x000002397f3a4560 JavaThread "Exec process Thread 2" [_thread_blocked, id=29572, stack(0x0000005551500000,0x0000005551600000)]
  0x000002397f3a4a70 JavaThread "Exec process Thread 3" [_thread_blocked, id=10368, stack(0x0000005551600000,0x0000005551700000)]
  0x000002397f3a2700 JavaThread "ForkJoinPool.commonPool-worker-12" daemon [_thread_blocked, id=29216, stack(0x0000005550400000,0x0000005550500000)]
  0x000002397f3a5490 JavaThread "ForkJoinPool.commonPool-worker-13" daemon [_thread_blocked, id=28468, stack(0x0000005551700000,0x0000005551800000)]
  0x000002397f3a8c40 JavaThread "pool-3-thread-1" [_thread_blocked, id=24024, stack(0x0000005551b00000,0x0000005551c00000)]
  0x000002397f3a5eb0 JavaThread "build event listener" [_thread_blocked, id=28824, stack(0x0000005551c00000,0x0000005551d00000)]
  0x000002397f3a6de0 JavaThread "included builds" [_thread_blocked, id=20900, stack(0x0000005551d00000,0x0000005551e00000)]
  0x000002397f3a9150 JavaThread "Execution worker" [_thread_blocked, id=4264, stack(0x0000005551e00000,0x0000005551f00000)]
  0x000002397f3a7d10 JavaThread "Execution worker Thread 2" [_thread_blocked, id=15980, stack(0x0000005551f00000,0x0000005552000000)]
  0x000002397f3a8730 JavaThread "Execution worker Thread 3" [_thread_blocked, id=20864, stack(0x0000005552000000,0x0000005552100000)]
  0x000002397f3a68d0 JavaThread "Execution worker Thread 4" [_thread_blocked, id=21140, stack(0x0000005552100000,0x0000005552200000)]
  0x000002397f3a63c0 JavaThread "Execution worker Thread 5" [_thread_blocked, id=2376, stack(0x0000005552200000,0x0000005552300000)]
  0x000002397f3a72f0 JavaThread "Execution worker Thread 6" [_thread_blocked, id=20708, stack(0x0000005552300000,0x0000005552400000)]
  0x0000023901d02750 JavaThread "Execution worker Thread 7" [_thread_blocked, id=3308, stack(0x0000005552400000,0x0000005552500000)]
  0x0000023901d04ac0 JavaThread "Execution worker Thread 8" [_thread_in_Java, id=16420, stack(0x0000005552500000,0x0000005552600000)]
  0x0000023901d059f0 JavaThread "Execution worker Thread 9" [_thread_blocked, id=27880, stack(0x0000005552600000,0x0000005552700000)]
  0x0000023901d040a0 JavaThread "Execution worker Thread 10" [_thread_blocked, id=25268, stack(0x0000005552700000,0x0000005552800000)]
  0x0000023901d045b0 JavaThread "Execution worker Thread 11" [_thread_blocked, id=6988, stack(0x0000005552800000,0x0000005552900000)]
  0x0000023901d05f00 JavaThread "Execution worker Thread 12" [_thread_blocked, id=5100, stack(0x0000005552900000,0x0000005552a00000)]
  0x0000023901d06410 JavaThread "Execution worker Thread 13" [_thread_blocked, id=17612, stack(0x0000005552a00000,0x0000005552b00000)]
  0x0000023901d054e0 JavaThread "Execution worker Thread 14" [_thread_blocked, id=18848, stack(0x0000005552b00000,0x0000005552c00000)]
  0x0000023901d03680 JavaThread "Execution worker Thread 15" [_thread_blocked, id=25788, stack(0x0000005552c00000,0x0000005552d00000)]
  0x0000023901d03b90 JavaThread "Execution worker Thread 16" [_thread_blocked, id=13288, stack(0x0000005552d00000,0x0000005552e00000)]
  0x0000023901d02c60 JavaThread "Execution worker Thread 17" [_thread_blocked, id=26120, stack(0x0000005552e00000,0x0000005552f00000)]
  0x0000023901d07850 JavaThread "Execution worker Thread 18" [_thread_blocked, id=28708, stack(0x0000005552f00000,0x0000005553000000)]
  0x0000023901d03170 JavaThread "Execution worker Thread 19" [_thread_blocked, id=12024, stack(0x0000005553000000,0x0000005553100000)]
  0x0000023901d07340 JavaThread "Execution worker Thread 20" [_thread_blocked, id=21272, stack(0x0000005553100000,0x0000005553200000)]
  0x0000023901d06920 JavaThread "Execution worker Thread 21" [_thread_blocked, id=24324, stack(0x0000005553200000,0x0000005553300000)]
  0x0000023901d06e30 JavaThread "Execution worker Thread 22" [_thread_blocked, id=16564, stack(0x0000005553300000,0x0000005553400000)]
  0x0000023901d07d60 JavaThread "Execution worker Thread 23" [_thread_blocked, id=14808, stack(0x0000005553400000,0x0000005553500000)]
  0x0000023901d08780 JavaThread "Cache worker for execution history cache (D:\legado-Sigma-2026-main\.gradle\8.14.4\executionHistory)" [_thread_blocked, id=25864, stack(0x0000005551800000,0x0000005551900000)]
=>0x0000023903436050 JavaThread "C2 CompilerThread1" daemon [_thread_in_native, id=11352, stack(0x000000554b600000,0x000000554b700000)]
  0x00000239034365a0 JavaThread "C2 CompilerThread2" daemon [_thread_in_native, id=18420, stack(0x0000005553500000,0x0000005553600000)]
  0x0000023903439020 JavaThread "C2 CompilerThread3" daemon [_thread_in_native, id=13204, stack(0x000000554af00000,0x000000554b000000)]
  0x0000023903435b00 JavaThread "C1 CompilerThread3" daemon [_thread_blocked, id=2128, stack(0x0000005553600000,0x0000005553700000)]

Other Threads:
  0x00000239576af550 VMThread "VM Thread" [stack: 0x0000005547c00000,0x0000005547d00000] [id=6332]
  0x0000023973f8b440 WatcherThread [stack: 0x0000005548c00000,0x0000005548d00000] [id=17624]
  0x00000239359b0370 GCTaskThread "GC Thread#0" [stack: 0x0000005547b00000,0x0000005547c00000] [id=28464]
  0x000002397b2ff640 GCTaskThread "GC Thread#1" [stack: 0x0000005548d00000,0x0000005548e00000] [id=28720]
  0x000002397bce75e0 GCTaskThread "GC Thread#2" [stack: 0x0000005548e00000,0x0000005548f00000] [id=4692]
  0x000002397c685da0 GCTaskThread "GC Thread#3" [stack: 0x0000005548f00000,0x0000005549000000] [id=29360]
  0x000002397c686060 GCTaskThread "GC Thread#4" [stack: 0x0000005549000000,0x0000005549100000] [id=13104]
  0x000002397ce4f9c0 GCTaskThread "GC Thread#5" [stack: 0x0000005549100000,0x0000005549200000] [id=20336]
  0x000002397ce36230 GCTaskThread "GC Thread#6" [stack: 0x0000005549200000,0x0000005549300000] [id=16424]
  0x000002397ce364f0 GCTaskThread "GC Thread#7" [stack: 0x0000005549300000,0x0000005549400000] [id=7828]
  0x000002397d9dbe20 GCTaskThread "GC Thread#8" [stack: 0x000000554a000000,0x000000554a100000] [id=18352]
  0x000002397d9dc0e0 GCTaskThread "GC Thread#9" [stack: 0x000000554a100000,0x000000554a200000] [id=21848]
  0x000002397d9db060 GCTaskThread "GC Thread#10" [stack: 0x000000554a200000,0x000000554a300000] [id=27264]
  0x000002397d9dc920 GCTaskThread "GC Thread#11" [stack: 0x000000554a300000,0x000000554a400000] [id=17528]
  0x000002397d9dcbe0 GCTaskThread "GC Thread#12" [stack: 0x000000554a400000,0x000000554a500000] [id=24896]
  0x000002397d9db8a0 GCTaskThread "GC Thread#13" [stack: 0x000000554a500000,0x000000554a600000] [id=24020]
  0x000002397d9db5e0 GCTaskThread "GC Thread#14" [stack: 0x000000554a600000,0x000000554a700000] [id=24488]
  0x000002397d9dbb60 GCTaskThread "GC Thread#15" [stack: 0x000000554a700000,0x000000554a800000] [id=19040]
  0x000002397d9dc3a0 GCTaskThread "GC Thread#16" [stack: 0x000000554a800000,0x000000554a900000] [id=17400]
  0x000002397d9dc660 GCTaskThread "GC Thread#17" [stack: 0x000000554a900000,0x000000554aa00000] [id=29192]

Threads with active compile tasks:
C2 CompilerThread0  40557 15663       4       org.gradle.api.internal.artifacts.ModuleComponentSelectorSerializer::readVersionConstraint (95 bytes)
C2 CompilerThread1  40557 15619       4       org.gradle.api.internal.artifacts.ModuleComponentSelectorSerializer::read (50 bytes)
C2 CompilerThread2  40558 15707       4       org.gradle.internal.component.model.GraphVariantSelector::filterVariantsByRequestedCapabilities (130 bytes)
C2 CompilerThread3  40558 15737       4       com.esotericsoftware.kryo.io.Output::writeString (247 bytes)

VM state: not at safepoint (normal execution)

VM Mutex/Monitor currently owned by a thread: None

Heap address: 0x0000000700000000, size: 4096 MB, Compressed Oops mode: Zero based, Oop shift amount: 3

CDS archive(s) mapped at: [0x0000023958000000-0x0000023958bb0000-0x0000023958bb0000), size 12255232, SharedBaseAddress: 0x0000023958000000, ArchiveRelocationMode: 1.
Compressed class space mapped at: 0x0000023959000000-0x0000023973000000, reserved size: 436207616
Narrow klass base: 0x0000023958000000, Narrow klass shift: 0, Narrow klass range: 0x100000000

GC Precious Log:
 CPUs: 24 total, 24 available
 Memory: 14029M
 Large Page Support: Disabled
 NUMA Support: Disabled
 Compressed Oops: Enabled (Zero based)
 Alignments: Space 512K, Generation 512K, Heap 2M
 Heap Min Capacity: 256M
 Heap Initial Capacity: 256M
 Heap Max Capacity: 4G
 Pre-touch: Disabled
 Parallel Workers: 18

Heap:
 PSYoungGen      total 446976K, used 205185K [0x00000007aab00000, 0x00000007c7900000, 0x0000000800000000)
  eden space 421888K, 48% used [0x00000007aab00000,0x00000007b7360578,0x00000007c4700000)
  from space 25088K, 0% used [0x00000007c6080000,0x00000007c6080000,0x00000007c7900000)
  to   space 25600K, 0% used [0x00000007c4700000,0x00000007c4700000,0x00000007c6000000)
 ParOldGen       total 175104K, used 104926K [0x0000000700000000, 0x000000070ab00000, 0x00000007aab00000)
  object space 175104K, 59% used [0x0000000700000000,0x0000000706677ae0,0x000000070ab00000)
 Metaspace       used 110267K, committed 111232K, reserved 557056K
  class space    used 15048K, committed 15488K, reserved 425984K

Card table byte_map: [0x000002394ded0000,0x000002394e6e0000] _byte_map_base: 0x000002394a6d0000

Marking Bits: (ParMarkBitMap*) 0x00007ff8304a7980
 Begin Bits: [0x000002394ec40000, 0x0000023952c40000)
 End Bits:   [0x0000023952c40000, 0x0000023956c40000)

Polling page: 0x0000023935670000

Metaspace:

Usage:
  Non-class:     92.99 MB used.
      Class:     14.70 MB used.
       Both:    107.68 MB used.

Virtual space:
  Non-class space:      128.00 MB reserved,      93.50 MB ( 73%) committed,  2 nodes.
      Class space:      416.00 MB reserved,      15.12 MB (  4%) committed,  1 nodes.
             Both:      544.00 MB reserved,     108.62 MB ( 20%) committed. 

Chunk freelists:
   Non-Class:  2.28 MB
       Class:  879.00 KB
        Both:  3.14 MB

MaxMetaspaceSize: 512.00 MB
CompressedClassSpaceSize: 416.00 MB
Initial GC threshold: 21.00 MB
Current GC threshold: 162.19 MB
CDS: on
MetaspaceReclaimPolicy: balanced
 - commit_granule_bytes: 65536.
 - commit_granule_words: 8192.
 - virtual_space_node_default_size: 8388608.
 - enlarge_chunks_in_place: 1.
 - new_chunks_are_fully_committed: 0.
 - uncommit_free_chunks: 1.
 - use_allocation_guard: 0.
 - handle_deallocations: 1.


Internal statistics:

num_allocs_failed_limit: 12.
num_arena_births: 1290.
num_arena_deaths: 0.
num_vsnodes_births: 3.
num_vsnodes_deaths: 0.
num_space_committed: 1737.
num_space_uncommitted: 0.
num_chunks_returned_to_freelist: 12.
num_chunks_taken_from_freelist: 6075.
num_chunk_merges: 12.
num_chunk_splits: 3964.
num_chunks_enlarged: 2573.
num_inconsistent_stats: 0.

CodeHeap 'non-profiled nmethods': size=119168Kb used=9448Kb max_used=9448Kb free=109719Kb
 bounds [0x0000023946890000, 0x00000239471d0000, 0x000002394dcf0000]
CodeHeap 'profiled nmethods': size=119104Kb used=26327Kb max_used=26327Kb free=92776Kb
 bounds [0x000002393ecf0000, 0x00000239406b0000, 0x0000023946140000]
CodeHeap 'non-nmethods': size=7488Kb used=4127Kb max_used=4191Kb free=3360Kb
 bounds [0x0000023946140000, 0x0000023946570000, 0x0000023946890000]
 total_blobs=14509 nmethods=13526 adapters=892
 compilation: enabled
              stopped_count=0, restarted_count=0
 full_count=0

Compilation events (20 events):
Event: 38.426 Thread 0x0000023973e30950 15702       3       com.google.common.collect.RegularImmutableList::internalArrayEnd (6 bytes)
Event: 38.426 Thread 0x0000023973e30950 nmethod 15702 0x0000023940666510 code [0x00000239406666a0, 0x00000239406667b8]
Event: 38.428 Thread 0x0000023973e30950 15703       3       org.gradle.internal.component.external.descriptor.DefaultExclude::hashCode (73 bytes)
Event: 39.428 Thread 0x0000023973e30950 nmethod 15703 0x0000023940666890 code [0x0000023940666a80, 0x0000023940666f18]
Event: 39.429 Thread 0x000002397cf89dc0 nmethod 15701 0x0000023940667090 code [0x00000239406673c0, 0x0000023940668778]
Event: 39.430 Thread 0x000002397cf89dc0 15705       3       java.util.ArrayList::equalsArrayList (108 bytes)
Event: 39.430 Thread 0x0000023973d3ea90 15706       3       org.gradle.api.internal.artifacts.ivyservice.resolveengine.graph.selectors.SelectorStateResolver::resolveConflicts (76 bytes)
Event: 39.430 Thread 0x000002397cf89dc0 nmethod 15705 0x0000023940668e90 code [0x00000239406690a0, 0x00000239406698a8]
Event: 39.431 Thread 0x0000023973d3ea90 nmethod 15706 0x0000023940669b90 code [0x0000023940669de0, 0x000002394066a6e8]
Event: 39.447 Thread 0x000002397cf89dc0 15708       3       org.gradle.api.internal.artifacts.ivyservice.resolveengine.graph.builder.EdgeState::getEdgeExclusions (53 bytes)
Event: 39.448 Thread 0x0000023973d3ea90 15709       2       java.util.Arrays::copyOfRange (90 bytes)
Event: 39.448 Thread 0x000002397cf89dc0 nmethod 15708 0x000002394066aa90 code [0x000002394066ac80, 0x000002394066b0c8]
Event: 39.449 Thread 0x0000023973d3ea90 nmethod 15709 0x000002394066b290 code [0x000002394066b4c0, 0x000002394066bb18]
Event: 39.455 Thread 0x00000239034365a0 nmethod 15689 0x00000239471c5690 code [0x00000239471c58a0, 0x00000239471c66b8]
Event: 39.456 Thread 0x00000239034365a0 15696       4       org.gradle.api.internal.attributes.matching.DefaultAttributeMatcher$CachedQuery::computeHashCode (48 bytes)
Event: 39.466 Thread 0x00000239034365a0 nmethod 15696 0x00000239471c7010 code [0x00000239471c71c0, 0x00000239471c7578]
Event: 39.466 Thread 0x00000239034365a0 15707       4       org.gradle.internal.component.model.GraphVariantSelector::filterVariantsByRequestedCapabilities (130 bytes)
Event: 39.469 Thread 0x000002397cf89dc0 15710   !   3       java.util.AbstractSet::equals (45 bytes)
Event: 39.470 Thread 0x0000023973d3ea90 15711       3       org.gradle.api.internal.artifacts.ivyservice.resolveengine.graph.builder.NodeState::collectEdgeConstraint (39 bytes)
Event: 39.472 Thread 0x0000023973e30950 15713       3       java.util.ArrayDeque::contains (80 bytes)

GC Heap History (20 events):
Event: 14.405 GC heap before
{Heap before GC invocations=7 (full 2):
 PSYoungGen      total 141824K, used 8724K [0x00000007aab00000, 0x00000007b4f00000, 0x0000000800000000)
  eden space 131072K, 0% used [0x00000007aab00000,0x00000007aab00000,0x00000007b2b00000)
  from space 10752K, 81% used [0x00000007b2b00000,0x00000007b3385348,0x00000007b3580000)
  to   space 18432K, 0% used [0x00000007b3d00000,0x00000007b3d00000,0x00000007b4f00000)
 ParOldGen       total 175104K, used 22566K [0x0000000700000000, 0x000000070ab00000, 0x00000007aab00000)
  object space 175104K, 12% used [0x0000000700000000,0x0000000701609808,0x000000070ab00000)
 Metaspace       used 35394K, committed 35840K, reserved 491520K
  class space    used 4891K, committed 5120K, reserved 425984K
}
Event: 14.468 GC heap after
{Heap after GC invocations=7 (full 2):
 PSYoungGen      total 141824K, used 0K [0x00000007aab00000, 0x00000007b4f00000, 0x0000000800000000)
  eden space 131072K, 0% used [0x00000007aab00000,0x00000007aab00000,0x00000007b2b00000)
  from space 10752K, 0% used [0x00000007b2b00000,0x00000007b2b00000,0x00000007b3580000)
  to   space 18432K, 0% used [0x00000007b3d00000,0x00000007b3d00000,0x00000007b4f00000)
 ParOldGen       total 175104K, used 30667K [0x0000000700000000, 0x000000070ab00000, 0x00000007aab00000)
  object space 175104K, 17% used [0x0000000700000000,0x0000000701df2e88,0x000000070ab00000)
 Metaspace       used 35394K, committed 35840K, reserved 491520K
  class space    used 4891K, committed 5120K, reserved 425984K
}
Event: 16.628 GC heap before
{Heap before GC invocations=8 (full 2):
 PSYoungGen      total 141824K, used 131072K [0x00000007aab00000, 0x00000007b4f00000, 0x0000000800000000)
  eden space 131072K, 100% used [0x00000007aab00000,0x00000007b2b00000,0x00000007b2b00000)
  from space 10752K, 0% used [0x00000007b2b00000,0x00000007b2b00000,0x00000007b3580000)
  to   space 18432K, 0% used [0x00000007b3d00000,0x00000007b3d00000,0x00000007b4f00000)
 ParOldGen       total 175104K, used 30667K [0x0000000700000000, 0x000000070ab00000, 0x00000007aab00000)
  object space 175104K, 17% used [0x0000000700000000,0x0000000701df2e88,0x000000070ab00000)
 Metaspace       used 48061K, committed 48576K, reserved 491520K
  class space    used 6611K, committed 6848K, reserved 425984K
}
Event: 16.632 GC heap after
{Heap after GC invocations=8 (full 2):
 PSYoungGen      total 149504K, used 9416K [0x00000007aab00000, 0x00000007bcf00000, 0x0000000800000000)
  eden space 131072K, 0% used [0x00000007aab00000,0x00000007aab00000,0x00000007b2b00000)
  from space 18432K, 51% used [0x00000007b3d00000,0x00000007b4632070,0x00000007b4f00000)
  to   space 18432K, 0% used [0x00000007b2b00000,0x00000007b2b00000,0x00000007b3d00000)
 ParOldGen       total 175104K, used 30675K [0x0000000700000000, 0x000000070ab00000, 0x00000007aab00000)
  object space 175104K, 17% used [0x0000000700000000,0x0000000701df4e88,0x000000070ab00000)
 Metaspace       used 48061K, committed 48576K, reserved 491520K
  class space    used 6611K, committed 6848K, reserved 425984K
}
Event: 17.465 GC heap before
{Heap before GC invocations=9 (full 2):
 PSYoungGen      total 149504K, used 140488K [0x00000007aab00000, 0x00000007bcf00000, 0x0000000800000000)
  eden space 131072K, 100% used [0x00000007aab00000,0x00000007b2b00000,0x00000007b2b00000)
  from space 18432K, 51% used [0x00000007b3d00000,0x00000007b4632070,0x00000007b4f00000)
  to   space 18432K, 0% used [0x00000007b2b00000,0x00000007b2b00000,0x00000007b3d00000)
 ParOldGen       total 175104K, used 30675K [0x0000000700000000, 0x000000070ab00000, 0x00000007aab00000)
  object space 175104K, 17% used [0x0000000700000000,0x0000000701df4e88,0x000000070ab00000)
 Metaspace       used 51427K, committed 51968K, reserved 491520K
  class space    used 7052K, committed 7296K, reserved 425984K
}
Event: 17.468 GC heap after
{Heap after GC invocations=9 (full 2):
 PSYoungGen      total 149504K, used 16660K [0x00000007aab00000, 0x00000007bd200000, 0x0000000800000000)
  eden space 131072K, 0% used [0x00000007aab00000,0x00000007aab00000,0x00000007b2b00000)
  from space 18432K, 90% used [0x00000007b2b00000,0x00000007b3b453c0,0x00000007b3d00000)
  to   space 19968K, 0% used [0x00000007bbe80000,0x00000007bbe80000,0x00000007bd200000)
 ParOldGen       total 175104K, used 30683K [0x0000000700000000, 0x000000070ab00000, 0x00000007aab00000)
  object space 175104K, 17% used [0x0000000700000000,0x0000000701df6e88,0x000000070ab00000)
 Metaspace       used 51427K, committed 51968K, reserved 491520K
  class space    used 7052K, committed 7296K, reserved 425984K
}
Event: 19.083 GC heap before
{Heap before GC invocations=10 (full 2):
 PSYoungGen      total 149504K, used 147732K [0x00000007aab00000, 0x00000007bd200000, 0x0000000800000000)
  eden space 131072K, 100% used [0x00000007aab00000,0x00000007b2b00000,0x00000007b2b00000)
  from space 18432K, 90% used [0x00000007b2b00000,0x00000007b3b453c0,0x00000007b3d00000)
  to   space 19968K, 0% used [0x00000007bbe80000,0x00000007bbe80000,0x00000007bd200000)
 ParOldGen       total 175104K, used 30683K [0x0000000700000000, 0x000000070ab00000, 0x00000007aab00000)
  object space 175104K, 17% used [0x0000000700000000,0x0000000701df6e88,0x000000070ab00000)
 Metaspace       used 53823K, committed 54400K, reserved 491520K
  class space    used 7319K, committed 7552K, reserved 425984K
}
Event: 19.105 GC heap after
{Heap after GC invocations=10 (full 2):
 PSYoungGen      total 273408K, used 19955K [0x00000007aab00000, 0x00000007be300000, 0x0000000800000000)
  eden space 253440K, 0% used [0x00000007aab00000,0x00000007aab00000,0x00000007ba280000)
  from space 19968K, 99% used [0x00000007bbe80000,0x00000007bd1fce58,0x00000007bd200000)
  to   space 28672K, 0% used [0x00000007ba280000,0x00000007ba280000,0x00000007bbe80000)
 ParOldGen       total 175104K, used 45710K [0x0000000700000000, 0x000000070ab00000, 0x00000007aab00000)
  object space 175104K, 26% used [0x0000000700000000,0x0000000702ca3a80,0x000000070ab00000)
 Metaspace       used 53823K, committed 54400K, reserved 491520K
  class space    used 7319K, committed 7552K, reserved 425984K
}
Event: 20.077 GC heap before
{Heap before GC invocations=11 (full 2):
 PSYoungGen      total 273408K, used 78437K [0x00000007aab00000, 0x00000007be300000, 0x0000000800000000)
  eden space 253440K, 23% used [0x00000007aab00000,0x00000007ae41c840,0x00000007ba280000)
  from space 19968K, 99% used [0x00000007bbe80000,0x00000007bd1fce58,0x00000007bd200000)
  to   space 28672K, 0% used [0x00000007ba280000,0x00000007ba280000,0x00000007bbe80000)
 ParOldGen       total 175104K, used 45710K [0x0000000700000000, 0x000000070ab00000, 0x00000007aab00000)
  object space 175104K, 26% used [0x0000000700000000,0x0000000702ca3a80,0x000000070ab00000)
 Metaspace       used 59126K, committed 59776K, reserved 491520K
  class space    used 7861K, committed 8192K, reserved 425984K
}
Event: 20.091 GC heap after
{Heap after GC invocations=11 (full 2):
 PSYoungGen      total 282112K, used 17305K [0x00000007aab00000, 0x00000007be200000, 0x0000000800000000)
  eden space 253440K, 0% used [0x00000007aab00000,0x00000007aab00000,0x00000007ba280000)
  from space 28672K, 60% used [0x00000007ba280000,0x00000007bb366610,0x00000007bbe80000)
  to   space 28160K, 0% used [0x00000007bc680000,0x00000007bc680000,0x00000007be200000)
 ParOldGen       total 175104K, used 50249K [0x0000000700000000, 0x000000070ab00000, 0x00000007aab00000)
  object space 175104K, 28% used [0x0000000700000000,0x00000007031125b8,0x000000070ab00000)
 Metaspace       used 59126K, committed 59776K, reserved 491520K
  class space    used 7861K, committed 8192K, reserved 425984K
}
Event: 20.091 GC heap before
{Heap before GC invocations=12 (full 3):
 PSYoungGen      total 282112K, used 17305K [0x00000007aab00000, 0x00000007be200000, 0x0000000800000000)
  eden space 253440K, 0% used [0x00000007aab00000,0x00000007aab00000,0x00000007ba280000)
  from space 28672K, 60% used [0x00000007ba280000,0x00000007bb366610,0x00000007bbe80000)
  to   space 28160K, 0% used [0x00000007bc680000,0x00000007bc680000,0x00000007be200000)
 ParOldGen       total 175104K, used 50249K [0x0000000700000000, 0x000000070ab00000, 0x00000007aab00000)
  object space 175104K, 28% used [0x0000000700000000,0x00000007031125b8,0x000000070ab00000)
 Metaspace       used 59126K, committed 59776K, reserved 491520K
  class space    used 7861K, committed 8192K, reserved 425984K
}
Event: 20.177 GC heap after
{Heap after GC invocations=12 (full 3):
 PSYoungGen      total 282112K, used 0K [0x00000007aab00000, 0x00000007be200000, 0x0000000800000000)
  eden space 253440K, 0% used [0x00000007aab00000,0x00000007aab00000,0x00000007ba280000)
  from space 28672K, 0% used [0x00000007ba280000,0x00000007ba280000,0x00000007bbe80000)
  to   space 28160K, 0% used [0x00000007bc680000,0x00000007bc680000,0x00000007be200000)
 ParOldGen       total 175104K, used 65328K [0x0000000700000000, 0x000000070ab00000, 0x00000007aab00000)
  object space 175104K, 37% used [0x0000000700000000,0x0000000703fcc190,0x000000070ab00000)
 Metaspace       used 59126K, committed 59776K, reserved 491520K
  class space    used 7861K, committed 8192K, reserved 425984K
}
Event: 25.790 GC heap before
{Heap before GC invocations=13 (full 3):
 PSYoungGen      total 282112K, used 253440K [0x00000007aab00000, 0x00000007be200000, 0x0000000800000000)
  eden space 253440K, 100% used [0x00000007aab00000,0x00000007ba280000,0x00000007ba280000)
  from space 28672K, 0% used [0x00000007ba280000,0x00000007ba280000,0x00000007bbe80000)
  to   space 28160K, 0% used [0x00000007bc680000,0x00000007bc680000,0x00000007be200000)
 ParOldGen       total 175104K, used 65328K [0x0000000700000000, 0x000000070ab00000, 0x00000007aab00000)
  object space 175104K, 37% used [0x0000000700000000,0x0000000703fcc190,0x000000070ab00000)
 Metaspace       used 77708K, committed 78464K, reserved 557056K
  class space    used 10454K, committed 10816K, reserved 425984K
}
Event: 25.802 GC heap after
{Heap after GC invocations=13 (full 3):
 PSYoungGen      total 291840K, used 16113K [0x00000007aab00000, 0x00000007c6b00000, 0x0000000800000000)
  eden space 263680K, 0% used [0x00000007aab00000,0x00000007aab00000,0x00000007bac80000)
  from space 28160K, 57% used [0x00000007bc680000,0x00000007bd63c748,0x00000007be200000)
  to   space 26624K, 0% used [0x00000007bac80000,0x00000007bac80000,0x00000007bc680000)
 ParOldGen       total 175104K, used 65336K [0x0000000700000000, 0x000000070ab00000, 0x00000007aab00000)
  object space 175104K, 37% used [0x0000000700000000,0x0000000703fce190,0x000000070ab00000)
 Metaspace       used 77708K, committed 78464K, reserved 557056K
  class space    used 10454K, committed 10816K, reserved 425984K
}
Event: 30.637 GC heap before
{Heap before GC invocations=14 (full 3):
 PSYoungGen      total 291840K, used 279793K [0x00000007aab00000, 0x00000007c6b00000, 0x0000000800000000)
  eden space 263680K, 100% used [0x00000007aab00000,0x00000007bac80000,0x00000007bac80000)
  from space 28160K, 57% used [0x00000007bc680000,0x00000007bd63c748,0x00000007be200000)
  to   space 26624K, 0% used [0x00000007bac80000,0x00000007bac80000,0x00000007bc680000)
 ParOldGen       total 175104K, used 65336K [0x0000000700000000, 0x000000070ab00000, 0x00000007aab00000)
  object space 175104K, 37% used [0x0000000700000000,0x0000000703fce190,0x000000070ab00000)
 Metaspace       used 90991K, committed 91776K, reserved 557056K
  class space    used 12444K, committed 12800K, reserved 425984K
}
Event: 30.662 GC heap after
{Heap after GC invocations=14 (full 3):
 PSYoungGen      total 290304K, used 14612K [0x00000007aab00000, 0x00000007c7a00000, 0x0000000800000000)
  eden space 263680K, 0% used [0x00000007aab00000,0x00000007aab00000,0x00000007bac80000)
  from space 26624K, 54% used [0x00000007bac80000,0x00000007bbac5218,0x00000007bc680000)
  to   space 26112K, 0% used [0x00000007c6080000,0x00000007c6080000,0x00000007c7a00000)
 ParOldGen       total 175104K, used 81173K [0x0000000700000000, 0x000000070ab00000, 0x00000007aab00000)
  object space 175104K, 46% used [0x0000000700000000,0x0000000704f45438,0x000000070ab00000)
 Metaspace       used 90991K, committed 91776K, reserved 557056K
  class space    used 12444K, committed 12800K, reserved 425984K
}
Event: 33.592 GC heap before
{Heap before GC invocations=15 (full 3):
 PSYoungGen      total 290304K, used 160928K [0x00000007aab00000, 0x00000007c7a00000, 0x0000000800000000)
  eden space 263680K, 55% used [0x00000007aab00000,0x00000007b39e2f10,0x00000007bac80000)
  from space 26624K, 54% used [0x00000007bac80000,0x00000007bbac5218,0x00000007bc680000)
  to   space 26112K, 0% used [0x00000007c6080000,0x00000007c6080000,0x00000007c7a00000)
 ParOldGen       total 175104K, used 81173K [0x0000000700000000, 0x000000070ab00000, 0x00000007aab00000)
  object space 175104K, 46% used [0x0000000700000000,0x0000000704f45438,0x000000070ab00000)
 Metaspace       used 98771K, committed 99648K, reserved 557056K
  class space    used 13535K, committed 13952K, reserved 425984K
}
Event: 33.613 GC heap after
{Heap after GC invocations=15 (full 3):
 PSYoungGen      total 446976K, used 12377K [0x00000007aab00000, 0x00000007c7900000, 0x0000000800000000)
  eden space 421888K, 0% used [0x00000007aab00000,0x00000007aab00000,0x00000007c4700000)
  from space 25088K, 49% used [0x00000007c6080000,0x00000007c6c96740,0x00000007c7900000)
  to   space 25600K, 0% used [0x00000007c4700000,0x00000007c4700000,0x00000007c6000000)
 ParOldGen       total 175104K, used 95545K [0x0000000700000000, 0x000000070ab00000, 0x00000007aab00000)
  object space 175104K, 54% used [0x0000000700000000,0x0000000705d4e6f0,0x000000070ab00000)
 Metaspace       used 98771K, committed 99648K, reserved 557056K
  class space    used 13535K, committed 13952K, reserved 425984K
}
Event: 33.613 GC heap before
{Heap before GC invocations=16 (full 4):
 PSYoungGen      total 446976K, used 12377K [0x00000007aab00000, 0x00000007c7900000, 0x0000000800000000)
  eden space 421888K, 0% used [0x00000007aab00000,0x00000007aab00000,0x00000007c4700000)
  from space 25088K, 49% used [0x00000007c6080000,0x00000007c6c96740,0x00000007c7900000)
  to   space 25600K, 0% used [0x00000007c4700000,0x00000007c4700000,0x00000007c6000000)
 ParOldGen       total 175104K, used 95545K [0x0000000700000000, 0x000000070ab00000, 0x00000007aab00000)
  object space 175104K, 54% used [0x0000000700000000,0x0000000705d4e6f0,0x000000070ab00000)
 Metaspace       used 98771K, committed 99648K, reserved 557056K
  class space    used 13535K, committed 13952K, reserved 425984K
}
Event: 33.764 GC heap after
{Heap after GC invocations=16 (full 4):
 PSYoungGen      total 446976K, used 0K [0x00000007aab00000, 0x00000007c7900000, 0x0000000800000000)
  eden space 421888K, 0% used [0x00000007aab00000,0x00000007aab00000,0x00000007c4700000)
  from space 25088K, 0% used [0x00000007c6080000,0x00000007c6080000,0x00000007c7900000)
  to   space 25600K, 0% used [0x00000007c4700000,0x00000007c4700000,0x00000007c6000000)
 ParOldGen       total 175104K, used 104926K [0x0000000700000000, 0x000000070ab00000, 0x00000007aab00000)
  object space 175104K, 59% used [0x0000000700000000,0x0000000706677ae0,0x000000070ab00000)
 Metaspace       used 98771K, committed 99648K, reserved 557056K
  class space    used 13535K, committed 13952K, reserved 425984K
}

Dll operation events (15 events):
Event: 0.011 Loaded shared library C:\jdk17\jdk-17.0.19+10\bin\java.dll
Event: 0.025 Loaded shared library C:\jdk17\jdk-17.0.19+10\bin\jsvml.dll
Event: 0.065 Loaded shared library C:\jdk17\jdk-17.0.19+10\bin\zip.dll
Event: 0.070 Loaded shared library C:\jdk17\jdk-17.0.19+10\bin\instrument.dll
Event: 0.073 Loaded shared library C:\jdk17\jdk-17.0.19+10\bin\net.dll
Event: 0.074 Loaded shared library C:\jdk17\jdk-17.0.19+10\bin\nio.dll
Event: 0.076 Loaded shared library C:\jdk17\jdk-17.0.19+10\bin\zip.dll
Event: 0.251 Loaded shared library C:\jdk17\jdk-17.0.19+10\bin\jimage.dll
Event: 0.358 Loaded shared library C:\jdk17\jdk-17.0.19+10\bin\verify.dll
Event: 1.319 Loaded shared library D:\.gradle\native\1def1411415f61bf3af743bc5b6707747c0891f09f0c88961ee8f79bc544acac\windows-amd64\native-platform.dll
Event: 1.340 Loaded shared library D:\.gradle\native\0.2.7\x86_64-windows-gnu\gradle-fileevents.dll
Event: 4.297 Loaded shared library C:\jdk17\jdk-17.0.19+10\bin\management.dll
Event: 4.301 Loaded shared library C:\jdk17\jdk-17.0.19+10\bin\management_ext.dll
Event: 5.046 Loaded shared library C:\jdk17\jdk-17.0.19+10\bin\extnet.dll
Event: 5.667 Loaded shared library C:\jdk17\jdk-17.0.19+10\bin\sunmscapi.dll

Deoptimization events (20 events):
Event: 36.833 Thread 0x0000023901d04ac0 Uncommon trap: trap_request=0xffffffde fr.pc=0x0000023947163c18 relative=0x0000000000000078
Event: 36.833 Thread 0x0000023901d04ac0 Uncommon trap: reason=class_check action=maybe_recompile pc=0x0000023947163c18 method=com.google.common.collect.SingletonImmutableBiMap.containsKey(Ljava/lang/Object;)Z @ 5 c2
Event: 36.833 Thread 0x0000023901d04ac0 DEOPT PACKING pc=0x0000023947163c18 sp=0x00000055525faf60
Event: 36.833 Thread 0x0000023901d04ac0 DEOPT UNPACKING pc=0x00000239461966a3 sp=0x00000055525faee8 mode 2
Event: 37.007 Thread 0x0000023901d04ac0 Uncommon trap: trap_request=0xffffffc6 fr.pc=0x0000023946d25164 relative=0x0000000000001024
Event: 37.007 Thread 0x0000023901d04ac0 Uncommon trap: reason=bimorphic_or_optimized_type_check action=maybe_recompile pc=0x0000023946d25164 method=java.util.concurrent.ConcurrentHashMap.putVal(Ljava/lang/Object;Ljava/lang/Object;Z)Ljava/lang/Object; @ 242 c2
Event: 37.007 Thread 0x0000023901d04ac0 DEOPT PACKING pc=0x0000023946d25164 sp=0x00000055525fa850
Event: 37.007 Thread 0x0000023901d04ac0 DEOPT UNPACKING pc=0x00000239461966a3 sp=0x00000055525fa7c0 mode 2
Event: 37.008 Thread 0x0000023901d04ac0 Uncommon trap: trap_request=0xffffffc6 fr.pc=0x0000023946d25164 relative=0x0000000000001024
Event: 37.008 Thread 0x0000023901d04ac0 Uncommon trap: reason=bimorphic_or_optimized_type_check action=maybe_recompile pc=0x0000023946d25164 method=java.util.concurrent.ConcurrentHashMap.putVal(Ljava/lang/Object;Ljava/lang/Object;Z)Ljava/lang/Object; @ 242 c2
Event: 37.008 Thread 0x0000023901d04ac0 DEOPT PACKING pc=0x0000023946d25164 sp=0x00000055525fa850
Event: 37.008 Thread 0x0000023901d04ac0 DEOPT UNPACKING pc=0x00000239461966a3 sp=0x00000055525fa7c0 mode 2
Event: 37.008 Thread 0x0000023901d04ac0 Uncommon trap: trap_request=0xffffffc6 fr.pc=0x0000023946d25164 relative=0x0000000000001024
Event: 37.008 Thread 0x0000023901d04ac0 Uncommon trap: reason=bimorphic_or_optimized_type_check action=maybe_recompile pc=0x0000023946d25164 method=java.util.concurrent.ConcurrentHashMap.putVal(Ljava/lang/Object;Ljava/lang/Object;Z)Ljava/lang/Object; @ 242 c2
Event: 37.008 Thread 0x0000023901d04ac0 DEOPT PACKING pc=0x0000023946d25164 sp=0x00000055525fa640
Event: 37.009 Thread 0x0000023901d04ac0 DEOPT UNPACKING pc=0x00000239461966a3 sp=0x00000055525fa5b0 mode 2
Event: 38.438 Thread 0x0000023901d04ac0 Uncommon trap: trap_request=0xffffff45 fr.pc=0x00000239471c536c relative=0x00000000000001cc
Event: 39.426 Thread 0x0000023901d04ac0 Uncommon trap: reason=unstable_if action=reinterpret pc=0x00000239471c536c method=java.util.ArrayList.equalsArrayList(Ljava/util/ArrayList;)Z @ 15 c2
Event: 39.429 Thread 0x0000023901d04ac0 DEOPT PACKING pc=0x00000239471c536c sp=0x00000055525fb880
Event: 39.429 Thread 0x0000023901d04ac0 DEOPT UNPACKING pc=0x00000239461966a3 sp=0x00000055525fb7f8 mode 2

Classes loaded (20 events):
Event: 36.493 Loading class java/util/concurrent/ConcurrentSkipListMap$KeySet
Event: 36.494 Loading class java/util/concurrent/ConcurrentSkipListMap$KeySet done
Event: 36.494 Loading class java/util/concurrent/ConcurrentSkipListMap$KeyIterator
Event: 36.494 Loading class java/util/concurrent/ConcurrentSkipListMap$KeyIterator done
Event: 36.565 Loading class java/lang/AbstractMethodError
Event: 36.566 Loading class java/lang/AbstractMethodError done
Event: 36.601 Loading class java/time/Instant$1
Event: 36.602 Loading class java/time/Instant$1 done
Event: 36.806 Loading class java/util/stream/ReferencePipeline$4
Event: 36.806 Loading class java/util/stream/ReferencePipeline$4 done
Event: 36.807 Loading class java/util/stream/ReduceOps$6
Event: 36.807 Loading class java/util/stream/ReduceOps$6 done
Event: 36.807 Loading class java/util/stream/ReduceOps$5ReducingSink
Event: 36.808 Loading class java/util/stream/ReduceOps$5ReducingSink done
Event: 36.808 Loading class java/util/stream/ReferencePipeline$4$1
Event: 36.808 Loading class java/util/stream/ReferencePipeline$4$1 done
Event: 36.884 Loading class java/io/SequenceInputStream
Event: 36.885 Loading class java/io/SequenceInputStream done
Event: 36.891 Loading class java/util/function/IntUnaryOperator
Event: 36.892 Loading class java/util/function/IntUnaryOperator done

Classes unloaded (0 events):
No events

Classes redefined (0 events):
No events

Internal exceptions (20 events):
Event: 36.099 Thread 0x000002397b3ccfb0 Implicit null exception at 0x000002394704f3d0 to 0x000002394704fb80
Event: 36.099 Thread 0x000002397b3ccfb0 Implicit null exception at 0x000002394704f3d0 to 0x000002394704fb80
Event: 36.348 Thread 0x000002397b3ccfb0 Exception <a 'java/lang/NoSuchMethodError'{0x00000007b305b370}: static Lcom/android/build/gradle/internal/profile/ProjectData;.<clinit>()V> (0x00000007b305b370) 
thrown [s\src\hotspot\share\prims\jni.cpp, line 1112]
Event: 36.358 Thread 0x000002397b3ccfb0 Exception <a 'java/lang/NoSuchMethodError'{0x00000007b30ae620}: static Lcom/android/build/gradle/internal/profile/TaskMetadata;.<clinit>()V> (0x00000007b30ae620) 
thrown [s\src\hotspot\share\prims\jni.cpp, line 1112]
Event: 36.433 Thread 0x000002397b3ccfb0 Exception <a 'sun/nio/fs/WindowsException'{0x00000007b3833bc0}> (0x00000007b3833bc0) 
thrown [s\src\hotspot\share\prims\jni.cpp, line 516]
Event: 36.460 Thread 0x000002397f3a6de0 Exception <a 'java/lang/NoSuchMethodError'{0x00000007b4036ec0}: 'java.lang.Object java.lang.invoke.DirectMethodHandle$Holder.newInvokeSpecial(java.lang.Object, java.lang.Object, int, java.lang.Object, java.lang.Object)'> (0x00000007b4036ec0) 
thrown [s\src\hotspot\share\interpreter\linkResolver.cpp, line 759]
Event: 36.487 Thread 0x000002397f3a9150 Exception <a 'java/lang/NoSuchMethodError'{0x00000007b49a00f8}: static Ljava/lang/Object;.<clinit>()V> (0x00000007b49a00f8) 
thrown [s\src\hotspot\share\prims\jni.cpp, line 1112]
Event: 36.488 Thread 0x000002397f3a9150 Exception <a 'java/lang/NoSuchMethodError'{0x00000007b49ac5e8}: static Ljava/lang/Object;.<clinit>()V> (0x00000007b49ac5e8) 
thrown [s\src\hotspot\share\prims\jni.cpp, line 1112]
Event: 36.490 Thread 0x000002397f3a9150 Exception <a 'java/lang/NoSuchMethodError'{0x00000007b49cb5f0}: static Lcom/android/ide/common/gradle/Numeric;.<clinit>()V> (0x00000007b49cb5f0) 
thrown [s\src\hotspot\share\prims\jni.cpp, line 1112]
Event: 36.490 Thread 0x000002397f3a9150 Exception <a 'java/lang/NoSuchMethodError'{0x00000007b49cd8b0}: static Lcom/android/ide/common/gradle/Part;.<clinit>()V> (0x00000007b49cd8b0) 
thrown [s\src\hotspot\share\prims\jni.cpp, line 1112]
Event: 36.565 Thread 0x000002397f3a9150 Exception <a 'java/lang/NoSuchMethodError'{0x00000007b4d600d8}: 'void java.lang.invoke.DirectMethodHandle$Holder.invokeSpecial(java.lang.Object, java.lang.Object, java.lang.Object, java.lang.Object, int, java.lang.Object, java.lang.Object)'> (0x00000007b4d600d8) 
thrown [s\src\hotspot\share\interpreter\linkResolver.cpp, line 759]
Event: 36.575 Thread 0x000002397f3a9150 Exception <a 'java/lang/NoSuchMethodError'{0x00000007b4e00dc0}: 'void java.lang.invoke.DirectMethodHandle$Holder.invokeInterface(java.lang.Object, java.lang.Object, java.lang.Object, java.lang.Object)'> (0x00000007b4e00dc0) 
thrown [s\src\hotspot\share\interpreter\linkResolver.cpp, line 759]
Event: 36.637 Thread 0x000002397f3a9150 Exception <a 'java/lang/IncompatibleClassChangeError'{0x00000007b51b5cb8}: Found class java.lang.Object, but interface was expected> (0x00000007b51b5cb8) 
thrown [s\src\hotspot\share\interpreter\linkResolver.cpp, line 826]
Event: 36.683 Thread 0x000002397f3a9150 Exception <a 'java/lang/NoSuchMethodError'{0x00000007b530ea48}: 'int java.lang.invoke.DirectMethodHandle$Holder.invokeStaticInit(java.lang.Object, java.lang.Object, java.lang.Object, java.lang.Object, java.lang.Object)'> (0x00000007b530ea48) 
thrown [s\src\hotspot\share\interpreter\linkResolver.cpp, line 759]
Event: 36.750 Thread 0x000002397f3a9150 Exception <a 'sun/nio/fs/WindowsException'{0x00000007b54ce420}> (0x00000007b54ce420) 
thrown [s\src\hotspot\share\prims\jni.cpp, line 516]
Event: 36.751 Thread 0x000002397f3a9150 Exception <a 'sun/nio/fs/WindowsException'{0x00000007b54d0628}> (0x00000007b54d0628) 
thrown [s\src\hotspot\share\prims\jni.cpp, line 516]
Event: 36.760 Thread 0x000002397f3a9150 Exception <a 'java/lang/NoSuchMethodError'{0x00000007b550e5d0}: 'int java.lang.invoke.DirectMethodHandle$Holder.invokeSpecial(java.lang.Object, java.lang.Object, java.lang.Object, java.lang.Object, java.lang.Object)'> (0x00000007b550e5d0) 
thrown [s\src\hotspot\share\interpreter\linkResolver.cpp, line 759]
Event: 36.789 Thread 0x000002397f3a9150 Exception <a 'sun/nio/fs/WindowsException'{0x00000007b55e75e8}> (0x00000007b55e75e8) 
thrown [s\src\hotspot\share\prims\jni.cpp, line 516]
Event: 36.790 Thread 0x000002397f3a9150 Exception <a 'sun/nio/fs/WindowsException'{0x00000007b55e96c8}> (0x00000007b55e96c8) 
thrown [s\src\hotspot\share\prims\jni.cpp, line 516]
Event: 36.892 Thread 0x0000023901d04ac0 Exception <a 'java/lang/NoSuchMethodError'{0x00000007b58b9ec0}: 'int java.lang.invoke.DirectMethodHandle$Holder.invokeSpecial(java.lang.Object, java.lang.Object, int)'> (0x00000007b58b9ec0) 
thrown [s\src\hotspot\share\interpreter\linkResolver.cpp, line 759]

VM Operations (20 events):
Event: 36.650 Executing VM operation: HandshakeAllThreads
Event: 36.651 Executing VM operation: HandshakeAllThreads done
Event: 36.654 Executing VM operation: HandshakeAllThreads
Event: 36.655 Executing VM operation: HandshakeAllThreads done
Event: 36.725 Executing VM operation: HandshakeAllThreads
Event: 36.725 Executing VM operation: HandshakeAllThreads done
Event: 36.727 Executing VM operation: HandshakeAllThreads
Event: 36.728 Executing VM operation: HandshakeAllThreads done
Event: 36.747 Executing VM operation: ICBufferFull
Event: 36.747 Executing VM operation: ICBufferFull done
Event: 36.758 Executing VM operation: HandshakeAllThreads
Event: 36.758 Executing VM operation: HandshakeAllThreads done
Event: 37.011 Executing VM operation: HandshakeAllThreads
Event: 37.011 Executing VM operation: HandshakeAllThreads done
Event: 37.209 Executing VM operation: ICBufferFull
Event: 37.209 Executing VM operation: ICBufferFull done
Event: 38.210 Executing VM operation: Cleanup
Event: 38.409 Executing VM operation: Cleanup done
Event: 39.410 Executing VM operation: Cleanup
Event: 39.428 Executing VM operation: Cleanup done

Memory protections (0 events):
No events

Nmethod flushes (20 events):
Event: 36.631 Thread 0x0000023935a44340 flushing  nmethod 0x000002393ee13590
Event: 36.631 Thread 0x0000023935a44340 flushing  nmethod 0x000002393ee44110
Event: 36.632 Thread 0x0000023935a44340 flushing  nmethod 0x000002393ef71f90
Event: 36.633 Thread 0x0000023935a44340 flushing  nmethod 0x000002393f0bd710
Event: 36.635 Thread 0x0000023935a44340 flushing  nmethod 0x000002393f373a10
Event: 36.637 Thread 0x0000023935a44340 flushing  nmethod 0x000002393f603310
Event: 36.637 Thread 0x0000023935a44340 flushing  nmethod 0x000002393f655410
Event: 36.637 Thread 0x0000023935a44340 flushing  nmethod 0x000002393f65a410
Event: 36.638 Thread 0x0000023935a44340 flushing  nmethod 0x000002393f7dd290
Event: 36.644 Thread 0x0000023935a44340 flushing  nmethod 0x000002393fd12a10
Event: 36.645 Thread 0x0000023935a44340 flushing  nmethod 0x000002393ffece10
Event: 36.646 Thread 0x0000023935a44340 flushing  nmethod 0x0000023940081e90
Event: 36.646 Thread 0x0000023935a44340 flushing  nmethod 0x000002394008b910
Event: 36.646 Thread 0x0000023935a44340 flushing  nmethod 0x000002394008d210
Event: 36.646 Thread 0x0000023935a44340 flushing  nmethod 0x000002394012ac90
Event: 36.649 Thread 0x0000023935a44340 flushing  nmethod 0x00000239402b9090
Event: 36.649 Thread 0x0000023935a44340 flushing  nmethod 0x00000239402fef10
Event: 36.649 Thread 0x0000023935a44340 flushing  nmethod 0x0000023940301210
Event: 36.649 Thread 0x0000023935a44340 flushing  nmethod 0x0000023940303f90
Event: 36.649 Thread 0x0000023935a44340 flushing  nmethod 0x000002394034bf90

Events (20 events):
Event: 36.465 Thread 0x000002397f3a6de0 Thread added: 0x0000023901d040a0
Event: 36.465 Thread 0x000002397f3a6de0 Thread added: 0x0000023901d045b0
Event: 36.466 Thread 0x000002397f3a6de0 Thread added: 0x0000023901d05f00
Event: 36.466 Thread 0x000002397f3a6de0 Thread added: 0x0000023901d06410
Event: 36.466 Thread 0x000002397f3a6de0 Thread added: 0x0000023901d054e0
Event: 36.466 Thread 0x000002397f3a6de0 Thread added: 0x0000023901d03680
Event: 36.466 Thread 0x000002397f3a6de0 Thread added: 0x0000023901d03b90
Event: 36.466 Thread 0x000002397f3a6de0 Thread added: 0x0000023901d02c60
Event: 36.466 Thread 0x000002397f3a6de0 Thread added: 0x0000023901d07850
Event: 36.466 Thread 0x000002397f3a6de0 Thread added: 0x0000023901d03170
Event: 36.467 Thread 0x000002397f3a6de0 Thread added: 0x0000023901d07340
Event: 36.467 Thread 0x000002397f3a6de0 Thread added: 0x0000023901d06920
Event: 36.467 Thread 0x000002397f3a6de0 Thread added: 0x0000023901d06e30
Event: 36.467 Thread 0x000002397f3a6de0 Thread added: 0x0000023901d07d60
Event: 36.498 Thread 0x000002397d002020 Thread exited: 0x000002397d002020
Event: 36.525 Thread 0x000002397f3a6de0 Thread added: 0x0000023901d08780
Event: 36.647 Thread 0x000002397d001ad0 Thread exited: 0x000002397d001ad0
Event: 36.774 Thread 0x0000023973e30950 Thread added: 0x0000023903436050
Event: 38.410 Thread 0x000002397cf89870 Thread added: 0x00000239034365a0
Event: 39.430 Thread 0x000002397cf89870 Thread exited: 0x000002397cf89870


Dynamic libraries:
0x00007ff71a550000 - 0x00007ff71a55e000 	C:\jdk17\jdk-17.0.19+10\bin\java.exe
0x00007ff90d780000 - 0x00007ff90d9e7000 	C:\WINDOWS\SYSTEM32\ntdll.dll
0x00007ff90b580000 - 0x00007ff90b649000 	C:\WINDOWS\System32\KERNEL32.DLL
0x00007ff90a710000 - 0x00007ff90ab07000 	C:\WINDOWS\System32\KERNELBASE.dll
0x00007ff90ab10000 - 0x00007ff90ac5b000 	C:\WINDOWS\System32\ucrtbase.dll
0x00007ff8c3350000 - 0x00007ff8c336e000 	C:\jdk17\jdk-17.0.19+10\bin\VCRUNTIME140.dll
0x00007ff8c8b00000 - 0x00007ff8c8b18000 	C:\jdk17\jdk-17.0.19+10\bin\jli.dll
0x00007ff90d040000 - 0x00007ff90d206000 	C:\WINDOWS\System32\USER32.dll
0x00007ff90b4d0000 - 0x00007ff90b4f7000 	C:\WINDOWS\System32\win32u.dll
0x00007ff8e3ae0000 - 0x00007ff8e3d72000 	C:\WINDOWS\WinSxS\amd64_microsoft.windows.common-controls_6595b64144ccf1df_6.0.26100.8457_none_3e0b2faee331e92d\COMCTL32.dll
0x00007ff90b6b0000 - 0x00007ff90b6db000 	C:\WINDOWS\System32\GDI32.dll
0x00007ff90c1d0000 - 0x00007ff90c279000 	C:\WINDOWS\System32\msvcrt.dll
0x00007ff90a550000 - 0x00007ff90a67c000 	C:\WINDOWS\System32\gdi32full.dll
0x00007ff90a270000 - 0x00007ff90a313000 	C:\WINDOWS\System32\msvcp_win.dll
0x00007ff90bf20000 - 0x00007ff90bf52000 	C:\WINDOWS\System32\IMM32.DLL
0x00007ff8ef130000 - 0x00007ff8ef13c000 	C:\jdk17\jdk-17.0.19+10\bin\vcruntime140_1.dll
0x00007ff8abe80000 - 0x00007ff8abf0d000 	C:\jdk17\jdk-17.0.19+10\bin\msvcp140.dll
0x00007ff82f900000 - 0x00007ff83056c000 	C:\jdk17\jdk-17.0.19+10\bin\server\jvm.dll
0x00007ff90d5a0000 - 0x00007ff90d656000 	C:\WINDOWS\System32\ADVAPI32.dll
0x00007ff90cea0000 - 0x00007ff90cf47000 	C:\WINDOWS\System32\sechost.dll
0x00007ff90cd80000 - 0x00007ff90ce98000 	C:\WINDOWS\System32\RPCRT4.dll
0x00007ff90cfb0000 - 0x00007ff90d030000 	C:\WINDOWS\System32\WS2_32.dll
0x00007ff908dd0000 - 0x00007ff908e2e000 	C:\WINDOWS\SYSTEM32\POWRPROF.dll
0x00007ff8fee70000 - 0x00007ff8fee7b000 	C:\WINDOWS\SYSTEM32\VERSION.dll
0x00007ff8fc080000 - 0x00007ff8fc0b6000 	C:\WINDOWS\SYSTEM32\WINMM.dll
0x00007ff908db0000 - 0x00007ff908dc4000 	C:\WINDOWS\SYSTEM32\UMPDC.dll
0x00007ff909060000 - 0x00007ff90907b000 	C:\WINDOWS\SYSTEM32\kernel.appcore.dll
0x00007ff8ef080000 - 0x00007ff8ef08a000 	C:\jdk17\jdk-17.0.19+10\bin\jimage.dll
0x00007ff907ea0000 - 0x00007ff9080e2000 	C:\WINDOWS\SYSTEM32\DBGHELP.DLL
0x00007ff90d210000 - 0x00007ff90d593000 	C:\WINDOWS\System32\combase.dll
0x00007ff90c0c0000 - 0x00007ff90c199000 	C:\WINDOWS\System32\OLEAUT32.dll
0x00007ff8d64d0000 - 0x00007ff8d650b000 	C:\WINDOWS\SYSTEM32\dbgcore.DLL
0x00007ff90a4a0000 - 0x00007ff90a548000 	C:\WINDOWS\System32\bcryptPrimitives.dll
0x00007ff8ef040000 - 0x00007ff8ef04e000 	C:\jdk17\jdk-17.0.19+10\bin\instrument.dll
0x00007ff8c2e70000 - 0x00007ff8c2e95000 	C:\jdk17\jdk-17.0.19+10\bin\java.dll
0x00007ff873330000 - 0x00007ff873407000 	C:\jdk17\jdk-17.0.19+10\bin\jsvml.dll
0x00007ff90c280000 - 0x00007ff90c9ee000 	C:\WINDOWS\System32\SHELL32.dll
0x00007ff90ac60000 - 0x00007ff90b4cc000 	C:\WINDOWS\System32\windows.storage.dll
0x00007ff90b6e0000 - 0x00007ff90b7d6000 	C:\WINDOWS\System32\SHCORE.dll
0x00007ff90bea0000 - 0x00007ff90bf06000 	C:\WINDOWS\System32\shlwapi.dll
0x00007ff90a0d0000 - 0x00007ff90a0f9000 	C:\WINDOWS\SYSTEM32\profapi.dll
0x00007ff8c3270000 - 0x00007ff8c3288000 	C:\jdk17\jdk-17.0.19+10\bin\zip.dll
0x00007ff8bfff0000 - 0x00007ff8c000a000 	C:\jdk17\jdk-17.0.19+10\bin\net.dll
0x00007ff900d10000 - 0x00007ff900e39000 	C:\WINDOWS\SYSTEM32\WINHTTP.dll
0x00007ff9095d0000 - 0x00007ff90963c000 	C:\WINDOWS\system32\mswsock.dll
0x00007ff8bf9f0000 - 0x00007ff8bfa06000 	C:\jdk17\jdk-17.0.19+10\bin\nio.dll
0x00007ff8ee490000 - 0x00007ff8ee4a0000 	C:\jdk17\jdk-17.0.19+10\bin\verify.dll
0x00007ff8fba30000 - 0x00007ff8fba57000 	D:\.gradle\native\1def1411415f61bf3af743bc5b6707747c0891f09f0c88961ee8f79bc544acac\windows-amd64\native-platform.dll
0x00007ff8f0c90000 - 0x00007ff8f0d08000 	D:\.gradle\native\0.2.7\x86_64-windows-gnu\gradle-fileevents.dll
0x00007ff8da520000 - 0x00007ff8da52a000 	C:\jdk17\jdk-17.0.19+10\bin\management.dll
0x00007ff8d92d0000 - 0x00007ff8d92dc000 	C:\jdk17\jdk-17.0.19+10\bin\management_ext.dll
0x00007ff90cf50000 - 0x00007ff90cf58000 	C:\WINDOWS\System32\PSAPI.DLL
0x00007ff908a30000 - 0x00007ff908a62000 	C:\WINDOWS\SYSTEM32\IPHLPAPI.DLL
0x00007ff90b7e0000 - 0x00007ff90b7ea000 	C:\WINDOWS\System32\NSI.dll
0x00007ff901850000 - 0x00007ff90186d000 	C:\WINDOWS\SYSTEM32\dhcpcsvc6.DLL
0x00007ff9016c0000 - 0x00007ff9016e5000 	C:\WINDOWS\SYSTEM32\dhcpcsvc.DLL
0x00007ff908ad0000 - 0x00007ff908c02000 	C:\WINDOWS\SYSTEM32\DNSAPI.dll
0x00007ff8d9270000 - 0x00007ff8d9279000 	C:\jdk17\jdk-17.0.19+10\bin\extnet.dll
0x00007ff9098b0000 - 0x00007ff9098cb000 	C:\WINDOWS\SYSTEM32\CRYPTSP.dll
0x00007ff908fc0000 - 0x00007ff908ff9000 	C:\WINDOWS\system32\rsaenh.dll
0x00007ff909680000 - 0x00007ff9096b3000 	C:\WINDOWS\SYSTEM32\USERENV.dll
0x00007ff90a0a0000 - 0x00007ff90a0ca000 	C:\WINDOWS\SYSTEM32\bcrypt.dll
0x00007ff9098d0000 - 0x00007ff9098dc000 	C:\WINDOWS\SYSTEM32\CRYPTBASE.dll
0x00007ff8d1960000 - 0x00007ff8d196e000 	C:\jdk17\jdk-17.0.19+10\bin\sunmscapi.dll
0x00007ff90a320000 - 0x00007ff90a498000 	C:\WINDOWS\System32\CRYPT32.dll
0x00007ff909ad0000 - 0x00007ff909b00000 	C:\WINDOWS\SYSTEM32\ncrypt.dll
0x00007ff909a80000 - 0x00007ff909abf000 	C:\WINDOWS\SYSTEM32\NTASN1.dll
0x00007ff8c8010000 - 0x00007ff8c8018000 	C:\WINDOWS\system32\wshunix.dll

dbghelp: loaded successfully - version: 4.0.5 - missing functions: none
symbol engine: initialized successfully - sym options: 0x614 - pdb path: .;C:\jdk17\jdk-17.0.19+10\bin;C:\WINDOWS\SYSTEM32;C:\WINDOWS\WinSxS\amd64_microsoft.windows.common-controls_6595b64144ccf1df_6.0.26100.8457_none_3e0b2faee331e92d;C:\jdk17\jdk-17.0.19+10\bin\server;D:\.gradle\native\1def1411415f61bf3af743bc5b6707747c0891f09f0c88961ee8f79bc544acac\windows-amd64;D:\.gradle\native\0.2.7\x86_64-windows-gnu

VM Arguments:
jvm_args: --add-opens=java.base/java.lang=ALL-UNNAMED --add-opens=java.base/java.lang.invoke=ALL-UNNAMED --add-opens=java.base/java.util=ALL-UNNAMED --add-opens=java.prefs/java.util.prefs=ALL-UNNAMED --add-exports=jdk.compiler/com.sun.tools.javac.api=ALL-UNNAMED --add-exports=jdk.compiler/com.sun.tools.javac.util=ALL-UNNAMED --add-opens=java.base/java.util=ALL-UNNAMED --add-opens=java.prefs/java.util.prefs=ALL-UNNAMED --add-opens=java.base/java.nio.charset=ALL-UNNAMED --add-opens=java.base/java.net=ALL-UNNAMED --add-opens=java.base/java.util.concurrent.atomic=ALL-UNNAMED --add-opens=java.xml/javax.xml.namespace=ALL-UNNAMED -XX:+UseParallelGC -XX:MaxMetaspaceSize=512m -XX:+HeapDumpOnOutOfMemoryError -Xms256m -Xmx4g -Dfile.encoding=UTF-8 -Duser.country=CN -Duser.language=zh -Duser.variant -javaagent:D:\.gradle\wrapper\dists\gradle-8.14.4-bin\a40rex9zy7wh6ckico3kypz1j\gradle-8.14.4\lib\agents\gradle-instrumentation-agent-8.14.4.jar 
java_command: org.gradle.launcher.daemon.bootstrap.GradleDaemon 8.14.4
java_class_path (initial): D:\.gradle\wrapper\dists\gradle-8.14.4-bin\a40rex9zy7wh6ckico3kypz1j\gradle-8.14.4\lib\gradle-daemon-main-8.14.4.jar
Launcher Type: SUN_STANDARD

[Global flags]
     intx CICompilerCount                          = 12                                        {product} {ergonomic}
   size_t CompressedClassSpaceSize                 = 436207616                                 {product} {ergonomic}
     bool HeapDumpOnOutOfMemoryError               = true                                   {manageable} {command line}
   size_t InitialHeapSize                          = 268435456                                 {product} {command line}
   size_t MaxHeapSize                              = 4294967296                                {product} {command line}
   size_t MaxMetaspaceSize                         = 536870912                                 {product} {command line}
   size_t MaxNewSize                               = 1431306240                                {product} {ergonomic}
   size_t MinHeapDeltaBytes                        = 524288                                    {product} {ergonomic}
   size_t MinHeapSize                              = 268435456                                 {product} {command line}
   size_t NewSize                                  = 89128960                                  {product} {ergonomic}
    uintx NonNMethodCodeHeapSize                   = 7602480                                {pd product} {ergonomic}
    uintx NonProfiledCodeHeapSize                  = 122027880                              {pd product} {ergonomic}
   size_t OldSize                                  = 179306496                                 {product} {ergonomic}
    uintx ProfiledCodeHeapSize                     = 122027880                              {pd product} {ergonomic}
    uintx ReservedCodeCacheSize                    = 251658240                              {pd product} {ergonomic}
     bool SegmentedCodeCache                       = true                                      {product} {ergonomic}
   size_t SoftMaxHeapSize                          = 4294967296                             {manageable} {ergonomic}
     bool UseCompressedClassPointers               = true                           {product lp64_product} {ergonomic}
     bool UseCompressedOops                        = true                           {product lp64_product} {ergonomic}
     bool UseLargePagesIndividualAllocation        = false                                  {pd product} {ergonomic}
     bool UseParallelGC                            = true                                      {product} {command line}

Logging:
Log output configuration:
 #0: stdout all=warning uptime,level,tags
 #1: stderr all=off uptime,level,tags

Environment Variables:
JAVA_HOME=C:\jdk17\jdk-17.0.19+10
CLASSPATH=D:\legado-Sigma-2026-main\\gradle\wrapper\gradle-wrapper.jar
PATH=C:\WINDOWS\system32;C:\WINDOWS;C:\WINDOWS\System32\Wbem;C:\WINDOWS\System32\WindowsPowerShell\v1.0\;C:\WINDOWS\System32\OpenSSH\;C:\Program Files\Bandizip\;C:\Program Files\dotnet\;D:\QT\Tools\mingw1310_64\bin;C:\Program Files\Calibre2\;C:\Users\lxy\AppData\Local\Microsoft\WindowsApps;C:\Users\lxy\AppData\Local\Python\bin;D:\Microsoft VS Code\bin;C:\jdk17\jdk-17.0.19+10\bin
USERNAME=lxy
OS=Windows_NT
PROCESSOR_IDENTIFIER=Intel64 Family 6 Model 191 Stepping 2, GenuineIntel
TMP=C:\Users\lxy\AppData\Local\Temp
TEMP=C:\Users\lxy\AppData\Local\Temp



Periodic native trim disabled


---------------  S Y S T E M  ---------------

OS:
 Windows 11 , 64 bit Build 26100 (10.0.26100.8328)
OS uptime: 0 days 11:50 hours

CPU: total 24 (initial active 24) (12 cores per cpu, 2 threads per core) family 6 model 191 stepping 2 microcode 0x37, cx8, cmov, fxsr, ht, mmx, 3dnowpref, sse, sse2, sse3, ssse3, sse4.1, sse4.2, popcnt, lzcnt, tsc, tscinvbit, avx, avx2, aes, erms, clmul, bmi1, bmi2, adx, sha, fma, vzeroupper, clflush, clflushopt, clwb
Processor Information for processor 0
  Max Mhz: 2100, Current Mhz: 2100, Mhz Limit: 2100
Processor Information for processor 1
  Max Mhz: 2100, Current Mhz: 2100, Mhz Limit: 2100
Processor Information for processor 2
  Max Mhz: 2100, Current Mhz: 2100, Mhz Limit: 2100
Processor Information for processor 3
  Max Mhz: 2100, Current Mhz: 2100, Mhz Limit: 2100
Processor Information for processor 4
  Max Mhz: 2100, Current Mhz: 1453, Mhz Limit: 2100
Processor Information for processor 5
  Max Mhz: 2100, Current Mhz: 2100, Mhz Limit: 2100
Processor Information for processor 6
  Max Mhz: 2100, Current Mhz: 2100, Mhz Limit: 2100
Processor Information for processor 7
  Max Mhz: 2100, Current Mhz: 2100, Mhz Limit: 2100
Processor Information for processor 8
  Max Mhz: 2100, Current Mhz: 2100, Mhz Limit: 2100
Processor Information for processor 9
  Max Mhz: 2100, Current Mhz: 2100, Mhz Limit: 2100
Processor Information for processor 10
  Max Mhz: 2100, Current Mhz: 2100, Mhz Limit: 2100
Processor Information for processor 11
  Max Mhz: 2100, Current Mhz: 2100, Mhz Limit: 2100
Processor Information for processor 12
  Max Mhz: 2100, Current Mhz: 2100, Mhz Limit: 2100
Processor Information for processor 13
  Max Mhz: 2100, Current Mhz: 2100, Mhz Limit: 2100
Processor Information for processor 14
  Max Mhz: 2100, Current Mhz: 2100, Mhz Limit: 2100
Processor Information for processor 15
  Max Mhz: 2100, Current Mhz: 2100, Mhz Limit: 2100
Processor Information for processor 16
  Max Mhz: 2100, Current Mhz: 2100, Mhz Limit: 2100
Processor Information for processor 17
  Max Mhz: 2100, Current Mhz: 1540, Mhz Limit: 2100
Processor Information for processor 18
  Max Mhz: 2100, Current Mhz: 1540, Mhz Limit: 2100
Processor Information for processor 19
  Max Mhz: 2100, Current Mhz: 1540, Mhz Limit: 2100
Processor Information for processor 20
  Max Mhz: 2100, Current Mhz: 2100, Mhz Limit: 2100
Processor Information for processor 21
  Max Mhz: 2100, Current Mhz: 2100, Mhz Limit: 2100
Processor Information for processor 22
  Max Mhz: 2100, Current Mhz: 1540, Mhz Limit: 2100
Processor Information for processor 23
  Max Mhz: 2100, Current Mhz: 1540, Mhz Limit: 2100

Memory: 4k page, system-wide physical 14029M (846M free)
TotalPageFile size 24146M (AvailPageFile size 28M)
current process WorkingSet (physical memory assigned to process): 762M, peak: 784M
current process commit charge ("private bytes"): 1145M, peak: 1165M

vm_info: OpenJDK 64-Bit Server VM (17.0.19+10) for windows-amd64 JRE (17.0.19+10), built on Apr 25 2026 08:04:44 by "admin" with MS VC++ 17.12 (VS2022)

END.
