#
# There is insufficient memory for the Java Runtime Environment to continue.
# Native memory allocation (malloc) failed to allocate 1919120 bytes. Error detail: Chunk::new
# Possible reasons:
#   The system is out of physical RAM or swap space
#   This process is running with CompressedOops enabled, and the Java Heap may be blocking the growth of the native heap
# Possible solutions:
#   Reduce memory load on the system
#   Increase physical memory or swap space
#   Check if swap backing store is full
#   Decrease Java heap size (-Xmx/-Xms)
#   Decrease number of Java threads
#   Decrease Java thread stack sizes (-Xss)
#   Set larger code cache with -XX:ReservedCodeCacheSize=
#   JVM is running with Zero Based Compressed Oops mode in which the Java heap is
#     placed in the first 32GB address space. The Java Heap base address is the
#     maximum limit for the native heap growth. Please use -XX:HeapBaseMinAddress
#     to set the Java Heap base and to place the Java Heap above 32GB virtual address.
# This output file may be truncated or incomplete.
#
#  Out of Memory Error (arena.cpp:191), pid=8376, tid=22680
#
# JRE version: OpenJDK Runtime Environment Temurin-17.0.19+10 (17.0.19+10) (build 17.0.19+10)
# Java VM: OpenJDK 64-Bit Server VM Temurin-17.0.19+10 (17.0.19+10, mixed mode, sharing, tiered, compressed oops, compressed class ptrs, parallel gc, windows-amd64)
# No core dump will be written. Minidumps are not enabled by default on client versions of Windows
#

---------------  S U M M A R Y ------------

Command Line: --add-opens=java.base/java.lang=ALL-UNNAMED --add-opens=java.base/java.lang.invoke=ALL-UNNAMED --add-opens=java.base/java.util=ALL-UNNAMED --add-opens=java.prefs/java.util.prefs=ALL-UNNAMED --add-exports=jdk.compiler/com.sun.tools.javac.api=ALL-UNNAMED --add-exports=jdk.compiler/com.sun.tools.javac.util=ALL-UNNAMED --add-opens=java.base/java.util=ALL-UNNAMED --add-opens=java.prefs/java.util.prefs=ALL-UNNAMED --add-opens=java.base/java.nio.charset=ALL-UNNAMED --add-opens=java.base/java.net=ALL-UNNAMED --add-opens=java.base/java.util.concurrent.atomic=ALL-UNNAMED --add-opens=java.xml/javax.xml.namespace=ALL-UNNAMED -XX:+UseParallelGC -XX:MaxMetaspaceSize=512m -XX:+HeapDumpOnOutOfMemoryError -Xms256m -Xmx4g -Dfile.encoding=UTF-8 -Duser.country=CN -Duser.language=zh -Duser.variant -javaagent:D:\.gradle\wrapper\dists\gradle-8.14.4-bin\a40rex9zy7wh6ckico3kypz1j\gradle-8.14.4\lib\agents\gradle-instrumentation-agent-8.14.4.jar org.gradle.launcher.daemon.bootstrap.GradleDaemon 8.14.4

Host: 13th Gen Intel(R) Core(TM) i7-13700HX, 24 cores, 13G,  Windows 11 , 64 bit Build 26100 (10.0.26100.8328)
Time: Thu May 14 23:19:12 2026  Windows 11 , 64 bit Build 26100 (10.0.26100.8328) elapsed time: 11.186986 seconds (0d 0h 0m 11s)

---------------  T H R E A D  ---------------

Current thread (0x000002a16acab740):  JavaThread "C2 CompilerThread0" daemon [_thread_in_native, id=22680, stack(0x000000b01eb00000,0x000000b01ec00000)]


Current CompileTask:
C2:11187 10899   !   4       com.sun.beans.TypeResolver::resolve (264 bytes)

Stack: [0x000000b01eb00000,0x000000b01ec00000]
Native frames: (J=compiled Java code, j=interpreted, Vv=VM code, C=native code)
V  [jvm.dll+0x684b29]
V  [jvm.dll+0x83a2d5]
V  [jvm.dll+0x83bd4e]
V  [jvm.dll+0x83c3d3]
V  [jvm.dll+0x24905f]
V  [jvm.dll+0xad536]
V  [jvm.dll+0xadbdc]
V  [jvm.dll+0x368d9e]
V  [jvm.dll+0x1bc4c9]
V  [jvm.dll+0x219fc0]
V  [jvm.dll+0x2192af]
V  [jvm.dll+0x1a49f0]
V  [jvm.dll+0x2299fa]
V  [jvm.dll+0x227bab]
V  [jvm.dll+0x7f0a88]
V  [jvm.dll+0x7eaf1c]
V  [jvm.dll+0x6839f7]
C  [ucrtbase.dll+0x37b0]
C  [KERNEL32.DLL+0x2e957]
C  [ntdll.dll+0x427c]


---------------  P R O C E S S  ---------------

Threads class SMR info:
_java_thread_list=0x000002a1731591f0, length=123, elements={
0x000002a147c5e560, 0x000002a16ac7a260, 0x000002a1696d6ad0, 0x000002a16ac80450,
0x000002a16ac83a50, 0x000002a16ac86f50, 0x000002a16ac87fa0, 0x000002a16acab740,
0x000002a147d02010, 0x000002a147d0de40, 0x000002a16ad77750, 0x000002a147cc0ee0,
0x000002a147cc1400, 0x000002a16ae727f0, 0x000002a1741b1a40, 0x000002a174455ba0,
0x000002a1744945a0, 0x000002a17429da00, 0x000002a1744891d0, 0x000002a1741e03f0,
0x000002a1741dfee0, 0x000002a1741e2250, 0x000002a1741e1320, 0x000002a1741e1830,
0x000002a1741e2760, 0x000002a1741e0900, 0x000002a1741e0e10, 0x000002a1741e2c70,
0x000002a1741e1d40, 0x000002a1741df4c0, 0x000002a176713d00, 0x000002a1767132e0,
0x000002a176715650, 0x000002a176715b60, 0x000002a174d83d30, 0x000002a1767128c0,
0x000002a176716580, 0x000002a176715140, 0x000002a176714c30, 0x000002a176712dd0,
0x000002a1767179c0, 0x000002a1767174b0, 0x000002a176719d30, 0x000002a176716fa0,
0x000002a176716a90, 0x000002a176719820, 0x000002a1767183e0, 0x000002a176718e00,
0x000002a176717ed0, 0x000002a176719310, 0x000002a1724f1730, 0x000002a1724ee490,
0x000002a1724ef8d0, 0x000002a1724f0800, 0x000002a1724ee9a0, 0x000002a1724efde0,
0x000002a1724edf80, 0x000002a1724f1220, 0x000002a1724f1c40, 0x000002a1724eeeb0,
0x000002a1724f02f0, 0x000002a1724f2150, 0x000002a1724f0d10, 0x000002a1724f2660,
0x000002a1724f2b70, 0x000002a1724ef3c0, 0x000002a1724f4ee0, 0x000002a1724f49d0,
0x000002a1724f3080, 0x000002a1724f53f0, 0x000002a1724f3590, 0x000002a1724f3aa0,
0x000002a1724f5900, 0x000002a1724f3fb0, 0x000002a1724f44c0, 0x000002a1747b1f10,
0x000002a1747b2420, 0x000002a1747b2e40, 0x000002a1747b3860, 0x000002a1747b0ad0,
0x000002a1747b14f0, 0x000002a1747b2930, 0x000002a1747b3350, 0x000002a1747b1a00,
0x000002a1747b00b0, 0x000002a1747b3d70, 0x000002a1747b05c0, 0x000002a1747b4280,
0x000002a1747b0fe0, 0x000002a1747b51b0, 0x000002a1747b7010, 0x000002a1747b56c0,
0x000002a1747b4ca0, 0x000002a1747b60e0, 0x000002a1747b5bd0, 0x000002a1747b65f0,
0x000002a1747b4790, 0x000002a1747b6b00, 0x000002a1747b7520, 0x000002a1747b7a30,
0x000002a176a49fa0, 0x000002a176a4b8f0, 0x000002a176a49a90, 0x000002a176a4c820,
0x000002a176a4a4b0, 0x000002a176a4a9c0, 0x000002a176a4aed0, 0x000002a176a4b3e0,
0x000002a176a4be00, 0x000002a176a4c310, 0x000002a176a49070, 0x000002a176a4cd30,
0x000002a176a4f0a0, 0x000002a176a4f5b0, 0x000002a176a4fac0, 0x000002a176a4d240,
0x000002a17d20fa60, 0x000002a176a4e170, 0x000002a17d210a50, 0x000002a176a4ffd0,
0x000002a176a504e0, 0x000002a11ba96770, 0x000002a11b8a3e80
}

Java Threads: ( => current thread )
  0x000002a147c5e560 JavaThread "main" [_thread_blocked, id=8972, stack(0x000000b01e200000,0x000000b01e300000)]
  0x000002a16ac7a260 JavaThread "Reference Handler" daemon [_thread_blocked, id=11756, stack(0x000000b01e500000,0x000000b01e600000)]
  0x000002a1696d6ad0 JavaThread "Finalizer" daemon [_thread_blocked, id=19580, stack(0x000000b01e600000,0x000000b01e700000)]
  0x000002a16ac80450 JavaThread "Signal Dispatcher" daemon [_thread_blocked, id=11788, stack(0x000000b01e700000,0x000000b01e800000)]
  0x000002a16ac83a50 JavaThread "Attach Listener" daemon [_thread_blocked, id=17824, stack(0x000000b01e800000,0x000000b01e900000)]
  0x000002a16ac86f50 JavaThread "Service Thread" daemon [_thread_blocked, id=28612, stack(0x000000b01e900000,0x000000b01ea00000)]
  0x000002a16ac87fa0 JavaThread "Monitor Deflation Thread" daemon [_thread_blocked, id=18104, stack(0x000000b01ea00000,0x000000b01eb00000)]
=>0x000002a16acab740 JavaThread "C2 CompilerThread0" daemon [_thread_in_native, id=22680, stack(0x000000b01eb00000,0x000000b01ec00000)]
  0x000002a147d02010 JavaThread "C1 CompilerThread0" daemon [_thread_blocked, id=10868, stack(0x000000b01ec00000,0x000000b01ed00000)]
  0x000002a147d0de40 JavaThread "Sweeper thread" daemon [_thread_blocked, id=2812, stack(0x000000b01ed00000,0x000000b01ee00000)]
  0x000002a16ad77750 JavaThread "Common-Cleaner" daemon [_thread_blocked, id=5956, stack(0x000000b01ee00000,0x000000b01ef00000)]
  0x000002a147cc0ee0 JavaThread "C1 CompilerThread1" daemon [_thread_blocked, id=21944, stack(0x000000b01ef00000,0x000000b01f000000)]
  0x000002a147cc1400 JavaThread "C1 CompilerThread2" daemon [_thread_blocked, id=22364, stack(0x000000b01f000000,0x000000b01f100000)]
  0x000002a16ae727f0 JavaThread "Notification Thread" daemon [_thread_blocked, id=2824, stack(0x000000b01f300000,0x000000b01f400000)]
  0x000002a1741b1a40 JavaThread "Daemon health stats" [_thread_blocked, id=27040, stack(0x000000b01fb00000,0x000000b01fc00000)]
  0x000002a174455ba0 JavaThread "Incoming local TCP Connector on port 60594" [_thread_in_native, id=1488, stack(0x000000b01f600000,0x000000b01f700000)]
  0x000002a1744945a0 JavaThread "Daemon periodic checks" [_thread_blocked, id=4016, stack(0x000000b020000000,0x000000b020100000)]
  0x000002a17429da00 JavaThread "Daemon" [_thread_blocked, id=18164, stack(0x000000b020100000,0x000000b020200000)]
  0x000002a1744891d0 JavaThread "Handler for socket connection from /127.0.0.1:60594 to /127.0.0.1:60597" [_thread_in_native, id=12720, stack(0x000000b020200000,0x000000b020300000)]
  0x000002a1741e03f0 JavaThread "Cancel handler" [_thread_blocked, id=22684, stack(0x000000b020300000,0x000000b020400000)]
  0x000002a1741dfee0 JavaThread "Daemon worker" [_thread_in_vm, id=22492, stack(0x000000b020400000,0x000000b020500000)]
  0x000002a1741e2250 JavaThread "Asynchronous log dispatcher for DefaultDaemonConnection: socket connection from /127.0.0.1:60594 to /127.0.0.1:60597" [_thread_blocked, id=8880, stack(0x000000b020500000,0x000000b020600000)]
  0x000002a1741e1320 JavaThread "Stdin handler" [_thread_blocked, id=5804, stack(0x000000b020600000,0x000000b020700000)]
  0x000002a1741e1830 JavaThread "Daemon client event forwarder" [_thread_blocked, id=4668, stack(0x000000b020700000,0x000000b020800000)]
  0x000002a1741e2760 JavaThread "Cache worker for journal cache (D:\.gradle\caches\journal-1)" [_thread_blocked, id=25568, stack(0x000000b020800000,0x000000b020900000)]
  0x000002a1741e0900 JavaThread "File lock request listener" [_thread_in_native, id=19404, stack(0x000000b020900000,0x000000b020a00000)]
  0x000002a1741e0e10 JavaThread "Cache worker for file hash cache (D:\.gradle\caches\8.14.4\fileHashes)" [_thread_blocked, id=20116, stack(0x000000b020a00000,0x000000b020b00000)]
  0x000002a1741e2c70 JavaThread "File lock release action executor" [_thread_blocked, id=22348, stack(0x000000b020b00000,0x000000b020c00000)]
  0x000002a1741e1d40 JavaThread "Cache worker for file hash cache (D:\legado-Sigma-2026-main\.gradle\8.14.4\fileHashes)" [_thread_blocked, id=15988, stack(0x000000b021500000,0x000000b021600000)]
  0x000002a1741df4c0 JavaThread "Cache worker for Build Output Cleanup Cache (D:\legado-Sigma-2026-main\.gradle\buildOutputCleanup)" [_thread_blocked, id=28652, stack(0x000000b021600000,0x000000b021700000)]
  0x000002a176713d00 JavaThread "File watcher server" daemon [_thread_in_native, id=1524, stack(0x000000b021700000,0x000000b021800000)]
  0x000002a1767132e0 JavaThread "File watcher consumer" daemon [_thread_blocked, id=13252, stack(0x000000b021800000,0x000000b021900000)]
  0x000002a176715650 JavaThread "jar transforms" [_thread_blocked, id=12704, stack(0x000000b01f100000,0x000000b01f200000)]
  0x000002a176715b60 JavaThread "jar transforms Thread 2" [_thread_blocked, id=27580, stack(0x000000b01f200000,0x000000b01f300000)]
  0x000002a174d83d30 JavaThread "C1 CompilerThread3" daemon [_thread_blocked, id=4716, stack(0x000000b021b00000,0x000000b021c00000)]
  0x000002a1767128c0 JavaThread "Cache worker for checksums cache (D:\legado-Sigma-2026-main\.gradle\8.14.4\checksums)" [_thread_blocked, id=24676, stack(0x000000b021c00000,0x000000b021d00000)]
  0x000002a176716580 JavaThread "Cache worker for file content cache (D:\.gradle\caches\8.14.4\fileContent)" [_thread_blocked, id=7928, stack(0x000000b021d00000,0x000000b021e00000)]
  0x000002a176715140 JavaThread "jar transforms Thread 3" [_thread_blocked, id=5088, stack(0x000000b021e00000,0x000000b021f00000)]
  0x000002a176714c30 JavaThread "Cache worker for cache directory md-supplier (D:\.gradle\caches\8.14.4\md-supplier)" [_thread_blocked, id=17024, stack(0x000000b021f00000,0x000000b022000000)]
  0x000002a176712dd0 JavaThread "Cache worker for cache directory md-rule (D:\.gradle\caches\8.14.4\md-rule)" [_thread_blocked, id=12596, stack(0x000000b022000000,0x000000b022100000)]
  0x000002a1767179c0 JavaThread "Problems report writer" [_thread_blocked, id=5716, stack(0x000000b022100000,0x000000b022200000)]
  0x000002a1767174b0 JavaThread "jar transforms Thread 4" [_thread_blocked, id=24936, stack(0x000000b022200000,0x000000b022300000)]
  0x000002a176719d30 JavaThread "jar transforms Thread 5" [_thread_blocked, id=8488, stack(0x000000b022300000,0x000000b022400000)]
  0x000002a176716fa0 JavaThread "Unconstrained build operations" [_thread_blocked, id=16600, stack(0x000000b022400000,0x000000b022500000)]
  0x000002a176716a90 JavaThread "Unconstrained build operations Thread 2" [_thread_blocked, id=21400, stack(0x000000b022500000,0x000000b022600000)]
  0x000002a176719820 JavaThread "Unconstrained build operations Thread 3" [_thread_blocked, id=16008, stack(0x000000b022600000,0x000000b022700000)]
  0x000002a1767183e0 JavaThread "Unconstrained build operations Thread 4" [_thread_blocked, id=14604, stack(0x000000b022700000,0x000000b022800000)]
  0x000002a176718e00 JavaThread "Unconstrained build operations Thread 5" [_thread_blocked, id=18732, stack(0x000000b022800000,0x000000b022900000)]
  0x000002a176717ed0 JavaThread "Unconstrained build operations Thread 6" [_thread_blocked, id=17104, stack(0x000000b022900000,0x000000b022a00000)]
  0x000002a176719310 JavaThread "Unconstrained build operations Thread 7" [_thread_blocked, id=11920, stack(0x000000b022a00000,0x000000b022b00000)]
  0x000002a1724f1730 JavaThread "Unconstrained build operations Thread 8" [_thread_blocked, id=12996, stack(0x000000b022b00000,0x000000b022c00000)]
  0x000002a1724ee490 JavaThread "Unconstrained build operations Thread 9" [_thread_blocked, id=17864, stack(0x000000b022c00000,0x000000b022d00000)]
  0x000002a1724ef8d0 JavaThread "Unconstrained build operations Thread 10" [_thread_blocked, id=1804, stack(0x000000b022d00000,0x000000b022e00000)]
  0x000002a1724f0800 JavaThread "Unconstrained build operations Thread 11" [_thread_blocked, id=26388, stack(0x000000b022e00000,0x000000b022f00000)]
  0x000002a1724ee9a0 JavaThread "Unconstrained build operations Thread 12" [_thread_blocked, id=12700, stack(0x000000b022f00000,0x000000b023000000)]
  0x000002a1724efde0 JavaThread "Unconstrained build operations Thread 13" [_thread_blocked, id=22700, stack(0x000000b023000000,0x000000b023100000)]
  0x000002a1724edf80 JavaThread "Unconstrained build operations Thread 14" [_thread_blocked, id=22292, stack(0x000000b023100000,0x000000b023200000)]
  0x000002a1724f1220 JavaThread "Unconstrained build operations Thread 15" [_thread_blocked, id=15788, stack(0x000000b023200000,0x000000b023300000)]
  0x000002a1724f1c40 JavaThread "Unconstrained build operations Thread 16" [_thread_blocked, id=13532, stack(0x000000b023300000,0x000000b023400000)]
  0x000002a1724eeeb0 JavaThread "Unconstrained build operations Thread 17" [_thread_blocked, id=19836, stack(0x000000b023400000,0x000000b023500000)]
  0x000002a1724f02f0 JavaThread "Unconstrained build operations Thread 18" [_thread_blocked, id=17712, stack(0x000000b023500000,0x000000b023600000)]
  0x000002a1724f2150 JavaThread "Unconstrained build operations Thread 19" [_thread_blocked, id=4608, stack(0x000000b023600000,0x000000b023700000)]
  0x000002a1724f0d10 JavaThread "Unconstrained build operations Thread 20" [_thread_blocked, id=18900, stack(0x000000b023700000,0x000000b023800000)]
  0x000002a1724f2660 JavaThread "Unconstrained build operations Thread 21" [_thread_blocked, id=5348, stack(0x000000b023800000,0x000000b023900000)]
  0x000002a1724f2b70 JavaThread "Unconstrained build operations Thread 22" [_thread_blocked, id=4944, stack(0x000000b023900000,0x000000b023a00000)]
  0x000002a1724ef3c0 JavaThread "Unconstrained build operations Thread 23" [_thread_blocked, id=13868, stack(0x000000b023a00000,0x000000b023b00000)]
  0x000002a1724f4ee0 JavaThread "Unconstrained build operations Thread 24" [_thread_blocked, id=23816, stack(0x000000b023b00000,0x000000b023c00000)]
  0x000002a1724f49d0 JavaThread "Unconstrained build operations Thread 25" [_thread_blocked, id=18580, stack(0x000000b023c00000,0x000000b023d00000)]
  0x000002a1724f3080 JavaThread "Unconstrained build operations Thread 26" [_thread_blocked, id=18956, stack(0x000000b023d00000,0x000000b023e00000)]
  0x000002a1724f53f0 JavaThread "Unconstrained build operations Thread 27" [_thread_blocked, id=24048, stack(0x000000b023e00000,0x000000b023f00000)]
  0x000002a1724f3590 JavaThread "Unconstrained build operations Thread 28" [_thread_blocked, id=18908, stack(0x000000b023f00000,0x000000b024000000)]
  0x000002a1724f3aa0 JavaThread "Unconstrained build operations Thread 29" [_thread_blocked, id=21024, stack(0x000000b024000000,0x000000b024100000)]
  0x000002a1724f5900 JavaThread "Unconstrained build operations Thread 30" [_thread_blocked, id=19232, stack(0x000000b024100000,0x000000b024200000)]
  0x000002a1724f3fb0 JavaThread "Unconstrained build operations Thread 31" [_thread_blocked, id=10576, stack(0x000000b024200000,0x000000b024300000)]
  0x000002a1724f44c0 JavaThread "Unconstrained build operations Thread 32" [_thread_blocked, id=20464, stack(0x000000b024300000,0x000000b024400000)]
  0x000002a1747b1f10 JavaThread "Unconstrained build operations Thread 33" [_thread_blocked, id=20572, stack(0x000000b024400000,0x000000b024500000)]
  0x000002a1747b2420 JavaThread "Unconstrained build operations Thread 34" [_thread_blocked, id=17856, stack(0x000000b024500000,0x000000b024600000)]
  0x000002a1747b2e40 JavaThread "Unconstrained build operations Thread 35" [_thread_blocked, id=18776, stack(0x000000b024600000,0x000000b024700000)]
  0x000002a1747b3860 JavaThread "Unconstrained build operations Thread 36" [_thread_blocked, id=17584, stack(0x000000b024700000,0x000000b024800000)]
  0x000002a1747b0ad0 JavaThread "Unconstrained build operations Thread 37" [_thread_blocked, id=23796, stack(0x000000b024800000,0x000000b024900000)]
  0x000002a1747b14f0 JavaThread "Unconstrained build operations Thread 38" [_thread_blocked, id=20476, stack(0x000000b024900000,0x000000b024a00000)]
  0x000002a1747b2930 JavaThread "Unconstrained build operations Thread 39" [_thread_blocked, id=4796, stack(0x000000b024a00000,0x000000b024b00000)]
  0x000002a1747b3350 JavaThread "Unconstrained build operations Thread 40" [_thread_blocked, id=8716, stack(0x000000b024b00000,0x000000b024c00000)]
  0x000002a1747b1a00 JavaThread "Unconstrained build operations Thread 41" [_thread_blocked, id=15108, stack(0x000000b024c00000,0x000000b024d00000)]
  0x000002a1747b00b0 JavaThread "Unconstrained build operations Thread 42" [_thread_blocked, id=26984, stack(0x000000b024d00000,0x000000b024e00000)]
  0x000002a1747b3d70 JavaThread "Unconstrained build operations Thread 43" [_thread_blocked, id=2936, stack(0x000000b024e00000,0x000000b024f00000)]
  0x000002a1747b05c0 JavaThread "Unconstrained build operations Thread 44" [_thread_blocked, id=22412, stack(0x000000b024f00000,0x000000b025000000)]
  0x000002a1747b4280 JavaThread "Unconstrained build operations Thread 45" [_thread_blocked, id=12012, stack(0x000000b025000000,0x000000b025100000)]
  0x000002a1747b0fe0 JavaThread "Unconstrained build operations Thread 46" [_thread_blocked, id=2984, stack(0x000000b025100000,0x000000b025200000)]
  0x000002a1747b51b0 JavaThread "Unconstrained build operations Thread 47" [_thread_blocked, id=12580, stack(0x000000b025200000,0x000000b025300000)]
  0x000002a1747b7010 JavaThread "Unconstrained build operations Thread 48" [_thread_blocked, id=27500, stack(0x000000b025300000,0x000000b025400000)]
  0x000002a1747b56c0 JavaThread "Unconstrained build operations Thread 49" [_thread_blocked, id=7408, stack(0x000000b025400000,0x000000b025500000)]
  0x000002a1747b4ca0 JavaThread "Unconstrained build operations Thread 50" [_thread_blocked, id=28252, stack(0x000000b025500000,0x000000b025600000)]
  0x000002a1747b60e0 JavaThread "Unconstrained build operations Thread 51" [_thread_blocked, id=4680, stack(0x000000b025600000,0x000000b025700000)]
  0x000002a1747b5bd0 JavaThread "Unconstrained build operations Thread 52" [_thread_blocked, id=27368, stack(0x000000b025700000,0x000000b025800000)]
  0x000002a1747b65f0 JavaThread "Unconstrained build operations Thread 53" [_thread_blocked, id=24772, stack(0x000000b025800000,0x000000b025900000)]
  0x000002a1747b4790 JavaThread "Unconstrained build operations Thread 54" [_thread_blocked, id=18812, stack(0x000000b025900000,0x000000b025a00000)]
  0x000002a1747b6b00 JavaThread "Unconstrained build operations Thread 55" [_thread_blocked, id=22320, stack(0x000000b025a00000,0x000000b025b00000)]
  0x000002a1747b7520 JavaThread "Unconstrained build operations Thread 56" [_thread_blocked, id=12312, stack(0x000000b025b00000,0x000000b025c00000)]
  0x000002a1747b7a30 JavaThread "Unconstrained build operations Thread 57" [_thread_blocked, id=26380, stack(0x000000b025c00000,0x000000b025d00000)]
  0x000002a176a49fa0 JavaThread "Unconstrained build operations Thread 58" [_thread_blocked, id=26452, stack(0x000000b025d00000,0x000000b025e00000)]
  0x000002a176a4b8f0 JavaThread "Unconstrained build operations Thread 59" [_thread_blocked, id=17964, stack(0x000000b025e00000,0x000000b025f00000)]
  0x000002a176a49a90 JavaThread "Unconstrained build operations Thread 60" [_thread_blocked, id=7076, stack(0x000000b025f00000,0x000000b026000000)]
  0x000002a176a4c820 JavaThread "Unconstrained build operations Thread 61" [_thread_blocked, id=21404, stack(0x000000b026000000,0x000000b026100000)]
  0x000002a176a4a4b0 JavaThread "Unconstrained build operations Thread 62" [_thread_blocked, id=18376, stack(0x000000b026100000,0x000000b026200000)]
  0x000002a176a4a9c0 JavaThread "Unconstrained build operations Thread 63" [_thread_blocked, id=26116, stack(0x000000b026200000,0x000000b026300000)]
  0x000002a176a4aed0 JavaThread "Unconstrained build operations Thread 64" [_thread_blocked, id=22476, stack(0x000000b026300000,0x000000b026400000)]
  0x000002a176a4b3e0 JavaThread "Unconstrained build operations Thread 65" [_thread_blocked, id=14816, stack(0x000000b026400000,0x000000b026500000)]
  0x000002a176a4be00 JavaThread "Unconstrained build operations Thread 66" [_thread_blocked, id=20688, stack(0x000000b026500000,0x000000b026600000)]
  0x000002a176a4c310 JavaThread "Unconstrained build operations Thread 67" [_thread_blocked, id=14828, stack(0x000000b026600000,0x000000b026700000)]
  0x000002a176a49070 JavaThread "Unconstrained build operations Thread 68" [_thread_blocked, id=24224, stack(0x000000b026700000,0x000000b026800000)]
  0x000002a176a4cd30 JavaThread "Unconstrained build operations Thread 69" [_thread_blocked, id=672, stack(0x000000b026800000,0x000000b026900000)]
  0x000002a176a4f0a0 JavaThread "jar transforms Thread 6" [_thread_blocked, id=18140, stack(0x000000b026900000,0x000000b026a00000)]
  0x000002a176a4f5b0 JavaThread "jar transforms Thread 7" [_thread_blocked, id=25212, stack(0x000000b026a00000,0x000000b026b00000)]
  0x000002a176a4fac0 JavaThread "Memory manager" [_thread_blocked, id=3092, stack(0x000000b026b00000,0x000000b026c00000)]
  0x000002a176a4d240 JavaThread "build event listener" [_thread_blocked, id=19428, stack(0x000000b01f500000,0x000000b01f600000)]
  0x000002a17d20fa60 JavaThread "C2 CompilerThread1" daemon [_thread_in_native, id=13456, stack(0x000000b021900000,0x000000b021a00000)]
  0x000002a176a4e170 JavaThread "build event listener" [_thread_blocked, id=4980, stack(0x000000b021a00000,0x000000b021b00000)]
  0x000002a17d210a50 JavaThread "C2 CompilerThread2" daemon [_thread_in_native, id=25536, stack(0x000000b026c00000,0x000000b026d00000)]
  0x000002a176a4ffd0 JavaThread "jar transforms Thread 8" [_thread_blocked, id=4516, stack(0x000000b026d00000,0x000000b026e00000)]
  0x000002a176a504e0 JavaThread "jar transforms Thread 9" [_thread_blocked, id=13788, stack(0x000000b026e00000,0x000000b026f00000)]
  0x000002a11ba96770 JavaThread "jar transforms Thread 10" [_thread_blocked, id=4748, stack(0x000000b026f00000,0x000000b027000000)]
  0x000002a11b8a3e80 JavaThread "C2 CompilerThread3" daemon [_thread_in_native, id=25836, stack(0x000000b027000000,0x000000b027100000)]

Other Threads:
  0x000002a16ac73ca0 VMThread "VM Thread" [stack: 0x000000b01e400000,0x000000b01e500000] [id=23292]
  0x000002a16ae72cd0 WatcherThread [stack: 0x000000b01f400000,0x000000b01f500000] [id=18200]
  0x000002a147c75470 GCTaskThread "GC Thread#0" [stack: 0x000000b01e300000,0x000000b01e400000] [id=23600]
  0x000002a1726a8180 GCTaskThread "GC Thread#1" [stack: 0x000000b01f700000,0x000000b01f800000] [id=21816]
  0x000002a1737078a0 GCTaskThread "GC Thread#2" [stack: 0x000000b01f800000,0x000000b01f900000] [id=15908]
  0x000002a173707b60 GCTaskThread "GC Thread#3" [stack: 0x000000b01f900000,0x000000b01fa00000] [id=17784]
  0x000002a1721b5db0 GCTaskThread "GC Thread#4" [stack: 0x000000b01fa00000,0x000000b01fb00000] [id=12652]
  0x000002a174156a30 GCTaskThread "GC Thread#5" [stack: 0x000000b01fc00000,0x000000b01fd00000] [id=20992]
  0x000002a173a34740 GCTaskThread "GC Thread#6" [stack: 0x000000b01fd00000,0x000000b01fe00000] [id=20264]
  0x000002a172e72ed0 GCTaskThread "GC Thread#7" [stack: 0x000000b01fe00000,0x000000b01ff00000] [id=18844]
  0x000002a1733284c0 GCTaskThread "GC Thread#8" [stack: 0x000000b01ff00000,0x000000b020000000] [id=19956]
  0x000002a173cb1090 GCTaskThread "GC Thread#9" [stack: 0x000000b020c00000,0x000000b020d00000] [id=21268]
  0x000002a175dd7940 GCTaskThread "GC Thread#10" [stack: 0x000000b020d00000,0x000000b020e00000] [id=18300]
  0x000002a17518c1c0 GCTaskThread "GC Thread#11" [stack: 0x000000b020e00000,0x000000b020f00000] [id=23928]
  0x000002a17518c480 GCTaskThread "GC Thread#12" [stack: 0x000000b020f00000,0x000000b021000000] [id=10616]
  0x000002a1751a7a00 GCTaskThread "GC Thread#13" [stack: 0x000000b021000000,0x000000b021100000] [id=18440]
  0x000002a1751a7cc0 GCTaskThread "GC Thread#14" [stack: 0x000000b021100000,0x000000b021200000] [id=10956]
  0x000002a1751efdb0 GCTaskThread "GC Thread#15" [stack: 0x000000b021200000,0x000000b021300000] [id=24780]
  0x000002a1751eeff0 GCTaskThread "GC Thread#16" [stack: 0x000000b021300000,0x000000b021400000] [id=19352]
  0x000002a1751f0070 GCTaskThread "GC Thread#17" [stack: 0x000000b021400000,0x000000b021500000] [id=3048]

Threads with active compile tasks:
C2 CompilerThread0  11259 10899   !   4       com.sun.beans.TypeResolver::resolve (264 bytes)
C2 CompilerThread1  11259 10905       4       java.beans.MethodRef::set (58 bytes)
C2 CompilerThread2  11259 11126 %     4       groovy.lang.MetaClassImpl::inheritInterfaceNewMetaMethods @ 100 (195 bytes)
C2 CompilerThread3  11259 10937   !   4       java.lang.reflect.Executable::sharedToGenericString (255 bytes)

VM state: not at safepoint (normal execution)

VM Mutex/Monitor currently owned by a thread: None

Heap address: 0x0000000700000000, size: 4096 MB, Compressed Oops mode: Zero based, Oop shift amount: 3

CDS archive(s) mapped at: [0x000002a100000000-0x000002a100bb0000-0x000002a100bb0000), size 12255232, SharedBaseAddress: 0x000002a100000000, ArchiveRelocationMode: 1.
Compressed class space mapped at: 0x000002a101000000-0x000002a11b000000, reserved size: 436207616
Narrow klass base: 0x000002a100000000, Narrow klass shift: 0, Narrow klass range: 0x100000000

GC Precious Log:
 CPUs: 24 total, 24 available
 Memory: 14029M
 Large Page Support: Disabled
 NUMA Support: Disabled
 Compressed Oops: Enabled (Zero based)
 Alignments: Space 512K, Generation 512K, Heap 2M
 Heap Min Capacity: 256M
 Heap Initial Capacity: 256M
 Heap Max Capacity: 4G
 Pre-touch: Disabled
 Parallel Workers: 18

Heap:
 PSYoungGen      total 175104K, used 32834K [0x00000007aab00000, 0x00000007b6880000, 0x0000000800000000)
  eden space 158208K, 15% used [0x00000007aab00000,0x00000007ac3a0108,0x00000007b4580000)
  from space 16896K, 45% used [0x00000007b5800000,0x00000007b5f70aa8,0x00000007b6880000)
  to   space 17920K, 0% used [0x00000007b4580000,0x00000007b4580000,0x00000007b5700000)
 ParOldGen       total 175104K, used 73131K [0x0000000700000000, 0x000000070ab00000, 0x00000007aab00000)
  object space 175104K, 41% used [0x0000000700000000,0x000000070476afa8,0x000000070ab00000)
 Metaspace       used 78552K, committed 79360K, reserved 557056K
  class space    used 10602K, committed 11008K, reserved 425984K

Card table byte_map: [0x000002a15ff70000,0x000002a160780000] _byte_map_base: 0x000002a15c770000

Marking Bits: (ParMarkBitMap*) 0x00007ffe35687980
 Begin Bits: [0x000002a160ce0000, 0x000002a164ce0000)
 End Bits:   [0x000002a164ce0000, 0x000002a168ce0000)

Polling page: 0x000002a147950000

Metaspace:

Usage:
  Non-class:     66.36 MB used.
      Class:     10.35 MB used.
       Both:     76.71 MB used.

Virtual space:
  Non-class space:      128.00 MB reserved,      66.75 MB ( 52%) committed,  2 nodes.
      Class space:      416.00 MB reserved,      10.75 MB (  3%) committed,  1 nodes.
             Both:      544.00 MB reserved,      77.50 MB ( 14%) committed. 

Chunk freelists:
   Non-Class:  13.14 MB
       Class:  5.19 MB
        Both:  18.32 MB

MaxMetaspaceSize: 512.00 MB
CompressedClassSpaceSize: 416.00 MB
Initial GC threshold: 21.00 MB
Current GC threshold: 97.31 MB
CDS: on
MetaspaceReclaimPolicy: balanced
 - commit_granule_bytes: 65536.
 - commit_granule_words: 8192.
 - virtual_space_node_default_size: 8388608.
 - enlarge_chunks_in_place: 1.
 - new_chunks_are_fully_committed: 0.
 - uncommit_free_chunks: 1.
 - use_allocation_guard: 0.
 - handle_deallocations: 1.


Internal statistics:

num_allocs_failed_limit: 9.
num_arena_births: 902.
num_arena_deaths: 0.
num_vsnodes_births: 3.
num_vsnodes_deaths: 0.
num_space_committed: 1240.
num_space_uncommitted: 0.
num_chunks_returned_to_freelist: 9.
num_chunks_taken_from_freelist: 4165.
num_chunk_merges: 9.
num_chunk_splits: 2746.
num_chunks_enlarged: 1824.
num_inconsistent_stats: 0.

CodeHeap 'non-profiled nmethods': size=119168Kb used=5973Kb max_used=5973Kb free=113194Kb
 bounds [0x000002a158930000, 0x000002a158f10000, 0x000002a15fd90000]
CodeHeap 'profiled nmethods': size=119104Kb used=18322Kb max_used=18322Kb free=100781Kb
 bounds [0x000002a150d90000, 0x000002a151f80000, 0x000002a1581e0000]
CodeHeap 'non-nmethods': size=7488Kb used=4082Kb max_used=4168Kb free=3405Kb
 bounds [0x000002a1581e0000, 0x000002a158600000, 0x000002a158930000]
 total_blobs=10580 nmethods=9649 adapters=842
 compilation: enabled
              stopped_count=0, restarted_count=0
 full_count=0

Compilation events (20 events):
Event: 10.172 Thread 0x000002a17d210a50 nmethod 10962 0x000002a158f00710 code [0x000002a158f00a80, 0x000002a158f03240]
Event: 10.172 Thread 0x000002a17d210a50 11117       4       org.codehaus.groovy.util.SingleKeyHashMap::get (67 bytes)
Event: 10.177 Thread 0x000002a174d83d30 11133       3       sun.reflect.generics.parser.SignatureParser::parseArrayTypeSignature (29 bytes)
Event: 10.177 Thread 0x000002a147cc1400 11134       3       sun.reflect.generics.tree.ArrayTypeSignature::make (9 bytes)
Event: 10.177 Thread 0x000002a147d02010 11135       3       sun.reflect.generics.tree.ArrayTypeSignature::<init> (10 bytes)
Event: 10.177 Thread 0x000002a147cc0ee0 11136       3       sun.reflect.generics.tree.ArrayTypeSignature::accept (8 bytes)
Event: 10.178 Thread 0x000002a147d02010 nmethod 11135 0x000002a151f71a10 code [0x000002a151f71bc0, 0x000002a151f71d38]
Event: 10.178 Thread 0x000002a147cc1400 nmethod 11134 0x000002a151f71e10 code [0x000002a151f71fc0, 0x000002a151f721d8]
Event: 10.178 Thread 0x000002a147d02010 11137       3       sun.reflect.generics.visitor.Reifier::visitArrayTypeSignature (30 bytes)
Event: 10.178 Thread 0x000002a147cc1400 11138       3       sun.reflect.generics.factory.CoreReflectionFactory::makeArrayType (24 bytes)
Event: 10.178 Thread 0x000002a174d83d30 nmethod 11133 0x000002a151f72310 code [0x000002a151f72500, 0x000002a151f728b8]
Event: 10.178 Thread 0x000002a147cc0ee0 nmethod 11136 0x000002a151f72a90 code [0x000002a151f72ca0, 0x000002a151f734f8]
Event: 10.178 Thread 0x000002a147cc1400 nmethod 11138 0x000002a151f73810 code [0x000002a151f73a00, 0x000002a151f73fa8]
Event: 10.178 Thread 0x000002a17d210a50 nmethod 11117 0x000002a158f04d10 code [0x000002a158f04ec0, 0x000002a158f05408]
Event: 10.178 Thread 0x000002a17d210a50 11126 %     4       groovy.lang.MetaClassImpl::inheritInterfaceNewMetaMethods @ 100 (195 bytes)
Event: 10.178 Thread 0x000002a147d02010 nmethod 11137 0x000002a151f74190 code [0x000002a151f743a0, 0x000002a151f74b38]
Event: 10.179 Thread 0x000002a147d02010 11139       3       java.util.regex.Matcher::appendTail (19 bytes)
Event: 10.180 Thread 0x000002a147d02010 nmethod 11139 0x000002a151f74e10 code [0x000002a151f74fe0, 0x000002a151f752d8]
Event: 10.180 Thread 0x000002a147d02010 11141       3       java.util.HashMap$Values::iterator (12 bytes)
Event: 10.180 Thread 0x000002a147cc0ee0 11142       3       java.util.HashMap$ValueIterator::<init> (11 bytes)

GC Heap History (20 events):
Event: 6.015 GC heap before
{Heap before GC invocations=10 (full 2):
 PSYoungGen      total 67072K, used 66765K [0x00000007aab00000, 0x00000007b0e00000, 0x0000000800000000)
  eden space 62464K, 100% used [0x00000007aab00000,0x00000007ae800000,0x00000007ae800000)
  from space 4608K, 93% used [0x00000007ae980000,0x00000007aedb36a8,0x00000007aee00000)
  to   space 19456K, 0% used [0x00000007afb00000,0x00000007afb00000,0x00000007b0e00000)
 ParOldGen       total 175104K, used 31123K [0x0000000700000000, 0x000000070ab00000, 0x00000007aab00000)
  object space 175104K, 17% used [0x0000000700000000,0x0000000701e64e50,0x000000070ab00000)
 Metaspace       used 47669K, committed 48256K, reserved 491520K
  class space    used 6552K, committed 6784K, reserved 425984K
}
Event: 6.019 GC heap after
{Heap after GC invocations=10 (full 2):
 PSYoungGen      total 78848K, used 8180K [0x00000007aab00000, 0x00000007b0c00000, 0x0000000800000000)
  eden space 61440K, 0% used [0x00000007aab00000,0x00000007aab00000,0x00000007ae700000)
  from space 17408K, 46% used [0x00000007afb00000,0x00000007b02fd3a0,0x00000007b0c00000)
  to   space 18944K, 0% used [0x00000007ae700000,0x00000007ae700000,0x00000007af980000)
 ParOldGen       total 175104K, used 31131K [0x0000000700000000, 0x000000070ab00000, 0x00000007aab00000)
  object space 175104K, 17% used [0x0000000700000000,0x0000000701e66e50,0x000000070ab00000)
 Metaspace       used 47669K, committed 48256K, reserved 491520K
  class space    used 6552K, committed 6784K, reserved 425984K
}
Event: 6.716 GC heap before
{Heap before GC invocations=11 (full 2):
 PSYoungGen      total 78848K, used 69620K [0x00000007aab00000, 0x00000007b0c00000, 0x0000000800000000)
  eden space 61440K, 100% used [0x00000007aab00000,0x00000007ae700000,0x00000007ae700000)
  from space 17408K, 46% used [0x00000007afb00000,0x00000007b02fd3a0,0x00000007b0c00000)
  to   space 18944K, 0% used [0x00000007ae700000,0x00000007ae700000,0x00000007af980000)
 ParOldGen       total 175104K, used 31131K [0x0000000700000000, 0x000000070ab00000, 0x00000007aab00000)
  object space 175104K, 17% used [0x0000000700000000,0x0000000701e66e50,0x000000070ab00000)
 Metaspace       used 51209K, committed 51776K, reserved 491520K
  class space    used 7072K, committed 7360K, reserved 425984K
}
Event: 6.719 GC heap after
{Heap after GC invocations=11 (full 2):
 PSYoungGen      total 74240K, used 13780K [0x00000007aab00000, 0x00000007b0c00000, 0x0000000800000000)
  eden space 60416K, 0% used [0x00000007aab00000,0x00000007aab00000,0x00000007ae600000)
  from space 13824K, 99% used [0x00000007ae700000,0x00000007af4753c0,0x00000007af480000)
  to   space 19456K, 0% used [0x00000007af900000,0x00000007af900000,0x00000007b0c00000)
 ParOldGen       total 175104K, used 31139K [0x0000000700000000, 0x000000070ab00000, 0x00000007aab00000)
  object space 175104K, 17% used [0x0000000700000000,0x0000000701e68e50,0x000000070ab00000)
 Metaspace       used 51209K, committed 51776K, reserved 491520K
  class space    used 7072K, committed 7360K, reserved 425984K
}
Event: 6.821 GC heap before
{Heap before GC invocations=12 (full 2):
 PSYoungGen      total 74240K, used 74196K [0x00000007aab00000, 0x00000007b0c00000, 0x0000000800000000)
  eden space 60416K, 100% used [0x00000007aab00000,0x00000007ae600000,0x00000007ae600000)
  from space 13824K, 99% used [0x00000007ae700000,0x00000007af4753c0,0x00000007af480000)
  to   space 19456K, 0% used [0x00000007af900000,0x00000007af900000,0x00000007b0c00000)
 ParOldGen       total 175104K, used 31139K [0x0000000700000000, 0x000000070ab00000, 0x00000007aab00000)
  object space 175104K, 17% used [0x0000000700000000,0x0000000701e68e50,0x000000070ab00000)
 Metaspace       used 51700K, committed 52288K, reserved 491520K
  class space    used 7097K, committed 7360K, reserved 425984K
}
Event: 6.825 GC heap after
{Heap after GC invocations=12 (full 2):
 PSYoungGen      total 80384K, used 8608K [0x00000007aab00000, 0x00000007b2e80000, 0x0000000800000000)
  eden space 60928K, 0% used [0x00000007aab00000,0x00000007aab00000,0x00000007ae680000)
  from space 19456K, 44% used [0x00000007af900000,0x00000007b0168020,0x00000007b0c00000)
  to   space 18944K, 0% used [0x00000007ae680000,0x00000007ae680000,0x00000007af900000)
 ParOldGen       total 175104K, used 38606K [0x0000000700000000, 0x000000070ab00000, 0x00000007aab00000)
  object space 175104K, 22% used [0x0000000700000000,0x00000007025b38c8,0x000000070ab00000)
 Metaspace       used 51700K, committed 52288K, reserved 491520K
  class space    used 7097K, committed 7360K, reserved 425984K
}
Event: 6.951 GC heap before
{Heap before GC invocations=13 (full 2):
 PSYoungGen      total 80384K, used 69536K [0x00000007aab00000, 0x00000007b2e80000, 0x0000000800000000)
  eden space 60928K, 100% used [0x00000007aab00000,0x00000007ae680000,0x00000007ae680000)
  from space 19456K, 44% used [0x00000007af900000,0x00000007b0168020,0x00000007b0c00000)
  to   space 18944K, 0% used [0x00000007ae680000,0x00000007ae680000,0x00000007af900000)
 ParOldGen       total 175104K, used 38606K [0x0000000700000000, 0x000000070ab00000, 0x00000007aab00000)
  object space 175104K, 22% used [0x0000000700000000,0x00000007025b38c8,0x000000070ab00000)
 Metaspace       used 51848K, committed 52416K, reserved 491520K
  class space    used 7117K, committed 7360K, reserved 425984K
}
Event: 6.955 GC heap after
{Heap after GC invocations=13 (full 2):
 PSYoungGen      total 79872K, used 12409K [0x00000007aab00000, 0x00000007b2f80000, 0x0000000800000000)
  eden space 60928K, 0% used [0x00000007aab00000,0x00000007aab00000,0x00000007ae680000)
  from space 18944K, 65% used [0x00000007ae680000,0x00000007af29e7b0,0x00000007af900000)
  to   space 18944K, 0% used [0x00000007b1d00000,0x00000007b1d00000,0x00000007b2f80000)
 ParOldGen       total 175104K, used 46010K [0x0000000700000000, 0x000000070ab00000, 0x00000007aab00000)
  object space 175104K, 26% used [0x0000000700000000,0x0000000702cee948,0x000000070ab00000)
 Metaspace       used 51848K, committed 52416K, reserved 491520K
  class space    used 7117K, committed 7360K, reserved 425984K
}
Event: 7.379 GC heap before
{Heap before GC invocations=14 (full 2):
 PSYoungGen      total 79872K, used 73337K [0x00000007aab00000, 0x00000007b2f80000, 0x0000000800000000)
  eden space 60928K, 100% used [0x00000007aab00000,0x00000007ae680000,0x00000007ae680000)
  from space 18944K, 65% used [0x00000007ae680000,0x00000007af29e7b0,0x00000007af900000)
  to   space 18944K, 0% used [0x00000007b1d00000,0x00000007b1d00000,0x00000007b2f80000)
 ParOldGen       total 175104K, used 46010K [0x0000000700000000, 0x000000070ab00000, 0x00000007aab00000)
  object space 175104K, 26% used [0x0000000700000000,0x0000000702cee948,0x000000070ab00000)
 Metaspace       used 56010K, committed 56704K, reserved 491520K
  class space    used 7571K, committed 7872K, reserved 425984K
}
Event: 7.383 GC heap after
{Heap after GC invocations=14 (full 2):
 PSYoungGen      total 115712K, used 8238K [0x00000007aab00000, 0x00000007b2e80000, 0x0000000800000000)
  eden space 97792K, 0% used [0x00000007aab00000,0x00000007aab00000,0x00000007b0a80000)
  from space 17920K, 45% used [0x00000007b1d00000,0x00000007b250b848,0x00000007b2e80000)
  to   space 18432K, 0% used [0x00000007b0a80000,0x00000007b0a80000,0x00000007b1c80000)
 ParOldGen       total 175104K, used 57145K [0x0000000700000000, 0x000000070ab00000, 0x00000007aab00000)
  object space 175104K, 32% used [0x0000000700000000,0x00000007037ce5e0,0x000000070ab00000)
 Metaspace       used 56010K, committed 56704K, reserved 491520K
  class space    used 7571K, committed 7872K, reserved 425984K
}
Event: 7.641 GC heap before
{Heap before GC invocations=15 (full 2):
 PSYoungGen      total 115712K, used 40602K [0x00000007aab00000, 0x00000007b2e80000, 0x0000000800000000)
  eden space 97792K, 33% used [0x00000007aab00000,0x00000007aca9b248,0x00000007b0a80000)
  from space 17920K, 45% used [0x00000007b1d00000,0x00000007b250b848,0x00000007b2e80000)
  to   space 18432K, 0% used [0x00000007b0a80000,0x00000007b0a80000,0x00000007b1c80000)
 ParOldGen       total 175104K, used 57145K [0x0000000700000000, 0x000000070ab00000, 0x00000007aab00000)
  object space 175104K, 32% used [0x0000000700000000,0x00000007037ce5e0,0x000000070ab00000)
 Metaspace       used 59117K, committed 59776K, reserved 491520K
  class space    used 7898K, committed 8192K, reserved 425984K
}
Event: 7.644 GC heap after
{Heap after GC invocations=15 (full 2):
 PSYoungGen      total 116224K, used 1184K [0x00000007aab00000, 0x00000007b3080000, 0x0000000800000000)
  eden space 97792K, 0% used [0x00000007aab00000,0x00000007aab00000,0x00000007b0a80000)
  from space 18432K, 6% used [0x00000007b0a80000,0x00000007b0ba8000,0x00000007b1c80000)
  to   space 19456K, 0% used [0x00000007b1d80000,0x00000007b1d80000,0x00000007b3080000)
 ParOldGen       total 175104K, used 65028K [0x0000000700000000, 0x000000070ab00000, 0x00000007aab00000)
  object space 175104K, 37% used [0x0000000700000000,0x0000000703f812b8,0x000000070ab00000)
 Metaspace       used 59117K, committed 59776K, reserved 491520K
  class space    used 7898K, committed 8192K, reserved 425984K
}
Event: 7.644 GC heap before
{Heap before GC invocations=16 (full 3):
 PSYoungGen      total 116224K, used 1184K [0x00000007aab00000, 0x00000007b3080000, 0x0000000800000000)
  eden space 97792K, 0% used [0x00000007aab00000,0x00000007aab00000,0x00000007b0a80000)
  from space 18432K, 6% used [0x00000007b0a80000,0x00000007b0ba8000,0x00000007b1c80000)
  to   space 19456K, 0% used [0x00000007b1d80000,0x00000007b1d80000,0x00000007b3080000)
 ParOldGen       total 175104K, used 65028K [0x0000000700000000, 0x000000070ab00000, 0x00000007aab00000)
  object space 175104K, 37% used [0x0000000700000000,0x0000000703f812b8,0x000000070ab00000)
 Metaspace       used 59117K, committed 59776K, reserved 491520K
  class space    used 7898K, committed 8192K, reserved 425984K
}
Event: 7.691 GC heap after
{Heap after GC invocations=16 (full 3):
 PSYoungGen      total 116224K, used 0K [0x00000007aab00000, 0x00000007b3080000, 0x0000000800000000)
  eden space 97792K, 0% used [0x00000007aab00000,0x00000007aab00000,0x00000007b0a80000)
  from space 18432K, 0% used [0x00000007b0a80000,0x00000007b0a80000,0x00000007b1c80000)
  to   space 19456K, 0% used [0x00000007b1d80000,0x00000007b1d80000,0x00000007b3080000)
 ParOldGen       total 175104K, used 62581K [0x0000000700000000, 0x000000070ab00000, 0x00000007aab00000)
  object space 175104K, 35% used [0x0000000700000000,0x0000000703d1d538,0x000000070ab00000)
 Metaspace       used 59117K, committed 59776K, reserved 491520K
  class space    used 7898K, committed 8192K, reserved 425984K
}
Event: 8.505 GC heap before
{Heap before GC invocations=17 (full 3):
 PSYoungGen      total 116224K, used 97792K [0x00000007aab00000, 0x00000007b3080000, 0x0000000800000000)
  eden space 97792K, 100% used [0x00000007aab00000,0x00000007b0a80000,0x00000007b0a80000)
  from space 18432K, 0% used [0x00000007b0a80000,0x00000007b0a80000,0x00000007b1c80000)
  to   space 19456K, 0% used [0x00000007b1d80000,0x00000007b1d80000,0x00000007b3080000)
 ParOldGen       total 175104K, used 62581K [0x0000000700000000, 0x000000070ab00000, 0x00000007aab00000)
  object space 175104K, 35% used [0x0000000700000000,0x0000000703d1d538,0x000000070ab00000)
 Metaspace       used 66235K, committed 67008K, reserved 491520K
  class space    used 8865K, committed 9216K, reserved 425984K
}
Event: 8.508 GC heap after
{Heap after GC invocations=17 (full 3):
 PSYoungGen      total 118272K, used 7943K [0x00000007aab00000, 0x00000007b6800000, 0x0000000800000000)
  eden space 98816K, 0% used [0x00000007aab00000,0x00000007aab00000,0x00000007b0b80000)
  from space 19456K, 40% used [0x00000007b1d80000,0x00000007b2541ed8,0x00000007b3080000)
  to   space 18432K, 0% used [0x00000007b0b80000,0x00000007b0b80000,0x00000007b1d80000)
 ParOldGen       total 175104K, used 62589K [0x0000000700000000, 0x000000070ab00000, 0x00000007aab00000)
  object space 175104K, 35% used [0x0000000700000000,0x0000000703d1f538,0x000000070ab00000)
 Metaspace       used 66235K, committed 67008K, reserved 491520K
  class space    used 8865K, committed 9216K, reserved 425984K
}
Event: 9.247 GC heap before
{Heap before GC invocations=18 (full 3):
 PSYoungGen      total 118272K, used 106759K [0x00000007aab00000, 0x00000007b6800000, 0x0000000800000000)
  eden space 98816K, 100% used [0x00000007aab00000,0x00000007b0b80000,0x00000007b0b80000)
  from space 19456K, 40% used [0x00000007b1d80000,0x00000007b2541ed8,0x00000007b3080000)
  to   space 18432K, 0% used [0x00000007b0b80000,0x00000007b0b80000,0x00000007b1d80000)
 ParOldGen       total 175104K, used 62589K [0x0000000700000000, 0x000000070ab00000, 0x00000007aab00000)
  object space 175104K, 35% used [0x0000000700000000,0x0000000703d1f538,0x000000070ab00000)
 Metaspace       used 75440K, committed 76160K, reserved 557056K
  class space    used 10134K, committed 10432K, reserved 425984K
}
Event: 9.253 GC heap after
{Heap after GC invocations=18 (full 3):
 PSYoungGen      total 117248K, used 3359K [0x00000007aab00000, 0x00000007b6a80000, 0x0000000800000000)
  eden space 98816K, 0% used [0x00000007aab00000,0x00000007aab00000,0x00000007b0b80000)
  from space 18432K, 18% used [0x00000007b0b80000,0x00000007b0ec7d08,0x00000007b1d80000)
  to   space 18944K, 0% used [0x00000007b5800000,0x00000007b5800000,0x00000007b6a80000)
 ParOldGen       total 175104K, used 70088K [0x0000000700000000, 0x000000070ab00000, 0x00000007aab00000)
  object space 175104K, 40% used [0x0000000700000000,0x00000007044722d0,0x000000070ab00000)
 Metaspace       used 75440K, committed 76160K, reserved 557056K
  class space    used 10134K, committed 10432K, reserved 425984K
}
Event: 10.048 GC heap before
{Heap before GC invocations=19 (full 3):
 PSYoungGen      total 117248K, used 102175K [0x00000007aab00000, 0x00000007b6a80000, 0x0000000800000000)
  eden space 98816K, 100% used [0x00000007aab00000,0x00000007b0b80000,0x00000007b0b80000)
  from space 18432K, 18% used [0x00000007b0b80000,0x00000007b0ec7d08,0x00000007b1d80000)
  to   space 18944K, 0% used [0x00000007b5800000,0x00000007b5800000,0x00000007b6a80000)
 ParOldGen       total 175104K, used 70088K [0x0000000700000000, 0x000000070ab00000, 0x00000007aab00000)
  object space 175104K, 40% used [0x0000000700000000,0x00000007044722d0,0x000000070ab00000)
 Metaspace       used 78415K, committed 79232K, reserved 557056K
  class space    used 10580K, committed 10944K, reserved 425984K
}
Event: 10.056 GC heap after
{Heap after GC invocations=19 (full 3):
 PSYoungGen      total 175104K, used 7618K [0x00000007aab00000, 0x00000007b6880000, 0x0000000800000000)
  eden space 158208K, 0% used [0x00000007aab00000,0x00000007aab00000,0x00000007b4580000)
  from space 16896K, 45% used [0x00000007b5800000,0x00000007b5f70aa8,0x00000007b6880000)
  to   space 17920K, 0% used [0x00000007b4580000,0x00000007b4580000,0x00000007b5700000)
 ParOldGen       total 175104K, used 73131K [0x0000000700000000, 0x000000070ab00000, 0x00000007aab00000)
  object space 175104K, 41% used [0x0000000700000000,0x000000070476afa8,0x000000070ab00000)
 Metaspace       used 78415K, committed 79232K, reserved 557056K
  class space    used 10580K, committed 10944K, reserved 425984K
}

Dll operation events (15 events):
Event: 0.006 Loaded shared library C:\jdk17\jdk-17.0.19+10\bin\java.dll
Event: 0.019 Loaded shared library C:\jdk17\jdk-17.0.19+10\bin\jsvml.dll
Event: 0.066 Loaded shared library C:\jdk17\jdk-17.0.19+10\bin\zip.dll
Event: 0.070 Loaded shared library C:\jdk17\jdk-17.0.19+10\bin\instrument.dll
Event: 0.074 Loaded shared library C:\jdk17\jdk-17.0.19+10\bin\net.dll
Event: 0.076 Loaded shared library C:\jdk17\jdk-17.0.19+10\bin\nio.dll
Event: 0.078 Loaded shared library C:\jdk17\jdk-17.0.19+10\bin\zip.dll
Event: 0.274 Loaded shared library C:\jdk17\jdk-17.0.19+10\bin\jimage.dll
Event: 0.372 Loaded shared library C:\jdk17\jdk-17.0.19+10\bin\verify.dll
Event: 0.447 Loaded shared library D:\.gradle\native\1def1411415f61bf3af743bc5b6707747c0891f09f0c88961ee8f79bc544acac\windows-amd64\native-platform.dll
Event: 0.468 Loaded shared library D:\.gradle\native\0.2.7\x86_64-windows-gnu\gradle-fileevents.dll
Event: 1.125 Loaded shared library C:\jdk17\jdk-17.0.19+10\bin\management.dll
Event: 1.129 Loaded shared library C:\jdk17\jdk-17.0.19+10\bin\management_ext.dll
Event: 1.362 Loaded shared library C:\jdk17\jdk-17.0.19+10\bin\extnet.dll
Event: 1.539 Loaded shared library C:\jdk17\jdk-17.0.19+10\bin\sunmscapi.dll

Deoptimization events (20 events):
Event: 9.847 Thread 0x000002a1741dfee0 Uncommon trap: trap_request=0xffffff45 fr.pc=0x000002a158a82e44 relative=0x0000000000002f64
Event: 9.847 Thread 0x000002a1741dfee0 Uncommon trap: reason=unstable_if action=reinterpret pc=0x000002a158a82e44 method=groovy.lang.MetaClassImpl.checkIfStdMethod(Lgroovy/lang/MetaMethod;)V @ 167 c2
Event: 9.847 Thread 0x000002a1741dfee0 DEOPT PACKING pc=0x000002a158a82e44 sp=0x000000b0204f5da0
Event: 9.847 Thread 0x000002a1741dfee0 DEOPT UNPACKING pc=0x000002a1582366a3 sp=0x000000b0204f5e18 mode 2
Event: 9.866 Thread 0x000002a1741dfee0 Uncommon trap: trap_request=0xffffffc6 fr.pc=0x000002a158be897c relative=0x000000000000051c
Event: 9.866 Thread 0x000002a1741dfee0 Uncommon trap: reason=bimorphic_or_optimized_type_check action=maybe_recompile pc=0x000002a158be897c method=org.codehaus.groovy.util.SingleKeyHashMap.get(Ljava/lang/Object;)Ljava/lang/Object; @ 1 c2
Event: 9.866 Thread 0x000002a1741dfee0 DEOPT PACKING pc=0x000002a158be897c sp=0x000000b0204f5f40
Event: 9.866 Thread 0x000002a1741dfee0 DEOPT UNPACKING pc=0x000002a1582366a3 sp=0x000000b0204f5ef0 mode 2
Event: 9.873 Thread 0x000002a1741dfee0 Uncommon trap: trap_request=0xffffffc6 fr.pc=0x000002a158be897c relative=0x000000000000051c
Event: 9.873 Thread 0x000002a1741dfee0 Uncommon trap: reason=bimorphic_or_optimized_type_check action=maybe_recompile pc=0x000002a158be897c method=org.codehaus.groovy.util.SingleKeyHashMap.get(Ljava/lang/Object;)Ljava/lang/Object; @ 1 c2
Event: 9.873 Thread 0x000002a1741dfee0 DEOPT PACKING pc=0x000002a158be897c sp=0x000000b0204f5f10
Event: 9.873 Thread 0x000002a1741dfee0 DEOPT UNPACKING pc=0x000002a1582366a3 sp=0x000000b0204f5ec0 mode 2
Event: 9.882 Thread 0x000002a1741dfee0 Uncommon trap: trap_request=0xffffffc6 fr.pc=0x000002a158be897c relative=0x000000000000051c
Event: 9.882 Thread 0x000002a1741dfee0 Uncommon trap: reason=bimorphic_or_optimized_type_check action=maybe_recompile pc=0x000002a158be897c method=org.codehaus.groovy.util.SingleKeyHashMap.get(Ljava/lang/Object;)Ljava/lang/Object; @ 1 c2
Event: 9.882 Thread 0x000002a1741dfee0 DEOPT PACKING pc=0x000002a158be897c sp=0x000000b0204f5f10
Event: 9.882 Thread 0x000002a1741dfee0 DEOPT UNPACKING pc=0x000002a1582366a3 sp=0x000000b0204f5ec0 mode 2
Event: 9.950 Thread 0x000002a1741dfee0 Uncommon trap: trap_request=0xffffff45 fr.pc=0x000002a158bdffbc relative=0x0000000000000e3c
Event: 9.950 Thread 0x000002a1741dfee0 Uncommon trap: reason=unstable_if action=reinterpret pc=0x000002a158bdffbc method=org.codehaus.groovy.runtime.metaclass.MetaMethodIndex.isOverridden(Lgroovy/lang/MetaMethod;Lgroovy/lang/MetaMethod;)Z @ 52 c2
Event: 9.950 Thread 0x000002a1741dfee0 DEOPT PACKING pc=0x000002a158bdffbc sp=0x000000b0204f44e0
Event: 9.950 Thread 0x000002a1741dfee0 DEOPT UNPACKING pc=0x000002a1582366a3 sp=0x000000b0204f4438 mode 2

Classes loaded (20 events):
Event: 9.902 Loading class java/util/AbstractMapCustomizer
Event: 9.902 Loading class java/util/AbstractMapCustomizer done
Event: 9.902 Loading class java/util/AbstractMapCustomizer
Event: 9.902 Loading class java/util/AbstractMapCustomizer done
Event: 9.965 Loading class java/util/HashMapBeanInfo
Event: 9.965 Loading class java/util/HashMapBeanInfo done
Event: 9.966 Loading class java/util/HashMapBeanInfo
Event: 9.966 Loading class java/util/HashMapBeanInfo done
Event: 9.966 Loading class java/util/HashMapCustomizer
Event: 9.966 Loading class java/util/HashMapCustomizer done
Event: 9.966 Loading class java/util/HashMapCustomizer
Event: 9.966 Loading class java/util/HashMapCustomizer done
Event: 10.121 Loading class java/util/AbstractSetBeanInfo
Event: 10.121 Loading class java/util/AbstractSetBeanInfo done
Event: 10.122 Loading class java/util/AbstractSetBeanInfo
Event: 10.122 Loading class java/util/AbstractSetBeanInfo done
Event: 10.122 Loading class java/util/AbstractSetCustomizer
Event: 10.122 Loading class java/util/AbstractSetCustomizer done
Event: 10.122 Loading class java/util/AbstractSetCustomizer
Event: 10.122 Loading class java/util/AbstractSetCustomizer done

Classes unloaded (0 events):
No events

Classes redefined (0 events):
No events

Internal exceptions (20 events):
Event: 10.136 Thread 0x000002a1741dfee0 Exception <a 'java/lang/ClassNotFoundException'{0x00000007ab5f4190}: com/android/build/gradle/internal/api/DefaultAndroidSourceDirectorySetCustomizer> (0x00000007ab5f4190) 
thrown [s\src\hotspot\share\classfile\systemDictionary.cpp, line 256]
Event: 10.144 Thread 0x000002a1741dfee0 Exception <a 'java/lang/ClassNotFoundException'{0x00000007ab717348}: com/google/common/collect/SingletonImmutableSetBeanInfo> (0x00000007ab717348) 
thrown [s\src\hotspot\share\classfile\systemDictionary.cpp, line 256]
Event: 10.144 Thread 0x000002a1741dfee0 Exception <a 'java/lang/ClassNotFoundException'{0x00000007ab727ec8}: com/google/common/collect/ImmutableSetBeanInfo> (0x00000007ab727ec8) 
thrown [s\src\hotspot\share\classfile\systemDictionary.cpp, line 256]
Event: 10.145 Thread 0x000002a1741dfee0 Exception <a 'java/lang/ClassNotFoundException'{0x00000007ab738be8}: com/google/common/collect/ImmutableCollectionBeanInfo> (0x00000007ab738be8) 
thrown [s\src\hotspot\share\classfile\systemDictionary.cpp, line 256]
Event: 10.145 Thread 0x000002a1741dfee0 Exception <a 'java/lang/ClassNotFoundException'{0x00000007ab7499f0}: com/google/common/collect/ImmutableCollectionCustomizer> (0x00000007ab7499f0) 
thrown [s\src\hotspot\share\classfile\systemDictionary.cpp, line 256]
Event: 10.153 Thread 0x000002a1741dfee0 Exception <a 'java/lang/ClassNotFoundException'{0x00000007ab7a43a0}: com/google/common/collect/ImmutableSetCustomizer> (0x00000007ab7a43a0) 
thrown [s\src\hotspot\share\classfile\systemDictionary.cpp, line 256]
Event: 10.154 Thread 0x000002a1741dfee0 Exception <a 'java/lang/ClassNotFoundException'{0x00000007ab7f1368}: com/google/common/collect/SingletonImmutableSetCustomizer> (0x00000007ab7f1368) 
thrown [s\src\hotspot\share\classfile\systemDictionary.cpp, line 256]
Event: 10.163 Thread 0x000002a1741dfee0 Exception <a 'java/lang/ClassNotFoundException'{0x00000007ab902f78}: com/android/build/gradle/internal/dsl/LintImpl$AgpDecorated_DecoratedBeanInfo> (0x00000007ab902f78) 
thrown [s\src\hotspot\share\classfile\systemDictionary.cpp, line 256]
Event: 10.164 Thread 0x000002a1741dfee0 Exception <a 'java/lang/ClassNotFoundException'{0x00000007ab914110}: com/android/build/gradle/internal/dsl/LintImpl$AgpDecoratedBeanInfo> (0x00000007ab914110) 
thrown [s\src\hotspot\share\classfile\systemDictionary.cpp, line 256]
Event: 10.164 Thread 0x000002a1741dfee0 Exception <a 'java/lang/ClassNotFoundException'{0x00000007ab924f20}: com/android/build/gradle/internal/dsl/LintImplBeanInfo> (0x00000007ab924f20) 
thrown [s\src\hotspot\share\classfile\systemDictionary.cpp, line 256]
Event: 10.165 Thread 0x000002a1741dfee0 Exception <a 'java/lang/ClassNotFoundException'{0x00000007ab935dd8}: com/android/build/gradle/internal/dsl/LintImplCustomizer> (0x00000007ab935dd8) 
thrown [s\src\hotspot\share\classfile\systemDictionary.cpp, line 256]
Event: 10.166 Thread 0x000002a1741dfee0 Exception <a 'java/lang/ClassNotFoundException'{0x00000007ab987630}: com/android/build/gradle/internal/dsl/LintImpl$AgpDecoratedCustomizer> (0x00000007ab987630) 
thrown [s\src\hotspot\share\classfile\systemDictionary.cpp, line 256]
Event: 10.166 Thread 0x000002a1741dfee0 Exception <a 'java/lang/ClassNotFoundException'{0x00000007ab9e8e18}: com/android/build/gradle/internal/dsl/LintImpl$AgpDecorated_DecoratedCustomizer> (0x00000007ab9e8e18) 
thrown [s\src\hotspot\share\classfile\systemDictionary.cpp, line 256]
Event: 10.174 Thread 0x000002a1741dfee0 Exception <a 'java/lang/ClassNotFoundException'{0x00000007abcc52d0}: org/gradle/api/internal/tasks/DefaultRealizableTaskCollection_DecoratedBeanInfo> (0x00000007abcc52d0) 
thrown [s\src\hotspot\share\classfile\systemDictionary.cpp, line 256]
Event: 10.175 Thread 0x000002a1741dfee0 Exception <a 'java/lang/ClassNotFoundException'{0x00000007abcdbb90}: org/gradle/api/internal/tasks/DefaultRealizableTaskCollectionBeanInfo> (0x00000007abcdbb90) 
thrown [s\src\hotspot\share\classfile\systemDictionary.cpp, line 256]
Event: 10.175 Thread 0x000002a1741dfee0 Exception <a 'java/lang/ClassNotFoundException'{0x00000007abcf2798}: org/gradle/api/internal/DelegatingNamedDomainObjectSetBeanInfo> (0x00000007abcf2798) 
thrown [s\src\hotspot\share\classfile\systemDictionary.cpp, line 256]
Event: 10.176 Thread 0x000002a1741dfee0 Exception <a 'java/lang/ClassNotFoundException'{0x00000007abd092d8}: org/gradle/api/internal/DelegatingDomainObjectSetBeanInfo> (0x00000007abd092d8) 
thrown [s\src\hotspot\share\classfile\systemDictionary.cpp, line 256]
Event: 10.176 Thread 0x000002a1741dfee0 Exception <a 'java/lang/ClassNotFoundException'{0x00000007abd200e8}: org/gradle/api/internal/DelegatingDomainObjectSetCustomizer> (0x00000007abd200e8) 
thrown [s\src\hotspot\share\classfile\systemDictionary.cpp, line 256]
Event: 10.178 Thread 0x000002a1741dfee0 Exception <a 'java/lang/ClassNotFoundException'{0x00000007abda6c68}: org/gradle/api/internal/DelegatingNamedDomainObjectSetCustomizer> (0x00000007abda6c68) 
thrown [s\src\hotspot\share\classfile\systemDictionary.cpp, line 256]
Event: 10.181 Thread 0x000002a1741dfee0 Exception <a 'java/lang/ClassNotFoundException'{0x00000007abe4a300}: org/gradle/api/internal/tasks/DefaultRealizableTaskCollectionCustomizer> (0x00000007abe4a300) 
thrown [s\src\hotspot\share\classfile\systemDictionary.cpp, line 256]

VM Operations (20 events):
Event: 8.205 Executing VM operation: HandshakeAllThreads
Event: 8.205 Executing VM operation: HandshakeAllThreads done
Event: 8.217 Executing VM operation: HandshakeAllThreads
Event: 8.217 Executing VM operation: HandshakeAllThreads done
Event: 8.505 Executing VM operation: ParallelGCFailedAllocation
Event: 8.508 Executing VM operation: ParallelGCFailedAllocation done
Event: 8.784 Executing VM operation: HandshakeAllThreads
Event: 8.784 Executing VM operation: HandshakeAllThreads done
Event: 9.066 Executing VM operation: HandshakeAllThreads
Event: 9.067 Executing VM operation: HandshakeAllThreads done
Event: 9.247 Executing VM operation: ParallelGCFailedAllocation
Event: 9.253 Executing VM operation: ParallelGCFailedAllocation done
Event: 9.579 Executing VM operation: HandshakeAllThreads
Event: 9.579 Executing VM operation: HandshakeAllThreads done
Event: 9.655 Executing VM operation: HandshakeAllThreads
Event: 9.655 Executing VM operation: HandshakeAllThreads done
Event: 9.676 Executing VM operation: ICBufferFull
Event: 9.676 Executing VM operation: ICBufferFull done
Event: 10.048 Executing VM operation: ParallelGCFailedAllocation
Event: 10.056 Executing VM operation: ParallelGCFailedAllocation done

Memory protections (0 events):
No events

Nmethod flushes (20 events):
Event: 8.228 Thread 0x000002a147d0de40 flushing  nmethod 0x000002a151e3cc10
Event: 8.228 Thread 0x000002a147d0de40 flushing  nmethod 0x000002a151e94910
Event: 8.228 Thread 0x000002a147d0de40 flushing  nmethod 0x000002a151e95490
Event: 8.228 Thread 0x000002a147d0de40 flushing  nmethod 0x000002a151e96310
Event: 8.228 Thread 0x000002a147d0de40 flushing  nmethod 0x000002a151e96b10
Event: 8.228 Thread 0x000002a147d0de40 flushing  nmethod 0x000002a151e96f10
Event: 8.228 Thread 0x000002a147d0de40 flushing  nmethod 0x000002a151e97a10
Event: 8.228 Thread 0x000002a147d0de40 flushing  nmethod 0x000002a151e98110
Event: 8.228 Thread 0x000002a147d0de40 flushing  nmethod 0x000002a151e9ef90
Event: 8.228 Thread 0x000002a147d0de40 flushing  nmethod 0x000002a151e9f510
Event: 8.228 Thread 0x000002a147d0de40 flushing  nmethod 0x000002a151e9f910
Event: 8.228 Thread 0x000002a147d0de40 flushing  nmethod 0x000002a151e9ff90
Event: 8.228 Thread 0x000002a147d0de40 flushing osr nmethod 0x000002a151ea4110
Event: 8.228 Thread 0x000002a147d0de40 flushing  nmethod 0x000002a151ea4e10
Event: 8.228 Thread 0x000002a147d0de40 flushing  nmethod 0x000002a151ea6290
Event: 8.228 Thread 0x000002a147d0de40 flushing  nmethod 0x000002a151ea9810
Event: 8.228 Thread 0x000002a147d0de40 flushing  nmethod 0x000002a151eae690
Event: 8.228 Thread 0x000002a147d0de40 flushing  nmethod 0x000002a151eaf210
Event: 8.228 Thread 0x000002a147d0de40 flushing  nmethod 0x000002a151eb0010
Event: 8.228 Thread 0x000002a147d0de40 flushing  nmethod 0x000002a151eb2f10

Events (20 events):
Event: 6.771 Thread 0x000002a1741dfee0 Thread added: 0x000002a176a4aed0
Event: 6.771 Thread 0x000002a1741dfee0 Thread added: 0x000002a176a4b3e0
Event: 6.772 Thread 0x000002a1741dfee0 Thread added: 0x000002a176a4be00
Event: 6.773 Thread 0x000002a1741dfee0 Thread added: 0x000002a176a4c310
Event: 6.773 Thread 0x000002a1741dfee0 Thread added: 0x000002a176a49070
Event: 6.774 Thread 0x000002a1741dfee0 Thread added: 0x000002a176a4cd30
Event: 6.899 Thread 0x000002a1741dfee0 Thread added: 0x000002a176a4f0a0
Event: 6.997 Thread 0x000002a1741dfee0 Thread added: 0x000002a176a4f5b0
Event: 7.871 Thread 0x000002a1741dfee0 Thread added: 0x000002a176a4fac0
Event: 8.788 Thread 0x000002a175e01a10 Thread exited: 0x000002a175e01a10
Event: 8.788 Thread 0x000002a175505600 Thread exited: 0x000002a175505600
Event: 8.788 Thread 0x000002a174a04760 Thread exited: 0x000002a174a04760
Event: 8.848 Thread 0x000002a1741dfee0 Thread added: 0x000002a176a4d240
Event: 8.904 Thread 0x000002a174d83d30 Thread added: 0x000002a17d20fa60
Event: 8.980 Thread 0x000002a1741dfee0 Thread added: 0x000002a176a4e170
Event: 9.327 Thread 0x000002a147cc0ee0 Thread added: 0x000002a17d210a50
Event: 9.612 Thread 0x000002a1741dfee0 Thread added: 0x000002a176a4ffd0
Event: 9.626 Thread 0x000002a1741dfee0 Thread added: 0x000002a176a504e0
Event: 9.633 Thread 0x000002a1741dfee0 Thread added: 0x000002a11ba96770
Event: 9.736 Thread 0x000002a174d83d30 Thread added: 0x000002a11b8a3e80


Dynamic libraries:
0x00007ff75eb00000 - 0x00007ff75eb0e000 	C:\jdk17\jdk-17.0.19+10\bin\java.exe
0x00007ffeee100000 - 0x00007ffeee367000 	C:\WINDOWS\SYSTEM32\ntdll.dll
0x00007ffeec0e0000 - 0x00007ffeec1a9000 	C:\WINDOWS\System32\KERNEL32.DLL
0x00007ffeeba80000 - 0x00007ffeebe77000 	C:\WINDOWS\System32\KERNELBASE.dll
0x00007ffeeaf40000 - 0x00007ffeeb08b000 	C:\WINDOWS\System32\ucrtbase.dll
0x00007ffecaa00000 - 0x00007ffecaa18000 	C:\jdk17\jdk-17.0.19+10\bin\jli.dll
0x00007ffeca950000 - 0x00007ffeca96e000 	C:\jdk17\jdk-17.0.19+10\bin\VCRUNTIME140.dll
0x00007ffeec540000 - 0x00007ffeec706000 	C:\WINDOWS\System32\USER32.dll
0x00007ffeeb990000 - 0x00007ffeeb9b7000 	C:\WINDOWS\System32\win32u.dll
0x00007ffec8c50000 - 0x00007ffec8ee2000 	C:\WINDOWS\WinSxS\amd64_microsoft.windows.common-controls_6595b64144ccf1df_6.0.26100.8457_none_3e0b2faee331e92d\COMCTL32.dll
0x00007ffeec710000 - 0x00007ffeec73b000 	C:\WINDOWS\System32\GDI32.dll
0x00007ffeede20000 - 0x00007ffeedec9000 	C:\WINDOWS\System32\msvcrt.dll
0x00007ffeeab30000 - 0x00007ffeeac5c000 	C:\WINDOWS\System32\gdi32full.dll
0x00007ffeeac60000 - 0x00007ffeead03000 	C:\WINDOWS\System32\msvcp_win.dll
0x00007ffeec010000 - 0x00007ffeec042000 	C:\WINDOWS\System32\IMM32.DLL
0x00007ffecc200000 - 0x00007ffecc20c000 	C:\jdk17\jdk-17.0.19+10\bin\vcruntime140_1.dll
0x00007ffea96f0000 - 0x00007ffea977d000 	C:\jdk17\jdk-17.0.19+10\bin\msvcp140.dll
0x00007ffe34ae0000 - 0x00007ffe3574c000 	C:\jdk17\jdk-17.0.19+10\bin\server\jvm.dll
0x00007ffeecfa0000 - 0x00007ffeed056000 	C:\WINDOWS\System32\ADVAPI32.dll
0x00007ffeec490000 - 0x00007ffeec537000 	C:\WINDOWS\System32\sechost.dll
0x00007ffeed840000 - 0x00007ffeed958000 	C:\WINDOWS\System32\RPCRT4.dll
0x00007ffeee030000 - 0x00007ffeee0b0000 	C:\WINDOWS\System32\WS2_32.dll
0x00007ffee9750000 - 0x00007ffee97ae000 	C:\WINDOWS\SYSTEM32\POWRPROF.dll
0x00007ffede500000 - 0x00007ffede536000 	C:\WINDOWS\SYSTEM32\WINMM.dll
0x00007ffedf810000 - 0x00007ffedf81b000 	C:\WINDOWS\SYSTEM32\VERSION.dll
0x00007ffee9730000 - 0x00007ffee9744000 	C:\WINDOWS\SYSTEM32\UMPDC.dll
0x00007ffee99e0000 - 0x00007ffee99fb000 	C:\WINDOWS\SYSTEM32\kernel.appcore.dll
0x00007ffeca910000 - 0x00007ffeca91a000 	C:\jdk17\jdk-17.0.19+10\bin\jimage.dll
0x00007ffee8ac0000 - 0x00007ffee8d02000 	C:\WINDOWS\SYSTEM32\DBGHELP.DLL
0x00007ffeed4b0000 - 0x00007ffeed833000 	C:\WINDOWS\System32\combase.dll
0x00007ffeecec0000 - 0x00007ffeecf99000 	C:\WINDOWS\System32\OLEAUT32.dll
0x00007ffeb6c20000 - 0x00007ffeb6c5b000 	C:\WINDOWS\SYSTEM32\dbgcore.DLL
0x00007ffeead10000 - 0x00007ffeeadb8000 	C:\WINDOWS\System32\bcryptPrimitives.dll
0x00007ffecc440000 - 0x00007ffecc44e000 	C:\jdk17\jdk-17.0.19+10\bin\instrument.dll
0x00007ffebc120000 - 0x00007ffebc145000 	C:\jdk17\jdk-17.0.19+10\bin\java.dll
0x00007ffe6a2e0000 - 0x00007ffe6a3b7000 	C:\jdk17\jdk-17.0.19+10\bin\jsvml.dll
0x00007ffeec740000 - 0x00007ffeeceae000 	C:\WINDOWS\System32\SHELL32.dll
0x00007ffeeb120000 - 0x00007ffeeb98c000 	C:\WINDOWS\System32\windows.storage.dll
0x00007ffeed2d0000 - 0x00007ffeed3c6000 	C:\WINDOWS\System32\SHCORE.dll
0x00007ffeebfa0000 - 0x00007ffeec006000 	C:\WINDOWS\System32\shlwapi.dll
0x00007ffeeaa50000 - 0x00007ffeeaa79000 	C:\WINDOWS\SYSTEM32\profapi.dll
0x00007ffebb050000 - 0x00007ffebb068000 	C:\jdk17\jdk-17.0.19+10\bin\zip.dll
0x00007ffebb030000 - 0x00007ffebb04a000 	C:\jdk17\jdk-17.0.19+10\bin\net.dll
0x00007ffee17a0000 - 0x00007ffee18c9000 	C:\WINDOWS\SYSTEM32\WINHTTP.dll
0x00007ffee9f50000 - 0x00007ffee9fbc000 	C:\WINDOWS\system32\mswsock.dll
0x00007ffeba700000 - 0x00007ffeba716000 	C:\jdk17\jdk-17.0.19+10\bin\nio.dll
0x00007ffec94a0000 - 0x00007ffec94b0000 	C:\jdk17\jdk-17.0.19+10\bin\verify.dll
0x00007ffea95a0000 - 0x00007ffea95c7000 	D:\.gradle\native\1def1411415f61bf3af743bc5b6707747c0891f09f0c88961ee8f79bc544acac\windows-amd64\native-platform.dll
0x00007ffe8def0000 - 0x00007ffe8df68000 	D:\.gradle\native\0.2.7\x86_64-windows-gnu\gradle-fileevents.dll
0x00007ffebe560000 - 0x00007ffebe56a000 	C:\jdk17\jdk-17.0.19+10\bin\management.dll
0x00007ffebe280000 - 0x00007ffebe28c000 	C:\jdk17\jdk-17.0.19+10\bin\management_ext.dll
0x00007ffeed240000 - 0x00007ffeed248000 	C:\WINDOWS\System32\PSAPI.DLL
0x00007ffee93b0000 - 0x00007ffee93e2000 	C:\WINDOWS\SYSTEM32\IPHLPAPI.DLL
0x00007ffeede00000 - 0x00007ffeede0a000 	C:\WINDOWS\System32\NSI.dll
0x00007ffee19c0000 - 0x00007ffee19dd000 	C:\WINDOWS\SYSTEM32\dhcpcsvc6.DLL
0x00007ffee1990000 - 0x00007ffee19b5000 	C:\WINDOWS\SYSTEM32\dhcpcsvc.DLL
0x00007ffee9450000 - 0x00007ffee9582000 	C:\WINDOWS\SYSTEM32\DNSAPI.dll
0x00007ffebc0b0000 - 0x00007ffebc0b9000 	C:\jdk17\jdk-17.0.19+10\bin\extnet.dll
0x00007ffeea230000 - 0x00007ffeea24b000 	C:\WINDOWS\SYSTEM32\CRYPTSP.dll
0x00007ffee9940000 - 0x00007ffee9979000 	C:\WINDOWS\system32\rsaenh.dll
0x00007ffeea000000 - 0x00007ffeea033000 	C:\WINDOWS\SYSTEM32\USERENV.dll
0x00007ffeeaa20000 - 0x00007ffeeaa4a000 	C:\WINDOWS\SYSTEM32\bcrypt.dll
0x00007ffeea250000 - 0x00007ffeea25c000 	C:\WINDOWS\SYSTEM32\CRYPTBASE.dll
0x00007ffecc430000 - 0x00007ffecc43e000 	C:\jdk17\jdk-17.0.19+10\bin\sunmscapi.dll
0x00007ffeeadc0000 - 0x00007ffeeaf38000 	C:\WINDOWS\System32\CRYPT32.dll
0x00007ffeea450000 - 0x00007ffeea480000 	C:\WINDOWS\SYSTEM32\ncrypt.dll
0x00007ffeea400000 - 0x00007ffeea43f000 	C:\WINDOWS\SYSTEM32\NTASN1.dll
0x00007ffea50f0000 - 0x00007ffea50f8000 	C:\WINDOWS\system32\wshunix.dll

dbghelp: loaded successfully - version: 4.0.5 - missing functions: none
symbol engine: initialized successfully - sym options: 0x614 - pdb path: .;C:\jdk17\jdk-17.0.19+10\bin;C:\WINDOWS\SYSTEM32;C:\WINDOWS\WinSxS\amd64_microsoft.windows.common-controls_6595b64144ccf1df_6.0.26100.8457_none_3e0b2faee331e92d;C:\jdk17\jdk-17.0.19+10\bin\server;D:\.gradle\native\1def1411415f61bf3af743bc5b6707747c0891f09f0c88961ee8f79bc544acac\windows-amd64;D:\.gradle\native\0.2.7\x86_64-windows-gnu

VM Arguments:
jvm_args: --add-opens=java.base/java.lang=ALL-UNNAMED --add-opens=java.base/java.lang.invoke=ALL-UNNAMED --add-opens=java.base/java.util=ALL-UNNAMED --add-opens=java.prefs/java.util.prefs=ALL-UNNAMED --add-exports=jdk.compiler/com.sun.tools.javac.api=ALL-UNNAMED --add-exports=jdk.compiler/com.sun.tools.javac.util=ALL-UNNAMED --add-opens=java.base/java.util=ALL-UNNAMED --add-opens=java.prefs/java.util.prefs=ALL-UNNAMED --add-opens=java.base/java.nio.charset=ALL-UNNAMED --add-opens=java.base/java.net=ALL-UNNAMED --add-opens=java.base/java.util.concurrent.atomic=ALL-UNNAMED --add-opens=java.xml/javax.xml.namespace=ALL-UNNAMED -XX:+UseParallelGC -XX:MaxMetaspaceSize=512m -XX:+HeapDumpOnOutOfMemoryError -Xms256m -Xmx4g -Dfile.encoding=UTF-8 -Duser.country=CN -Duser.language=zh -Duser.variant -javaagent:D:\.gradle\wrapper\dists\gradle-8.14.4-bin\a40rex9zy7wh6ckico3kypz1j\gradle-8.14.4\lib\agents\gradle-instrumentation-agent-8.14.4.jar 
java_command: org.gradle.launcher.daemon.bootstrap.GradleDaemon 8.14.4
java_class_path (initial): D:\.gradle\wrapper\dists\gradle-8.14.4-bin\a40rex9zy7wh6ckico3kypz1j\gradle-8.14.4\lib\gradle-daemon-main-8.14.4.jar
Launcher Type: SUN_STANDARD

[Global flags]
     intx CICompilerCount                          = 12                                        {product} {ergonomic}
   size_t CompressedClassSpaceSize                 = 436207616                                 {product} {ergonomic}
     bool HeapDumpOnOutOfMemoryError               = true                                   {manageable} {command line}
   size_t InitialHeapSize                          = 268435456                                 {product} {command line}
   size_t MaxHeapSize                              = 4294967296                                {product} {command line}
   size_t MaxMetaspaceSize                         = 536870912                                 {product} {command line}
   size_t MaxNewSize                               = 1431306240                                {product} {ergonomic}
   size_t MinHeapDeltaBytes                        = 524288                                    {product} {ergonomic}
   size_t MinHeapSize                              = 268435456                                 {product} {command line}
   size_t NewSize                                  = 89128960                                  {product} {ergonomic}
    uintx NonNMethodCodeHeapSize                   = 7602480                                {pd product} {ergonomic}
    uintx NonProfiledCodeHeapSize                  = 122027880                              {pd product} {ergonomic}
   size_t OldSize                                  = 179306496                                 {product} {ergonomic}
    uintx ProfiledCodeHeapSize                     = 122027880                              {pd product} {ergonomic}
    uintx ReservedCodeCacheSize                    = 251658240                              {pd product} {ergonomic}
     bool SegmentedCodeCache                       = true                                      {product} {ergonomic}
   size_t SoftMaxHeapSize                          = 4294967296                             {manageable} {ergonomic}
     bool UseCompressedClassPointers               = true                           {product lp64_product} {ergonomic}
     bool UseCompressedOops                        = true                           {product lp64_product} {ergonomic}
     bool UseLargePagesIndividualAllocation        = false                                  {pd product} {ergonomic}
     bool UseParallelGC                            = true                                      {product} {command line}

Logging:
Log output configuration:
 #0: stdout all=warning uptime,level,tags
 #1: stderr all=off uptime,level,tags

Environment Variables:
JAVA_HOME=C:\jdk17\jdk-17.0.19+10
PATH=D:\Microsoft VS Code;C:\WINDOWS\system32;C:\WINDOWS;C:\WINDOWS\System32\Wbem;C:\WINDOWS\System32\WindowsPowerShell\v1.0\;C:\WINDOWS\System32\OpenSSH\;C:\Program Files\Bandizip\;C:\Program Files\dotnet\;D:\QT\Tools\mingw1310_64\bin;C:\Program Files\Calibre2\;C:\Users\lxy\AppData\Local\Microsoft\WindowsApps;C:\Users\lxy\AppData\Local\Python\bin;D:\Microsoft VS Code\bin;C:\jdk17\jdk-17.0.19+10\bin
USERNAME=lxy
OS=Windows_NT
PROCESSOR_IDENTIFIER=Intel64 Family 6 Model 191 Stepping 2, GenuineIntel
TMP=C:\Users\lxy\AppData\Local\Temp
TEMP=C:\Users\lxy\AppData\Local\Temp



Periodic native trim disabled


---------------  S Y S T E M  ---------------

OS:
 Windows 11 , 64 bit Build 26100 (10.0.26100.8328)
OS uptime: 0 days 5:59 hours

CPU: total 24 (initial active 24) (12 cores per cpu, 2 threads per core) family 6 model 191 stepping 2 microcode 0x37, cx8, cmov, fxsr, ht, mmx, 3dnowpref, sse, sse2, sse3, ssse3, sse4.1, sse4.2, popcnt, lzcnt, tsc, tscinvbit, avx, avx2, aes, erms, clmul, bmi1, bmi2, adx, sha, fma, vzeroupper, clflush, clflushopt, clwb
Processor Information for processor 0
  Max Mhz: 2100, Current Mhz: 2100, Mhz Limit: 2100
Processor Information for processor 1
  Max Mhz: 2100, Current Mhz: 2100, Mhz Limit: 2100
Processor Information for processor 2
  Max Mhz: 2100, Current Mhz: 2100, Mhz Limit: 2100
Processor Information for processor 3
  Max Mhz: 2100, Current Mhz: 2100, Mhz Limit: 2100
Processor Information for processor 4
  Max Mhz: 2100, Current Mhz: 2100, Mhz Limit: 2100
Processor Information for processor 5
  Max Mhz: 2100, Current Mhz: 2100, Mhz Limit: 2100
Processor Information for processor 6
  Max Mhz: 2100, Current Mhz: 2100, Mhz Limit: 2100
Processor Information for processor 7
  Max Mhz: 2100, Current Mhz: 2100, Mhz Limit: 2100
Processor Information for processor 8
  Max Mhz: 2100, Current Mhz: 2100, Mhz Limit: 2100
Processor Information for processor 9
  Max Mhz: 2100, Current Mhz: 2100, Mhz Limit: 2100
Processor Information for processor 10
  Max Mhz: 2100, Current Mhz: 2100, Mhz Limit: 2100
Processor Information for processor 11
  Max Mhz: 2100, Current Mhz: 2100, Mhz Limit: 2100
Processor Information for processor 12
  Max Mhz: 2100, Current Mhz: 2100, Mhz Limit: 2100
Processor Information for processor 13
  Max Mhz: 2100, Current Mhz: 2100, Mhz Limit: 2100
Processor Information for processor 14
  Max Mhz: 2100, Current Mhz: 2100, Mhz Limit: 2100
Processor Information for processor 15
  Max Mhz: 2100, Current Mhz: 2100, Mhz Limit: 2100
Processor Information for processor 16
  Max Mhz: 2100, Current Mhz: 1540, Mhz Limit: 2100
Processor Information for processor 17
  Max Mhz: 2100, Current Mhz: 2100, Mhz Limit: 2100
Processor Information for processor 18
  Max Mhz: 2100, Current Mhz: 2100, Mhz Limit: 2100
Processor Information for processor 19
  Max Mhz: 2100, Current Mhz: 2100, Mhz Limit: 2100
Processor Information for processor 20
  Max Mhz: 2100, Current Mhz: 1540, Mhz Limit: 2100
Processor Information for processor 21
  Max Mhz: 2100, Current Mhz: 2100, Mhz Limit: 2100
Processor Information for processor 22
  Max Mhz: 2100, Current Mhz: 2100, Mhz Limit: 2100
Processor Information for processor 23
  Max Mhz: 2100, Current Mhz: 2100, Mhz Limit: 2100

Memory: 4k page, system-wide physical 14029M (965M free)
TotalPageFile size 24146M (AvailPageFile size 179M)
current process WorkingSet (physical memory assigned to process): 477M, peak: 570M
current process commit charge ("private bytes"): 831M, peak: 917M

vm_info: OpenJDK 64-Bit Server VM (17.0.19+10) for windows-amd64 JRE (17.0.19+10), built on Apr 25 2026 08:04:44 by "admin" with MS VC++ 17.12 (VS2022)

END.
